Log file open, 03/20/19 09:07:58
LogWindows: Failed to load 'aqProf.dll' (GetLastError=126)
LogWindows: File 'aqProf.dll' does not exist
LogWindows: Failed to load 'VSPerf140.dll' (GetLastError=126)
LogWindows: File 'VSPerf140.dll' does not exist
LogWindows: Failed to load 'VtuneApi.dll' (GetLastError=126)
LogWindows: File 'VtuneApi.dll' does not exist
LogWindows: Failed to load 'VtuneApi32e.dll' (GetLastError=126)
LogWindows: File 'VtuneApi32e.dll' does not exist
LogInit: Display: Running engine for game: ProjectBarter
LogPlatformFile: Not using cached read wrapper
LogTaskGraph: Started task graph with 5 named threads and 23 total threads with 3 sets of task threads.
LogStats: Stats thread started at 0.289522
LogD3D11RHI: Loaded GFSDK_Aftermath_Lib.x64.dll
LogICUInternationalization: Display: ICU TimeZone Detection - Raw Offset: +1:00, Platform Override: ''
LogPluginManager: Mounting plugin Paper2D
LogPluginManager: Mounting plugin AISupport
LogPluginManager: Mounting plugin LightPropagationVolume
LogPluginManager: Mounting plugin CLionSourceCodeAccess
LogPluginManager: Mounting plugin CodeLiteSourceCodeAccess
LogPluginManager: Mounting plugin GitSourceControl
LogPluginManager: Mounting plugin KDevelopSourceCodeAccess
LogPluginManager: Mounting plugin NullSourceCodeAccess
LogPluginManager: Mounting plugin PerforceSourceControl
LogPluginManager: Mounting plugin SubversionSourceControl
LogPluginManager: Mounting plugin UObjectPlugin
LogPluginManager: Mounting plugin VisualStudioCodeSourceCodeAccess
LogPluginManager: Mounting plugin VisualStudioSourceCodeAccess
LogPluginManager: Mounting plugin XCodeSourceCodeAccess
LogPluginManager: Mounting plugin AssetManagerEditor
LogPluginManager: Mounting plugin CryptoKeys
LogPluginManager: Mounting plugin DataValidation
LogPluginManager: Mounting plugin FacialAnimation
LogPluginManager: Mounting plugin GameplayTagsEditor
LogPluginManager: Mounting plugin MacGraphicsSwitching
LogPluginManager: Mounting plugin MeshEditor
LogPluginManager: Mounting plugin MobileLauncherProfileWizard
LogPluginManager: Mounting plugin PluginBrowser
LogPluginManager: Mounting plugin SpeedTreeImporter
LogPluginManager: Mounting plugin DatasmithContent
LogPluginManager: Mounting plugin AlembicImporter
LogPluginManager: Mounting plugin AppleImageUtils
LogPluginManager: Mounting plugin AppleVision
LogPluginManager: Mounting plugin BackChannel
LogPluginManager: Mounting plugin CharacterAI
LogPluginManager: Mounting plugin GeometryCache
LogPluginManager: Mounting plugin HTML5Networking
LogPluginManager: Mounting plugin ProxyLODPlugin
LogPluginManager: Mounting plugin MagicLeap
LogPluginManager: Mounting plugin MagicLeapEmulator
LogPluginManager: Mounting plugin MagicLeapMedia
LogPluginManager: Mounting plugin AndroidMedia
LogPluginManager: Mounting plugin AvfMedia
LogPluginManager: Mounting plugin ImgMedia
LogPluginManager: Mounting plugin LinearTimecode
LogPluginManager: Mounting plugin MediaCompositing
LogPluginManager: Mounting plugin MediaPlayerEditor
LogPluginManager: Mounting plugin WmfMedia
LogPluginManager: Mounting plugin TcpMessaging
LogPluginManager: Mounting plugin UdpMessaging
LogPluginManager: Mounting plugin ActorSequence
LogPluginManager: Mounting plugin LevelSequenceEditor
LogPluginManager: Mounting plugin MatineeToLevelSequence
LogPluginManager: Mounting plugin NetcodeUnitTest
LogPluginManager: Mounting plugin NUTUnrealEngine4
LogPluginManager: Mounting plugin OnlineSubsystemGooglePlay
LogPluginManager: Mounting plugin OnlineSubsystemIOS
LogPluginManager: Mounting plugin OnlineSubsystem
LogPluginManager: Mounting plugin OnlineSubsystemNull
LogPluginManager: Mounting plugin OnlineSubsystemUtils
LogPluginManager: Mounting plugin LauncherChunkInstaller
LogPluginManager: Mounting plugin AndroidDeviceProfileSelector
LogPluginManager: Mounting plugin AndroidMoviePlayer
LogPluginManager: Mounting plugin AndroidPermission
LogPluginManager: Mounting plugin AppleMoviePlayer
LogPluginManager: Mounting plugin ArchVisCharacter
LogPluginManager: Mounting plugin AudioCapture
LogPluginManager: Mounting plugin CableComponent
LogPluginManager: Mounting plugin CustomMeshComponent
LogPluginManager: Mounting plugin EditableMesh
LogPluginManager: Mounting plugin ExampleDeviceProfileSelector
LogPluginManager: Mounting plugin GoogleCloudMessaging
LogPluginManager: Mounting plugin ImmediatePhysics
LogPluginManager: Mounting plugin IOSDeviceProfileSelector
LogPluginManager: Mounting plugin LinuxDeviceProfileSelector
LogPluginManager: Mounting plugin LocationServicesBPLibrary
LogPluginManager: Mounting plugin MobilePatchingUtils
LogPluginManager: Mounting plugin OculusVR
LogPluginManager: Plugin shader directory ../../../Engine/Plugins/Runtime/Oculus/OculusVR/Shaders found
LogPluginManager: Mapping shader source directory ../../../Engine/Plugins/Runtime/Oculus/OculusVR/Shaders to virtual directory /Plugin/OculusVR
LogPluginManager: Mounting plugin PhysXVehicles
LogPluginManager: Mounting plugin ProceduralMeshComponent
LogPluginManager: Mounting plugin RuntimePhysXCooking
LogPluginManager: Mounting plugin SteamVR
LogPluginManager: Mounting plugin WindowsMoviePlayer
LogStreaming: Display: Took  0.118s to configure plugins.
LogInit: Using libcurl 7.55.1-DEV
LogInit:  - built for x86_64-pc-win32
LogInit:  - supports SSL with OpenSSL/1.0.2h
LogInit:  - supports HTTP deflate (compression) using libz 1.2.8
LogInit:  - other features:
LogInit:      CURL_VERSION_SSL
LogInit:      CURL_VERSION_LIBZ
LogInit:      CURL_VERSION_IPV6
LogInit:      CURL_VERSION_ASYNCHDNS
LogInit:      CURL_VERSION_LARGEFILE
LogInit:      CURL_VERSION_IDN
LogInit:  CurlRequestOptions (configurable via config and command line):
LogInit:  - bVerifyPeer = false  - Libcurl will NOT verify peer certificate
LogInit:  - bUseHttpProxy = false  - Libcurl will NOT use HTTP proxy
LogInit:  - bDontReuseConnections = false  - Libcurl will reuse connections
LogInit:  - CertBundlePath = nullptr  - Libcurl will use whatever was configured at build time.
LogInit:  - MaxHostConnections = 16  - Libcurl will limit the number of connections to a host
LogInit:  - LocalHostAddr = Default
LogInit:  - BufferSize = 65536
LogInit: WinSock: version 1.1 (2.2), MaxSocks=32767, MaxUdp=65467
LogInit: Build: ++UE4+Release-4.20-CL-4369336
LogInit: Engine Version: 4.20.3-4369336+++UE4+Release-4.20
LogInit: Compatible Engine Version: 4.20.0-4212847+++UE4+Release-4.20
LogInit: Net CL: 4212847
LogInit: OS: Windows 10 (), CPU: Intel(R) Core(TM) i7-7700HQ CPU @ 2.80GHz, GPU: Intel(R) HD Graphics 630
LogInit: Compiled (64-bit): Sep 17 2018 12:26:19
LogInit: Compiled with Visual C++: 19.13.26129.00
LogInit: Build Configuration: Development
LogInit: Branch Name: ++UE4+Release-4.20
LogInit: Command Line: -EpicPortal  -epicusername="WarZicks" -epicuserid=99887eaec6be48e1ab89856f117ef398 -epiclocale=fr-FR
LogInit: Base Directory: C:/Program Files/Epic Games/UE_4.20/Engine/Binaries/Win64/
LogInit: Installed Engine Build: 1
LogDevObjectVersion: Number of dev versions registered: 20
LogDevObjectVersion:   Dev-Blueprints (B0D832E4-1F89-4F0D-ACCF-7EB736FD4AA2): 10
LogDevObjectVersion:   Dev-Build (E1C64328-A22C-4D53-A36C-8E866417BD8C): 0
LogDevObjectVersion:   Dev-Core (375EC13C-06E4-48FB-B500-84F0262A717E): 2
LogDevObjectVersion:   Dev-Editor (E4B068ED-F494-42E9-A231-DA0B2E46BB41): 24
LogDevObjectVersion:   Dev-Framework (CFFC743F-43B0-4480-9391-14DF171D2073): 34
LogDevObjectVersion:   Dev-Mobile (B02B49B5-BB20-44E9-A304-32B752E40360): 2
LogDevObjectVersion:   Dev-Networking (A4E4105C-59A1-49B5-A7C5-40C4547EDFEE): 0
LogDevObjectVersion:   Dev-Online (39C831C9-5AE6-47DC-9A44-9C173E1C8E7C): 0
LogDevObjectVersion:   Dev-Physics (78F01B33-EBEA-4F98-B9B4-84EACCB95AA2): 0
LogDevObjectVersion:   Dev-Platform (6631380F-2D4D-43E0-8009-CF276956A95A): 0
LogDevObjectVersion:   Dev-Rendering (12F88B9F-8875-4AFC-A67C-D90C383ABD29): 26
LogDevObjectVersion:   Dev-Sequencer (7B5AE74C-D270-4C10-A958-57980B212A5A): 9
LogDevObjectVersion:   Dev-VR (D7296918-1DD6-4BDD-9DE2-64A83CC13884): 2
LogDevObjectVersion:   Dev-LoadTimes (C2A15278-BFE7-4AFE-6C17-90FF531DF755): 1
LogDevObjectVersion:   Private-Geometry (6EACA3D4-40EC-4CC1-B786-8BED09428FC5): 3
LogDevObjectVersion:   Dev-AnimPhys (29E575DD-E0A3-4627-9D10-D276232CDCEA): 17
LogDevObjectVersion:   Dev-ReflectionCapture (6B266CEC-1EC7-4B8F-A30B-E4D90942FC07): 1
LogDevObjectVersion:   Dev-Automation (0DF73D61-A23F-47EA-B727-89E90C41499A): 1
LogDevObjectVersion:   FortniteMain (601D1886-AC64-4F84-AA16-D3DE0DEAC7D6): 12
LogDevObjectVersion:   Dev-Enterprise (9DFFBCD6-494F-0158-E221-12823C92A888): 1
LogStreaming: Display: Took  0.001s to delete old logs.
LogInit: Presizing for max 8388607 objects, including 0 objects not considered by GC, pre-allocating 0 bytes for permanent pool.
LogInit: Object subsystem initialized
[2019.03.20-08.07.59:176][  0]LogInit: Selected Device Profile: [Windows]
[2019.03.20-08.07.59:176][  0]LogInit: Applying CVar settings loaded from the selected device profile: [Windows]
[2019.03.20-08.07.59:185][  0]LogHAL: Display: Platform has ~ 8 GB [8467357696 / 8589934592 / 8], which maps to Default [LargestMinGB=32, LargerMinGB=12, DefaultMinGB=8, SmallerMinGB=6, SmallestMinGB=0)
[2019.03.20-08.07.59:185][  0]LogInit: Setting Device Profile CVar: [[r.Vulkan.UseRealUBs:1]]
[2019.03.20-08.07.59:185][  0]LogInit: Going up to parent DeviceProfile []
[2019.03.20-08.07.59:185][  0]LogInit: Computer: DESKTOP-CQL9TV7
[2019.03.20-08.07.59:185][  0]LogInit: User: THéo
[2019.03.20-08.07.59:185][  0]LogInit: CPU Page size=4096, Cores=4
[2019.03.20-08.07.59:185][  0]LogInit: High frequency timer resolution =2.742193 MHz
[2019.03.20-08.07.59:186][  0]LogMemory: Memory total: Physical=7.9GB (8GB approx)
[2019.03.20-08.07.59:186][  0]LogMemory: Platform Memory Stats for Windows
[2019.03.20-08.07.59:186][  0]LogMemory: Process Physical Memory: 101.09 MB used, 101.09 MB peak
[2019.03.20-08.07.59:186][  0]LogMemory: Process Virtual Memory: 89.34 MB used, 89.34 MB peak
[2019.03.20-08.07.59:186][  0]LogMemory: Physical Memory: 4584.71 MB used,  3490.39 MB free, 8075.10 MB total
[2019.03.20-08.07.59:186][  0]LogMemory: Virtual Memory: 4629.38 MB used,  3490.39 MB free, 134217728.00 MB total
[2019.03.20-08.07.59:203][  0]LogInit: Using OS detected language (fr-FR).
[2019.03.20-08.07.59:203][  0]LogInit: Using OS detected locale (fr-FR).
[2019.03.20-08.07.59:205][  0]LogTextLocalizationManager: No specific localization for 'fr-FR' exists, so the 'fr' localization will be used.
[2019.03.20-08.07.59:207][  0]LogStreaming: Display: Took  0.004s to InitEngineTextLocalization.
[2019.03.20-08.07.59:207][  0]LogInit: Setting process to per monitor DPI aware
[2019.03.20-08.07.59:252][  0]LogSlate: New Slate User Created.  User Index 0, Is Virtual User: 0
[2019.03.20-08.07.59:252][  0]LogSlate: Slate User Registered.  User Index 0, Is Virtual User: 0
[2019.03.20-08.07.59:564][  0]LogHMD: Failed to initialize OpenVR with code 110
[2019.03.20-08.07.59:564][  0]LogD3D11RHI: D3D11 adapters:
[2019.03.20-08.07.59:635][  0]LogD3D11RHI:    0. 'NVIDIA GeForce GTX 1060' (Feature Level 11_0)
[2019.03.20-08.07.59:635][  0]LogD3D11RHI:       2987/0/4037 MB DedicatedVideo/DedicatedSystem/SharedSystem, Outputs:1, VendorId:0x10de
[2019.03.20-08.07.59:646][  0]LogD3D11RHI:    1. 'Intel(R) HD Graphics 630' (Feature Level 11_0)
[2019.03.20-08.07.59:646][  0]LogD3D11RHI:       128/0/4037 MB DedicatedVideo/DedicatedSystem/SharedSystem, Outputs:0, VendorId:0x8086
[2019.03.20-08.07.59:648][  0]LogD3D11RHI:    2. 'Microsoft Basic Render Driver' (Feature Level 11_0)
[2019.03.20-08.07.59:648][  0]LogD3D11RHI:       0/0/4037 MB DedicatedVideo/DedicatedSystem/SharedSystem, Outputs:0, VendorId:0x1414
[2019.03.20-08.07.59:648][  0]LogD3D11RHI: Chosen D3D11 Adapter: 0
[2019.03.20-08.07.59:675][  0]LogD3D11RHI: Creating new Direct3DDevice
[2019.03.20-08.07.59:675][  0]LogD3D11RHI:     GPU DeviceId: 0x1c20 (for the marketing name, search the web for "GPU Device Id")
[2019.03.20-08.07.59:675][  0]LogWindows: EnumDisplayDevices:
[2019.03.20-08.07.59:675][  0]LogWindows:    0. 'Intel(R) HD Graphics 630' (P:1 D:1)
[2019.03.20-08.07.59:676][  0]LogWindows:    1. 'Intel(R) HD Graphics 630' (P:0 D:0)
[2019.03.20-08.07.59:676][  0]LogWindows:    2. 'Intel(R) HD Graphics 630' (P:0 D:0)
[2019.03.20-08.07.59:676][  0]LogWindows:    3. 'NVIDIA GeForce GTX 1060' (P:0 D:0)
[2019.03.20-08.07.59:677][  0]LogWindows:    4. 'NVIDIA GeForce GTX 1060' (P:0 D:0)
[2019.03.20-08.07.59:677][  0]LogWindows:    5. 'NVIDIA GeForce GTX 1060' (P:0 D:0)
[2019.03.20-08.07.59:677][  0]LogWindows:    6. 'NVIDIA GeForce GTX 1060' (P:0 D:0)
[2019.03.20-08.07.59:677][  0]LogWindows: DebugString: PrimaryIsNotTheChoosenAdapter PrimaryIsNotTheChoosenAdapter PrimaryIsNotTheChoosenAdapter FoundDriverCount:4 
[2019.03.20-08.07.59:677][  0]LogD3D11RHI:     Adapter Name: NVIDIA GeForce GTX 1060
[2019.03.20-08.07.59:677][  0]LogD3D11RHI:   Driver Version: 399.01 (internal:24.21.13.9901, unified:399.01)
[2019.03.20-08.07.59:677][  0]LogD3D11RHI:      Driver Date: 8-13-2018
[2019.03.20-08.07.59:677][  0]LogRHI: Texture pool is 2090 MB (70% of 2987 MB)
[2019.03.20-08.07.59:724][  0]LogD3D11RHI: Async texture creation enabled
[2019.03.20-08.07.59:741][  0]LogD3D11RHI: GPU Timing Frequency: 1000.000000 (Debug: 2 2)
[2019.03.20-08.07.59:743][  0]LogShaderCompilers: Guid format shader working directory is -23 characters bigger than the processId version (D:/Documents/e-artsup/B2/Jeu Neolithique/ProjectBarter/ProjectBarter/Intermediate/Shaders/WorkingDirectory/6696/).
[2019.03.20-08.07.59:744][  0]LogShaderCompilers: Cleaned the shader compiler working directory 'C:/Users/THéo/AppData/Local/Temp/UnrealShaderWorkingDir/883DAE4640FD66B2D53917950C186390/'.
[2019.03.20-08.08.00:053][  0]LogTemp: Display: Loaded TP AllDesktopTargetPlatform
[2019.03.20-08.08.00:069][  0]LogTemp: Display: Loaded TP MacClientTargetPlatform
[2019.03.20-08.08.00:085][  0]LogTemp: Display: Loaded TP MacNoEditorTargetPlatform
[2019.03.20-08.08.00:100][  0]LogTemp: Display: Loaded TP MacServerTargetPlatform
[2019.03.20-08.08.00:116][  0]LogTemp: Display: Loaded TP MacTargetPlatform
[2019.03.20-08.08.00:132][  0]LogTemp: Display: Loaded TP WindowsClientTargetPlatform
[2019.03.20-08.08.00:147][  0]LogTemp: Display: Loaded TP WindowsNoEditorTargetPlatform
[2019.03.20-08.08.00:162][  0]LogTemp: Display: Loaded TP WindowsServerTargetPlatform
[2019.03.20-08.08.00:170][  0]LogTemp: Display: Loaded TP WindowsTargetPlatform
[2019.03.20-08.08.00:268][  0]LogTemp: Display: Loaded TP AndroidTargetPlatform
[2019.03.20-08.08.00:268][  0]LogTemp: Display: Loaded TP AndroidTargetPlatform
[2019.03.20-08.08.00:268][  0]LogTemp: Display: Loaded TP AndroidTargetPlatform
[2019.03.20-08.08.00:268][  0]LogTemp: Display: Loaded TP AndroidTargetPlatform
[2019.03.20-08.08.00:268][  0]LogTemp: Display: Loaded TP AndroidTargetPlatform
[2019.03.20-08.08.00:268][  0]LogTemp: Display: Loaded TP AndroidTargetPlatform
[2019.03.20-08.08.00:268][  0]LogTemp: Display: Loaded TP AndroidTargetPlatform
[2019.03.20-08.08.00:268][  0]LogTemp: Display: Loaded TP AndroidTargetPlatform
[2019.03.20-08.08.00:268][  0]LogTemp: Display: Loaded TP AndroidTargetPlatform
[2019.03.20-08.08.00:268][  0]LogTemp: Display: Loaded TP AndroidTargetPlatform
[2019.03.20-08.08.00:268][  0]LogTemp: Display: Loaded TP AndroidTargetPlatform
[2019.03.20-08.08.00:268][  0]LogTemp: Display: Loaded TP AndroidTargetPlatform
[2019.03.20-08.08.00:268][  0]LogTemp: Display: Loaded TP AndroidTargetPlatform
[2019.03.20-08.08.00:268][  0]LogTemp: Display: Loaded TP AndroidTargetPlatform
[2019.03.20-08.08.00:268][  0]LogTemp: Display: Loaded TP AndroidTargetPlatform
[2019.03.20-08.08.00:268][  0]LogTemp: Display: Loaded TP AndroidTargetPlatform
[2019.03.20-08.08.00:268][  0]LogTemp: Display: Loaded TP AndroidTargetPlatform
[2019.03.20-08.08.00:268][  0]LogTemp: Display: Loaded TP AndroidTargetPlatform
[2019.03.20-08.08.00:269][  0]LogTemp: Display: Loaded TP HTML5TargetPlatform
[2019.03.20-08.08.00:331][  0]LogTemp: Display: Loaded TP IOSTargetPlatform
[2019.03.20-08.08.00:331][  0]LogTemp: Display: Loaded TP IOSTargetPlatform
[2019.03.20-08.08.00:355][  0]LogTemp: Display: Loaded TP TVOSTargetPlatform
[2019.03.20-08.08.00:355][  0]LogTemp: Display: Loaded TP TVOSTargetPlatform
[2019.03.20-08.08.00:368][  0]LogTemp: Display: Loaded TP LinuxClientTargetPlatform
[2019.03.20-08.08.00:380][  0]LogTemp: Display: Loaded TP LinuxNoEditorTargetPlatform
[2019.03.20-08.08.00:393][  0]LogTemp: Display: Loaded TP LinuxServerTargetPlatform
[2019.03.20-08.08.00:407][  0]LogTemp: Display: Loaded TP LinuxTargetPlatform
[2019.03.20-08.08.00:416][  0]LogTemp: Display: Loaded TP LuminTargetPlatform
[2019.03.20-08.08.00:416][  0]LogTargetPlatformManager: Display: Building Assets For Windows
[2019.03.20-08.08.00:485][  0]LogXGEController: Cannot use XGE Controller as Incredibuild is not installed on this machine.
[2019.03.20-08.08.00:486][  0]LogShaderCompilers: Cannot use XGE Shader Compiler as Incredibuild is not installed on this machine.
[2019.03.20-08.08.00:486][  0]LogShaderCompilers: Display: Using Local Shader Compiler.
[2019.03.20-08.08.01:267][  0]LogDerivedDataCache: Display: Max Cache Size: 512 MB
[2019.03.20-08.08.01:335][  0]LogDerivedDataCache: Loaded boot cache 0.07s 71MB C:/Users/THéo/AppData/Local/UnrealEngine/4.20/DerivedDataCache/Boot.ddc.
[2019.03.20-08.08.01:335][  0]LogDerivedDataCache: Display: Loaded Boot cache: C:/Users/THéo/AppData/Local/UnrealEngine/4.20/DerivedDataCache/Boot.ddc
[2019.03.20-08.08.01:335][  0]LogDerivedDataCache: FDerivedDataBackendGraph:  Pak pak cache file D:/Documents/e-artsup/B2/Jeu Neolithique/ProjectBarter/ProjectBarter/DerivedDataCache/DDC.ddp not found, will not use a pak cache.
[2019.03.20-08.08.01:335][  0]LogDerivedDataCache: Unable to find inner node Pak for hierarchical cache Hierarchy.
[2019.03.20-08.08.01:335][  0]LogDerivedDataCache: FDerivedDataBackendGraph:  CompressedPak pak cache file D:/Documents/e-artsup/B2/Jeu Neolithique/ProjectBarter/ProjectBarter/DerivedDataCache/Compressed.ddp not found, will not use a pak cache.
[2019.03.20-08.08.01:335][  0]LogDerivedDataCache: Unable to find inner node CompressedPak for hierarchical cache Hierarchy.
[2019.03.20-08.08.01:350][  0]LogDerivedDataCache: Display: Pak cache opened for reading ../../../Engine/DerivedDataCache/Compressed.ddp.
[2019.03.20-08.08.01:362][  0]LogDerivedDataCache: Using Local data cache path C:/Users/THéo/AppData/Local/UnrealEngine/Common/DerivedDataCache: Writable
[2019.03.20-08.08.01:362][  0]LogDerivedDataCache: Shared data cache path not found in *engine.ini, will not use an Shared cache.
[2019.03.20-08.08.01:362][  0]LogDerivedDataCache: Unable to find inner node Shared for hierarchical cache Hierarchy.
[2019.03.20-08.08.01:380][  0]LogMaterial: Verifying Global Shaders for PCD3D_SM5
[2019.03.20-08.08.01:381][  0]LogSlate: Using FreeType 2.6.0
[2019.03.20-08.08.01:382][  0]LogSlate: SlateFontServices - WITH_FREETYPE: 1, WITH_HARFBUZZ: 1
[2019.03.20-08.08.01:475][  0]LogAssetRegistry: FAssetRegistry took 0.0272 seconds to start up
[2019.03.20-08.08.01:814][  0]LogInit: Selected Device Profile: [Windows]
[2019.03.20-08.08.01:959][  0]LogSimplygon: Simplygon DLL not present - disabling.
[2019.03.20-08.08.01:964][  0]LogMeshReduction: Using SimplygonSwarm for distributed automatic mesh merging
[2019.03.20-08.08.01:964][  0]LogMeshReduction: Using ProxyLODMeshReduction for automatic mesh merging
[2019.03.20-08.08.01:964][  0]LogMeshReduction: Using QuadricMeshReduction for automatic static mesh reduction
[2019.03.20-08.08.01:964][  0]LogMeshReduction: No automatic skeletal mesh reduction module available
[2019.03.20-08.08.01:980][  0]LogNetVersion: ProjectBarter 1.0.0, NetCL: 4212847, EngineNetVer: 5, GameNetVer: 0 (Checksum: 2697442201)
[2019.03.20-08.08.02:544][  0]LogPackageLocalizationCache: Processed 11 localized package path(s) for 2 prioritized culture(s) in 0.135732 seconds
[2019.03.20-08.08.02:550][  0]LogUObjectArray: 38425 objects as part of root set at end of initial load.
[2019.03.20-08.08.02:550][  0]LogUObjectAllocator: 6690872 out of 0 bytes used by permanent object pool.
[2019.03.20-08.08.02:550][  0]LogUObjectArray: CloseDisregardForGC: 0/0 objects in disregard for GC pool
[2019.03.20-08.08.03:585][  0]LogTcpMessaging: Initializing TcpMessaging bridge
[2019.03.20-08.08.03:599][  0]LogUdpMessaging: Initializing bridge on interface 0.0.0.0:0 to multicast group 230.0.0.1:6666.
[2019.03.20-08.08.03:749][  0]SourceControl: Source control is disabled
[2019.03.20-08.08.03:749][  0]SourceControl: Source control is disabled
[2019.03.20-08.08.03:751][  0]SourceControl: Source control is disabled
[2019.03.20-08.08.03:752][  0]SourceControl: Source control is disabled
[2019.03.20-08.08.03:930][  0]LogAndroidPermission: UAndroidPermissionCallbackProxy::GetInstance
[2019.03.20-08.08.03:996][  0]LogOcInput: OculusInput pre-init called
[2019.03.20-08.08.04:066][  0]LogEngine: Initializing Engine...
[2019.03.20-08.08.04:068][  0]LogHMD: Failed to initialize OpenVR with code 110
[2019.03.20-08.08.04:069][  0]LogStats: UGameplayTagsManager::ConstructGameplayTagTree: ImportINI prefixes -  0.000 s
[2019.03.20-08.08.04:069][  0]LogStats: UGameplayTagsManager::ConstructGameplayTagTree: Construct from data asset -  0.000 s
[2019.03.20-08.08.04:069][  0]LogStats: UGameplayTagsManager::ConstructGameplayTagTree: ImportINI -  0.000 s
[2019.03.20-08.08.04:069][  0]LogStats: UGameplayTagsManager::ConstructGameplayTagTree: GameplayTagTreeChangedEvent.Broadcast -  0.000 s
[2019.03.20-08.08.04:317][  0]LogInit: Initializing FReadOnlyCVARCache
[2019.03.20-08.08.04:341][  0]LogAIModule: Creating AISystem for world Untitled
[2019.03.20-08.08.04:353][  0]LogInit: XAudio2 using 'Haut-parleurs (Realtek High Definition Audio)' : 2 channels at 48 kHz using 32 bits per sample (channel mask 0x3)
[2019.03.20-08.08.04:511][  0]LogInit: FAudioDevice initialized.
[2019.03.20-08.08.04:512][  0]LogNetVersion: Set ProjectVersion to 1.0.0.0. Version Checksum will be recalculated on next use.
[2019.03.20-08.08.04:624][  0]LogDerivedDataCache: Saved boot cache 0.11s 71MB C:/Users/THéo/AppData/Local/UnrealEngine/4.20/DerivedDataCache/Boot.ddc.
[2019.03.20-08.08.04:624][  0]LogInit: Texture streaming: Enabled
[2019.03.20-08.08.04:646][  0]LogEngineSessionManager: EngineSessionManager initialized
[2019.03.20-08.08.04:660][  0]LogInit: Transaction tracking system initialized
[2019.03.20-08.08.04:692][  0]BlueprintLog: New page: Editor Load
[2019.03.20-08.08.04:783][  0]LocalizationService: Localization service is disabled
[2019.03.20-08.08.05:183][  0]LogCook: Display: Max memory allowance for cook 16384mb min free memory 0mb
[2019.03.20-08.08.05:183][  0]LogCook: Display: Mobile HDR setting 1
[2019.03.20-08.08.05:183][  0]LogGameplayTags: Display: UGameplayTagsManager::DoneAddingNativeTags. DelegateIsBound: 0
[2019.03.20-08.08.05:183][  0]LogStats: UGameplayTagsManager::ConstructGameplayTagTree: ImportINI prefixes -  0.000 s
[2019.03.20-08.08.05:183][  0]LogStats: UGameplayTagsManager::ConstructGameplayTagTree: Construct from data asset -  0.000 s
[2019.03.20-08.08.05:183][  0]LogStats: UGameplayTagsManager::ConstructGameplayTagTree: ImportINI -  0.000 s
[2019.03.20-08.08.05:183][  0]LogStats: UGameplayTagsManager::ConstructGameplayTagTree: GameplayTagTreeChangedEvent.Broadcast -  0.000 s
[2019.03.20-08.08.05:331][  0]LogFileCache: Scanning file cache for directory 'D:/Documents/e-artsup/B2/Jeu Neolithique/ProjectBarter/ProjectBarter/Content/' took 0.06s
[2019.03.20-08.08.05:331][  0]SourceControl: Source control is disabled
[2019.03.20-08.08.05:331][  0]Cmd: MAP LOAD FILE="D:/Documents/e-artsup/B2/Jeu Neolithique/ProjectBarter/ProjectBarter/Content/TopDownBP/Maps/TopDownExampleMap.umap" TEMPLATE=0 SHOWPROGRESS=1 FEATURELEVEL=3
[2019.03.20-08.08.05:387][  0]LightingResults: New page: Lighting Build
[2019.03.20-08.08.05:391][  0]MapCheck: New page: Map Check
[2019.03.20-08.08.05:391][  0]LightingResults: New page: Lighting Build
[2019.03.20-08.08.07:919][  0]LogAIModule: Creating AISystem for world TopDownExampleMap
[2019.03.20-08.08.07:947][  0]LogEditorServer: Finished looking for orphan Actors (0.000 secs)
[2019.03.20-08.08.07:976][  0]Cmd: MAP CHECKDEP NOCLEARLOG
[2019.03.20-08.08.08:079][  0]MapCheck: Map check complete: 0 Error(s), 0 Warning(s), took 102,949ms to complete.
[2019.03.20-08.08.08:079][  0]LogFileHelpers: Loading map 'TopDownExampleMap' took 2.748
[2019.03.20-08.08.08:208][  0]LogSlate: Updating window title bar state: overlay mode, drag disabled, window buttons hidden, title bar hidden
[2019.03.20-08.08.08:216][  0]LogSlate: Updating window title bar state: overlay mode, drag disabled, window buttons hidden, title bar hidden
[2019.03.20-08.08.08:224][  0]LogSlate: Updating window title bar state: overlay mode, drag disabled, window buttons hidden, title bar hidden
[2019.03.20-08.08.08:232][  0]LogSlate: Updating window title bar state: overlay mode, drag disabled, window buttons hidden, title bar hidden
[2019.03.20-08.08.08:247][  0]LogCollectionManager: Loaded 0 collections in 0.002275 seconds
[2019.03.20-08.08.08:309][  0]LogFileCache: Scanning file cache for directory 'D:/Documents/e-artsup/B2/Jeu Neolithique/ProjectBarter/ProjectBarter/Saved/Collections/' took 0.01s
[2019.03.20-08.08.08:309][  0]LogFileCache: Scanning file cache for directory 'D:/Documents/e-artsup/B2/Jeu Neolithique/ProjectBarter/ProjectBarter/Content/Developers/THéo/Collections/' took 0.01s
[2019.03.20-08.08.08:309][  0]LogFileCache: Scanning file cache for directory 'D:/Documents/e-artsup/B2/Jeu Neolithique/ProjectBarter/ProjectBarter/Content/Collections/' took 0.01s
[2019.03.20-08.08.08:309][  0]LogCollectionManager: Rebuilt the GUID cache for 0 collections in 0.000000 seconds
[2019.03.20-08.08.08:323][  0]LogContentBrowser: Native class hierarchy populated in 0.0109 seconds. Added 2572 classes and 603 folders.
[2019.03.20-08.08.08:341][  0]LogContentBrowser: Native class hierarchy updated for 'WidgetCarousel' in 0.0002 seconds. Added 0 classes and 0 folders.
[2019.03.20-08.08.08:474][  0]LogContentBrowser: Native class hierarchy updated for 'AddContentDialog' in 0.0002 seconds. Added 0 classes and 0 folders.
[2019.03.20-08.08.08:496][  0]LogContentBrowser: Native class hierarchy updated for 'SceneOutliner' in 0.0003 seconds. Added 1 classes and 2 folders.
[2019.03.20-08.08.08:672][  0]LogSlate: Took 0.000462 seconds to synchronously load lazily loaded font '../../../Engine/Content/Slate/Fonts/Roboto-Regular.ttf' (155K)
[2019.03.20-08.08.08:678][  0]LogSlate: Took 0.000709 seconds to synchronously load lazily loaded font '../../../Engine/Content/Slate/Fonts/Roboto-Bold.ttf' (160K)
[2019.03.20-08.08.08:691][  0]LogSlate: Took 0.002334 seconds to synchronously load lazily loaded font '../../../Engine/Content/Editor/Slate/Fonts/FontAwesome.ttf' (139K)
[2019.03.20-08.08.08:786][  0]LogRenderer: Reallocating scene render targets to support 828x496 Format 10 NumSamples 1 (Frame:1).
[2019.03.20-08.08.08:965][  0]LogContentBrowser: Native class hierarchy updated for 'HierarchicalLODOutliner' in 0.0002 seconds. Added 0 classes and 0 folders.
[2019.03.20-08.08.08:965][  0]LogLoad: (Engine Initialization) Total time: 12.55 seconds
[2019.03.20-08.08.08:965][  0]LogLoad: (Engine Initialization) Total Blueprint compile time: 0.00 seconds
[2019.03.20-08.08.08:985][  0]LogWindowsTextInputMethodSystem: Display: IME system now deactivated.
[2019.03.20-08.08.09:020][  0]LogContentStreaming: Texture pool size now 1000 MB
[2019.03.20-08.08.09:045][  0]LogSlate: Took 0.002102 seconds to synchronously load lazily loaded font '../../../Engine/Content/Slate/Fonts/Roboto-Light.ttf' (167K)
[2019.03.20-08.08.09:092][  1]LogAssetRegistry: Asset discovery search completed in 7.6391 seconds
[2019.03.20-08.08.09:095][  1]LogCollectionManager: Rebuilt the object cache for 0 collections in 0.000000 seconds (found 0 objects)
[2019.03.20-08.08.09:095][  1]LogCollectionManager: Fixed up redirectors for 0 collections in 0.000086 seconds (updated 0 objects)
[2019.03.20-08.08.14:088][294]LogFileCache: Retrieving MD5 hashes for directory 'D:/Documents/e-artsup/B2/Jeu Neolithique/ProjectBarter/ProjectBarter/Content/' took 5.09s
[2019.03.20-08.08.21:348][729]LogSlate: FSceneViewport::OnFocusLost() reason 0
[2019.03.20-08.11.10:723][628]LogRenderer: Reallocating scene render targets to support 828x500 Format 10 NumSamples 1 (Frame:3183).
[2019.03.20-08.11.10:775][629]LogRenderer: Reallocating scene render targets to support 828x504 Format 10 NumSamples 1 (Frame:3185).
[2019.03.20-08.11.10:821][630]LogRenderer: Reallocating scene render targets to support 828x512 Format 10 NumSamples 1 (Frame:3187).
[2019.03.20-08.11.15:554][907]LogSlate: Took 0.000276 seconds to synchronously load lazily loaded font '../../../Engine/Content/Slate/Fonts/Roboto-Light.ttf' (167K)
[2019.03.20-08.11.15:567][907]LogAssetEditorManager: Opening Asset editor for WidgetBlueprint /Game/UMG/InventoryBarterWidget.InventoryBarterWidget
[2019.03.20-08.11.16:135][907]LogContentBrowser: Native class hierarchy updated for 'BlueprintGraph' in 0.0006 seconds. Added 116 classes and 0 folders.
[2019.03.20-08.11.16:964][907]LogSlate: Took 0.002182 seconds to synchronously load lazily loaded font '../../../Engine/Content/Slate/Fonts/Roboto-BoldCondensed.ttf' (158K)
[2019.03.20-08.11.18:517][973]LogSlate: Window 'InventoryBarterWidget' being destroyed
[2019.03.20-08.11.18:528][974]LogRenderer: Reallocating scene render targets to support 1032x616 Format 10 NumSamples 1 (Frame:3479).
[2019.03.20-08.11.21:211][116]LogSlate: Took 0.001723 seconds to synchronously load lazily loaded font '../../../Engine/Content/Slate/Fonts/Roboto-Italic.ttf' (157K)
[2019.03.20-08.12.01:238][497]LogTemp: Repeating last play command: New Editor Window (PIE)
[2019.03.20-08.12.01:259][497]LogBlueprintUserMessages: Early PlayInEditor Detection: Level '/Game/TopDownBP/Maps/TopDownExampleMap.TopDownExampleMap:PersistentLevel' has LevelScriptBlueprint '/Game/TopDownBP/Maps/TopDownExampleMap.TopDownExampleMap:PersistentLevel.TopDownExampleMap' with GeneratedClass '/Game/TopDownBP/Maps/TopDownExampleMap.TopDownExampleMap_C' with ClassGeneratedBy '/Game/TopDownBP/Maps/TopDownExampleMap.TopDownExampleMap:PersistentLevel.TopDownExampleMap'
[2019.03.20-08.12.01:259][497]BlueprintLog: New page: Pre-Play auto-recompile
[2019.03.20-08.12.01:322][497]LogPlayLevel: [PlayLevel] Compiling InventoryBarterWidget before play...
[2019.03.20-08.12.01:580][497]LogPlayLevel: PlayLevel: Blueprint regeneration took 321 ms (1 blueprints)
[2019.03.20-08.12.01:596][497]PIE: New page: PIE session: TopDownExampleMap (20 mars 2019 10:12:01)
[2019.03.20-08.12.01:597][497]LogPlayLevel: Creating play world package: /Game/TopDownBP/Maps/UEDPIE_0_TopDownExampleMap
[2019.03.20-08.12.01:623][497]LogPlayLevel: PIE: StaticDuplicateObject took: (0.026017s)
[2019.03.20-08.12.01:623][497]LogAIModule: Creating AISystem for world TopDownExampleMap
[2019.03.20-08.12.01:624][497]LogPlayLevel: PIE: World Init took: (0.000858s)
[2019.03.20-08.12.01:624][497]LogPlayLevel: PIE: Created PIE world by copying editor world from /Game/TopDownBP/Maps/TopDownExampleMap.TopDownExampleMap to /Game/TopDownBP/Maps/UEDPIE_0_TopDownExampleMap.TopDownExampleMap (0.027164s)
[2019.03.20-08.12.01:668][497]LogInit: XAudio2 using 'Haut-parleurs (Realtek High Definition Audio)' : 2 channels at 48 kHz using 32 bits per sample (channel mask 0x3)
[2019.03.20-08.12.01:736][497]LogInit: FAudioDevice initialized.
[2019.03.20-08.12.01:745][497]LogSlate: Updating window title bar state: overlay mode, drag disabled, window buttons hidden, title bar hidden
[2019.03.20-08.12.01:893][497]LogLoad: Game class is 'TopDownGameMode_C'
[2019.03.20-08.12.01:897][497]LogWorld: Bringing World /Game/TopDownBP/Maps/UEDPIE_0_TopDownExampleMap.TopDownExampleMap up for play (max tick rate 60) at 2019.03.20-09.12.01
[2019.03.20-08.12.01:903][497]LogWorld: Bringing up level for play took: 0.008499
[2019.03.20-08.12.01:934][497]LogContentBrowser: Native class hierarchy updated for 'MovieSceneCapture' in 0.0003 seconds. Added 10 classes and 0 folders.
[2019.03.20-08.12.01:939][497]PIE: Play in editor start time for /Game/TopDownBP/Maps/UEDPIE_0_TopDownExampleMap 0,365
[2019.03.20-08.12.01:940][497]LogBlueprintUserMessages: Late PlayInEditor Detection: Level '/Game/TopDownBP/Maps/TopDownExampleMap.TopDownExampleMap:PersistentLevel' has LevelScriptBlueprint '/Game/TopDownBP/Maps/TopDownExampleMap.TopDownExampleMap:PersistentLevel.TopDownExampleMap' with GeneratedClass '/Game/TopDownBP/Maps/TopDownExampleMap.TopDownExampleMap_C' with ClassGeneratedBy '/Game/TopDownBP/Maps/TopDownExampleMap.TopDownExampleMap:PersistentLevel.TopDownExampleMap'
[2019.03.20-08.12.08:319][867]LogSlate: Updating window title bar state: overlay mode, drag disabled, window buttons hidden, title bar hidden
[2019.03.20-08.12.09:446][934]LogSlate: FSceneViewport::OnFocusLost() reason 0
[2019.03.20-08.12.09:511][938]LogBlueprintUserMessages: [InventoryBarterWidget_C_0] 37.5
[2019.03.20-08.12.11:315][ 46]LogBlueprintUserMessages: Early EndPlayMap Detection: Level '/Game/TopDownBP/Maps/TopDownExampleMap.TopDownExampleMap:PersistentLevel' has LevelScriptBlueprint '/Game/TopDownBP/Maps/TopDownExampleMap.TopDownExampleMap:PersistentLevel.TopDownExampleMap' with GeneratedClass '/Game/TopDownBP/Maps/TopDownExampleMap.TopDownExampleMap_C' with ClassGeneratedBy '/Game/TopDownBP/Maps/TopDownExampleMap.TopDownExampleMap:PersistentLevel.TopDownExampleMap'
[2019.03.20-08.12.11:320][ 46]LogSlate: Updating window title bar state: overlay mode, drag disabled, window buttons hidden, title bar hidden
[2019.03.20-08.12.11:334][ 46]LogSlate: Window 'ProjectBarter Game Preview Standalone (64-bit/PCD3D_SM5)' being destroyed
[2019.03.20-08.12.11:381][ 46]LogPlayLevel: Display: Shutting down PIE online subsystems
[2019.03.20-08.12.11:381][ 46]LogBlueprintUserMessages: Late EndPlayMap Detection: Level '/Game/TopDownBP/Maps/TopDownExampleMap.TopDownExampleMap:PersistentLevel' has LevelScriptBlueprint '/Game/TopDownBP/Maps/TopDownExampleMap.TopDownExampleMap:PersistentLevel.TopDownExampleMap' with GeneratedClass '/Game/TopDownBP/Maps/TopDownExampleMap.TopDownExampleMap_C' with ClassGeneratedBy '/Game/TopDownBP/Maps/TopDownExampleMap.TopDownExampleMap:PersistentLevel.TopDownExampleMap'
[2019.03.20-08.12.11:456][ 47]LogPlayLevel: Display: Destroying online subsystem :Context_3
[2019.03.20-08.12.12:203][ 92]LogTemp: Repeating last play command: New Editor Window (PIE)
[2019.03.20-08.12.12:219][ 92]LogBlueprintUserMessages: Early PlayInEditor Detection: Level '/Game/TopDownBP/Maps/TopDownExampleMap.TopDownExampleMap:PersistentLevel' has LevelScriptBlueprint '/Game/TopDownBP/Maps/TopDownExampleMap.TopDownExampleMap:PersistentLevel.TopDownExampleMap' with GeneratedClass '/Game/TopDownBP/Maps/TopDownExampleMap.TopDownExampleMap_C' with ClassGeneratedBy '/Game/TopDownBP/Maps/TopDownExampleMap.TopDownExampleMap:PersistentLevel.TopDownExampleMap'
[2019.03.20-08.12.12:219][ 92]LogPlayLevel: PlayLevel: No blueprints needed recompiling
[2019.03.20-08.12.12:219][ 92]PIE: New page: PIE session: TopDownExampleMap (20 mars 2019 10:12:12)
[2019.03.20-08.12.12:219][ 92]LogPlayLevel: Creating play world package: /Game/TopDownBP/Maps/UEDPIE_0_TopDownExampleMap
[2019.03.20-08.12.12:234][ 92]LogPlayLevel: PIE: StaticDuplicateObject took: (0.014766s)
[2019.03.20-08.12.12:235][ 92]LogAIModule: Creating AISystem for world TopDownExampleMap
[2019.03.20-08.12.12:235][ 92]LogPlayLevel: PIE: World Init took: (0.001081s)
[2019.03.20-08.12.12:235][ 92]LogPlayLevel: PIE: Created PIE world by copying editor world from /Game/TopDownBP/Maps/TopDownExampleMap.TopDownExampleMap to /Game/TopDownBP/Maps/UEDPIE_0_TopDownExampleMap.TopDownExampleMap (0.016112s)
[2019.03.20-08.12.12:274][ 92]LogInit: XAudio2 using 'Haut-parleurs (Realtek High Definition Audio)' : 2 channels at 48 kHz using 32 bits per sample (channel mask 0x3)
[2019.03.20-08.12.12:338][ 92]LogInit: FAudioDevice initialized.
[2019.03.20-08.12.12:345][ 92]LogSlate: Updating window title bar state: overlay mode, drag disabled, window buttons hidden, title bar hidden
[2019.03.20-08.12.12:471][ 92]LogLoad: Game class is 'TopDownGameMode_C'
[2019.03.20-08.12.12:476][ 92]LogWorld: Bringing World /Game/TopDownBP/Maps/UEDPIE_0_TopDownExampleMap.TopDownExampleMap up for play (max tick rate 60) at 2019.03.20-09.12.12
[2019.03.20-08.12.12:476][ 92]LogWorld: Bringing up level for play took: 0.004817
[2019.03.20-08.12.12:494][ 92]PIE: Play in editor start time for /Game/TopDownBP/Maps/UEDPIE_0_TopDownExampleMap 0,921
[2019.03.20-08.12.12:499][ 92]LogBlueprintUserMessages: Late PlayInEditor Detection: Level '/Game/TopDownBP/Maps/TopDownExampleMap.TopDownExampleMap:PersistentLevel' has LevelScriptBlueprint '/Game/TopDownBP/Maps/TopDownExampleMap.TopDownExampleMap:PersistentLevel.TopDownExampleMap' with GeneratedClass '/Game/TopDownBP/Maps/TopDownExampleMap.TopDownExampleMap_C' with ClassGeneratedBy '/Game/TopDownBP/Maps/TopDownExampleMap.TopDownExampleMap:PersistentLevel.TopDownExampleMap'
[2019.03.20-08.12.15:472][267]LogSlate: Updating window title bar state: overlay mode, drag disabled, window buttons hidden, title bar hidden
[2019.03.20-08.12.17:245][373]LogSlate: FSceneViewport::OnFocusLost() reason 0
[2019.03.20-08.12.17:328][378]LogBlueprintUserMessages: [InventoryBarterWidget_C_0] 112.5
[2019.03.20-08.12.17:328][378]LogBlueprintUserMessages: [InventoryBarterWidget_C_0] 112.5
[2019.03.20-08.12.17:947][415]LogBlueprintUserMessages: Early EndPlayMap Detection: Level '/Game/TopDownBP/Maps/TopDownExampleMap.TopDownExampleMap:PersistentLevel' has LevelScriptBlueprint '/Game/TopDownBP/Maps/TopDownExampleMap.TopDownExampleMap:PersistentLevel.TopDownExampleMap' with GeneratedClass '/Game/TopDownBP/Maps/TopDownExampleMap.TopDownExampleMap_C' with ClassGeneratedBy '/Game/TopDownBP/Maps/TopDownExampleMap.TopDownExampleMap:PersistentLevel.TopDownExampleMap'
[2019.03.20-08.12.17:948][415]LogSlate: Updating window title bar state: overlay mode, drag disabled, window buttons hidden, title bar hidden
[2019.03.20-08.12.17:965][415]LogSlate: Window 'ProjectBarter Game Preview Standalone (64-bit/PCD3D_SM5)' being destroyed
[2019.03.20-08.12.18:006][415]LogPlayLevel: Display: Shutting down PIE online subsystems
[2019.03.20-08.12.18:006][415]LogBlueprintUserMessages: Late EndPlayMap Detection: Level '/Game/TopDownBP/Maps/TopDownExampleMap.TopDownExampleMap:PersistentLevel' has LevelScriptBlueprint '/Game/TopDownBP/Maps/TopDownExampleMap.TopDownExampleMap:PersistentLevel.TopDownExampleMap' with GeneratedClass '/Game/TopDownBP/Maps/TopDownExampleMap.TopDownExampleMap_C' with ClassGeneratedBy '/Game/TopDownBP/Maps/TopDownExampleMap.TopDownExampleMap:PersistentLevel.TopDownExampleMap'
[2019.03.20-08.12.18:080][416]LogPlayLevel: Display: Destroying online subsystem :Context_4
[2019.03.20-08.12.18:861][463]LogTemp: Repeating last play command: New Editor Window (PIE)
[2019.03.20-08.12.18:880][463]LogBlueprintUserMessages: Early PlayInEditor Detection: Level '/Game/TopDownBP/Maps/TopDownExampleMap.TopDownExampleMap:PersistentLevel' has LevelScriptBlueprint '/Game/TopDownBP/Maps/TopDownExampleMap.TopDownExampleMap:PersistentLevel.TopDownExampleMap' with GeneratedClass '/Game/TopDownBP/Maps/TopDownExampleMap.TopDownExampleMap_C' with ClassGeneratedBy '/Game/TopDownBP/Maps/TopDownExampleMap.TopDownExampleMap:PersistentLevel.TopDownExampleMap'
[2019.03.20-08.12.18:881][463]LogPlayLevel: PlayLevel: No blueprints needed recompiling
[2019.03.20-08.12.18:881][463]PIE: New page: PIE session: TopDownExampleMap (20 mars 2019 10:12:18)
[2019.03.20-08.12.18:881][463]LogPlayLevel: Creating play world package: /Game/TopDownBP/Maps/UEDPIE_0_TopDownExampleMap
[2019.03.20-08.12.18:898][463]LogPlayLevel: PIE: StaticDuplicateObject took: (0.017142s)
[2019.03.20-08.12.18:899][463]LogAIModule: Creating AISystem for world TopDownExampleMap
[2019.03.20-08.12.18:899][463]LogPlayLevel: PIE: World Init took: (0.001155s)
[2019.03.20-08.12.18:900][463]LogPlayLevel: PIE: Created PIE world by copying editor world from /Game/TopDownBP/Maps/TopDownExampleMap.TopDownExampleMap to /Game/TopDownBP/Maps/UEDPIE_0_TopDownExampleMap.TopDownExampleMap (0.018682s)
[2019.03.20-08.12.18:941][463]LogInit: XAudio2 using 'Haut-parleurs (Realtek High Definition Audio)' : 2 channels at 48 kHz using 32 bits per sample (channel mask 0x3)
[2019.03.20-08.12.19:009][463]LogInit: FAudioDevice initialized.
[2019.03.20-08.12.19:018][463]LogSlate: Updating window title bar state: overlay mode, drag disabled, window buttons hidden, title bar hidden
[2019.03.20-08.12.19:148][463]LogLoad: Game class is 'TopDownGameMode_C'
[2019.03.20-08.12.19:152][463]LogWorld: Bringing World /Game/TopDownBP/Maps/UEDPIE_0_TopDownExampleMap.TopDownExampleMap up for play (max tick rate 60) at 2019.03.20-09.12.19
[2019.03.20-08.12.19:152][463]LogWorld: Bringing up level for play took: 0.002751
[2019.03.20-08.12.19:169][463]PIE: Play in editor start time for /Game/TopDownBP/Maps/UEDPIE_0_TopDownExampleMap -0,405
[2019.03.20-08.12.19:169][463]LogBlueprintUserMessages: Late PlayInEditor Detection: Level '/Game/TopDownBP/Maps/TopDownExampleMap.TopDownExampleMap:PersistentLevel' has LevelScriptBlueprint '/Game/TopDownBP/Maps/TopDownExampleMap.TopDownExampleMap:PersistentLevel.TopDownExampleMap' with GeneratedClass '/Game/TopDownBP/Maps/TopDownExampleMap.TopDownExampleMap_C' with ClassGeneratedBy '/Game/TopDownBP/Maps/TopDownExampleMap.TopDownExampleMap:PersistentLevel.TopDownExampleMap'
[2019.03.20-08.12.22:330][650]LogSlate: Updating window title bar state: overlay mode, drag disabled, window buttons hidden, title bar hidden
[2019.03.20-08.12.23:313][709]LogSlate: FSceneViewport::OnFocusLost() reason 0
[2019.03.20-08.12.23:397][714]LogBlueprintUserMessages: [InventoryBarterWidget_C_0] 7.5
[2019.03.20-08.12.23:883][743]LogBlueprintUserMessages: Early EndPlayMap Detection: Level '/Game/TopDownBP/Maps/TopDownExampleMap.TopDownExampleMap:PersistentLevel' has LevelScriptBlueprint '/Game/TopDownBP/Maps/TopDownExampleMap.TopDownExampleMap:PersistentLevel.TopDownExampleMap' with GeneratedClass '/Game/TopDownBP/Maps/TopDownExampleMap.TopDownExampleMap_C' with ClassGeneratedBy '/Game/TopDownBP/Maps/TopDownExampleMap.TopDownExampleMap:PersistentLevel.TopDownExampleMap'
[2019.03.20-08.12.23:883][743]LogSlate: Updating window title bar state: overlay mode, drag disabled, window buttons hidden, title bar hidden
[2019.03.20-08.12.23:899][743]LogSlate: Window 'ProjectBarter Game Preview Standalone (64-bit/PCD3D_SM5)' being destroyed
[2019.03.20-08.12.23:941][743]LogPlayLevel: Display: Shutting down PIE online subsystems
[2019.03.20-08.12.23:941][743]LogBlueprintUserMessages: Late EndPlayMap Detection: Level '/Game/TopDownBP/Maps/TopDownExampleMap.TopDownExampleMap:PersistentLevel' has LevelScriptBlueprint '/Game/TopDownBP/Maps/TopDownExampleMap.TopDownExampleMap:PersistentLevel.TopDownExampleMap' with GeneratedClass '/Game/TopDownBP/Maps/TopDownExampleMap.TopDownExampleMap_C' with ClassGeneratedBy '/Game/TopDownBP/Maps/TopDownExampleMap.TopDownExampleMap:PersistentLevel.TopDownExampleMap'
[2019.03.20-08.12.24:007][744]LogPlayLevel: Display: Destroying online subsystem :Context_5
[2019.03.20-08.13.28:845][599]BlueprintLog: New page: Compile InventoryBarterWidget
[2019.03.20-08.13.29:454][614]Cmd: OBJ SAVEPACKAGE PACKAGE="/Game/UMG/InventoryBarterWidget" FILE="D:/Documents/e-artsup/B2/Jeu Neolithique/ProjectBarter/ProjectBarter/Content/UMG/InventoryBarterWidget.uasset" SILENT=true
[2019.03.20-08.13.29:974][614]LogSavePackage: Moving 'D:/Documents/e-artsup/B2/Jeu Neolithique/ProjectBarter/ProjectBarter/Saved/InventoryBarterWidget3BCDEE5F435F1A217DBB208247480064.tmp' to 'D:/Documents/e-artsup/B2/Jeu Neolithique/ProjectBarter/ProjectBarter/Content/UMG/InventoryBarterWidget.uasset'
[2019.03.20-08.13.34:070][858]LogTemp: Repeating last play command: New Editor Window (PIE)
[2019.03.20-08.13.34:089][858]LogBlueprintUserMessages: Early PlayInEditor Detection: Level '/Game/TopDownBP/Maps/TopDownExampleMap.TopDownExampleMap:PersistentLevel' has LevelScriptBlueprint '/Game/TopDownBP/Maps/TopDownExampleMap.TopDownExampleMap:PersistentLevel.TopDownExampleMap' with GeneratedClass '/Game/TopDownBP/Maps/TopDownExampleMap.TopDownExampleMap_C' with ClassGeneratedBy '/Game/TopDownBP/Maps/TopDownExampleMap.TopDownExampleMap:PersistentLevel.TopDownExampleMap'
[2019.03.20-08.13.34:089][858]LogPlayLevel: PlayLevel: No blueprints needed recompiling
[2019.03.20-08.13.34:089][858]PIE: New page: PIE session: TopDownExampleMap (20 mars 2019 10:13:34)
[2019.03.20-08.13.34:089][858]LogPlayLevel: Creating play world package: /Game/TopDownBP/Maps/UEDPIE_0_TopDownExampleMap
[2019.03.20-08.13.34:109][858]LogPlayLevel: PIE: StaticDuplicateObject took: (0.019911s)
[2019.03.20-08.13.34:110][858]LogAIModule: Creating AISystem for world TopDownExampleMap
[2019.03.20-08.13.34:111][858]LogPlayLevel: PIE: World Init took: (0.001574s)
[2019.03.20-08.13.34:111][858]LogPlayLevel: PIE: Created PIE world by copying editor world from /Game/TopDownBP/Maps/TopDownExampleMap.TopDownExampleMap to /Game/TopDownBP/Maps/UEDPIE_0_TopDownExampleMap.TopDownExampleMap (0.021791s)
[2019.03.20-08.13.34:156][858]LogInit: XAudio2 using 'Haut-parleurs (Realtek High Definition Audio)' : 2 channels at 48 kHz using 32 bits per sample (channel mask 0x3)
[2019.03.20-08.13.34:223][858]LogInit: FAudioDevice initialized.
[2019.03.20-08.13.34:232][858]LogSlate: Updating window title bar state: overlay mode, drag disabled, window buttons hidden, title bar hidden
[2019.03.20-08.13.34:372][858]LogLoad: Game class is 'TopDownGameMode_C'
[2019.03.20-08.13.34:375][858]LogWorld: Bringing World /Game/TopDownBP/Maps/UEDPIE_0_TopDownExampleMap.TopDownExampleMap up for play (max tick rate 60) at 2019.03.20-09.13.34
[2019.03.20-08.13.34:376][858]LogWorld: Bringing up level for play took: 0.003157
[2019.03.20-08.13.34:392][858]PIE: Play in editor start time for /Game/TopDownBP/Maps/UEDPIE_0_TopDownExampleMap 0,82
[2019.03.20-08.13.34:393][858]LogBlueprintUserMessages: Late PlayInEditor Detection: Level '/Game/TopDownBP/Maps/TopDownExampleMap.TopDownExampleMap:PersistentLevel' has LevelScriptBlueprint '/Game/TopDownBP/Maps/TopDownExampleMap.TopDownExampleMap:PersistentLevel.TopDownExampleMap' with GeneratedClass '/Game/TopDownBP/Maps/TopDownExampleMap.TopDownExampleMap_C' with ClassGeneratedBy '/Game/TopDownBP/Maps/TopDownExampleMap.TopDownExampleMap:PersistentLevel.TopDownExampleMap'
[2019.03.20-08.13.45:465][496]LogSlate: Updating window title bar state: overlay mode, drag disabled, window buttons hidden, title bar hidden
[2019.03.20-08.13.47:156][594]LogSlate: FSceneViewport::OnFocusLost() reason 0
[2019.03.20-08.13.47:227][598]LogBlueprintUserMessages: [InventoryBarterWidget_C_0] 37.5
[2019.03.20-08.13.48:410][666]LogBlueprintUserMessages: [InventoryBarterWidget_C_0] 112.5
[2019.03.20-08.13.48:410][666]LogBlueprintUserMessages: [InventoryBarterWidget_C_0] 112.5
[2019.03.20-08.13.49:711][741]LogBlueprintUserMessages: [InventoryBarterWidget_C_0] 7.5
[2019.03.20-08.13.50:727][799]LogBlueprintUserMessages: [InventoryBarterWidget_C_0] 112.5
[2019.03.20-08.13.50:727][799]LogBlueprintUserMessages: [InventoryBarterWidget_C_0] 112.5
[2019.03.20-08.13.51:630][851]LogBlueprintUserMessages: [InventoryBarterWidget_C_0] 37.5
[2019.03.20-08.14.15:652][235]LogSlate: FSceneViewport::OnFocusLost() reason 0
[2019.03.20-08.14.22:850][655]LogSlate: Updating window title bar state: overlay mode, drag disabled, window buttons hidden, title bar hidden
[2019.03.20-08.14.24:449][749]LogSlate: FSceneViewport::OnFocusLost() reason 0
[2019.03.20-08.14.24:533][754]LogBlueprintUserMessages: [InventoryBarterWidget_C_1] 112.5
[2019.03.20-08.14.30:482][ 99]LogSlate: FSceneViewport::OnFocusLost() reason 0
[2019.03.20-08.14.32:001][187]LogBlueprintUserMessages: Early EndPlayMap Detection: Level '/Game/TopDownBP/Maps/TopDownExampleMap.TopDownExampleMap:PersistentLevel' has LevelScriptBlueprint '/Game/TopDownBP/Maps/TopDownExampleMap.TopDownExampleMap:PersistentLevel.TopDownExampleMap' with GeneratedClass '/Game/TopDownBP/Maps/TopDownExampleMap.TopDownExampleMap_C' with ClassGeneratedBy '/Game/TopDownBP/Maps/TopDownExampleMap.TopDownExampleMap:PersistentLevel.TopDownExampleMap'
[2019.03.20-08.14.32:001][187]LogSlate: Updating window title bar state: overlay mode, drag disabled, window buttons hidden, title bar hidden
[2019.03.20-08.14.32:018][187]LogSlate: Window 'ProjectBarter Game Preview Standalone (64-bit/PCD3D_SM5)' being destroyed
[2019.03.20-08.14.32:063][187]LogPlayLevel: Display: Shutting down PIE online subsystems
[2019.03.20-08.14.32:063][187]LogBlueprintUserMessages: Late EndPlayMap Detection: Level '/Game/TopDownBP/Maps/TopDownExampleMap.TopDownExampleMap:PersistentLevel' has LevelScriptBlueprint '/Game/TopDownBP/Maps/TopDownExampleMap.TopDownExampleMap:PersistentLevel.TopDownExampleMap' with GeneratedClass '/Game/TopDownBP/Maps/TopDownExampleMap.TopDownExampleMap_C' with ClassGeneratedBy '/Game/TopDownBP/Maps/TopDownExampleMap.TopDownExampleMap:PersistentLevel.TopDownExampleMap'
[2019.03.20-08.14.32:136][188]LogPlayLevel: Display: Destroying online subsystem :Context_6
[2019.03.20-08.14.46:437][ 46]BlueprintLog: New page: Compile InventoryBarterWidget
[2019.03.20-08.14.46:997][ 60]Cmd: OBJ SAVEPACKAGE PACKAGE="/Game/UMG/InventoryBarterWidget" FILE="D:/Documents/e-artsup/B2/Jeu Neolithique/ProjectBarter/ProjectBarter/Content/UMG/InventoryBarterWidget.uasset" SILENT=true
[2019.03.20-08.14.47:218][ 60]LogSavePackage: Moving 'D:/Documents/e-artsup/B2/Jeu Neolithique/ProjectBarter/ProjectBarter/Saved/InventoryBarterWidgetCFE498E94DD1E310C9CD30BE3816488E.tmp' to 'D:/Documents/e-artsup/B2/Jeu Neolithique/ProjectBarter/ProjectBarter/Content/UMG/InventoryBarterWidget.uasset'
[2019.03.20-08.15.19:970][ 10]LogSlate: Window 'ProjectBarter - Unreal Editor' being destroyed
[2019.03.20-08.15.19:971][ 10]LogWindowsTextInputMethodSystem: Display: IME system now deactivated.
[2019.03.20-08.15.20:215][ 11]Cmd: QUIT_EDITOR
[2019.03.20-08.15.21:027][ 11]LogExit: Preparing to exit.
[2019.03.20-08.15.22:012][ 11]LogExit: Editor shut down
[2019.03.20-08.15.22:012][ 11]LogExit: Transaction tracking system shut down
[2019.03.20-08.15.22:459][ 11]LogExit: Object subsystem successfully closed.
[2019.03.20-08.15.22:473][ 11]LogShaderCompilers: Display: Shaders left to compile 0
[2019.03.20-08.15.22:475][ 11]LogD3D11RHI: Shutdown
[2019.03.20-08.15.22:476][ 11]LogD3D11RHI: CleanupD3DDevice
[2019.03.20-08.15.22:477][ 11]LogD3D11RHI: ~FD3D11DynamicRHI
[2019.03.20-08.15.22:500][ 11]LogModuleManager: Shutting down and abandoning module MovieSceneCapture (618)
[2019.03.20-08.15.22:500][ 11]LogModuleManager: Shutting down and abandoning module Voice (616)
[2019.03.20-08.15.22:500][ 11]LogModuleManager: Shutting down and abandoning module SequencerWidgets (614)
[2019.03.20-08.15.22:500][ 11]LogModuleManager: Shutting down and abandoning module BlueprintGraph (612)
[2019.03.20-08.15.22:500][ 11]LogModuleManager: Shutting down and abandoning module HierarchicalLODOutliner (610)
[2019.03.20-08.15.22:500][ 11]LogModuleManager: Shutting down and abandoning module SceneOutliner (608)
[2019.03.20-08.15.22:500][ 11]LogModuleManager: Shutting down and abandoning module AddContentDialog (606)
[2019.03.20-08.15.22:501][ 11]LogModuleManager: Shutting down and abandoning module WidgetCarousel (605)
[2019.03.20-08.15.22:501][ 11]LogModuleManager: Shutting down and abandoning module EditorWidgets (602)
[2019.03.20-08.15.22:501][ 11]LogModuleManager: Shutting down and abandoning module CollectionManager (600)
[2019.03.20-08.15.22:501][ 11]LogModuleManager: Shutting down and abandoning module StatsViewer (598)
[2019.03.20-08.15.22:501][ 11]LogModuleManager: Shutting down and abandoning module FoliageEdit (596)
[2019.03.20-08.15.22:501][ 11]LogModuleManager: Shutting down and abandoning module LandscapeEditor (594)
[2019.03.20-08.15.22:501][ 11]LogModuleManager: Shutting down and abandoning module MeshPaintMode (592)
[2019.03.20-08.15.22:501][ 11]LogModuleManager: Shutting down and abandoning module SceneDepthPickerMode (590)
[2019.03.20-08.15.22:501][ 11]LogModuleManager: Shutting down and abandoning module ActorPickerMode (588)
[2019.03.20-08.15.22:501][ 11]LogModuleManager: Shutting down and abandoning module GeometryMode (586)
[2019.03.20-08.15.22:501][ 11]LogModuleManager: Shutting down and abandoning module TextureAlignMode (584)
[2019.03.20-08.15.22:501][ 11]LogModuleManager: Shutting down and abandoning module BspMode (582)
[2019.03.20-08.15.22:501][ 11]LogModuleManager: Shutting down and abandoning module PIEPreviewDeviceProfileSelector (580)
[2019.03.20-08.15.22:501][ 11]LogModuleManager: Shutting down and abandoning module SequenceRecorderSections (578)
[2019.03.20-08.15.22:501][ 11]LogModuleManager: Shutting down and abandoning module AutomationWorker (576)
[2019.03.20-08.15.22:501][ 11]LogModuleManager: Shutting down and abandoning module AudioCaptureEditor (574)
[2019.03.20-08.15.22:501][ 11]LogModuleManager: Shutting down and abandoning module SequenceRecorder (573)
[2019.03.20-08.15.22:501][ 11]LogModuleManager: Shutting down and abandoning module MatineeToLevelSequence (570)
[2019.03.20-08.15.22:501][ 11]LogModuleManager: Shutting down and abandoning module LevelSequenceEditor (568)
[2019.03.20-08.15.22:501][ 11]LogModuleManager: Shutting down and abandoning module PlacementMode (567)
[2019.03.20-08.15.22:501][ 11]LogModuleManager: Shutting down and abandoning module MaterialEditor (566)
[2019.03.20-08.15.22:501][ 11]LogModuleManager: Shutting down and abandoning module WmfMediaFactory (562)
[2019.03.20-08.15.22:501][ 11]LogModuleManager: Shutting down and abandoning module WmfMediaEditor (560)
[2019.03.20-08.15.22:502][ 11]LogModuleManager: Shutting down and abandoning module MediaPlayerEditor (558)
[2019.03.20-08.15.22:502][ 11]LogModuleManager: Shutting down and abandoning module OpenExrWrapper (556)
[2019.03.20-08.15.22:502][ 11]LogModuleManager: Shutting down and abandoning module ImgMediaFactory (554)
[2019.03.20-08.15.22:502][ 11]LogModuleManager: Shutting down and abandoning module ImgMediaEditor (552)
[2019.03.20-08.15.22:502][ 11]LogModuleManager: Shutting down and abandoning module AvfMediaFactory (550)
[2019.03.20-08.15.22:502][ 11]LogModuleManager: Shutting down and abandoning module AvfMediaEditor (548)
[2019.03.20-08.15.22:502][ 11]LogModuleManager: Shutting down and abandoning module AndroidMediaFactory (546)
[2019.03.20-08.15.22:502][ 11]LogModuleManager: Shutting down and abandoning module AndroidMediaEditor (544)
[2019.03.20-08.15.22:502][ 11]LogModuleManager: Shutting down and abandoning module MagicLeapCameraPreviewFactory (542)
[2019.03.20-08.15.22:502][ 11]LogModuleManager: Shutting down and abandoning module MagicLeapMediaFactory (540)
[2019.03.20-08.15.22:502][ 11]LogModuleManager: Shutting down and abandoning module MagicLeapMediaEditor (538)
[2019.03.20-08.15.22:502][ 11]LogModuleManager: Shutting down and abandoning module CharacterAI (536)
[2019.03.20-08.15.22:502][ 11]LogModuleManager: Shutting down and abandoning module SmartSnapping (534)
[2019.03.20-08.15.22:502][ 11]LogModuleManager: Shutting down and abandoning module SessionServices (532)
[2019.03.20-08.15.22:502][ 11]LogModuleManager: Shutting down and abandoning module ViewportSnapping (530)
[2019.03.20-08.15.22:502][ 11]LogModuleManager: Shutting down and abandoning module ViewportInteraction (528)
[2019.03.20-08.15.22:502][ 11]LogModuleManager: Shutting down and abandoning module ClothPainter (526)
[2019.03.20-08.15.22:502][ 11]LogModuleManager: Shutting down and abandoning module SkeletalMeshEditor (525)
[2019.03.20-08.15.22:502][ 11]LogModuleManager: Shutting down and abandoning module LogVisualizer (522)
[2019.03.20-08.15.22:502][ 11]LogModuleManager: Shutting down and abandoning module IntroTutorials (520)
[2019.03.20-08.15.22:502][ 11]LogModuleManager: Shutting down and abandoning module GameProjectGeneration (519)
[2019.03.20-08.15.22:502][ 11]LogModuleManager: Shutting down and abandoning module LuminPlatformEditor (516)
[2019.03.20-08.15.22:502][ 11]LogModuleManager: Shutting down and abandoning module IOSPlatformEditor (514)
[2019.03.20-08.15.22:502][ 11]LogModuleManager: Shutting down and abandoning module HTML5PlatformEditor (512)
[2019.03.20-08.15.22:502][ 11]LogModuleManager: Shutting down and abandoning module AndroidPlatformEditor (510)
[2019.03.20-08.15.22:502][ 11]LogModuleManager: Shutting down and abandoning module AndroidDeviceDetection (509)
[2019.03.20-08.15.24:068][ 11]LogModuleManager: Shutting down and abandoning module WindowsPlatformEditor (506)
[2019.03.20-08.15.24:069][ 11]LogModuleManager: Shutting down and abandoning module LuminRuntimeSettings (504)
[2019.03.20-08.15.24:069][ 11]LogModuleManager: Shutting down and abandoning module IOSRuntimeSettings (502)
[2019.03.20-08.15.24:069][ 11]LogModuleManager: Shutting down and abandoning module AndroidRuntimeSettings (500)
[2019.03.20-08.15.24:069][ 11]LogModuleManager: Shutting down and abandoning module InputBindingEditor (498)
[2019.03.20-08.15.24:069][ 11]LogModuleManager: Shutting down and abandoning module MergeActors (496)
[2019.03.20-08.15.24:069][ 11]LogModuleManager: Shutting down and abandoning module LocalizationDashboard (494)
[2019.03.20-08.15.24:069][ 11]LogModuleManager: Shutting down and abandoning module LocalizationService (493)
[2019.03.20-08.15.24:069][ 11]LogModuleManager: Shutting down and abandoning module HardwareTargeting (490)
[2019.03.20-08.15.24:069][ 11]LogModuleManager: Shutting down and abandoning module DeviceProfileEditor (488)
[2019.03.20-08.15.24:069][ 11]LogModuleManager: Shutting down and abandoning module UndoHistory (486)
[2019.03.20-08.15.24:069][ 11]LogModuleManager: Shutting down and abandoning module XmlParser (484)
[2019.03.20-08.15.24:069][ 11]LogModuleManager: Shutting down and abandoning module Blutility (482)
[2019.03.20-08.15.24:069][ 11]LogModuleManager: Shutting down and abandoning module ProjectSettingsViewer (480)
[2019.03.20-08.15.24:069][ 11]LogModuleManager: Shutting down and abandoning module ProjectTargetPlatformEditor (479)
[2019.03.20-08.15.24:069][ 11]LogModuleManager: Shutting down and abandoning module EditorSettingsViewer (476)
[2019.03.20-08.15.24:069][ 11]LogModuleManager: Shutting down and abandoning module SettingsEditor (474)
[2019.03.20-08.15.24:069][ 11]LogModuleManager: Shutting down and abandoning module ProjectLauncher (472)
[2019.03.20-08.15.24:069][ 11]LogModuleManager: Shutting down and abandoning module SessionFrontend (470)
[2019.03.20-08.15.24:069][ 11]LogModuleManager: Shutting down and abandoning module ProfilerClient (468)
[2019.03.20-08.15.24:069][ 11]LogModuleManager: Shutting down and abandoning module DeviceManager (466)
[2019.03.20-08.15.24:069][ 11]LogModuleManager: Shutting down and abandoning module TargetDeviceServices (465)
[2019.03.20-08.15.24:124][ 11]LogModuleManager: Shutting down and abandoning module AutomationController (462)
[2019.03.20-08.15.24:124][ 11]LogModuleManager: Shutting down and abandoning module AutomationWindow (460)
[2019.03.20-08.15.24:124][ 11]LogModuleManager: Shutting down and abandoning module Layers (458)
[2019.03.20-08.15.24:124][ 11]LogModuleManager: Shutting down and abandoning module ComponentVisualizers (456)
[2019.03.20-08.15.24:124][ 11]LogModuleManager: Shutting down and abandoning module DetailCustomizations (454)
[2019.03.20-08.15.24:124][ 11]LogModuleManager: Shutting down and abandoning module PackagesDialog (452)
[2019.03.20-08.15.24:125][ 11]LogModuleManager: Shutting down and abandoning module Persona (450)
[2019.03.20-08.15.24:125][ 11]LogModuleManager: Shutting down and abandoning module AdvancedPreviewScene (449)
[2019.03.20-08.15.24:125][ 11]LogModuleManager: Shutting down and abandoning module AnimGraph (447)
[2019.03.20-08.15.24:125][ 11]LogModuleManager: Shutting down and abandoning module Kismet (444)
[2019.03.20-08.15.24:133][ 11]LogModuleManager: Shutting down and abandoning module GraphEditor (442)
[2019.03.20-08.15.24:133][ 11]LogModuleManager: Shutting down and abandoning module ClassViewer (440)
[2019.03.20-08.15.24:133][ 11]LogModuleManager: Shutting down and abandoning module Toolbox (438)
[2019.03.20-08.15.24:133][ 11]LogModuleManager: Shutting down and abandoning module ModuleUI (436)
[2019.03.20-08.15.24:133][ 11]LogModuleManager: Shutting down and abandoning module MovieSceneTools (434)
[2019.03.20-08.15.24:133][ 11]LogModuleManager: Shutting down and abandoning module OutputLog (432)
[2019.03.20-08.15.24:133][ 11]LogModuleManager: Shutting down and abandoning module GammaUI (430)
[2019.03.20-08.15.24:133][ 11]LogModuleManager: Shutting down and abandoning module Documentation (428)
[2019.03.20-08.15.24:134][ 11]LogModuleManager: Shutting down and abandoning module MovieSceneTracks (426)
[2019.03.20-08.15.24:134][ 11]LogModuleManager: Shutting down and abandoning module MovieScene (424)
[2019.03.20-08.15.24:134][ 11]LogModuleManager: Shutting down and abandoning module StreamingPauseRendering (422)
[2019.03.20-08.15.24:134][ 11]LogModuleManager: Shutting down and abandoning module LauncherPlatform (420)
[2019.03.20-08.15.24:134][ 11]LogModuleManager: Shutting down and abandoning module AnalyticsET (418)
[2019.03.20-08.15.24:134][ 11]LogModuleManager: Shutting down and abandoning module PortalServices (416)
[2019.03.20-08.15.24:134][ 11]LogModuleManager: Shutting down and abandoning module PortalRpc (414)
[2019.03.20-08.15.24:134][ 11]LogModuleManager: Shutting down and abandoning module MessagingRpc (412)
[2019.03.20-08.15.24:134][ 11]LogModuleManager: Shutting down and abandoning module AIModule (410)
[2019.03.20-08.15.24:134][ 11]LogModuleManager: Shutting down and abandoning module GameplayDebugger (409)
[2019.03.20-08.15.24:134][ 11]LogModuleManager: Shutting down and abandoning module AITestSuite (407)
[2019.03.20-08.15.24:134][ 11]LogModuleManager: Shutting down and abandoning module NavigationSystem (405)
[2019.03.20-08.15.24:134][ 11]LogModuleManager: Shutting down and abandoning module DesktopPlatform (402)
[2019.03.20-08.15.24:134][ 11]LogModuleManager: Shutting down and abandoning module ProfilerService (400)
[2019.03.20-08.15.24:373][ 11]LogModuleManager: Shutting down and abandoning module TaskGraph (398)
[2019.03.20-08.15.24:373][ 11]LogModuleManager: Shutting down and abandoning module SteamVRController (396)
[2019.03.20-08.15.24:373][ 11]LogModuleManager: Shutting down and abandoning module ProceduralMeshComponentEditor (394)
[2019.03.20-08.15.24:373][ 11]LogModuleManager: Shutting down and abandoning module ProceduralMeshComponent (392)
[2019.03.20-08.15.24:373][ 11]LogModuleManager: Shutting down and abandoning module OculusInput (390)
[2019.03.20-08.15.24:373][ 11]LogModuleManager: Shutting down and abandoning module MobilePatchingUtils (388)
[2019.03.20-08.15.24:373][ 11]LogModuleManager: Shutting down and abandoning module EditableMesh (386)
[2019.03.20-08.15.24:373][ 11]LogModuleManager: Shutting down and abandoning module CustomMeshComponent (384)
[2019.03.20-08.15.24:373][ 11]LogModuleManager: Shutting down and abandoning module CableComponent (382)
[2019.03.20-08.15.24:373][ 11]LogModuleManager: Shutting down and abandoning module AudioCapture (380)
[2019.03.20-08.15.24:373][ 11]LogModuleManager: Shutting down and abandoning module ArchVisCharacter (378)
[2019.03.20-08.15.24:373][ 11]LogModuleManager: Shutting down and abandoning module AndroidPermission (376)
[2019.03.20-08.15.24:373][ 11]LogModuleManager: Shutting down and abandoning module NUTUnrealEngine4 (374)
[2019.03.20-08.15.24:373][ 11]LogModuleManager: Shutting down and abandoning module NetcodeUnitTest (372)
[2019.03.20-08.15.24:373][ 11]LogModuleManager: Shutting down and abandoning module MediaCompositingEditor (370)
[2019.03.20-08.15.24:373][ 11]LogModuleManager: Shutting down and abandoning module MediaCompositing (368)
[2019.03.20-08.15.24:374][ 11]LogModuleManager: Shutting down and abandoning module LinearTimecode (366)
[2019.03.20-08.15.24:374][ 11]LogModuleManager: Shutting down and abandoning module ImgMedia (364)
[2019.03.20-08.15.24:383][ 11]LogModuleManager: Shutting down and abandoning module HTML5Networking (362)
[2019.03.20-08.15.24:383][ 11]LogModuleManager: Shutting down and abandoning module GeometryCacheTracks (360)
[2019.03.20-08.15.24:383][ 11]LogModuleManager: Shutting down and abandoning module GeometryCacheSequencer (358)
[2019.03.20-08.15.24:383][ 11]LogModuleManager: Shutting down and abandoning module BackChannel (356)
[2019.03.20-08.15.24:384][ 11]LogModuleManager: Shutting down and abandoning module AppleVision (354)
[2019.03.20-08.15.24:384][ 11]LogModuleManager: Shutting down and abandoning module AppleImageUtils (352)
[2019.03.20-08.15.24:384][ 11]LogModuleManager: Shutting down and abandoning module AlembicImporter (350)
[2019.03.20-08.15.24:384][ 11]LogModuleManager: Shutting down and abandoning module AlembicLibrary (349)
[2019.03.20-08.15.24:384][ 11]LogModuleManager: Shutting down and abandoning module GeometryCache (348)
[2019.03.20-08.15.24:384][ 11]LogModuleManager: Shutting down and abandoning module GeometryCacheEd (347)
[2019.03.20-08.15.24:384][ 11]LogModuleManager: Shutting down and abandoning module DatasmithContentEditor (342)
[2019.03.20-08.15.24:384][ 11]LogModuleManager: Shutting down and abandoning module DatasmithContent (340)
[2019.03.20-08.15.24:384][ 11]LogModuleManager: Shutting down and abandoning module SpeedTreeImporter (338)
[2019.03.20-08.15.24:384][ 11]LogModuleManager: Shutting down and abandoning module PluginBrowser (336)
[2019.03.20-08.15.24:384][ 11]LogModuleManager: Shutting down and abandoning module MobileLauncherProfileWizard (334)
[2019.03.20-08.15.24:384][ 11]LogModuleManager: Shutting down and abandoning module PolygonModeling (332)
[2019.03.20-08.15.24:384][ 11]LogModuleManager: Shutting down and abandoning module MeshEditor (330)
[2019.03.20-08.15.24:384][ 11]LogModuleManager: Shutting down and abandoning module CryptoKeysOpenSSL (328)
[2019.03.20-08.15.24:384][ 11]LogModuleManager: Shutting down and abandoning module CryptoKeys (326)
[2019.03.20-08.15.24:384][ 11]LogModuleManager: Shutting down and abandoning module VisualStudioSourceCodeAccess (324)
[2019.03.20-08.15.24:384][ 11]LogModuleManager: Shutting down and abandoning module VisualStudioCodeSourceCodeAccess (322)
[2019.03.20-08.15.24:384][ 11]LogModuleManager: Shutting down and abandoning module UObjectPlugin (320)
[2019.03.20-08.15.24:384][ 11]LogModuleManager: Shutting down and abandoning module SubversionSourceControl (318)
[2019.03.20-08.15.24:385][ 11]LogModuleManager: Shutting down and abandoning module PerforceSourceControl (316)
[2019.03.20-08.15.24:385][ 11]LogModuleManager: Shutting down and abandoning module GitSourceControl (314)
[2019.03.20-08.15.24:385][ 11]LogModuleManager: Shutting down and abandoning module SourceControl (313)
[2019.03.20-08.15.24:385][ 11]LogModuleManager: Shutting down and abandoning module CLionSourceCodeAccess (310)
[2019.03.20-08.15.24:385][ 11]LogModuleManager: Shutting down and abandoning module LightPropagationVolumeEditor (308)
[2019.03.20-08.15.24:385][ 11]LogModuleManager: Shutting down and abandoning module PaperTiledImporter (306)
[2019.03.20-08.15.24:385][ 11]LogModuleManager: Shutting down and abandoning module PaperSpriteSheetImporter (304)
[2019.03.20-08.15.24:385][ 11]LogModuleManager: Shutting down and abandoning module Paper2DEditor (302)
[2019.03.20-08.15.24:385][ 11]LogModuleManager: Shutting down and abandoning module MeshPaint (301)
[2019.03.20-08.15.24:385][ 11]LogModuleManager: Shutting down and abandoning module RuntimePhysXCooking (298)
[2019.03.20-08.15.24:385][ 11]LogModuleManager: Shutting down and abandoning module PhysXVehiclesEditor (296)
[2019.03.20-08.15.24:385][ 11]LogModuleManager: Shutting down and abandoning module PhysXVehicles (294)
[2019.03.20-08.15.24:385][ 11]LogModuleManager: Shutting down and abandoning module OculusEditor (292)
[2019.03.20-08.15.24:385][ 11]LogModuleManager: Shutting down and abandoning module LocationServicesBPLibrary (290)
[2019.03.20-08.15.24:385][ 11]LogModuleManager: Shutting down and abandoning module ImmediatePhysicsEditor (288)
[2019.03.20-08.15.24:385][ 11]LogModuleManager: Shutting down and abandoning module ImmediatePhysics (286)
[2019.03.20-08.15.24:385][ 11]LogModuleManager: Shutting down and abandoning module ActorSequence (284)
[2019.03.20-08.15.24:385][ 11]LogModuleManager: Shutting down and abandoning module UdpMessaging (282)
[2019.03.20-08.15.24:486][ 11]LogModuleManager: Shutting down and abandoning module TcpMessaging (280)
[2019.03.20-08.15.24:587][ 11]LogModuleManager: Shutting down and abandoning module MagicLeapAudio (278)
[2019.03.20-08.15.24:587][ 11]LogModuleManager: Shutting down and abandoning module GameplayTagsEditor (276)
[2019.03.20-08.15.24:587][ 11]LogModuleManager: Shutting down and abandoning module FacialAnimationEditor (274)
[2019.03.20-08.15.24:587][ 11]LogModuleManager: Shutting down and abandoning module FacialAnimation (272)
[2019.03.20-08.15.24:587][ 11]LogModuleManager: Shutting down and abandoning module DataValidation (270)
[2019.03.20-08.15.24:587][ 11]LogModuleManager: Shutting down and abandoning module AssetManagerEditor (268)
[2019.03.20-08.15.24:587][ 11]LogModuleManager: Shutting down and abandoning module LevelEditor (267)
[2019.03.20-08.15.24:587][ 11]LogModuleManager: Shutting down and abandoning module PixelInspectorModule (266)
[2019.03.20-08.15.24:588][ 11]LogModuleManager: Shutting down and abandoning module CommonMenuExtensions (264)
[2019.03.20-08.15.24:588][ 11]LogModuleManager: Shutting down and abandoning module MainFrame (262)
[2019.03.20-08.15.24:588][ 11]LogModuleManager: Shutting down and abandoning module HotReload (261)
[2019.03.20-08.15.24:588][ 11]LogModuleManager: Shutting down and abandoning module ContentBrowser (257)
[2019.03.20-08.15.24:589][ 11]LogModuleManager: Shutting down and abandoning module TreeMap (255)
[2019.03.20-08.15.24:589][ 11]LogModuleManager: Shutting down and abandoning module LightPropagationVolumeRuntime (252)
[2019.03.20-08.15.24:589][ 11]LogModuleManager: Shutting down and abandoning module AISupportModule (250)
[2019.03.20-08.15.24:589][ 11]LogModuleManager: Shutting down and abandoning module Paper2D (248)
[2019.03.20-08.15.24:589][ 11]LogModuleManager: Shutting down and abandoning module WindowsMoviePlayer (246)
[2019.03.20-08.15.24:589][ 11]LogModuleManager: Shutting down and abandoning module WmfMedia (244)
[2019.03.20-08.15.24:591][ 11]LogModuleManager: Shutting down and abandoning module Media (243)
[2019.03.20-08.15.24:597][ 11]LogModuleManager: Shutting down and abandoning module PacketHandler (240)
[2019.03.20-08.15.24:597][ 11]LogModuleManager: Shutting down and abandoning module ClothingSystemEditor (238)
[2019.03.20-08.15.24:597][ 11]LogModuleManager: Shutting down and abandoning module ClothingSystemRuntime (236)
[2019.03.20-08.15.24:597][ 11]LogModuleManager: Shutting down and abandoning module MediaAssets (234)
[2019.03.20-08.15.24:597][ 11]LogModuleManager: Shutting down and abandoning module Overlay (232)
[2019.03.20-08.15.24:597][ 11]LogModuleManager: Shutting down and abandoning module OverlayEditor (231)
[2019.03.20-08.15.24:597][ 11]LogModuleManager: Shutting down and abandoning module VREditor (228)
[2019.03.20-08.15.24:597][ 11]LogModuleManager: Shutting down and abandoning module StringTableEditor (226)
[2019.03.20-08.15.24:597][ 11]LogModuleManager: Shutting down and abandoning module GameplayTasksEditor (224)
[2019.03.20-08.15.24:597][ 11]LogModuleManager: Shutting down and abandoning module BehaviorTreeEditor (222)
[2019.03.20-08.15.24:597][ 11]LogModuleManager: Shutting down and abandoning module FunctionalTesting (220)
[2019.03.20-08.15.24:597][ 11]LogModuleManager: Shutting down and abandoning module CollisionAnalyzer (218)
[2019.03.20-08.15.24:597][ 11]LogModuleManager: Shutting down and abandoning module WorkspaceMenuStructure (217)
[2019.03.20-08.15.24:597][ 11]LogModuleManager: Shutting down and abandoning module UMG (214)
[2019.03.20-08.15.24:597][ 11]LogModuleManager: Shutting down and abandoning module UMGEditor (213)
[2019.03.20-08.15.24:597][ 11]LogModuleManager: Shutting down and abandoning module Sequencer (212)
[2019.03.20-08.15.24:598][ 11]LogModuleManager: Shutting down and abandoning module MessageLog (209)
[2019.03.20-08.15.24:598][ 11]LogModuleManager: Shutting down and abandoning module SlateReflector (204)
[2019.03.20-08.15.24:598][ 11]LogModuleManager: Shutting down and abandoning module Slate (202)
[2019.03.20-08.15.24:598][ 11]LogModuleManager: Shutting down and abandoning module EditorStyle (200)
[2019.03.20-08.15.24:599][ 11]LogModuleManager: Shutting down and abandoning module MRMesh (198)
[2019.03.20-08.15.24:599][ 11]LogModuleManager: Shutting down and abandoning module SourceCodeAccess (196)
[2019.03.20-08.15.24:599][ 11]LogModuleManager: Shutting down and abandoning module HeadMountedDisplay (194)
[2019.03.20-08.15.24:599][ 11]LogModuleManager: Shutting down and abandoning module XAudio2 (192)
[2019.03.20-08.15.24:599][ 11]LogModuleManager: Shutting down and abandoning module Networking (190)
[2019.03.20-08.15.24:599][ 11]LogModuleManager: Shutting down and abandoning module Core (188)
[2019.03.20-08.15.24:599][ 11]LogModuleManager: Shutting down and abandoning module LevelSequence (186)
[2019.03.20-08.15.24:599][ 11]LogModuleManager: Shutting down and abandoning module KismetCompiler (184)
[2019.03.20-08.15.24:599][ 11]LogModuleManager: Shutting down and abandoning module MeshUtilities (182)
[2019.03.20-08.15.24:599][ 11]LogModuleManager: Shutting down and abandoning module MeshMergeUtilities (181)
[2019.03.20-08.15.24:599][ 11]LogModuleManager: Shutting down and abandoning module MeshReductionInterface (180)
[2019.03.20-08.15.24:599][ 11]LogModuleManager: Shutting down and abandoning module SimplygonSwarm (179)
[2019.03.20-08.15.24:599][ 11]LogModuleManager: Shutting down and abandoning module ProxyLODMeshReduction (177)
[2019.03.20-08.15.24:600][ 11]LogModuleManager: Shutting down and abandoning module SimplygonMeshReduction (175)
[2019.03.20-08.15.24:600][ 11]LogModuleManager: Shutting down and abandoning module QuadricMeshReduction (173)
[2019.03.20-08.15.24:600][ 11]LogModuleManager: Shutting down and abandoning module MaterialBaking (169)
[2019.03.20-08.15.24:600][ 11]LogModuleManager: Shutting down and abandoning module DirectoryWatcher (165)
[2019.03.20-08.15.24:600][ 11]LogModuleManager: Shutting down and abandoning module DerivedDataCache (162)
[2019.03.20-08.15.24:658][ 11]LogDerivedDataCache: Shutdown
[2019.03.20-08.15.24:658][ 11]LogModuleManager: Shutting down and abandoning module XGEController (160)
[2019.03.20-08.15.24:658][ 11]LogModuleManager: Shutting down and abandoning module TargetPlatform (158)
[2019.03.20-08.15.24:658][ 11]LogModuleManager: Shutting down and abandoning module VulkanShaderFormat (157)
[2019.03.20-08.15.24:658][ 11]LogModuleManager: Shutting down and abandoning module ShaderFormatVectorVM (155)
[2019.03.20-08.15.24:658][ 11]LogModuleManager: Shutting down and abandoning module ShaderFormatOpenGL (153)
[2019.03.20-08.15.24:658][ 11]LogModuleManager: Shutting down and abandoning module ShaderFormatD3D (151)
[2019.03.20-08.15.24:658][ 11]LogModuleManager: Shutting down and abandoning module MetalShaderFormat (149)
[2019.03.20-08.15.24:658][ 11]LogModuleManager: Shutting down and abandoning module TextureFormatUncompressed (147)
[2019.03.20-08.15.24:658][ 11]LogModuleManager: Shutting down and abandoning module TextureFormatPVR (145)
[2019.03.20-08.15.24:658][ 11]LogModuleManager: Shutting down and abandoning module TextureFormatDXT (143)
[2019.03.20-08.15.24:658][ 11]LogModuleManager: Shutting down and abandoning module TextureFormatIntelISPCTexComp (141)
[2019.03.20-08.15.24:659][ 11]LogModuleManager: Shutting down and abandoning module TextureFormatASTC (139)
[2019.03.20-08.15.24:659][ 11]LogModuleManager: Shutting down and abandoning module ImageWrapper (138)
[2019.03.20-08.15.24:659][ 11]LogModuleManager: Shutting down and abandoning module TextureFormatAndroid (135)
[2019.03.20-08.15.24:659][ 11]LogModuleManager: Shutting down and abandoning module AudioFormatOpus (133)
[2019.03.20-08.15.24:659][ 11]LogModuleManager: Shutting down and abandoning module AudioFormatOgg (131)
[2019.03.20-08.15.24:659][ 11]LogModuleManager: Shutting down and abandoning module AudioFormatADPCM (129)
[2019.03.20-08.15.24:659][ 11]LogModuleManager: Shutting down and abandoning module LuminTargetPlatform (127)
[2019.03.20-08.15.24:659][ 11]LogModuleManager: Shutting down and abandoning module LinuxTargetPlatform (125)
[2019.03.20-08.15.24:659][ 11]LogModuleManager: Shutting down and abandoning module LinuxServerTargetPlatform (123)
[2019.03.20-08.15.24:659][ 11]LogModuleManager: Shutting down and abandoning module LinuxNoEditorTargetPlatform (121)
[2019.03.20-08.15.24:659][ 11]LogModuleManager: Shutting down and abandoning module LinuxClientTargetPlatform (119)
[2019.03.20-08.15.24:659][ 11]LogModuleManager: Shutting down and abandoning module TVOSTargetPlatform (117)
[2019.03.20-08.15.24:659][ 11]LogModuleManager: Shutting down and abandoning module Messaging (115)
[2019.03.20-08.15.24:659][ 11]LogModuleManager: Shutting down and abandoning module IOSTargetPlatform (113)
[2019.03.20-08.15.24:660][ 11]LogModuleManager: Shutting down and abandoning module HTML5TargetPlatform (111)
[2019.03.20-08.15.24:660][ 11]LogModuleManager: Shutting down and abandoning module AndroidTargetPlatform (109)
[2019.03.20-08.15.24:667][ 11]LogModuleManager: Shutting down and abandoning module WindowsTargetPlatform (107)
[2019.03.20-08.15.24:667][ 11]LogModuleManager: Shutting down and abandoning module WindowsServerTargetPlatform (105)
[2019.03.20-08.15.24:667][ 11]LogModuleManager: Shutting down and abandoning module WindowsNoEditorTargetPlatform (103)
[2019.03.20-08.15.24:667][ 11]LogModuleManager: Shutting down and abandoning module WindowsClientTargetPlatform (101)
[2019.03.20-08.15.24:667][ 11]LogModuleManager: Shutting down and abandoning module MacTargetPlatform (99)
[2019.03.20-08.15.24:667][ 11]LogModuleManager: Shutting down and abandoning module MacServerTargetPlatform (97)
[2019.03.20-08.15.24:667][ 11]LogModuleManager: Shutting down and abandoning module MacNoEditorTargetPlatform (95)
[2019.03.20-08.15.24:667][ 11]LogModuleManager: Shutting down and abandoning module MacClientTargetPlatform (93)
[2019.03.20-08.15.24:667][ 11]LogModuleManager: Shutting down and abandoning module AllDesktopTargetPlatform (91)
[2019.03.20-08.15.24:667][ 11]LogModuleManager: Shutting down and abandoning module InputCore (88)
[2019.03.20-08.15.24:667][ 11]LogModuleManager: Shutting down and abandoning module Settings (86)
[2019.03.20-08.15.24:667][ 11]LogModuleManager: Shutting down and abandoning module PhysXCooking (84)
[2019.03.20-08.15.24:667][ 11]LogModuleManager: Shutting down and abandoning module SteamVR (82)
[2019.03.20-08.15.24:667][ 11]LogModuleManager: Shutting down and abandoning module OculusHMD (80)
[2019.03.20-08.15.24:667][ 11]LogModuleManager: Shutting down and abandoning module ExampleDeviceProfileSelector (78)
[2019.03.20-08.15.24:667][ 11]LogModuleManager: Shutting down and abandoning module LauncherChunkInstaller (76)
[2019.03.20-08.15.24:667][ 11]LogModuleManager: Shutting down and abandoning module OnlineBlueprintSupport (74)
[2019.03.20-08.15.24:667][ 11]LogModuleManager: Shutting down and abandoning module OnlineSubsystem (70)
[2019.03.20-08.15.24:668][ 11]LogModuleManager: Shutting down and abandoning module XMPP (65)
[2019.03.20-08.15.24:668][ 11]LogModuleManager: Shutting down and abandoning module WebSockets (64)
[2019.03.20-08.15.24:702][ 11]LogModuleManager: Shutting down and abandoning module HTTP (61)
[2019.03.20-08.15.24:702][ 11]LogHttp: Display: Http module shutting down, but needs to wait on 1 outstanding Http requests:
[2019.03.20-08.15.24:702][ 11]LogHttp: Display: 	verb=[POST] url=[https://datarouter.ol.epicgames.com/datarouter/api/v1/public/data?SessionID=%7B09AF35AB-4464-DB25-40F9-B2A14986AF89%7D&AppID=UEEditor.Rocket.Release&AppVersion=4.20.3-4369336%2B%2B%2BUE4%2BRelease-4.20&UserID=b981835b4cfd420035be9e8674c82584%7C99887eaec6be48e1ab89856f117ef398%7Cfcdb69fe-e22d-44dd-b046-353003ae4736&AppEnvironment=datacollector-binary&UploadType=eteventstream] status=Processing
[2019.03.20-08.15.24:711][ 11]LogModuleManager: Shutting down and abandoning module SSL (60)
[2019.03.20-08.15.24:712][ 11]LogModuleManager: Shutting down and abandoning module MagicLeapEmulator (56)
[2019.03.20-08.15.24:712][ 11]LogModuleManager: Shutting down and abandoning module MagicLeapPrivileges (54)
[2019.03.20-08.15.24:712][ 11]LogModuleManager: Shutting down and abandoning module MagicLeapIdentity (52)
[2019.03.20-08.15.24:712][ 11]LogModuleManager: Shutting down and abandoning module MagicLeapHelperVulkan (50)
[2019.03.20-08.15.24:712][ 11]LogModuleManager: Shutting down and abandoning module MagicLeapHelperOpenGL (48)
[2019.03.20-08.15.24:712][ 11]LogModuleManager: Shutting down and abandoning module MagicLeapSecureStorage (46)
[2019.03.20-08.15.24:712][ 11]LogModuleManager: Shutting down and abandoning module MagicLeapGestures (44)
[2019.03.20-08.15.24:712][ 11]LogModuleManager: Shutting down and abandoning module MagicLeapEyeTracker (42)
[2019.03.20-08.15.24:712][ 11]LogModuleManager: Shutting down and abandoning module MagicLeapController (40)
[2019.03.20-08.15.24:712][ 11]LogSlate: Slate User Destroyed.  User Index 0, Is Virtual User: 0
[2019.03.20-08.15.24:712][ 11]LogModuleManager: Shutting down and abandoning module MagicLeap (38)
[2019.03.20-08.15.24:712][ 11]LogModuleManager: Shutting down and abandoning module AnimationModifiers (36)
[2019.03.20-08.15.24:712][ 11]LogModuleManager: Shutting down and abandoning module PropertyEditor (35)
[2019.03.20-08.15.24:712][ 11]LogModuleManager: Shutting down and abandoning module AudioEditor (32)
[2019.03.20-08.15.24:712][ 11]LogModuleManager: Shutting down and abandoning module TextureCompressor (30)
[2019.03.20-08.15.24:712][ 11]LogModuleManager: Shutting down and abandoning module ShaderCore (28)
[2019.03.20-08.15.24:712][ 11]LogModuleManager: Shutting down and abandoning module Landscape (26)
[2019.03.20-08.15.24:712][ 11]LogModuleManager: Shutting down and abandoning module SlateRHIRenderer (24)
[2019.03.20-08.15.24:713][ 11]LogModuleManager: Shutting down and abandoning module OpenGLDrv (22)
[2019.03.20-08.15.24:713][ 11]LogModuleManager: Shutting down and abandoning module D3D11RHI (20)
[2019.03.20-08.15.24:713][ 11]LogModuleManager: Shutting down and abandoning module AnimGraphRuntime (18)
[2019.03.20-08.15.24:713][ 11]LogModuleManager: Shutting down and abandoning module Renderer (16)
[2019.03.20-08.15.24:713][ 11]LogModuleManager: Shutting down and abandoning module Engine (14)
[2019.03.20-08.15.24:713][ 11]LogModuleManager: Shutting down and abandoning module CoreUObject (12)
[2019.03.20-08.15.24:713][ 11]LogModuleManager: Shutting down and abandoning module NetworkFile (10)
[2019.03.20-08.15.24:713][ 11]LogModuleManager: Shutting down and abandoning module CookedIterativeFile (8)
[2019.03.20-08.15.24:713][ 11]LogModuleManager: Shutting down and abandoning module StreamingFile (6)
[2019.03.20-08.15.24:713][ 11]LogModuleManager: Shutting down and abandoning module SandboxFile (4)
[2019.03.20-08.15.24:713][ 11]LogModuleManager: Shutting down and abandoning module PakFile (2)
[2019.03.20-08.15.24:720][ 11]LogExit: Exiting.
[2019.03.20-08.15.24:731][ 11]Log file closed, 03/20/19 09:15:24
