Log file open, 05/14/19 08:15:47
LogWindows: Failed to load 'aqProf.dll' (GetLastError=126)
LogWindows: File 'aqProf.dll' does not exist
LogWindows: Failed to load 'VSPerf140.dll' (GetLastError=126)
LogWindows: File 'VSPerf140.dll' does not exist
LogWindows: Failed to load 'VtuneApi.dll' (GetLastError=126)
LogWindows: File 'VtuneApi.dll' does not exist
LogWindows: Failed to load 'VtuneApi32e.dll' (GetLastError=126)
LogWindows: File 'VtuneApi32e.dll' does not exist
LogInit: Display: Running engine for game: ProjectBarter
LogPlatformFile: Not using cached read wrapper
LogTaskGraph: Started task graph with 5 named threads and 23 total threads with 3 sets of task threads.
LogStats: Stats thread started at 4.257981
LogD3D11RHI: Loaded GFSDK_Aftermath_Lib.x64.dll
LogICUInternationalization: Display: ICU TimeZone Detection - Raw Offset: +1:00, Platform Override: ''
LogPluginManager: Mounting plugin Paper2D
LogPluginManager: Mounting plugin AISupport
LogPluginManager: Mounting plugin LightPropagationVolume
LogPluginManager: Mounting plugin CLionSourceCodeAccess
LogPluginManager: Mounting plugin CodeLiteSourceCodeAccess
LogPluginManager: Mounting plugin GitSourceControl
LogPluginManager: Mounting plugin KDevelopSourceCodeAccess
LogPluginManager: Mounting plugin NullSourceCodeAccess
LogPluginManager: Mounting plugin PerforceSourceControl
LogPluginManager: Mounting plugin SubversionSourceControl
LogPluginManager: Mounting plugin UObjectPlugin
LogPluginManager: Mounting plugin VisualStudioCodeSourceCodeAccess
LogPluginManager: Mounting plugin VisualStudioSourceCodeAccess
LogPluginManager: Mounting plugin XCodeSourceCodeAccess
LogPluginManager: Mounting plugin AssetManagerEditor
LogPluginManager: Mounting plugin CryptoKeys
LogPluginManager: Mounting plugin DataValidation
LogPluginManager: Mounting plugin FacialAnimation
LogPluginManager: Mounting plugin GameplayTagsEditor
LogPluginManager: Mounting plugin MacGraphicsSwitching
LogPluginManager: Mounting plugin MeshEditor
LogPluginManager: Mounting plugin MobileLauncherProfileWizard
LogPluginManager: Mounting plugin PluginBrowser
LogPluginManager: Mounting plugin SpeedTreeImporter
LogPluginManager: Mounting plugin DatasmithContent
LogPluginManager: Mounting plugin AlembicImporter
LogPluginManager: Mounting plugin AppleImageUtils
LogPluginManager: Mounting plugin AppleVision
LogPluginManager: Mounting plugin BackChannel
LogPluginManager: Mounting plugin CharacterAI
LogPluginManager: Mounting plugin GeometryCache
LogPluginManager: Mounting plugin HTML5Networking
LogPluginManager: Mounting plugin ProxyLODPlugin
LogPluginManager: Mounting plugin MagicLeap
LogPluginManager: Mounting plugin MagicLeapEmulator
LogPluginManager: Mounting plugin MagicLeapMedia
LogPluginManager: Mounting plugin AndroidMedia
LogPluginManager: Mounting plugin AvfMedia
LogPluginManager: Mounting plugin ImgMedia
LogPluginManager: Mounting plugin LinearTimecode
LogPluginManager: Mounting plugin MediaCompositing
LogPluginManager: Mounting plugin MediaPlayerEditor
LogPluginManager: Mounting plugin WmfMedia
LogPluginManager: Mounting plugin TcpMessaging
LogPluginManager: Mounting plugin UdpMessaging
LogPluginManager: Mounting plugin ActorSequence
LogPluginManager: Mounting plugin LevelSequenceEditor
LogPluginManager: Mounting plugin MatineeToLevelSequence
LogPluginManager: Mounting plugin NetcodeUnitTest
LogPluginManager: Mounting plugin NUTUnrealEngine4
LogPluginManager: Mounting plugin OnlineSubsystemGooglePlay
LogPluginManager: Mounting plugin OnlineSubsystemIOS
LogPluginManager: Mounting plugin OnlineSubsystem
LogPluginManager: Mounting plugin OnlineSubsystemNull
LogPluginManager: Mounting plugin OnlineSubsystemUtils
LogPluginManager: Mounting plugin LauncherChunkInstaller
LogPluginManager: Mounting plugin AndroidDeviceProfileSelector
LogPluginManager: Mounting plugin AndroidMoviePlayer
LogPluginManager: Mounting plugin AndroidPermission
LogPluginManager: Mounting plugin AppleMoviePlayer
LogPluginManager: Mounting plugin ArchVisCharacter
LogPluginManager: Mounting plugin AudioCapture
LogPluginManager: Mounting plugin CableComponent
LogPluginManager: Mounting plugin CustomMeshComponent
LogPluginManager: Mounting plugin EditableMesh
LogPluginManager: Mounting plugin ExampleDeviceProfileSelector
LogPluginManager: Mounting plugin GoogleCloudMessaging
LogPluginManager: Mounting plugin ImmediatePhysics
LogPluginManager: Mounting plugin IOSDeviceProfileSelector
LogPluginManager: Mounting plugin LinuxDeviceProfileSelector
LogPluginManager: Mounting plugin LocationServicesBPLibrary
LogPluginManager: Mounting plugin MobilePatchingUtils
LogPluginManager: Mounting plugin OculusVR
LogPluginManager: Plugin shader directory ../../../Engine/Plugins/Runtime/Oculus/OculusVR/Shaders found
LogPluginManager: Mapping shader source directory ../../../Engine/Plugins/Runtime/Oculus/OculusVR/Shaders to virtual directory /Plugin/OculusVR
LogPluginManager: Mounting plugin PhysXVehicles
LogPluginManager: Mounting plugin ProceduralMeshComponent
LogPluginManager: Mounting plugin RuntimePhysXCooking
LogPluginManager: Mounting plugin SteamVR
LogPluginManager: Mounting plugin WindowsMoviePlayer
LogStreaming: Display: Took  0.342s to configure plugins.
LogInit: Using libcurl 7.55.1-DEV
LogInit:  - built for x86_64-pc-win32
LogInit:  - supports SSL with OpenSSL/1.0.2h
LogInit:  - supports HTTP deflate (compression) using libz 1.2.8
LogInit:  - other features:
LogInit:      CURL_VERSION_SSL
LogInit:      CURL_VERSION_LIBZ
LogInit:      CURL_VERSION_IPV6
LogInit:      CURL_VERSION_ASYNCHDNS
LogInit:      CURL_VERSION_LARGEFILE
LogInit:      CURL_VERSION_IDN
LogInit:  CurlRequestOptions (configurable via config and command line):
LogInit:  - bVerifyPeer = false  - Libcurl will NOT verify peer certificate
LogInit:  - bUseHttpProxy = false  - Libcurl will NOT use HTTP proxy
LogInit:  - bDontReuseConnections = false  - Libcurl will reuse connections
LogInit:  - CertBundlePath = nullptr  - Libcurl will use whatever was configured at build time.
LogInit:  - MaxHostConnections = 16  - Libcurl will limit the number of connections to a host
LogInit:  - LocalHostAddr = Default
LogInit:  - BufferSize = 65536
LogInit: WinSock: version 1.1 (2.2), MaxSocks=32767, MaxUdp=65467
LogInit: Build: ++UE4+Release-4.20-CL-4369336
LogInit: Engine Version: 4.20.3-4369336+++UE4+Release-4.20
LogInit: Compatible Engine Version: 4.20.0-4212847+++UE4+Release-4.20
LogInit: Net CL: 4212847
LogInit: OS: Windows 7 (Service Pack 1), CPU: Intel(R) Core(TM) i7-4710HQ CPU @ 2.50GHz, GPU: Intel(R) HD Graphics 4600
LogInit: Compiled (64-bit): Sep 17 2018 12:26:19
LogInit: Compiled with Visual C++: 19.13.26129.00
LogInit: Build Configuration: Development
LogInit: Branch Name: ++UE4+Release-4.20
LogInit: Command Line:  
LogInit: Base Directory: D:/Program Files (x86)/ue/UE_4.20/Engine/Binaries/Win64/
LogInit: Installed Engine Build: 1
LogDevObjectVersion: Number of dev versions registered: 20
LogDevObjectVersion:   Dev-Blueprints (B0D832E4-1F89-4F0D-ACCF-7EB736FD4AA2): 10
LogDevObjectVersion:   Dev-Build (E1C64328-A22C-4D53-A36C-8E866417BD8C): 0
LogDevObjectVersion:   Dev-Core (375EC13C-06E4-48FB-B500-84F0262A717E): 2
LogDevObjectVersion:   Dev-Editor (E4B068ED-F494-42E9-A231-DA0B2E46BB41): 24
LogDevObjectVersion:   Dev-Framework (CFFC743F-43B0-4480-9391-14DF171D2073): 34
LogDevObjectVersion:   Dev-Mobile (B02B49B5-BB20-44E9-A304-32B752E40360): 2
LogDevObjectVersion:   Dev-Networking (A4E4105C-59A1-49B5-A7C5-40C4547EDFEE): 0
LogDevObjectVersion:   Dev-Online (39C831C9-5AE6-47DC-9A44-9C173E1C8E7C): 0
LogDevObjectVersion:   Dev-Physics (78F01B33-EBEA-4F98-B9B4-84EACCB95AA2): 0
LogDevObjectVersion:   Dev-Platform (6631380F-2D4D-43E0-8009-CF276956A95A): 0
LogDevObjectVersion:   Dev-Rendering (12F88B9F-8875-4AFC-A67C-D90C383ABD29): 26
LogDevObjectVersion:   Dev-Sequencer (7B5AE74C-D270-4C10-A958-57980B212A5A): 9
LogDevObjectVersion:   Dev-VR (D7296918-1DD6-4BDD-9DE2-64A83CC13884): 2
LogDevObjectVersion:   Dev-LoadTimes (C2A15278-BFE7-4AFE-6C17-90FF531DF755): 1
LogDevObjectVersion:   Private-Geometry (6EACA3D4-40EC-4CC1-B786-8BED09428FC5): 3
LogDevObjectVersion:   Dev-AnimPhys (29E575DD-E0A3-4627-9D10-D276232CDCEA): 17
LogDevObjectVersion:   Dev-ReflectionCapture (6B266CEC-1EC7-4B8F-A30B-E4D90942FC07): 1
LogDevObjectVersion:   Dev-Automation (0DF73D61-A23F-47EA-B727-89E90C41499A): 1
LogDevObjectVersion:   FortniteMain (601D1886-AC64-4F84-AA16-D3DE0DEAC7D6): 12
LogDevObjectVersion:   Dev-Enterprise (9DFFBCD6-494F-0158-E221-12823C92A888): 1
LogStreaming: Display: Took  0.000s to delete old logs.
LogInit: Presizing for max 8388607 objects, including 0 objects not considered by GC, pre-allocating 0 bytes for permanent pool.
LogInit: Object subsystem initialized
[2019.05.14-06.15.51:242][  0]LogInit: Selected Device Profile: [Windows]
[2019.05.14-06.15.51:242][  0]LogInit: Applying CVar settings loaded from the selected device profile: [Windows]
[2019.05.14-06.15.51:273][  0]LogHAL: Display: Platform has ~ 16 GB [17059704832 / 17179869184 / 16], which maps to Larger [LargestMinGB=32, LargerMinGB=12, DefaultMinGB=8, SmallerMinGB=6, SmallestMinGB=0)
[2019.05.14-06.15.51:281][  0]LogInit: Setting Device Profile CVar: [[r.Vulkan.UseRealUBs:1]]
[2019.05.14-06.15.51:289][  0]LogInit: Going up to parent DeviceProfile []
[2019.05.14-06.15.51:349][  0]LogInit: Computer: DAVO-PC
[2019.05.14-06.15.51:349][  0]LogInit: User: Davo
[2019.05.14-06.15.51:349][  0]LogInit: CPU Page size=4096, Cores=4
[2019.05.14-06.15.51:349][  0]LogInit: High frequency timer resolution =2.440175 MHz
[2019.05.14-06.15.51:349][  0]LogMemory: Memory total: Physical=15.9GB (16GB approx)
[2019.05.14-06.15.51:349][  0]LogMemory: Platform Memory Stats for Windows
[2019.05.14-06.15.51:349][  0]LogMemory: Process Physical Memory: 107.57 MB used, 107.57 MB peak
[2019.05.14-06.15.51:349][  0]LogMemory: Process Virtual Memory: 100.09 MB used, 100.09 MB peak
[2019.05.14-06.15.51:349][  0]LogMemory: Physical Memory: 5818.02 MB used,  10451.39 MB free, 16269.40 MB total
[2019.05.14-06.15.51:349][  0]LogMemory: Virtual Memory: 507.16 MB used,  10451.39 MB free, 8388608.00 MB total
[2019.05.14-06.15.52:298][  0]LogInit: Using OS detected language (fr-FR).
[2019.05.14-06.15.52:298][  0]LogInit: Using OS detected locale (fr-FR).
[2019.05.14-06.15.52:368][  0]LogTextLocalizationManager: No specific localization for 'fr-FR' exists, so the 'fr' localization will be used.
[2019.05.14-06.15.52:576][  0]LogStreaming: Display: Took  0.260s to InitEngineTextLocalization.
[2019.05.14-06.15.52:588][  0]LogWindows: Failed to load 'shcore.dll' (GetLastError=126)
[2019.05.14-06.15.52:588][  0]LogWindows: File 'shcore.dll' does not exist
[2019.05.14-06.15.52:588][  0]LogInit: Setting process to DPI aware
[2019.05.14-06.15.53:661][  0]LogSlate: New Slate User Created.  User Index 0, Is Virtual User: 0
[2019.05.14-06.15.53:661][  0]LogSlate: Slate User Registered.  User Index 0, Is Virtual User: 0
[2019.05.14-06.15.55:813][  0]LogHMD: Failed to initialize OpenVR with code 110
[2019.05.14-06.15.55:813][  0]LogD3D11RHI: D3D11 adapters:
[2019.05.14-06.15.55:886][  0]LogD3D11RHI:    0. 'NVIDIA GeForce GTX 970M' (Feature Level 11_0)
[2019.05.14-06.15.55:886][  0]LogD3D11RHI:       2983/0/7878 MB DedicatedVideo/DedicatedSystem/SharedSystem, Outputs:1, VendorId:0x10de
[2019.05.14-06.15.55:930][  0]LogD3D11RHI:    1. 'NVIDIA GeForce GTX 970M' (Feature Level 11_0)
[2019.05.14-06.15.55:930][  0]LogD3D11RHI:       2983/0/7878 MB DedicatedVideo/DedicatedSystem/SharedSystem, Outputs:0, VendorId:0x10de
[2019.05.14-06.15.55:930][  0]LogD3D11RHI: Chosen D3D11 Adapter: 0
[2019.05.14-06.15.55:943][  0]LogD3D11RHI: Creating new Direct3DDevice
[2019.05.14-06.15.55:943][  0]LogD3D11RHI:     GPU DeviceId: 0x13d8 (for the marketing name, search the web for "GPU Device Id")
[2019.05.14-06.15.55:943][  0]LogWindows: EnumDisplayDevices:
[2019.05.14-06.15.55:943][  0]LogWindows:    0. 'Intel(R) HD Graphics 4600' (P:1 D:1)
[2019.05.14-06.15.55:944][  0]LogWindows:    1. 'Intel(R) HD Graphics 4600' (P:0 D:0)
[2019.05.14-06.15.55:944][  0]LogWindows:    2. 'Intel(R) HD Graphics 4600' (P:0 D:0)
[2019.05.14-06.15.55:945][  0]LogWindows:    3. 'NVIDIA GeForce GTX 970M' (P:0 D:0)
[2019.05.14-06.15.55:945][  0]LogWindows:    4. 'RDPDD Chained DD' (P:0 D:0)
[2019.05.14-06.15.55:946][  0]LogWindows:    5. 'RDP Encoder Mirror Driver' (P:0 D:0)
[2019.05.14-06.15.55:946][  0]LogWindows:    6. 'RDP Reflector Display Driver' (P:0 D:0)
[2019.05.14-06.15.55:946][  0]LogWindows: DebugString: PrimaryIsNotTheChoosenAdapter PrimaryIsNotTheChoosenAdapter PrimaryIsNotTheChoosenAdapter GetVideoDriverDetailsInvalid PrimaryIsNotTheChoosenAdapter GetVideoDriverDetailsInvalid PrimaryIsNotTheChoosenAdapter GetVideoDriverDetailsInvalid PrimaryIsNotTheChoosenAdapter 
[2019.05.14-06.15.55:946][  0]LogD3D11RHI:     Adapter Name: NVIDIA GeForce GTX 970M
[2019.05.14-06.15.55:946][  0]LogD3D11RHI:   Driver Version: 416.94 (internal:25.21.14.1694, unified:416.94)
[2019.05.14-06.15.55:946][  0]LogD3D11RHI:      Driver Date: 11-12-2018
[2019.05.14-06.15.55:947][  0]LogRHI: Texture pool is 2088 MB (70% of 2983 MB)
[2019.05.14-06.15.56:016][  0]LogD3D11RHI: Async texture creation enabled
[2019.05.14-06.15.56:270][  0]LogD3D11RHI: GPU Timing Frequency: 1000.000000 (Debug: 2 2)
[2019.05.14-06.15.56:336][  0]LogShaderCompilers: Guid format shader working directory is -7 characters bigger than the processId version (../../../../../ProjetNeo/ProjectBarter/ProjectBarter/Intermediate/Shaders/WorkingDirectory/7716/).
[2019.05.14-06.15.56:336][  0]LogShaderCompilers: Cleaned the shader compiler working directory 'C:/Users/Davo/AppData/Local/Temp/UnrealShaderWorkingDir/7B6C39264F47F93AC040E28881963E59/'.
[2019.05.14-06.15.57:651][  0]LogTemp: Display: Loaded TP AllDesktopTargetPlatform
[2019.05.14-06.15.57:713][  0]LogTemp: Display: Loaded TP MacClientTargetPlatform
[2019.05.14-06.15.57:740][  0]LogTemp: Display: Loaded TP MacNoEditorTargetPlatform
[2019.05.14-06.15.57:774][  0]LogTemp: Display: Loaded TP MacServerTargetPlatform
[2019.05.14-06.15.57:854][  0]LogTemp: Display: Loaded TP MacTargetPlatform
[2019.05.14-06.15.57:905][  0]LogTemp: Display: Loaded TP WindowsClientTargetPlatform
[2019.05.14-06.15.57:944][  0]LogTemp: Display: Loaded TP WindowsNoEditorTargetPlatform
[2019.05.14-06.15.57:998][  0]LogTemp: Display: Loaded TP WindowsServerTargetPlatform
[2019.05.14-06.15.58:022][  0]LogTemp: Display: Loaded TP WindowsTargetPlatform
[2019.05.14-06.15.58:160][  0]LogTemp: Display: Loaded TP AndroidTargetPlatform
[2019.05.14-06.15.58:160][  0]LogTemp: Display: Loaded TP AndroidTargetPlatform
[2019.05.14-06.15.58:160][  0]LogTemp: Display: Loaded TP AndroidTargetPlatform
[2019.05.14-06.15.58:160][  0]LogTemp: Display: Loaded TP AndroidTargetPlatform
[2019.05.14-06.15.58:160][  0]LogTemp: Display: Loaded TP AndroidTargetPlatform
[2019.05.14-06.15.58:160][  0]LogTemp: Display: Loaded TP AndroidTargetPlatform
[2019.05.14-06.15.58:160][  0]LogTemp: Display: Loaded TP AndroidTargetPlatform
[2019.05.14-06.15.58:160][  0]LogTemp: Display: Loaded TP AndroidTargetPlatform
[2019.05.14-06.15.58:160][  0]LogTemp: Display: Loaded TP AndroidTargetPlatform
[2019.05.14-06.15.58:160][  0]LogTemp: Display: Loaded TP AndroidTargetPlatform
[2019.05.14-06.15.58:160][  0]LogTemp: Display: Loaded TP AndroidTargetPlatform
[2019.05.14-06.15.58:160][  0]LogTemp: Display: Loaded TP AndroidTargetPlatform
[2019.05.14-06.15.58:160][  0]LogTemp: Display: Loaded TP AndroidTargetPlatform
[2019.05.14-06.15.58:160][  0]LogTemp: Display: Loaded TP AndroidTargetPlatform
[2019.05.14-06.15.58:160][  0]LogTemp: Display: Loaded TP AndroidTargetPlatform
[2019.05.14-06.15.58:160][  0]LogTemp: Display: Loaded TP AndroidTargetPlatform
[2019.05.14-06.15.58:160][  0]LogTemp: Display: Loaded TP AndroidTargetPlatform
[2019.05.14-06.15.58:160][  0]LogTemp: Display: Loaded TP AndroidTargetPlatform
[2019.05.14-06.15.58:184][  0]LogTemp: Display: Loaded TP HTML5TargetPlatform
[2019.05.14-06.15.58:368][  0]LogTemp: Display: Loaded TP IOSTargetPlatform
[2019.05.14-06.15.58:368][  0]LogTemp: Display: Loaded TP IOSTargetPlatform
[2019.05.14-06.15.58:422][  0]LogTemp: Display: Loaded TP TVOSTargetPlatform
[2019.05.14-06.15.58:422][  0]LogTemp: Display: Loaded TP TVOSTargetPlatform
[2019.05.14-06.15.58:469][  0]LogTemp: Display: Loaded TP LinuxClientTargetPlatform
[2019.05.14-06.15.58:504][  0]LogTemp: Display: Loaded TP LinuxNoEditorTargetPlatform
[2019.05.14-06.15.58:539][  0]LogTemp: Display: Loaded TP LinuxServerTargetPlatform
[2019.05.14-06.15.58:590][  0]LogTemp: Display: Loaded TP LinuxTargetPlatform
[2019.05.14-06.15.58:639][  0]LogTemp: Display: Loaded TP LuminTargetPlatform
[2019.05.14-06.15.58:639][  0]LogTargetPlatformManager: Display: Building Assets For Windows
[2019.05.14-06.15.59:667][  0]LogXGEController: Cleaning working directory: C:/Users/Davo/AppData/Local/Temp/UnrealXGEWorkingDir/
[2019.05.14-06.15.59:667][  0]LogXGEController: Cannot use XGE Controller as Incredibuild is not installed on this machine.
[2019.05.14-06.15.59:667][  0]LogShaderCompilers: Cannot use XGE Shader Compiler as Incredibuild is not installed on this machine.
[2019.05.14-06.15.59:667][  0]LogShaderCompilers: Display: Using Local Shader Compiler.
[2019.05.14-06.16.02:766][  0]LogDerivedDataCache: Display: Max Cache Size: 512 MB
[2019.05.14-06.16.03:477][  0]LogDerivedDataCache: Loaded boot cache 0.71s 71MB C:/Users/Davo/AppData/Local/UnrealEngine/4.20/DerivedDataCache/Boot.ddc.
[2019.05.14-06.16.03:477][  0]LogDerivedDataCache: Display: Loaded Boot cache: C:/Users/Davo/AppData/Local/UnrealEngine/4.20/DerivedDataCache/Boot.ddc
[2019.05.14-06.16.03:478][  0]LogDerivedDataCache: FDerivedDataBackendGraph:  Pak pak cache file ../../../../../ProjetNeo/ProjectBarter/ProjectBarter/DerivedDataCache/DDC.ddp not found, will not use a pak cache.
[2019.05.14-06.16.03:478][  0]LogDerivedDataCache: Unable to find inner node Pak for hierarchical cache Hierarchy.
[2019.05.14-06.16.03:478][  0]LogDerivedDataCache: FDerivedDataBackendGraph:  CompressedPak pak cache file ../../../../../ProjetNeo/ProjectBarter/ProjectBarter/DerivedDataCache/Compressed.ddp not found, will not use a pak cache.
[2019.05.14-06.16.03:478][  0]LogDerivedDataCache: Unable to find inner node CompressedPak for hierarchical cache Hierarchy.
[2019.05.14-06.16.03:569][  0]LogDerivedDataCache: Display: Pak cache opened for reading ../../../Engine/DerivedDataCache/Compressed.ddp.
[2019.05.14-06.16.03:583][  0]LogDerivedDataCache: Using Local data cache path C:/Users/Davo/AppData/Local/UnrealEngine/Common/DerivedDataCache: Writable
[2019.05.14-06.16.03:583][  0]LogDerivedDataCache: Shared data cache path not found in *engine.ini, will not use an Shared cache.
[2019.05.14-06.16.03:583][  0]LogDerivedDataCache: Unable to find inner node Shared for hierarchical cache Hierarchy.
[2019.05.14-06.16.03:661][  0]LogMaterial: Verifying Global Shaders for PCD3D_SM5
[2019.05.14-06.16.03:724][  0]LogSlate: Using FreeType 2.6.0
[2019.05.14-06.16.03:856][  0]LogSlate: SlateFontServices - WITH_FREETYPE: 1, WITH_HARFBUZZ: 1
[2019.05.14-06.16.06:316][  0]LogAssetRegistry: FAssetRegistry took 0.0286 seconds to start up
[2019.05.14-06.16.10:204][  0]LogInit: Selected Device Profile: [Windows]
[2019.05.14-06.16.15:577][  0]LogSimplygon: Simplygon DLL not present - disabling.
[2019.05.14-06.16.16:185][  0]LogMeshReduction: Using SimplygonSwarm for distributed automatic mesh merging
[2019.05.14-06.16.16:261][  0]LogMeshReduction: Using ProxyLODMeshReduction for automatic mesh merging
[2019.05.14-06.16.16:303][  0]LogMeshReduction: Using QuadricMeshReduction for automatic static mesh reduction
[2019.05.14-06.16.16:303][  0]LogMeshReduction: No automatic skeletal mesh reduction module available
[2019.05.14-06.16.17:422][  0]LogNetVersion: ProjectBarter 1.0.0, NetCL: 4212847, EngineNetVer: 5, GameNetVer: 0 (Checksum: 2697442201)
[2019.05.14-06.16.27:751][  0]LogPackageLocalizationCache: Processed 11 localized package path(s) for 2 prioritized culture(s) in 0.254731 seconds
[2019.05.14-06.16.27:837][  0]LogUObjectArray: 38425 objects as part of root set at end of initial load.
[2019.05.14-06.16.27:837][  0]LogUObjectAllocator: 6690864 out of 0 bytes used by permanent object pool.
[2019.05.14-06.16.27:837][  0]LogUObjectArray: CloseDisregardForGC: 0/0 objects in disregard for GC pool
[2019.05.14-06.17.27:878][  0]LogTcpMessaging: Initializing TcpMessaging bridge
[2019.05.14-06.17.28:135][  0]LogUdpMessaging: Initializing bridge on interface 0.0.0.0:0 to multicast group 230.0.0.1:6666.
[2019.05.14-06.17.31:945][  0]SourceControl: Source control is disabled
[2019.05.14-06.17.31:945][  0]SourceControl: Source control is disabled
[2019.05.14-06.17.32:367][  0]SourceControl: Source control is disabled
[2019.05.14-06.17.32:542][  0]SourceControl: Source control is disabled
[2019.05.14-06.17.38:168][  0]LogAndroidPermission: UAndroidPermissionCallbackProxy::GetInstance
[2019.05.14-06.17.38:957][  0]LogOcInput: OculusInput pre-init called
[2019.05.14-06.17.40:801][  0]LogEngine: Initializing Engine...
[2019.05.14-06.17.40:825][  0]LogHMD: Failed to initialize OpenVR with code 110
[2019.05.14-06.17.40:884][  0]LogStats: UGameplayTagsManager::ConstructGameplayTagTree: ImportINI prefixes -  0.008 s
[2019.05.14-06.17.40:884][  0]LogStats: UGameplayTagsManager::ConstructGameplayTagTree: Construct from data asset -  0.000 s
[2019.05.14-06.17.40:884][  0]LogStats: UGameplayTagsManager::ConstructGameplayTagTree: ImportINI -  0.000 s
[2019.05.14-06.17.40:886][  0]LogStats: UGameplayTagsManager::ConstructGameplayTagTree: GameplayTagTreeChangedEvent.Broadcast -  0.002 s
[2019.05.14-06.17.41:541][  0]LogInit: Initializing FReadOnlyCVARCache
[2019.05.14-06.17.42:621][  0]LogAIModule: Creating AISystem for world Untitled
[2019.05.14-06.17.42:976][  0]LogInit: XAudio2 using 'Haut-parleurs (Sound Blaster Recon3Di)' : 2 channels at 48 kHz using 32 bits per sample (channel mask 0x3)
[2019.05.14-06.17.43:025][  0]LogInit: FAudioDevice initialized.
[2019.05.14-06.17.43:026][  0]LogNetVersion: Set ProjectVersion to 1.0.0.0. Version Checksum will be recalculated on next use.
[2019.05.14-06.17.43:432][  0]LogDerivedDataCache: Saved boot cache 0.41s 71MB C:/Users/Davo/AppData/Local/UnrealEngine/4.20/DerivedDataCache/Boot.ddc.
[2019.05.14-06.17.43:433][  0]LogInit: Texture streaming: Enabled
[2019.05.14-06.17.43:909][  0]LogEngineSessionManager: EngineSessionManager initialized
[2019.05.14-06.17.43:909][  0]LogEngineSessionManager: EngineSessionManager sent abnormal shutdown report. Type=AbnormalShutdown, SessionId={492001CF-40F5-8F3E-357D-18BD9484628A}
[2019.05.14-06.17.44:589][  0]LogInit: Transaction tracking system initialized
[2019.05.14-06.17.46:302][  0]BlueprintLog: New page: Editor Load
[2019.05.14-06.17.51:977][  0]LocalizationService: Localization service is disabled
[2019.05.14-06.17.59:486][  0]LogCook: Display: Max memory allowance for cook 16384mb min free memory 0mb
[2019.05.14-06.17.59:496][  0]LogCook: Display: Mobile HDR setting 1
[2019.05.14-06.17.59:510][  0]LogGameplayTags: Display: UGameplayTagsManager::DoneAddingNativeTags. DelegateIsBound: 0
[2019.05.14-06.17.59:510][  0]LogStats: UGameplayTagsManager::ConstructGameplayTagTree: ImportINI prefixes -  0.000 s
[2019.05.14-06.17.59:510][  0]LogStats: UGameplayTagsManager::ConstructGameplayTagTree: Construct from data asset -  0.000 s
[2019.05.14-06.17.59:510][  0]LogStats: UGameplayTagsManager::ConstructGameplayTagTree: ImportINI -  0.000 s
[2019.05.14-06.17.59:510][  0]LogStats: UGameplayTagsManager::ConstructGameplayTagTree: GameplayTagTreeChangedEvent.Broadcast -  0.000 s
[2019.05.14-06.18.03:312][  0]LogFileCache: Scanning file cache for directory 'D:/Program Files (x86)/ProjetNeo/ProjectBarter/ProjectBarter/Content/' took 2.43s
[2019.05.14-06.18.08:313][  0]SourceControl: Source control is disabled
[2019.05.14-06.18.08:363][  0]Cmd: MAP LOAD FILE="../../../../../ProjetNeo/ProjectBarter/ProjectBarter/Content/TopDownBP/Maps/TopDownExampleMap.umap" TEMPLATE=0 SHOWPROGRESS=1 FEATURELEVEL=3
[2019.05.14-06.18.08:721][  0]LightingResults: New page: Lighting Build
[2019.05.14-06.18.09:323][  0]MapCheck: New page: Map Check
[2019.05.14-06.18.09:323][  0]LightingResults: New page: Lighting Build
[2019.05.14-06.18.25:818][  0]LogTexture: Display: Building textures: T_ButterflySheetWhite (AutoDXT, 2048X2048)
[2019.05.14-06.18.28:186][  0]LogMaterial: Display: Missing cached shader map for material Mat_Butterfly_FX, compiling. 
[2019.05.14-06.18.29:373][  0]LogShaderCompilers: Display: Shaders left to compile 42
[2019.05.14-06.18.29:373][  0]LogShaderCompilers: Display: Shaders left to compile 32
[2019.05.14-06.18.29:373][  0]LogShaderCompilers: Display: Shaders left to compile 22
[2019.05.14-06.18.29:373][  0]LogShaderCompilers: Display: Shaders left to compile 12
[2019.05.14-06.18.29:373][  0]LogShaderCompilers: Display: Shaders left to compile 2
[2019.05.14-06.18.29:504][  0]LogAIModule: Creating AISystem for world TopDownExampleMap
[2019.05.14-06.18.31:383][  0]LogEditorServer: Finished looking for orphan Actors (0.000 secs)
[2019.05.14-06.18.31:741][  0]Cmd: MAP CHECKDEP NOCLEARLOG
[2019.05.14-06.18.31:842][  0]MapCheck: Map check complete: 0 Error(s), 0 Warning(s), took 101,247ms to complete.
[2019.05.14-06.18.31:843][  0]LogFileHelpers: Loading map 'TopDownExampleMap' took 23.515
[2019.05.14-06.18.37:758][  0]LogSlate: Updating window title bar state: overlay mode, drag disabled, window buttons hidden, title bar hidden
[2019.05.14-06.18.37:779][  0]LogSlate: Updating window title bar state: overlay mode, drag disabled, window buttons hidden, title bar hidden
[2019.05.14-06.18.37:791][  0]LogSlate: Updating window title bar state: overlay mode, drag disabled, window buttons hidden, title bar hidden
[2019.05.14-06.18.37:800][  0]LogSlate: Updating window title bar state: overlay mode, drag disabled, window buttons hidden, title bar hidden
[2019.05.14-06.18.38:387][  0]LogCollectionManager: Loaded 0 collections in 0.002039 seconds
[2019.05.14-06.18.38:964][  0]LogFileCache: Scanning file cache for directory 'D:/Program Files (x86)/ProjetNeo/ProjectBarter/ProjectBarter/Saved/Collections/' took 0.01s
[2019.05.14-06.18.38:964][  0]LogFileCache: Scanning file cache for directory 'D:/Program Files (x86)/ProjetNeo/ProjectBarter/ProjectBarter/Content/Developers/Davo/Collections/' took 0.01s
[2019.05.14-06.18.38:964][  0]LogFileCache: Scanning file cache for directory 'D:/Program Files (x86)/ProjetNeo/ProjectBarter/ProjectBarter/Content/Collections/' took 0.01s
[2019.05.14-06.18.38:964][  0]LogCollectionManager: Rebuilt the GUID cache for 0 collections in 0.000001 seconds
[2019.05.14-06.18.39:066][  0]LogContentBrowser: Native class hierarchy populated in 0.0483 seconds. Added 2579 classes and 605 folders.
[2019.05.14-06.18.39:186][  0]LogContentBrowser: Native class hierarchy updated for 'WidgetCarousel' in 0.0004 seconds. Added 0 classes and 0 folders.
[2019.05.14-06.18.51:747][  0]LogContentBrowser: Native class hierarchy updated for 'AddContentDialog' in 0.0003 seconds. Added 0 classes and 0 folders.
[2019.05.14-06.18.52:017][  0]LogContentBrowser: Native class hierarchy updated for 'SceneOutliner' in 0.0003 seconds. Added 1 classes and 2 folders.
[2019.05.14-06.19.01:656][  0]LogSlate: Took 0.072550 seconds to synchronously load lazily loaded font '../../../Engine/Content/Slate/Fonts/Roboto-Regular.ttf' (155K)
[2019.05.14-06.19.01:854][  0]LogSlate: Took 0.160714 seconds to synchronously load lazily loaded font '../../../Engine/Content/Slate/Fonts/Roboto-Bold.ttf' (160K)
[2019.05.14-06.19.02:033][  0]LogSlate: Took 0.072785 seconds to synchronously load lazily loaded font '../../../Engine/Content/Editor/Slate/Fonts/FontAwesome.ttf' (139K)
[2019.05.14-06.19.07:824][  0]LogRenderer: Reallocating scene render targets to support 868x344 Format 10 NumSamples 1 (Frame:1).
[2019.05.14-06.19.11:306][  0]LogContentBrowser: Native class hierarchy updated for 'HierarchicalLODOutliner' in 0.0004 seconds. Added 0 classes and 0 folders.
[2019.05.14-06.19.11:306][  0]LogLoad: (Engine Initialization) Total time: 226.95 seconds
[2019.05.14-06.19.11:306][  0]LogLoad: (Engine Initialization) Total Blueprint compile time: 0.00 seconds
[2019.05.14-06.19.12:014][  0]LogContentStreaming: Texture pool size now 1000 MB
[2019.05.14-06.19.12:298][  0]LogSlate: Took 0.090737 seconds to synchronously load lazily loaded font '../../../Engine/Content/Slate/Fonts/Roboto-Light.ttf' (167K)
[2019.05.14-06.19.12:810][  2]LogSlate: Took 0.000537 seconds to synchronously load lazily loaded font '../../../Engine/Content/Slate/Fonts/Roboto-Light.ttf' (167K)
[2019.05.14-06.19.12:816][  2]LogAssetEditorManager: Opening Asset editor for Blueprint /Game/TopDownBP/Blueprints/TopDownGameMode.TopDownGameMode
[2019.05.14-06.19.14:479][  2]LogContentBrowser: Native class hierarchy updated for 'BlueprintGraph' in 0.0008 seconds. Added 116 classes and 0 folders.
[2019.05.14-06.19.19:174][  2]LogAssetEditorManager: Opening Asset editor for Blueprint /Game/TopDownBP/Blueprints/NPC/Merchant_AI_Character.Merchant_AI_Character
[2019.05.14-06.19.19:593][  2]LogAssetEditorManager: Opening Asset editor for WidgetBlueprint /Game/UMG/InventoryWidget.InventoryWidget
[2019.05.14-06.19.24:289][  2]LogAssetEditorManager: Opening Asset editor for WidgetBlueprint /Game/UMG/BarterWidget.BarterWidget
[2019.05.14-06.19.24:737][  2]LogAssetEditorManager: Opening Asset editor for WidgetBlueprint /Game/UMG/BarterInventoryWidget.BarterInventoryWidget
[2019.05.14-06.19.26:198][  2]LogSlate: Took 0.082705 seconds to synchronously load lazily loaded font '../../../Engine/Content/Slate/Fonts/Roboto-BoldCondensed.ttf' (158K)
[2019.05.14-06.19.27:711][ 11]LogSlate: FSceneViewport::OnFocusLost() reason 0
[2019.05.14-06.19.27:914][ 12]LogAssetRegistry: Asset discovery search completed in 201.6045 seconds
[2019.05.14-06.19.27:916][ 12]LogCollectionManager: Rebuilt the object cache for 0 collections in 0.000000 seconds (found 0 objects)
[2019.05.14-06.19.27:916][ 12]LogCollectionManager: Fixed up redirectors for 0 collections in 0.000061 seconds (updated 0 objects)
[2019.05.14-06.19.29:180][ 21]AssetReimport: New page: Outstanding source content changes 10:19:29
[2019.05.14-06.19.29:261][ 22]LogFactory: FactoryCreateFile: StaticMesh with FbxFactory (0 0 D:/Program Files (x86)/ProjetNeo/ProjectBarter/ProjectBarter/Content/Marredesassetsdemerde/OBJ/MountainSkybox.obj)
[2019.05.14-06.19.30:358][ 22]LogFbx: Loading FBX Scene from D:/Program Files (x86)/ProjetNeo/ProjectBarter/ProjectBarter/Content/Marredesassetsdemerde/OBJ/MountainSkybox.obj
[2019.05.14-06.19.30:536][ 22]LogFbx: FBX Scene Loaded Succesfully
[2019.05.14-06.19.35:859][ 22]LogSlate: Window 'FBX Import Options' being destroyed
[2019.05.14-06.19.36:840][ 26]LogFactory: FactoryCreateFile: StaticMesh with FbxFactory (0 0 D:/Program Files (x86)/ProjetNeo/ProjectBarter/ProjectBarter/Content/Marredesassetsdemerde/OBJ/River_Plane_01.obj)
[2019.05.14-06.19.36:850][ 26]LogFbx: Loading FBX Scene from D:/Program Files (x86)/ProjetNeo/ProjectBarter/ProjectBarter/Content/Marredesassetsdemerde/OBJ/River_Plane_01.obj
[2019.05.14-06.19.36:850][ 26]LogFbx: FBX Scene Loaded Succesfully
[2019.05.14-06.19.37:704][ 26]LogSlate: Window 'FBX Import Options' being destroyed
[2019.05.14-06.19.38:106][ 30]LogFactory: FactoryCreateFile: StaticMesh with FbxFactory (0 0 D:/Program Files (x86)/ProjetNeo/ProjectBarter/ProjectBarter/Content/Marredesassetsdemerde/OBJ/SM_Rock_Tile_01.obj)
[2019.05.14-06.19.38:117][ 30]LogFbx: Loading FBX Scene from D:/Program Files (x86)/ProjetNeo/ProjectBarter/ProjectBarter/Content/Marredesassetsdemerde/OBJ/SM_Rock_Tile_01.obj
[2019.05.14-06.19.38:189][ 30]LogFbx: FBX Scene Loaded Succesfully
[2019.05.14-06.19.38:939][ 30]LogSlate: Window 'FBX Import Options' being destroyed
[2019.05.14-06.19.39:286][ 34]LogFactory: FactoryCreateFile: StaticMesh with FbxFactory (0 0 D:/Program Files (x86)/ProjetNeo/ProjectBarter/ProjectBarter/Content/Marredesassetsdemerde/OBJ/SM_Rock_Wall_01.obj)
[2019.05.14-06.19.39:297][ 34]LogFbx: Loading FBX Scene from D:/Program Files (x86)/ProjetNeo/ProjectBarter/ProjectBarter/Content/Marredesassetsdemerde/OBJ/SM_Rock_Wall_01.obj
[2019.05.14-06.19.39:329][ 34]LogFbx: FBX Scene Loaded Succesfully
[2019.05.14-06.19.39:910][ 34]LogSlate: Window 'FBX Import Options' being destroyed
[2019.05.14-06.19.40:250][ 38]LogFactory: FactoryCreateFile: StaticMesh with FbxFactory (0 0 D:/Program Files (x86)/ProjetNeo/ProjectBarter/ProjectBarter/Content/Marredesassetsdemerde/OBJ/SM_Tree_01.obj)
[2019.05.14-06.19.40:261][ 38]LogFbx: Loading FBX Scene from D:/Program Files (x86)/ProjetNeo/ProjectBarter/ProjectBarter/Content/Marredesassetsdemerde/OBJ/SM_Tree_01.obj
[2019.05.14-06.19.40:270][ 38]LogFbx: FBX Scene Loaded Succesfully
[2019.05.14-06.19.40:833][ 38]LogSlate: Window 'FBX Import Options' being destroyed
[2019.05.14-06.19.41:263][ 42]LogFactory: FactoryCreateFile: StaticMesh with FbxFactory (0 0 D:/Program Files (x86)/ProjetNeo/ProjectBarter/ProjectBarter/Content/Marredesassetsdemerde/OBJ/SM_Tree_Birch_01_Leaves.obj)
[2019.05.14-06.19.41:273][ 42]LogFbx: Loading FBX Scene from D:/Program Files (x86)/ProjetNeo/ProjectBarter/ProjectBarter/Content/Marredesassetsdemerde/OBJ/SM_Tree_Birch_01_Leaves.obj
[2019.05.14-06.19.41:293][ 42]LogFbx: FBX Scene Loaded Succesfully
[2019.05.14-06.19.41:784][ 42]LogSlate: Window 'FBX Import Options' being destroyed
[2019.05.14-06.19.42:108][ 46]LogFactory: FactoryCreateFile: StaticMesh with FbxFactory (0 0 D:/Program Files (x86)/ProjetNeo/ProjectBarter/ProjectBarter/Content/Marredesassetsdemerde/OBJ/SM_Tree_Generic_Dead_01_Branches.obj)
[2019.05.14-06.19.42:119][ 46]LogFbx: Loading FBX Scene from D:/Program Files (x86)/ProjetNeo/ProjectBarter/ProjectBarter/Content/Marredesassetsdemerde/OBJ/SM_Tree_Generic_Dead_01_Branches.obj
[2019.05.14-06.19.42:141][ 46]LogFbx: FBX Scene Loaded Succesfully
[2019.05.14-06.19.42:701][ 46]LogSlate: Window 'FBX Import Options' being destroyed
[2019.05.14-06.19.43:775][ 56]LogFactory: FactoryCreateFile: StaticMesh with FbxFactory (0 0 D:/Program Files (x86)/ProjetNeo/ProjectBarter/ProjectBarter/Content/Marredesassetsdemerde/OBJ/SM_Tree_Log_01.obj)
[2019.05.14-06.19.43:784][ 56]LogFbx: Loading FBX Scene from D:/Program Files (x86)/ProjetNeo/ProjectBarter/ProjectBarter/Content/Marredesassetsdemerde/OBJ/SM_Tree_Log_01.obj
[2019.05.14-06.19.43:793][ 56]LogFbx: FBX Scene Loaded Succesfully
[2019.05.14-06.19.44:347][ 56]LogSlate: Window 'FBX Import Options' being destroyed
[2019.05.14-06.19.44:684][ 60]LogFactory: FactoryCreateFile: StaticMesh with FbxFactory (0 0 D:/Program Files (x86)/ProjetNeo/ProjectBarter/ProjectBarter/Content/Marredesassetsdemerde/OBJ/SM_Tree_Swamp_04.obj)
[2019.05.14-06.19.44:694][ 60]LogFbx: Loading FBX Scene from D:/Program Files (x86)/ProjetNeo/ProjectBarter/ProjectBarter/Content/Marredesassetsdemerde/OBJ/SM_Tree_Swamp_04.obj
[2019.05.14-06.19.44:738][ 60]LogFbx: FBX Scene Loaded Succesfully
[2019.05.14-06.19.45:351][ 60]LogSlate: Window 'FBX Import Options' being destroyed
[2019.05.14-06.19.45:706][ 64]LogFactory: FactoryCreateFile: StaticMesh with FbxFactory (0 0 D:/Program Files (x86)/ProjetNeo/ProjectBarter/ProjectBarter/Content/Marredesassetsdemerde/OBJ/SM_Tree_Willow_Small_01.obj)
[2019.05.14-06.19.45:721][ 64]LogFbx: Loading FBX Scene from D:/Program Files (x86)/ProjetNeo/ProjectBarter/ProjectBarter/Content/Marredesassetsdemerde/OBJ/SM_Tree_Willow_Small_01.obj
[2019.05.14-06.19.45:724][ 64]LogFbx: FBX Scene Loaded Succesfully
[2019.05.14-06.19.46:273][ 64]LogSlate: Window 'FBX Import Options' being destroyed
[2019.05.14-06.19.50:255][107]AssetReimport: Importing new asset /Game/Marredesassetsdemerde/OBJ/MountainSkybox.
[2019.05.14-06.19.50:255][107]AssetReimport: Failed to import file D:/Program Files (x86)/ProjetNeo/ProjectBarter/ProjectBarter/Content/Marredesassetsdemerde/OBJ/MountainSkybox.obj.
[2019.05.14-06.19.50:255][107]AssetReimport: Importing new asset /Game/Marredesassetsdemerde/OBJ/River_Plane_01.
[2019.05.14-06.19.50:255][107]AssetReimport: Failed to import file D:/Program Files (x86)/ProjetNeo/ProjectBarter/ProjectBarter/Content/Marredesassetsdemerde/OBJ/River_Plane_01.obj.
[2019.05.14-06.19.50:255][107]AssetReimport: Importing new asset /Game/Marredesassetsdemerde/OBJ/SM_Rock_Tile_01.
[2019.05.14-06.19.50:255][107]AssetReimport: Failed to import file D:/Program Files (x86)/ProjetNeo/ProjectBarter/ProjectBarter/Content/Marredesassetsdemerde/OBJ/SM_Rock_Tile_01.obj.
[2019.05.14-06.19.50:256][107]AssetReimport: Importing new asset /Game/Marredesassetsdemerde/OBJ/SM_Rock_Wall_01.
[2019.05.14-06.19.50:256][107]AssetReimport: Failed to import file D:/Program Files (x86)/ProjetNeo/ProjectBarter/ProjectBarter/Content/Marredesassetsdemerde/OBJ/SM_Rock_Wall_01.obj.
[2019.05.14-06.19.50:256][107]AssetReimport: Importing new asset /Game/Marredesassetsdemerde/OBJ/SM_Tree_01.
[2019.05.14-06.19.50:256][107]AssetReimport: Failed to import file D:/Program Files (x86)/ProjetNeo/ProjectBarter/ProjectBarter/Content/Marredesassetsdemerde/OBJ/SM_Tree_01.obj.
[2019.05.14-06.19.50:256][107]AssetReimport: Importing new asset /Game/Marredesassetsdemerde/OBJ/SM_Tree_Birch_01_Leaves.
[2019.05.14-06.19.50:256][107]AssetReimport: Failed to import file D:/Program Files (x86)/ProjetNeo/ProjectBarter/ProjectBarter/Content/Marredesassetsdemerde/OBJ/SM_Tree_Birch_01_Leaves.obj.
[2019.05.14-06.19.50:256][107]AssetReimport: Importing new asset /Game/Marredesassetsdemerde/OBJ/SM_Tree_Generic_Dead_01_Branches.
[2019.05.14-06.19.50:256][107]AssetReimport: Failed to import file D:/Program Files (x86)/ProjetNeo/ProjectBarter/ProjectBarter/Content/Marredesassetsdemerde/OBJ/SM_Tree_Generic_Dead_01_Branches.obj.
[2019.05.14-06.19.50:256][107]AssetReimport: Importing new asset /Game/Marredesassetsdemerde/OBJ/SM_Tree_Log_01.
[2019.05.14-06.19.50:256][107]AssetReimport: Failed to import file D:/Program Files (x86)/ProjetNeo/ProjectBarter/ProjectBarter/Content/Marredesassetsdemerde/OBJ/SM_Tree_Log_01.obj.
[2019.05.14-06.19.50:256][107]AssetReimport: Importing new asset /Game/Marredesassetsdemerde/OBJ/SM_Tree_Swamp_04.
[2019.05.14-06.19.50:256][107]AssetReimport: Failed to import file D:/Program Files (x86)/ProjetNeo/ProjectBarter/ProjectBarter/Content/Marredesassetsdemerde/OBJ/SM_Tree_Swamp_04.obj.
[2019.05.14-06.19.50:256][107]AssetReimport: Importing new asset /Game/Marredesassetsdemerde/OBJ/SM_Tree_Willow_Small_01.
[2019.05.14-06.19.50:256][107]AssetReimport: Failed to import file D:/Program Files (x86)/ProjetNeo/ProjectBarter/ProjectBarter/Content/Marredesassetsdemerde/OBJ/SM_Tree_Willow_Small_01.obj.
[2019.05.14-06.19.53:875][188]LogSlate: Window 'BarterInventoryWidget' being destroyed
[2019.05.14-06.19.53:876][188]LogSlate: Window 'BarterInventoryWidget' being destroyed
[2019.05.14-06.19.56:597][230]LogActorComponent: UnregisterComponent: (/Engine/Transient.EditorFloorComp) Not registered. Aborting.
[2019.05.14-06.20.06:962][433]LogTexture: Display: Building textures: T_PolygonNature_01 (AutoDXT, 512X512)
[2019.05.14-06.20.06:963][433]LogMaterial: Display: Missing cached shader map for material Mat_PolygonNature_01, compiling. 
[2019.05.14-06.20.07:164][433]LogShaderCompilers: Display: Shaders left to compile 61
[2019.05.14-06.20.07:164][433]LogShaderCompilers: Display: Shaders left to compile 51
[2019.05.14-06.20.07:164][433]LogShaderCompilers: Display: Shaders left to compile 41
[2019.05.14-06.20.07:164][433]LogShaderCompilers: Display: Shaders left to compile 31
[2019.05.14-06.20.07:164][433]LogStaticMesh: Building static mesh SM_Rock_03...
[2019.05.14-06.20.07:461][433]LogStaticMesh: Built static mesh [0.30s] /Game/PolygonNature/Meshes/Rocks/SM_Rock_03.SM_Rock_03
[2019.05.14-06.20.10:124][499]LogAssetEditorManager: Opening Asset editor for StaticMesh /Game/PolygonNature/Meshes/Rocks/SM_Rock_03.SM_Rock_03
[2019.05.14-06.20.11:151][499]LogShaderCompilers: Display: Shaders left to compile 21
[2019.05.14-06.20.11:417][499]LogShaderCompilers: Display: Shaders left to compile 11
[2019.05.14-06.20.13:739][499]LogShaderCompilers: Display: Shaders left to compile 1
[2019.05.14-06.20.13:963][499]LogFileCache: Retrieving MD5 hashes for directory 'D:/Program Files (x86)/ProjetNeo/ProjectBarter/ProjectBarter/Content/' took 62.52s
[2019.05.14-06.20.14:128][499]LogRenderer: Reallocating scene render targets to support 988x748 Format 10 NumSamples 1 (Frame:1).
[2019.05.14-06.20.14:128][499]LogSlate: Took 0.021547 seconds to synchronously load lazily loaded font '../../../Engine/Content/Slate/Fonts/Roboto-Italic.ttf' (157K)
[2019.05.14-06.20.18:760][712]LogSlate: Window 'SM_Rock_03' being destroyed
[2019.05.14-06.20.23:673][990]LogAssetEditorManager: Opening Asset editor for StaticMesh /Game/PolygonNature/Meshes/Rocks/SM_Rock_03.SM_Rock_03
[2019.05.14-06.20.28:309][231]LogSlate: FSceneViewport::OnFocusLost() reason 0
[2019.05.14-06.20.28:428][238]LogSlate: Window 'SM_Rock_03' being destroyed
[2019.05.14-06.20.34:818][563]LogTexture: Display: Building textures: T_Leaves_Generic_Mask (AutoDXT, 1024X1024)
[2019.05.14-06.20.34:818][563]LogTexture: Display: Building textures: T_Misc_Noise_Big (G8, 1024X1024)
[2019.05.14-06.20.34:818][563]LogTexture: Display: Building textures: T_Misc_BlurNoise (AutoDXT, 512X512)
[2019.05.14-06.20.34:818][563]LogTexture: Display: Building textures: T_Plant_Trunk_Mask_Classic (AutoDXT, 512X512)
[2019.05.14-06.20.34:818][563]LogTexture: Display: Building textures: T_Leaves_Birch (AutoDXT, 1024X1024)
[2019.05.14-06.20.34:818][563]LogMaterial: Display: Missing cached shader map for material Mat_Tree_base, compiling. 
[2019.05.14-06.20.34:988][563]LogShaderCompilers: Display: Shaders left to compile 117
[2019.05.14-06.20.34:988][563]LogShaderCompilers: Display: Shaders left to compile 107
[2019.05.14-06.20.34:988][563]LogShaderCompilers: Display: Shaders left to compile 97
[2019.05.14-06.20.34:988][563]LogShaderCompilers: Display: Shaders left to compile 87
[2019.05.14-06.20.35:003][563]LogAssetEditorManager: Opening Asset editor for StaticMesh /Game/PolygonNature/Meshes/Trees/SM_Tree_04.SM_Tree_04
[2019.05.14-06.20.38:130][652]LogShaderCompilers: Display: Shaders left to compile 77
[2019.05.14-06.20.39:461][704]LogShaderCompilers: Display: Shaders left to compile 67
[2019.05.14-06.20.39:665][712]LogShaderCompilers: Display: Shaders left to compile 57
[2019.05.14-06.20.40:207][732]LogShaderCompilers: Display: Shaders left to compile 47
[2019.05.14-06.20.41:708][789]LogSlate: Window 'SM_Tree_04' being destroyed
[2019.05.14-06.20.44:296][893]LogShaderCompilers: Display: Shaders left to compile 37
[2019.05.14-06.20.45:377][944]LogShaderCompilers: Display: Shaders left to compile 27
[2019.05.14-06.20.45:440][947]LogShaderCompilers: Display: Shaders left to compile 17
[2019.05.14-06.20.46:472][  3]LogShaderCompilers: Display: Shaders left to compile 7
[2019.05.14-06.21.14:757][ 72]LogSlate: Window 'ProjectBarter - Unreal Editor' being destroyed
[2019.05.14-06.21.15:015][ 73]Cmd: QUIT_EDITOR
[2019.05.14-06.21.15:190][ 73]LogExit: Preparing to exit.
[2019.05.14-06.21.16:590][ 73]LogExit: Editor shut down
[2019.05.14-06.21.16:590][ 73]LogExit: Transaction tracking system shut down
[2019.05.14-06.21.18:133][ 73]LogExit: Object subsystem successfully closed.
[2019.05.14-06.21.18:187][ 73]LogShaderCompilers: Display: Shaders left to compile 0
[2019.05.14-06.21.18:198][ 73]LogD3D11RHI: Shutdown
[2019.05.14-06.21.18:198][ 73]LogD3D11RHI: CleanupD3DDevice
[2019.05.14-06.21.18:204][ 73]LogD3D11RHI: ~FD3D11DynamicRHI
[2019.05.14-06.21.18:845][ 73]LogModuleManager: Shutting down and abandoning module StaticMeshEditor (620)
[2019.05.14-06.21.18:846][ 73]LogModuleManager: Shutting down and abandoning module MeshBuilder (618)
[2019.05.14-06.21.18:846][ 73]LogModuleManager: Shutting down and abandoning module SequencerWidgets (616)
[2019.05.14-06.21.18:846][ 73]LogModuleManager: Shutting down and abandoning module BlueprintGraph (614)
[2019.05.14-06.21.18:846][ 73]LogModuleManager: Shutting down and abandoning module HierarchicalLODOutliner (612)
[2019.05.14-06.21.18:846][ 73]LogModuleManager: Shutting down and abandoning module SceneOutliner (610)
[2019.05.14-06.21.18:846][ 73]LogModuleManager: Shutting down and abandoning module AddContentDialog (608)
[2019.05.14-06.21.18:847][ 73]LogModuleManager: Shutting down and abandoning module WidgetCarousel (607)
[2019.05.14-06.21.18:847][ 73]LogModuleManager: Shutting down and abandoning module EditorWidgets (604)
[2019.05.14-06.21.18:847][ 73]LogModuleManager: Shutting down and abandoning module CollectionManager (602)
[2019.05.14-06.21.18:865][ 73]LogModuleManager: Shutting down and abandoning module StatsViewer (600)
[2019.05.14-06.21.18:866][ 73]LogModuleManager: Shutting down and abandoning module FoliageEdit (598)
[2019.05.14-06.21.18:866][ 73]LogModuleManager: Shutting down and abandoning module LandscapeEditor (596)
[2019.05.14-06.21.18:892][ 73]LogModuleManager: Shutting down and abandoning module MeshPaintMode (594)
[2019.05.14-06.21.18:892][ 73]LogModuleManager: Shutting down and abandoning module SceneDepthPickerMode (592)
[2019.05.14-06.21.18:892][ 73]LogModuleManager: Shutting down and abandoning module ActorPickerMode (590)
[2019.05.14-06.21.18:892][ 73]LogModuleManager: Shutting down and abandoning module GeometryMode (588)
[2019.05.14-06.21.18:892][ 73]LogModuleManager: Shutting down and abandoning module TextureAlignMode (586)
[2019.05.14-06.21.18:892][ 73]LogModuleManager: Shutting down and abandoning module BspMode (584)
[2019.05.14-06.21.18:893][ 73]LogModuleManager: Shutting down and abandoning module PIEPreviewDeviceProfileSelector (582)
[2019.05.14-06.21.18:893][ 73]LogModuleManager: Shutting down and abandoning module SequenceRecorderSections (580)
[2019.05.14-06.21.18:893][ 73]LogModuleManager: Shutting down and abandoning module AutomationWorker (578)
[2019.05.14-06.21.18:893][ 73]LogModuleManager: Shutting down and abandoning module AudioCaptureEditor (576)
[2019.05.14-06.21.18:893][ 73]LogModuleManager: Shutting down and abandoning module SequenceRecorder (575)
[2019.05.14-06.21.18:893][ 73]LogModuleManager: Shutting down and abandoning module MatineeToLevelSequence (572)
[2019.05.14-06.21.18:893][ 73]LogModuleManager: Shutting down and abandoning module LevelSequenceEditor (570)
[2019.05.14-06.21.18:912][ 73]LogModuleManager: Shutting down and abandoning module PlacementMode (569)
[2019.05.14-06.21.18:913][ 73]LogModuleManager: Shutting down and abandoning module MaterialEditor (568)
[2019.05.14-06.21.18:957][ 73]LogModuleManager: Shutting down and abandoning module WmfMediaFactory (564)
[2019.05.14-06.21.18:957][ 73]LogModuleManager: Shutting down and abandoning module WmfMediaEditor (562)
[2019.05.14-06.21.18:958][ 73]LogModuleManager: Shutting down and abandoning module MediaPlayerEditor (560)
[2019.05.14-06.21.18:958][ 73]LogModuleManager: Shutting down and abandoning module OpenExrWrapper (558)
[2019.05.14-06.21.18:958][ 73]LogModuleManager: Shutting down and abandoning module ImgMediaFactory (556)
[2019.05.14-06.21.18:958][ 73]LogModuleManager: Shutting down and abandoning module ImgMediaEditor (554)
[2019.05.14-06.21.18:959][ 73]LogModuleManager: Shutting down and abandoning module AvfMediaFactory (552)
[2019.05.14-06.21.18:959][ 73]LogModuleManager: Shutting down and abandoning module AvfMediaEditor (550)
[2019.05.14-06.21.18:959][ 73]LogModuleManager: Shutting down and abandoning module AndroidMediaFactory (548)
[2019.05.14-06.21.18:959][ 73]LogModuleManager: Shutting down and abandoning module AndroidMediaEditor (546)
[2019.05.14-06.21.18:959][ 73]LogModuleManager: Shutting down and abandoning module MagicLeapCameraPreviewFactory (544)
[2019.05.14-06.21.18:960][ 73]LogModuleManager: Shutting down and abandoning module MagicLeapMediaFactory (542)
[2019.05.14-06.21.18:960][ 73]LogModuleManager: Shutting down and abandoning module MagicLeapMediaEditor (540)
[2019.05.14-06.21.18:960][ 73]LogModuleManager: Shutting down and abandoning module CharacterAI (538)
[2019.05.14-06.21.18:960][ 73]LogModuleManager: Shutting down and abandoning module SmartSnapping (536)
[2019.05.14-06.21.18:960][ 73]LogModuleManager: Shutting down and abandoning module SessionServices (534)
[2019.05.14-06.21.18:960][ 73]LogModuleManager: Shutting down and abandoning module ViewportSnapping (532)
[2019.05.14-06.21.18:960][ 73]LogModuleManager: Shutting down and abandoning module ViewportInteraction (530)
[2019.05.14-06.21.18:971][ 73]LogModuleManager: Shutting down and abandoning module ClothPainter (528)
[2019.05.14-06.21.18:997][ 73]LogModuleManager: Shutting down and abandoning module SkeletalMeshEditor (527)
[2019.05.14-06.21.19:018][ 73]LogModuleManager: Shutting down and abandoning module LogVisualizer (524)
[2019.05.14-06.21.19:035][ 73]LogModuleManager: Shutting down and abandoning module IntroTutorials (522)
[2019.05.14-06.21.19:035][ 73]LogModuleManager: Shutting down and abandoning module GameProjectGeneration (521)
[2019.05.14-06.21.19:046][ 73]LogModuleManager: Shutting down and abandoning module LuminPlatformEditor (518)
[2019.05.14-06.21.19:046][ 73]LogModuleManager: Shutting down and abandoning module IOSPlatformEditor (516)
[2019.05.14-06.21.19:046][ 73]LogModuleManager: Shutting down and abandoning module HTML5PlatformEditor (514)
[2019.05.14-06.21.19:046][ 73]LogModuleManager: Shutting down and abandoning module AndroidPlatformEditor (512)
[2019.05.14-06.21.19:046][ 73]LogModuleManager: Shutting down and abandoning module AndroidDeviceDetection (511)
[2019.05.14-06.21.20:178][ 73]LogModuleManager: Shutting down and abandoning module WindowsPlatformEditor (508)
[2019.05.14-06.21.20:178][ 73]LogModuleManager: Shutting down and abandoning module LuminRuntimeSettings (506)
[2019.05.14-06.21.20:178][ 73]LogModuleManager: Shutting down and abandoning module IOSRuntimeSettings (504)
[2019.05.14-06.21.20:178][ 73]LogModuleManager: Shutting down and abandoning module AndroidRuntimeSettings (502)
[2019.05.14-06.21.20:178][ 73]LogModuleManager: Shutting down and abandoning module InputBindingEditor (500)
[2019.05.14-06.21.20:226][ 73]LogModuleManager: Shutting down and abandoning module MergeActors (498)
[2019.05.14-06.21.20:226][ 73]LogModuleManager: Shutting down and abandoning module LocalizationDashboard (496)
[2019.05.14-06.21.20:238][ 73]LogModuleManager: Shutting down and abandoning module LocalizationService (495)
[2019.05.14-06.21.20:239][ 73]LogModuleManager: Shutting down and abandoning module HardwareTargeting (492)
[2019.05.14-06.21.20:239][ 73]LogModuleManager: Shutting down and abandoning module DeviceProfileEditor (490)
[2019.05.14-06.21.20:239][ 73]LogModuleManager: Shutting down and abandoning module UndoHistory (488)
[2019.05.14-06.21.20:239][ 73]LogModuleManager: Shutting down and abandoning module XmlParser (486)
[2019.05.14-06.21.20:239][ 73]LogModuleManager: Shutting down and abandoning module Blutility (484)
[2019.05.14-06.21.20:239][ 73]LogModuleManager: Shutting down and abandoning module ProjectSettingsViewer (482)
[2019.05.14-06.21.20:239][ 73]LogModuleManager: Shutting down and abandoning module ProjectTargetPlatformEditor (481)
[2019.05.14-06.21.20:239][ 73]LogModuleManager: Shutting down and abandoning module EditorSettingsViewer (478)
[2019.05.14-06.21.20:239][ 73]LogModuleManager: Shutting down and abandoning module SettingsEditor (476)
[2019.05.14-06.21.20:239][ 73]LogModuleManager: Shutting down and abandoning module ProjectLauncher (474)
[2019.05.14-06.21.20:258][ 73]LogModuleManager: Shutting down and abandoning module SessionFrontend (472)
[2019.05.14-06.21.20:258][ 73]LogModuleManager: Shutting down and abandoning module ProfilerClient (470)
[2019.05.14-06.21.20:276][ 73]LogModuleManager: Shutting down and abandoning module DeviceManager (468)
[2019.05.14-06.21.20:276][ 73]LogModuleManager: Shutting down and abandoning module TargetDeviceServices (467)
[2019.05.14-06.21.20:326][ 73]LogModuleManager: Shutting down and abandoning module AutomationController (464)
[2019.05.14-06.21.20:326][ 73]LogModuleManager: Shutting down and abandoning module AutomationWindow (462)
[2019.05.14-06.21.20:351][ 73]LogModuleManager: Shutting down and abandoning module Layers (460)
[2019.05.14-06.21.20:351][ 73]LogModuleManager: Shutting down and abandoning module ComponentVisualizers (458)
[2019.05.14-06.21.20:351][ 73]LogModuleManager: Shutting down and abandoning module DetailCustomizations (456)
[2019.05.14-06.21.20:351][ 73]LogModuleManager: Shutting down and abandoning module PackagesDialog (454)
[2019.05.14-06.21.20:367][ 73]LogModuleManager: Shutting down and abandoning module Persona (452)
[2019.05.14-06.21.20:389][ 73]LogModuleManager: Shutting down and abandoning module AdvancedPreviewScene (451)
[2019.05.14-06.21.20:389][ 73]LogModuleManager: Shutting down and abandoning module AnimGraph (449)
[2019.05.14-06.21.20:389][ 73]LogModuleManager: Shutting down and abandoning module Kismet (446)
[2019.05.14-06.21.20:406][ 73]LogModuleManager: Shutting down and abandoning module GraphEditor (444)
[2019.05.14-06.21.20:406][ 73]LogModuleManager: Shutting down and abandoning module ClassViewer (442)
[2019.05.14-06.21.20:406][ 73]LogModuleManager: Shutting down and abandoning module Toolbox (440)
[2019.05.14-06.21.20:406][ 73]LogModuleManager: Shutting down and abandoning module ModuleUI (438)
[2019.05.14-06.21.20:406][ 73]LogModuleManager: Shutting down and abandoning module MovieSceneTools (436)
[2019.05.14-06.21.20:406][ 73]LogModuleManager: Shutting down and abandoning module OutputLog (434)
[2019.05.14-06.21.20:406][ 73]LogModuleManager: Shutting down and abandoning module GammaUI (432)
[2019.05.14-06.21.20:421][ 73]LogModuleManager: Shutting down and abandoning module Documentation (430)
[2019.05.14-06.21.20:421][ 73]LogModuleManager: Shutting down and abandoning module MovieSceneTracks (428)
[2019.05.14-06.21.20:429][ 73]LogModuleManager: Shutting down and abandoning module MovieScene (426)
[2019.05.14-06.21.20:429][ 73]LogModuleManager: Shutting down and abandoning module StreamingPauseRendering (424)
[2019.05.14-06.21.20:430][ 73]LogModuleManager: Shutting down and abandoning module LauncherPlatform (422)
[2019.05.14-06.21.20:430][ 73]LogModuleManager: Shutting down and abandoning module AnalyticsET (420)
[2019.05.14-06.21.20:430][ 73]LogModuleManager: Shutting down and abandoning module PortalServices (418)
[2019.05.14-06.21.20:430][ 73]LogModuleManager: Shutting down and abandoning module PortalRpc (416)
[2019.05.14-06.21.20:430][ 73]LogModuleManager: Shutting down and abandoning module MessagingRpc (414)
[2019.05.14-06.21.20:430][ 73]LogModuleManager: Shutting down and abandoning module AIModule (412)
[2019.05.14-06.21.20:430][ 73]LogModuleManager: Shutting down and abandoning module GameplayDebugger (411)
[2019.05.14-06.21.20:430][ 73]LogModuleManager: Shutting down and abandoning module AITestSuite (409)
[2019.05.14-06.21.20:430][ 73]LogModuleManager: Shutting down and abandoning module NavigationSystem (407)
[2019.05.14-06.21.20:430][ 73]LogModuleManager: Shutting down and abandoning module DesktopPlatform (404)
[2019.05.14-06.21.20:430][ 73]LogModuleManager: Shutting down and abandoning module ProfilerService (402)
[2019.05.14-06.21.20:503][ 73]LogModuleManager: Shutting down and abandoning module TaskGraph (400)
[2019.05.14-06.21.20:503][ 73]LogModuleManager: Shutting down and abandoning module SteamVRController (398)
[2019.05.14-06.21.20:503][ 73]LogModuleManager: Shutting down and abandoning module ProceduralMeshComponentEditor (396)
[2019.05.14-06.21.20:503][ 73]LogModuleManager: Shutting down and abandoning module ProceduralMeshComponent (394)
[2019.05.14-06.21.20:503][ 73]LogModuleManager: Shutting down and abandoning module OculusInput (392)
[2019.05.14-06.21.20:503][ 73]LogModuleManager: Shutting down and abandoning module MobilePatchingUtils (390)
[2019.05.14-06.21.20:503][ 73]LogModuleManager: Shutting down and abandoning module EditableMesh (388)
[2019.05.14-06.21.20:515][ 73]LogModuleManager: Shutting down and abandoning module CustomMeshComponent (386)
[2019.05.14-06.21.20:515][ 73]LogModuleManager: Shutting down and abandoning module CableComponent (384)
[2019.05.14-06.21.20:516][ 73]LogModuleManager: Shutting down and abandoning module AudioCapture (382)
[2019.05.14-06.21.20:516][ 73]LogModuleManager: Shutting down and abandoning module ArchVisCharacter (380)
[2019.05.14-06.21.20:516][ 73]LogModuleManager: Shutting down and abandoning module AndroidPermission (378)
[2019.05.14-06.21.20:516][ 73]LogModuleManager: Shutting down and abandoning module NUTUnrealEngine4 (376)
[2019.05.14-06.21.20:516][ 73]LogModuleManager: Shutting down and abandoning module NetcodeUnitTest (374)
[2019.05.14-06.21.20:535][ 73]LogModuleManager: Shutting down and abandoning module MediaCompositingEditor (372)
[2019.05.14-06.21.20:535][ 73]LogModuleManager: Shutting down and abandoning module MediaCompositing (370)
[2019.05.14-06.21.20:535][ 73]LogModuleManager: Shutting down and abandoning module LinearTimecode (368)
[2019.05.14-06.21.20:535][ 73]LogModuleManager: Shutting down and abandoning module ImgMedia (366)
[2019.05.14-06.21.20:538][ 73]LogModuleManager: Shutting down and abandoning module HTML5Networking (364)
[2019.05.14-06.21.20:538][ 73]LogModuleManager: Shutting down and abandoning module GeometryCacheTracks (362)
[2019.05.14-06.21.20:538][ 73]LogModuleManager: Shutting down and abandoning module GeometryCacheSequencer (360)
[2019.05.14-06.21.20:538][ 73]LogModuleManager: Shutting down and abandoning module BackChannel (358)
[2019.05.14-06.21.20:556][ 73]LogModuleManager: Shutting down and abandoning module AppleVision (356)
[2019.05.14-06.21.20:556][ 73]LogModuleManager: Shutting down and abandoning module AppleImageUtils (354)
[2019.05.14-06.21.20:556][ 73]LogModuleManager: Shutting down and abandoning module AlembicImporter (352)
[2019.05.14-06.21.20:556][ 73]LogModuleManager: Shutting down and abandoning module AlembicLibrary (351)
[2019.05.14-06.21.20:556][ 73]LogModuleManager: Shutting down and abandoning module GeometryCache (350)
[2019.05.14-06.21.20:556][ 73]LogModuleManager: Shutting down and abandoning module GeometryCacheEd (349)
[2019.05.14-06.21.20:556][ 73]LogModuleManager: Shutting down and abandoning module DatasmithContentEditor (344)
[2019.05.14-06.21.20:556][ 73]LogModuleManager: Shutting down and abandoning module DatasmithContent (342)
[2019.05.14-06.21.20:556][ 73]LogModuleManager: Shutting down and abandoning module SpeedTreeImporter (340)
[2019.05.14-06.21.20:556][ 73]LogModuleManager: Shutting down and abandoning module PluginBrowser (338)
[2019.05.14-06.21.20:574][ 73]LogModuleManager: Shutting down and abandoning module MobileLauncherProfileWizard (336)
[2019.05.14-06.21.20:589][ 73]LogModuleManager: Shutting down and abandoning module PolygonModeling (334)
[2019.05.14-06.21.20:589][ 73]LogModuleManager: Shutting down and abandoning module MeshEditor (332)
[2019.05.14-06.21.20:589][ 73]LogModuleManager: Shutting down and abandoning module CryptoKeysOpenSSL (330)
[2019.05.14-06.21.20:589][ 73]LogModuleManager: Shutting down and abandoning module CryptoKeys (328)
[2019.05.14-06.21.20:589][ 73]LogModuleManager: Shutting down and abandoning module VisualStudioSourceCodeAccess (326)
[2019.05.14-06.21.20:589][ 73]LogModuleManager: Shutting down and abandoning module VisualStudioCodeSourceCodeAccess (324)
[2019.05.14-06.21.20:589][ 73]LogModuleManager: Shutting down and abandoning module UObjectPlugin (322)
[2019.05.14-06.21.20:589][ 73]LogModuleManager: Shutting down and abandoning module SubversionSourceControl (320)
[2019.05.14-06.21.20:607][ 73]LogModuleManager: Shutting down and abandoning module PerforceSourceControl (318)
[2019.05.14-06.21.20:615][ 73]LogModuleManager: Shutting down and abandoning module GitSourceControl (316)
[2019.05.14-06.21.20:615][ 73]LogModuleManager: Shutting down and abandoning module SourceControl (315)
[2019.05.14-06.21.20:615][ 73]LogModuleManager: Shutting down and abandoning module CLionSourceCodeAccess (312)
[2019.05.14-06.21.20:616][ 73]LogModuleManager: Shutting down and abandoning module LightPropagationVolumeEditor (310)
[2019.05.14-06.21.20:616][ 73]LogModuleManager: Shutting down and abandoning module PaperTiledImporter (308)
[2019.05.14-06.21.20:616][ 73]LogModuleManager: Shutting down and abandoning module PaperSpriteSheetImporter (306)
[2019.05.14-06.21.20:616][ 73]LogModuleManager: Shutting down and abandoning module Paper2DEditor (304)
[2019.05.14-06.21.20:638][ 73]LogModuleManager: Shutting down and abandoning module MeshPaint (303)
[2019.05.14-06.21.20:638][ 73]LogModuleManager: Shutting down and abandoning module RuntimePhysXCooking (300)
[2019.05.14-06.21.20:638][ 73]LogModuleManager: Shutting down and abandoning module PhysXVehiclesEditor (298)
[2019.05.14-06.21.20:638][ 73]LogModuleManager: Shutting down and abandoning module PhysXVehicles (296)
[2019.05.14-06.21.20:638][ 73]LogModuleManager: Shutting down and abandoning module OculusEditor (294)
[2019.05.14-06.21.20:638][ 73]LogModuleManager: Shutting down and abandoning module LocationServicesBPLibrary (292)
[2019.05.14-06.21.20:638][ 73]LogModuleManager: Shutting down and abandoning module ImmediatePhysicsEditor (290)
[2019.05.14-06.21.20:638][ 73]LogModuleManager: Shutting down and abandoning module ImmediatePhysics (288)
[2019.05.14-06.21.20:638][ 73]LogModuleManager: Shutting down and abandoning module ActorSequence (286)
[2019.05.14-06.21.20:638][ 73]LogModuleManager: Shutting down and abandoning module UdpMessaging (284)
[2019.05.14-06.21.20:739][ 73]LogModuleManager: Shutting down and abandoning module TcpMessaging (282)
[2019.05.14-06.21.20:839][ 73]LogModuleManager: Shutting down and abandoning module MagicLeapAudio (280)
[2019.05.14-06.21.20:839][ 73]LogModuleManager: Shutting down and abandoning module GameplayTagsEditor (278)
[2019.05.14-06.21.20:849][ 73]LogModuleManager: Shutting down and abandoning module FacialAnimationEditor (276)
[2019.05.14-06.21.20:849][ 73]LogModuleManager: Shutting down and abandoning module FacialAnimation (274)
[2019.05.14-06.21.20:849][ 73]LogModuleManager: Shutting down and abandoning module DataValidation (272)
[2019.05.14-06.21.20:849][ 73]LogModuleManager: Shutting down and abandoning module AssetManagerEditor (270)
[2019.05.14-06.21.20:866][ 73]LogModuleManager: Shutting down and abandoning module LevelEditor (269)
[2019.05.14-06.21.20:867][ 73]LogModuleManager: Shutting down and abandoning module PixelInspectorModule (268)
[2019.05.14-06.21.20:867][ 73]LogModuleManager: Shutting down and abandoning module CommonMenuExtensions (266)
[2019.05.14-06.21.20:867][ 73]LogModuleManager: Shutting down and abandoning module MainFrame (264)
[2019.05.14-06.21.20:867][ 73]LogModuleManager: Shutting down and abandoning module HotReload (263)
[2019.05.14-06.21.20:868][ 73]LogModuleManager: Shutting down and abandoning module ContentBrowser (259)
[2019.05.14-06.21.20:869][ 73]LogModuleManager: Shutting down and abandoning module TreeMap (257)
[2019.05.14-06.21.20:869][ 73]LogModuleManager: Shutting down and abandoning module LightPropagationVolumeRuntime (254)
[2019.05.14-06.21.20:869][ 73]LogModuleManager: Shutting down and abandoning module AISupportModule (252)
[2019.05.14-06.21.20:869][ 73]LogModuleManager: Shutting down and abandoning module Paper2D (250)
[2019.05.14-06.21.20:869][ 73]LogModuleManager: Shutting down and abandoning module WindowsMoviePlayer (248)
[2019.05.14-06.21.20:870][ 73]LogModuleManager: Shutting down and abandoning module WmfMedia (246)
[2019.05.14-06.21.20:876][ 73]LogModuleManager: Shutting down and abandoning module Media (245)
[2019.05.14-06.21.20:881][ 73]LogModuleManager: Shutting down and abandoning module PacketHandler (242)
[2019.05.14-06.21.20:881][ 73]LogModuleManager: Shutting down and abandoning module ClothingSystemEditor (240)
[2019.05.14-06.21.20:881][ 73]LogModuleManager: Shutting down and abandoning module ClothingSystemRuntime (238)
[2019.05.14-06.21.20:897][ 73]LogModuleManager: Shutting down and abandoning module MediaAssets (236)
[2019.05.14-06.21.20:897][ 73]LogModuleManager: Shutting down and abandoning module Overlay (234)
[2019.05.14-06.21.20:897][ 73]LogModuleManager: Shutting down and abandoning module OverlayEditor (233)
[2019.05.14-06.21.20:897][ 73]LogModuleManager: Shutting down and abandoning module EnvironmentQueryEditor (230)
[2019.05.14-06.21.20:920][ 73]LogModuleManager: Shutting down and abandoning module VREditor (228)
[2019.05.14-06.21.20:935][ 73]LogModuleManager: Shutting down and abandoning module StringTableEditor (226)
[2019.05.14-06.21.20:947][ 73]LogModuleManager: Shutting down and abandoning module GameplayTasksEditor (224)
[2019.05.14-06.21.20:947][ 73]LogModuleManager: Shutting down and abandoning module BehaviorTreeEditor (222)
[2019.05.14-06.21.20:959][ 73]LogModuleManager: Shutting down and abandoning module FunctionalTesting (220)
[2019.05.14-06.21.20:959][ 73]LogModuleManager: Shutting down and abandoning module CollisionAnalyzer (218)
[2019.05.14-06.21.20:959][ 73]LogModuleManager: Shutting down and abandoning module WorkspaceMenuStructure (217)
[2019.05.14-06.21.20:959][ 73]LogModuleManager: Shutting down and abandoning module UMG (214)
[2019.05.14-06.21.20:959][ 73]LogModuleManager: Shutting down and abandoning module UMGEditor (213)
[2019.05.14-06.21.20:959][ 73]LogModuleManager: Shutting down and abandoning module Sequencer (212)
[2019.05.14-06.21.20:959][ 73]LogModuleManager: Shutting down and abandoning module MessageLog (209)
[2019.05.14-06.21.20:959][ 73]LogModuleManager: Shutting down and abandoning module SlateReflector (204)
[2019.05.14-06.21.20:976][ 73]LogModuleManager: Shutting down and abandoning module Slate (202)
[2019.05.14-06.21.20:976][ 73]LogModuleManager: Shutting down and abandoning module EditorStyle (200)
[2019.05.14-06.21.20:977][ 73]LogModuleManager: Shutting down and abandoning module MRMesh (198)
[2019.05.14-06.21.20:978][ 73]LogModuleManager: Shutting down and abandoning module SourceCodeAccess (196)
[2019.05.14-06.21.20:978][ 73]LogModuleManager: Shutting down and abandoning module HeadMountedDisplay (194)
[2019.05.14-06.21.20:978][ 73]LogModuleManager: Shutting down and abandoning module XAudio2 (192)
[2019.05.14-06.21.20:978][ 73]LogModuleManager: Shutting down and abandoning module Networking (190)
[2019.05.14-06.21.20:978][ 73]LogModuleManager: Shutting down and abandoning module Core (188)
[2019.05.14-06.21.20:978][ 73]LogModuleManager: Shutting down and abandoning module LevelSequence (186)
[2019.05.14-06.21.20:978][ 73]LogModuleManager: Shutting down and abandoning module KismetCompiler (184)
[2019.05.14-06.21.20:978][ 73]LogModuleManager: Shutting down and abandoning module MeshUtilities (182)
[2019.05.14-06.21.20:984][ 73]LogModuleManager: Shutting down and abandoning module MeshMergeUtilities (181)
[2019.05.14-06.21.20:985][ 73]LogModuleManager: Shutting down and abandoning module MeshReductionInterface (180)
[2019.05.14-06.21.20:985][ 73]LogModuleManager: Shutting down and abandoning module SimplygonSwarm (179)
[2019.05.14-06.21.20:992][ 73]LogModuleManager: Shutting down and abandoning module ProxyLODMeshReduction (177)
[2019.05.14-06.21.21:021][ 73]LogModuleManager: Shutting down and abandoning module SimplygonMeshReduction (175)
[2019.05.14-06.21.21:022][ 73]LogModuleManager: Shutting down and abandoning module QuadricMeshReduction (173)
[2019.05.14-06.21.21:022][ 73]LogModuleManager: Shutting down and abandoning module MaterialBaking (169)
[2019.05.14-06.21.21:022][ 73]LogModuleManager: Shutting down and abandoning module DirectoryWatcher (165)
[2019.05.14-06.21.21:022][ 73]LogModuleManager: Shutting down and abandoning module DerivedDataCache (162)
[2019.05.14-06.21.21:023][ 73]LogDerivedDataCache: Shutdown
[2019.05.14-06.21.21:023][ 73]LogModuleManager: Shutting down and abandoning module XGEController (160)
[2019.05.14-06.21.21:023][ 73]LogXGEController: Cleaning working directory: C:/Users/Davo/AppData/Local/Temp/UnrealXGEWorkingDir/
[2019.05.14-06.21.21:024][ 73]LogModuleManager: Shutting down and abandoning module TargetPlatform (158)
[2019.05.14-06.21.21:024][ 73]LogModuleManager: Shutting down and abandoning module VulkanShaderFormat (157)
[2019.05.14-06.21.21:024][ 73]LogModuleManager: Shutting down and abandoning module ShaderFormatVectorVM (155)
[2019.05.14-06.21.21:024][ 73]LogModuleManager: Shutting down and abandoning module ShaderFormatOpenGL (153)
[2019.05.14-06.21.21:034][ 73]LogModuleManager: Shutting down and abandoning module ShaderFormatD3D (151)
[2019.05.14-06.21.21:034][ 73]LogModuleManager: Shutting down and abandoning module MetalShaderFormat (149)
[2019.05.14-06.21.21:042][ 73]LogModuleManager: Shutting down and abandoning module TextureFormatUncompressed (147)
[2019.05.14-06.21.21:042][ 73]LogModuleManager: Shutting down and abandoning module TextureFormatPVR (145)
[2019.05.14-06.21.21:042][ 73]LogModuleManager: Shutting down and abandoning module TextureFormatDXT (143)
[2019.05.14-06.21.21:042][ 73]LogModuleManager: Shutting down and abandoning module TextureFormatIntelISPCTexComp (141)
[2019.05.14-06.21.21:042][ 73]LogModuleManager: Shutting down and abandoning module TextureFormatASTC (139)
[2019.05.14-06.21.21:042][ 73]LogModuleManager: Shutting down and abandoning module ImageWrapper (138)
[2019.05.14-06.21.21:042][ 73]LogModuleManager: Shutting down and abandoning module TextureFormatAndroid (135)
[2019.05.14-06.21.21:042][ 73]LogModuleManager: Shutting down and abandoning module AudioFormatOpus (133)
[2019.05.14-06.21.21:042][ 73]LogModuleManager: Shutting down and abandoning module AudioFormatOgg (131)
[2019.05.14-06.21.21:042][ 73]LogModuleManager: Shutting down and abandoning module AudioFormatADPCM (129)
[2019.05.14-06.21.21:042][ 73]LogModuleManager: Shutting down and abandoning module LuminTargetPlatform (127)
[2019.05.14-06.21.21:042][ 73]LogModuleManager: Shutting down and abandoning module LinuxTargetPlatform (125)
[2019.05.14-06.21.21:043][ 73]LogModuleManager: Shutting down and abandoning module LinuxServerTargetPlatform (123)
[2019.05.14-06.21.21:043][ 73]LogModuleManager: Shutting down and abandoning module LinuxNoEditorTargetPlatform (121)
[2019.05.14-06.21.21:043][ 73]LogModuleManager: Shutting down and abandoning module LinuxClientTargetPlatform (119)
[2019.05.14-06.21.21:043][ 73]LogModuleManager: Shutting down and abandoning module TVOSTargetPlatform (117)
[2019.05.14-06.21.21:044][ 73]LogModuleManager: Shutting down and abandoning module Messaging (115)
[2019.05.14-06.21.21:044][ 73]LogModuleManager: Shutting down and abandoning module IOSTargetPlatform (113)
[2019.05.14-06.21.21:045][ 73]LogModuleManager: Shutting down and abandoning module HTML5TargetPlatform (111)
[2019.05.14-06.21.21:045][ 73]LogModuleManager: Shutting down and abandoning module AndroidTargetPlatform (109)
[2019.05.14-06.21.21:055][ 73]LogModuleManager: Shutting down and abandoning module WindowsTargetPlatform (107)
[2019.05.14-06.21.21:055][ 73]LogModuleManager: Shutting down and abandoning module WindowsServerTargetPlatform (105)
[2019.05.14-06.21.21:055][ 73]LogModuleManager: Shutting down and abandoning module WindowsNoEditorTargetPlatform (103)
[2019.05.14-06.21.21:055][ 73]LogModuleManager: Shutting down and abandoning module WindowsClientTargetPlatform (101)
[2019.05.14-06.21.21:055][ 73]LogModuleManager: Shutting down and abandoning module MacTargetPlatform (99)
[2019.05.14-06.21.21:055][ 73]LogModuleManager: Shutting down and abandoning module MacServerTargetPlatform (97)
[2019.05.14-06.21.21:055][ 73]LogModuleManager: Shutting down and abandoning module MacNoEditorTargetPlatform (95)
[2019.05.14-06.21.21:055][ 73]LogModuleManager: Shutting down and abandoning module MacClientTargetPlatform (93)
[2019.05.14-06.21.21:055][ 73]LogModuleManager: Shutting down and abandoning module AllDesktopTargetPlatform (91)
[2019.05.14-06.21.21:055][ 73]LogModuleManager: Shutting down and abandoning module InputCore (88)
[2019.05.14-06.21.21:055][ 73]LogModuleManager: Shutting down and abandoning module Settings (86)
[2019.05.14-06.21.21:055][ 73]LogModuleManager: Shutting down and abandoning module PhysXCooking (84)
[2019.05.14-06.21.21:055][ 73]LogModuleManager: Shutting down and abandoning module SteamVR (82)
[2019.05.14-06.21.21:055][ 73]LogModuleManager: Shutting down and abandoning module OculusHMD (80)
[2019.05.14-06.21.21:055][ 73]LogModuleManager: Shutting down and abandoning module ExampleDeviceProfileSelector (78)
[2019.05.14-06.21.21:055][ 73]LogModuleManager: Shutting down and abandoning module LauncherChunkInstaller (76)
[2019.05.14-06.21.21:055][ 73]LogModuleManager: Shutting down and abandoning module OnlineBlueprintSupport (74)
[2019.05.14-06.21.21:055][ 73]LogModuleManager: Shutting down and abandoning module OnlineSubsystem (70)
[2019.05.14-06.21.21:073][ 73]LogModuleManager: Shutting down and abandoning module XMPP (65)
[2019.05.14-06.21.21:090][ 73]LogModuleManager: Shutting down and abandoning module WebSockets (64)
[2019.05.14-06.21.21:136][ 73]LogModuleManager: Shutting down and abandoning module HTTP (61)
[2019.05.14-06.21.21:136][ 73]LogHttp: Display: Http module shutting down, but needs to wait on 1 outstanding Http requests:
[2019.05.14-06.21.21:136][ 73]LogHttp: Display: 	verb=[POST] url=[https://datarouter.ol.epicgames.com/datarouter/api/v1/public/data?SessionID=%7B28509A5C-4A20-B827-4E19-E09FB47D06EA%7D&AppID=UEEditor.Rocket.Release&AppVersion=4.20.3-4369336%2B%2B%2BUE4%2BRelease-4.20&UserID=fa085f4341de5d6170229996f45a854d%7C5edd635fc95b46809bdb8aec8acf509d%7Cc86cc5ac-2eb8-4fc7-8941-08952f4f3921&AppEnvironment=datacollector-binary&UploadType=eteventstream] status=Processing
[2019.05.14-06.21.21:163][ 73]LogModuleManager: Shutting down and abandoning module SSL (60)
[2019.05.14-06.21.21:164][ 73]LogModuleManager: Shutting down and abandoning module MagicLeapEmulator (56)
[2019.05.14-06.21.21:164][ 73]LogModuleManager: Shutting down and abandoning module MagicLeapPrivileges (54)
[2019.05.14-06.21.21:164][ 73]LogModuleManager: Shutting down and abandoning module MagicLeapIdentity (52)
[2019.05.14-06.21.21:164][ 73]LogModuleManager: Shutting down and abandoning module MagicLeapHelperVulkan (50)
[2019.05.14-06.21.21:164][ 73]LogModuleManager: Shutting down and abandoning module MagicLeapHelperOpenGL (48)
[2019.05.14-06.21.21:164][ 73]LogModuleManager: Shutting down and abandoning module MagicLeapSecureStorage (46)
[2019.05.14-06.21.21:164][ 73]LogModuleManager: Shutting down and abandoning module MagicLeapGestures (44)
[2019.05.14-06.21.21:164][ 73]LogModuleManager: Shutting down and abandoning module MagicLeapEyeTracker (42)
[2019.05.14-06.21.21:164][ 73]LogModuleManager: Shutting down and abandoning module MagicLeapController (40)
[2019.05.14-06.21.21:164][ 73]LogSlate: Slate User Destroyed.  User Index 0, Is Virtual User: 0
[2019.05.14-06.21.21:165][ 73]LogModuleManager: Shutting down and abandoning module MagicLeap (38)
[2019.05.14-06.21.21:165][ 73]LogModuleManager: Shutting down and abandoning module AnimationModifiers (36)
[2019.05.14-06.21.21:173][ 73]LogModuleManager: Shutting down and abandoning module PropertyEditor (35)
[2019.05.14-06.21.21:173][ 73]LogModuleManager: Shutting down and abandoning module AudioEditor (32)
[2019.05.14-06.21.21:187][ 73]LogModuleManager: Shutting down and abandoning module TextureCompressor (30)
[2019.05.14-06.21.21:187][ 73]LogModuleManager: Shutting down and abandoning module ShaderCore (28)
[2019.05.14-06.21.21:187][ 73]LogModuleManager: Shutting down and abandoning module Landscape (26)
[2019.05.14-06.21.21:187][ 73]LogModuleManager: Shutting down and abandoning module SlateRHIRenderer (24)
[2019.05.14-06.21.21:200][ 73]LogModuleManager: Shutting down and abandoning module OpenGLDrv (22)
[2019.05.14-06.21.21:208][ 73]LogModuleManager: Shutting down and abandoning module D3D11RHI (20)
[2019.05.14-06.21.21:208][ 73]LogModuleManager: Shutting down and abandoning module AnimGraphRuntime (18)
[2019.05.14-06.21.21:208][ 73]LogModuleManager: Shutting down and abandoning module Renderer (16)
[2019.05.14-06.21.21:208][ 73]LogModuleManager: Shutting down and abandoning module Engine (14)
[2019.05.14-06.21.21:208][ 73]LogModuleManager: Shutting down and abandoning module CoreUObject (12)
[2019.05.14-06.21.21:208][ 73]LogModuleManager: Shutting down and abandoning module NetworkFile (10)
[2019.05.14-06.21.21:208][ 73]LogModuleManager: Shutting down and abandoning module CookedIterativeFile (8)
[2019.05.14-06.21.21:208][ 73]LogModuleManager: Shutting down and abandoning module StreamingFile (6)
[2019.05.14-06.21.21:208][ 73]LogModuleManager: Shutting down and abandoning module SandboxFile (4)
[2019.05.14-06.21.21:208][ 73]LogModuleManager: Shutting down and abandoning module PakFile (2)
[2019.05.14-06.21.21:213][ 73]LogExit: Exiting.
[2019.05.14-06.21.21:242][ 73]Log file closed, 05/14/19 08:21:21
