Log file open, 04/09/19 13:46:02
LogWindows: Failed to load 'aqProf.dll' (GetLastError=126)
LogWindows: File 'aqProf.dll' does not exist
LogWindows: Failed to load 'VSPerf140.dll' (GetLastError=126)
LogWindows: File 'VSPerf140.dll' does not exist
LogWindows: Failed to load 'VtuneApi.dll' (GetLastError=126)
LogWindows: File 'VtuneApi.dll' does not exist
LogWindows: Failed to load 'VtuneApi32e.dll' (GetLastError=126)
LogWindows: File 'VtuneApi32e.dll' does not exist
LogInit: Display: Running engine for game: ProjectBarter
LogPlatformFile: Not using cached read wrapper
LogTaskGraph: Started task graph with 5 named threads and 23 total threads with 3 sets of task threads.
LogStats: Stats thread started at 0.292203
LogD3D11RHI: Loaded GFSDK_Aftermath_Lib.x64.dll
LogICUInternationalization: Display: ICU TimeZone Detection - Raw Offset: +1:00, Platform Override: ''
LogPluginManager: Mounting plugin Paper2D
LogPluginManager: Mounting plugin AISupport
LogPluginManager: Mounting plugin LightPropagationVolume
LogPluginManager: Mounting plugin CLionSourceCodeAccess
LogPluginManager: Mounting plugin CodeLiteSourceCodeAccess
LogPluginManager: Mounting plugin GitSourceControl
LogPluginManager: Mounting plugin KDevelopSourceCodeAccess
LogPluginManager: Mounting plugin NullSourceCodeAccess
LogPluginManager: Mounting plugin PerforceSourceControl
LogPluginManager: Mounting plugin SubversionSourceControl
LogPluginManager: Mounting plugin UObjectPlugin
LogPluginManager: Mounting plugin VisualStudioCodeSourceCodeAccess
LogPluginManager: Mounting plugin VisualStudioSourceCodeAccess
LogPluginManager: Mounting plugin XCodeSourceCodeAccess
LogPluginManager: Mounting plugin AssetManagerEditor
LogPluginManager: Mounting plugin CryptoKeys
LogPluginManager: Mounting plugin DataValidation
LogPluginManager: Mounting plugin FacialAnimation
LogPluginManager: Mounting plugin GameplayTagsEditor
LogPluginManager: Mounting plugin MacGraphicsSwitching
LogPluginManager: Mounting plugin MeshEditor
LogPluginManager: Mounting plugin MobileLauncherProfileWizard
LogPluginManager: Mounting plugin PluginBrowser
LogPluginManager: Mounting plugin SpeedTreeImporter
LogPluginManager: Mounting plugin DatasmithContent
LogPluginManager: Mounting plugin AlembicImporter
LogPluginManager: Mounting plugin AppleImageUtils
LogPluginManager: Mounting plugin AppleVision
LogPluginManager: Mounting plugin BackChannel
LogPluginManager: Mounting plugin CharacterAI
LogPluginManager: Mounting plugin GeometryCache
LogPluginManager: Mounting plugin HTML5Networking
LogPluginManager: Mounting plugin ProxyLODPlugin
LogPluginManager: Mounting plugin MagicLeap
LogPluginManager: Mounting plugin MagicLeapEmulator
LogPluginManager: Mounting plugin MagicLeapMedia
LogPluginManager: Mounting plugin AndroidMedia
LogPluginManager: Mounting plugin AvfMedia
LogPluginManager: Mounting plugin ImgMedia
LogPluginManager: Mounting plugin LinearTimecode
LogPluginManager: Mounting plugin MediaCompositing
LogPluginManager: Mounting plugin MediaPlayerEditor
LogPluginManager: Mounting plugin WmfMedia
LogPluginManager: Mounting plugin TcpMessaging
LogPluginManager: Mounting plugin UdpMessaging
LogPluginManager: Mounting plugin ActorSequence
LogPluginManager: Mounting plugin LevelSequenceEditor
LogPluginManager: Mounting plugin MatineeToLevelSequence
LogPluginManager: Mounting plugin NetcodeUnitTest
LogPluginManager: Mounting plugin NUTUnrealEngine4
LogPluginManager: Mounting plugin OnlineSubsystemGooglePlay
LogPluginManager: Mounting plugin OnlineSubsystemIOS
LogPluginManager: Mounting plugin OnlineSubsystem
LogPluginManager: Mounting plugin OnlineSubsystemNull
LogPluginManager: Mounting plugin OnlineSubsystemUtils
LogPluginManager: Mounting plugin LauncherChunkInstaller
LogPluginManager: Mounting plugin AndroidDeviceProfileSelector
LogPluginManager: Mounting plugin AndroidMoviePlayer
LogPluginManager: Mounting plugin AndroidPermission
LogPluginManager: Mounting plugin AppleMoviePlayer
LogPluginManager: Mounting plugin ArchVisCharacter
LogPluginManager: Mounting plugin AudioCapture
LogPluginManager: Mounting plugin CableComponent
LogPluginManager: Mounting plugin CustomMeshComponent
LogPluginManager: Mounting plugin EditableMesh
LogPluginManager: Mounting plugin ExampleDeviceProfileSelector
LogPluginManager: Mounting plugin GoogleCloudMessaging
LogPluginManager: Mounting plugin ImmediatePhysics
LogPluginManager: Mounting plugin IOSDeviceProfileSelector
LogPluginManager: Mounting plugin LinuxDeviceProfileSelector
LogPluginManager: Mounting plugin LocationServicesBPLibrary
LogPluginManager: Mounting plugin MobilePatchingUtils
LogPluginManager: Mounting plugin OculusVR
LogPluginManager: Plugin shader directory ../../../Engine/Plugins/Runtime/Oculus/OculusVR/Shaders found
LogPluginManager: Mapping shader source directory ../../../Engine/Plugins/Runtime/Oculus/OculusVR/Shaders to virtual directory /Plugin/OculusVR
LogPluginManager: Mounting plugin PhysXVehicles
LogPluginManager: Mounting plugin ProceduralMeshComponent
LogPluginManager: Mounting plugin RuntimePhysXCooking
LogPluginManager: Mounting plugin SteamVR
LogPluginManager: Mounting plugin WindowsMoviePlayer
LogStreaming: Display: Took  0.134s to configure plugins.
LogInit: Using libcurl 7.55.1-DEV
LogInit:  - built for x86_64-pc-win32
LogInit:  - supports SSL with OpenSSL/1.0.2h
LogInit:  - supports HTTP deflate (compression) using libz 1.2.8
LogInit:  - other features:
LogInit:      CURL_VERSION_SSL
LogInit:      CURL_VERSION_LIBZ
LogInit:      CURL_VERSION_IPV6
LogInit:      CURL_VERSION_ASYNCHDNS
LogInit:      CURL_VERSION_LARGEFILE
LogInit:      CURL_VERSION_IDN
LogInit:  CurlRequestOptions (configurable via config and command line):
LogInit:  - bVerifyPeer = false  - Libcurl will NOT verify peer certificate
LogInit:  - bUseHttpProxy = false  - Libcurl will NOT use HTTP proxy
LogInit:  - bDontReuseConnections = false  - Libcurl will reuse connections
LogInit:  - CertBundlePath = nullptr  - Libcurl will use whatever was configured at build time.
LogInit:  - MaxHostConnections = 16  - Libcurl will limit the number of connections to a host
LogInit:  - LocalHostAddr = Default
LogInit:  - BufferSize = 65536
LogInit: WinSock: version 1.1 (2.2), MaxSocks=32767, MaxUdp=65467
LogInit: Build: ++UE4+Release-4.20-CL-4369336
LogInit: Engine Version: 4.20.3-4369336+++UE4+Release-4.20
LogInit: Compatible Engine Version: 4.20.0-4212847+++UE4+Release-4.20
LogInit: Net CL: 4212847
LogInit: OS: Windows 10 (), CPU: Intel(R) Core(TM) i7-7700HQ CPU @ 2.80GHz, GPU: Intel(R) HD Graphics 630
LogInit: Compiled (64-bit): Sep 17 2018 12:26:19
LogInit: Compiled with Visual C++: 19.13.26129.00
LogInit: Build Configuration: Development
LogInit: Branch Name: ++UE4+Release-4.20
LogInit: Command Line: -EpicPortal  -epicusername="WarZicks" -epicuserid=99887eaec6be48e1ab89856f117ef398 -epiclocale=fr-FR
LogInit: Base Directory: C:/Program Files/Epic Games/UE_4.20/Engine/Binaries/Win64/
LogInit: Installed Engine Build: 1
LogDevObjectVersion: Number of dev versions registered: 20
LogDevObjectVersion:   Dev-Blueprints (B0D832E4-1F89-4F0D-ACCF-7EB736FD4AA2): 10
LogDevObjectVersion:   Dev-Build (E1C64328-A22C-4D53-A36C-8E866417BD8C): 0
LogDevObjectVersion:   Dev-Core (375EC13C-06E4-48FB-B500-84F0262A717E): 2
LogDevObjectVersion:   Dev-Editor (E4B068ED-F494-42E9-A231-DA0B2E46BB41): 24
LogDevObjectVersion:   Dev-Framework (CFFC743F-43B0-4480-9391-14DF171D2073): 34
LogDevObjectVersion:   Dev-Mobile (B02B49B5-BB20-44E9-A304-32B752E40360): 2
LogDevObjectVersion:   Dev-Networking (A4E4105C-59A1-49B5-A7C5-40C4547EDFEE): 0
LogDevObjectVersion:   Dev-Online (39C831C9-5AE6-47DC-9A44-9C173E1C8E7C): 0
LogDevObjectVersion:   Dev-Physics (78F01B33-EBEA-4F98-B9B4-84EACCB95AA2): 0
LogDevObjectVersion:   Dev-Platform (6631380F-2D4D-43E0-8009-CF276956A95A): 0
LogDevObjectVersion:   Dev-Rendering (12F88B9F-8875-4AFC-A67C-D90C383ABD29): 26
LogDevObjectVersion:   Dev-Sequencer (7B5AE74C-D270-4C10-A958-57980B212A5A): 9
LogDevObjectVersion:   Dev-VR (D7296918-1DD6-4BDD-9DE2-64A83CC13884): 2
LogDevObjectVersion:   Dev-LoadTimes (C2A15278-BFE7-4AFE-6C17-90FF531DF755): 1
LogDevObjectVersion:   Private-Geometry (6EACA3D4-40EC-4CC1-B786-8BED09428FC5): 3
LogDevObjectVersion:   Dev-AnimPhys (29E575DD-E0A3-4627-9D10-D276232CDCEA): 17
LogDevObjectVersion:   Dev-ReflectionCapture (6B266CEC-1EC7-4B8F-A30B-E4D90942FC07): 1
LogDevObjectVersion:   Dev-Automation (0DF73D61-A23F-47EA-B727-89E90C41499A): 1
LogDevObjectVersion:   FortniteMain (601D1886-AC64-4F84-AA16-D3DE0DEAC7D6): 12
LogDevObjectVersion:   Dev-Enterprise (9DFFBCD6-494F-0158-E221-12823C92A888): 1
LogStreaming: Display: Took  0.018s to delete old logs.
LogInit: Presizing for max 8388607 objects, including 0 objects not considered by GC, pre-allocating 0 bytes for permanent pool.
LogInit: Object subsystem initialized
[2019.04.09-11.46.02:506][  0]LogInit: Selected Device Profile: [Windows]
[2019.04.09-11.46.02:506][  0]LogInit: Applying CVar settings loaded from the selected device profile: [Windows]
[2019.04.09-11.46.02:530][  0]LogHAL: Display: Platform has ~ 8 GB [8467357696 / 8589934592 / 8], which maps to Default [LargestMinGB=32, LargerMinGB=12, DefaultMinGB=8, SmallerMinGB=6, SmallestMinGB=0)
[2019.04.09-11.46.02:530][  0]LogInit: Setting Device Profile CVar: [[r.Vulkan.UseRealUBs:1]]
[2019.04.09-11.46.02:530][  0]LogInit: Going up to parent DeviceProfile []
[2019.04.09-11.46.02:531][  0]LogInit: Computer: DESKTOP-CQL9TV7
[2019.04.09-11.46.02:531][  0]LogInit: User: THéo
[2019.04.09-11.46.02:531][  0]LogInit: CPU Page size=4096, Cores=4
[2019.04.09-11.46.02:531][  0]LogInit: High frequency timer resolution =2.742188 MHz
[2019.04.09-11.46.02:531][  0]LogMemory: Memory total: Physical=7.9GB (8GB approx)
[2019.04.09-11.46.02:531][  0]LogMemory: Platform Memory Stats for Windows
[2019.04.09-11.46.02:531][  0]LogMemory: Process Physical Memory: 102.20 MB used, 102.20 MB peak
[2019.04.09-11.46.02:531][  0]LogMemory: Process Virtual Memory: 89.47 MB used, 89.47 MB peak
[2019.04.09-11.46.02:531][  0]LogMemory: Physical Memory: 5495.14 MB used,  2579.96 MB free, 8075.10 MB total
[2019.04.09-11.46.02:531][  0]LogMemory: Virtual Memory: 4629.38 MB used,  2579.96 MB free, 134217728.00 MB total
[2019.04.09-11.46.02:549][  0]LogInit: Using OS detected language (fr-FR).
[2019.04.09-11.46.02:549][  0]LogInit: Using OS detected locale (fr-FR).
[2019.04.09-11.46.02:550][  0]LogTextLocalizationManager: No specific localization for 'fr-FR' exists, so the 'fr' localization will be used.
[2019.04.09-11.46.02:553][  0]LogStreaming: Display: Took  0.004s to InitEngineTextLocalization.
[2019.04.09-11.46.02:553][  0]LogInit: Setting process to per monitor DPI aware
[2019.04.09-11.46.02:600][  0]LogSlate: New Slate User Created.  User Index 0, Is Virtual User: 0
[2019.04.09-11.46.02:600][  0]LogSlate: Slate User Registered.  User Index 0, Is Virtual User: 0
[2019.04.09-11.46.02:902][  0]LogHMD: Failed to initialize OpenVR with code 110
[2019.04.09-11.46.02:902][  0]LogD3D11RHI: D3D11 adapters:
[2019.04.09-11.46.02:978][  0]LogD3D11RHI:    0. 'NVIDIA GeForce GTX 1060' (Feature Level 11_0)
[2019.04.09-11.46.02:978][  0]LogD3D11RHI:       2987/0/4037 MB DedicatedVideo/DedicatedSystem/SharedSystem, Outputs:1, VendorId:0x10de
[2019.04.09-11.46.02:988][  0]LogD3D11RHI:    1. 'Intel(R) HD Graphics 630' (Feature Level 11_0)
[2019.04.09-11.46.02:988][  0]LogD3D11RHI:       128/0/4037 MB DedicatedVideo/DedicatedSystem/SharedSystem, Outputs:0, VendorId:0x8086
[2019.04.09-11.46.02:990][  0]LogD3D11RHI:    2. 'Microsoft Basic Render Driver' (Feature Level 11_0)
[2019.04.09-11.46.02:990][  0]LogD3D11RHI:       0/0/4037 MB DedicatedVideo/DedicatedSystem/SharedSystem, Outputs:0, VendorId:0x1414
[2019.04.09-11.46.02:990][  0]LogD3D11RHI: Chosen D3D11 Adapter: 0
[2019.04.09-11.46.03:018][  0]LogD3D11RHI: Creating new Direct3DDevice
[2019.04.09-11.46.03:018][  0]LogD3D11RHI:     GPU DeviceId: 0x1c20 (for the marketing name, search the web for "GPU Device Id")
[2019.04.09-11.46.03:018][  0]LogWindows: EnumDisplayDevices:
[2019.04.09-11.46.03:018][  0]LogWindows:    0. 'Intel(R) HD Graphics 630' (P:1 D:1)
[2019.04.09-11.46.03:019][  0]LogWindows:    1. 'Intel(R) HD Graphics 630' (P:0 D:0)
[2019.04.09-11.46.03:019][  0]LogWindows:    2. 'Intel(R) HD Graphics 630' (P:0 D:0)
[2019.04.09-11.46.03:019][  0]LogWindows:    3. 'NVIDIA GeForce GTX 1060' (P:0 D:0)
[2019.04.09-11.46.03:019][  0]LogWindows:    4. 'NVIDIA GeForce GTX 1060' (P:0 D:0)
[2019.04.09-11.46.03:020][  0]LogWindows:    5. 'NVIDIA GeForce GTX 1060' (P:0 D:0)
[2019.04.09-11.46.03:020][  0]LogWindows:    6. 'NVIDIA GeForce GTX 1060' (P:0 D:0)
[2019.04.09-11.46.03:020][  0]LogWindows: DebugString: PrimaryIsNotTheChoosenAdapter PrimaryIsNotTheChoosenAdapter PrimaryIsNotTheChoosenAdapter FoundDriverCount:4 
[2019.04.09-11.46.03:020][  0]LogD3D11RHI:     Adapter Name: NVIDIA GeForce GTX 1060
[2019.04.09-11.46.03:020][  0]LogD3D11RHI:   Driver Version: 399.01 (internal:24.21.13.9901, unified:399.01)
[2019.04.09-11.46.03:020][  0]LogD3D11RHI:      Driver Date: 8-13-2018
[2019.04.09-11.46.03:020][  0]LogRHI: Texture pool is 2090 MB (70% of 2987 MB)
[2019.04.09-11.46.03:065][  0]LogD3D11RHI: Async texture creation enabled
[2019.04.09-11.46.03:084][  0]LogD3D11RHI: GPU Timing Frequency: 1000.000000 (Debug: 2 2)
[2019.04.09-11.46.03:087][  0]LogShaderCompilers: Guid format shader working directory is -23 characters bigger than the processId version (D:/Documents/e-artsup/B2/Jeu Neolithique/ProjectBarter/ProjectBarter/Intermediate/Shaders/WorkingDirectory/2872/).
[2019.04.09-11.46.03:087][  0]LogShaderCompilers: Cleaned the shader compiler working directory 'C:/Users/THéo/AppData/Local/Temp/UnrealShaderWorkingDir/23E9BB7D4A1D926784AAFBB30180A5C2/'.
[2019.04.09-11.46.03:378][  0]LogTemp: Display: Loaded TP AllDesktopTargetPlatform
[2019.04.09-11.46.03:393][  0]LogTemp: Display: Loaded TP MacClientTargetPlatform
[2019.04.09-11.46.03:407][  0]LogTemp: Display: Loaded TP MacNoEditorTargetPlatform
[2019.04.09-11.46.03:422][  0]LogTemp: Display: Loaded TP MacServerTargetPlatform
[2019.04.09-11.46.03:436][  0]LogTemp: Display: Loaded TP MacTargetPlatform
[2019.04.09-11.46.03:450][  0]LogTemp: Display: Loaded TP WindowsClientTargetPlatform
[2019.04.09-11.46.03:465][  0]LogTemp: Display: Loaded TP WindowsNoEditorTargetPlatform
[2019.04.09-11.46.03:480][  0]LogTemp: Display: Loaded TP WindowsServerTargetPlatform
[2019.04.09-11.46.03:487][  0]LogTemp: Display: Loaded TP WindowsTargetPlatform
[2019.04.09-11.46.03:570][  0]LogTemp: Display: Loaded TP AndroidTargetPlatform
[2019.04.09-11.46.03:570][  0]LogTemp: Display: Loaded TP AndroidTargetPlatform
[2019.04.09-11.46.03:570][  0]LogTemp: Display: Loaded TP AndroidTargetPlatform
[2019.04.09-11.46.03:570][  0]LogTemp: Display: Loaded TP AndroidTargetPlatform
[2019.04.09-11.46.03:570][  0]LogTemp: Display: Loaded TP AndroidTargetPlatform
[2019.04.09-11.46.03:570][  0]LogTemp: Display: Loaded TP AndroidTargetPlatform
[2019.04.09-11.46.03:570][  0]LogTemp: Display: Loaded TP AndroidTargetPlatform
[2019.04.09-11.46.03:570][  0]LogTemp: Display: Loaded TP AndroidTargetPlatform
[2019.04.09-11.46.03:570][  0]LogTemp: Display: Loaded TP AndroidTargetPlatform
[2019.04.09-11.46.03:570][  0]LogTemp: Display: Loaded TP AndroidTargetPlatform
[2019.04.09-11.46.03:570][  0]LogTemp: Display: Loaded TP AndroidTargetPlatform
[2019.04.09-11.46.03:570][  0]LogTemp: Display: Loaded TP AndroidTargetPlatform
[2019.04.09-11.46.03:570][  0]LogTemp: Display: Loaded TP AndroidTargetPlatform
[2019.04.09-11.46.03:570][  0]LogTemp: Display: Loaded TP AndroidTargetPlatform
[2019.04.09-11.46.03:570][  0]LogTemp: Display: Loaded TP AndroidTargetPlatform
[2019.04.09-11.46.03:571][  0]LogTemp: Display: Loaded TP AndroidTargetPlatform
[2019.04.09-11.46.03:571][  0]LogTemp: Display: Loaded TP AndroidTargetPlatform
[2019.04.09-11.46.03:571][  0]LogTemp: Display: Loaded TP AndroidTargetPlatform
[2019.04.09-11.46.03:572][  0]LogTemp: Display: Loaded TP HTML5TargetPlatform
[2019.04.09-11.46.03:633][  0]LogTemp: Display: Loaded TP IOSTargetPlatform
[2019.04.09-11.46.03:633][  0]LogTemp: Display: Loaded TP IOSTargetPlatform
[2019.04.09-11.46.03:656][  0]LogTemp: Display: Loaded TP TVOSTargetPlatform
[2019.04.09-11.46.03:657][  0]LogTemp: Display: Loaded TP TVOSTargetPlatform
[2019.04.09-11.46.03:669][  0]LogTemp: Display: Loaded TP LinuxClientTargetPlatform
[2019.04.09-11.46.03:682][  0]LogTemp: Display: Loaded TP LinuxNoEditorTargetPlatform
[2019.04.09-11.46.03:695][  0]LogTemp: Display: Loaded TP LinuxServerTargetPlatform
[2019.04.09-11.46.03:708][  0]LogTemp: Display: Loaded TP LinuxTargetPlatform
[2019.04.09-11.46.03:717][  0]LogTemp: Display: Loaded TP LuminTargetPlatform
[2019.04.09-11.46.03:717][  0]LogTargetPlatformManager: Display: Building Assets For Windows
[2019.04.09-11.46.03:786][  0]LogXGEController: Cannot use XGE Controller as Incredibuild is not installed on this machine.
[2019.04.09-11.46.03:786][  0]LogShaderCompilers: Cannot use XGE Shader Compiler as Incredibuild is not installed on this machine.
[2019.04.09-11.46.03:786][  0]LogShaderCompilers: Display: Using Local Shader Compiler.
[2019.04.09-11.46.04:542][  0]LogDerivedDataCache: Display: Max Cache Size: 512 MB
[2019.04.09-11.46.04:601][  0]LogDerivedDataCache: Loaded boot cache 0.06s 71MB C:/Users/THéo/AppData/Local/UnrealEngine/4.20/DerivedDataCache/Boot.ddc.
[2019.04.09-11.46.04:602][  0]LogDerivedDataCache: Display: Loaded Boot cache: C:/Users/THéo/AppData/Local/UnrealEngine/4.20/DerivedDataCache/Boot.ddc
[2019.04.09-11.46.04:602][  0]LogDerivedDataCache: FDerivedDataBackendGraph:  Pak pak cache file D:/Documents/e-artsup/B2/Jeu Neolithique/ProjectBarter/ProjectBarter/DerivedDataCache/DDC.ddp not found, will not use a pak cache.
[2019.04.09-11.46.04:602][  0]LogDerivedDataCache: Unable to find inner node Pak for hierarchical cache Hierarchy.
[2019.04.09-11.46.04:602][  0]LogDerivedDataCache: FDerivedDataBackendGraph:  CompressedPak pak cache file D:/Documents/e-artsup/B2/Jeu Neolithique/ProjectBarter/ProjectBarter/DerivedDataCache/Compressed.ddp not found, will not use a pak cache.
[2019.04.09-11.46.04:602][  0]LogDerivedDataCache: Unable to find inner node CompressedPak for hierarchical cache Hierarchy.
[2019.04.09-11.46.04:617][  0]LogDerivedDataCache: Display: Pak cache opened for reading ../../../Engine/DerivedDataCache/Compressed.ddp.
[2019.04.09-11.46.04:629][  0]LogDerivedDataCache: Using Local data cache path C:/Users/THéo/AppData/Local/UnrealEngine/Common/DerivedDataCache: Writable
[2019.04.09-11.46.04:629][  0]LogDerivedDataCache: Shared data cache path not found in *engine.ini, will not use an Shared cache.
[2019.04.09-11.46.04:629][  0]LogDerivedDataCache: Unable to find inner node Shared for hierarchical cache Hierarchy.
[2019.04.09-11.46.04:646][  0]LogMaterial: Verifying Global Shaders for PCD3D_SM5
[2019.04.09-11.46.04:648][  0]LogSlate: Using FreeType 2.6.0
[2019.04.09-11.46.04:648][  0]LogSlate: SlateFontServices - WITH_FREETYPE: 1, WITH_HARFBUZZ: 1
[2019.04.09-11.46.04:738][  0]LogAssetRegistry: FAssetRegistry took 0.0261 seconds to start up
[2019.04.09-11.46.05:043][  0]LogInit: Selected Device Profile: [Windows]
[2019.04.09-11.46.05:179][  0]LogSimplygon: Simplygon DLL not present - disabling.
[2019.04.09-11.46.05:184][  0]LogMeshReduction: Using SimplygonSwarm for distributed automatic mesh merging
[2019.04.09-11.46.05:184][  0]LogMeshReduction: Using ProxyLODMeshReduction for automatic mesh merging
[2019.04.09-11.46.05:184][  0]LogMeshReduction: Using QuadricMeshReduction for automatic static mesh reduction
[2019.04.09-11.46.05:184][  0]LogMeshReduction: No automatic skeletal mesh reduction module available
[2019.04.09-11.46.05:202][  0]LogNetVersion: ProjectBarter 1.0.0, NetCL: 4212847, EngineNetVer: 5, GameNetVer: 0 (Checksum: 2697442201)
[2019.04.09-11.46.05:855][  0]LogPackageLocalizationCache: Processed 11 localized package path(s) for 2 prioritized culture(s) in 0.156720 seconds
[2019.04.09-11.46.05:861][  0]LogUObjectArray: 38425 objects as part of root set at end of initial load.
[2019.04.09-11.46.05:861][  0]LogUObjectAllocator: 6690872 out of 0 bytes used by permanent object pool.
[2019.04.09-11.46.05:861][  0]LogUObjectArray: CloseDisregardForGC: 0/0 objects in disregard for GC pool
[2019.04.09-11.46.06:887][  0]LogTcpMessaging: Initializing TcpMessaging bridge
[2019.04.09-11.46.06:900][  0]LogUdpMessaging: Initializing bridge on interface 0.0.0.0:0 to multicast group 230.0.0.1:6666.
[2019.04.09-11.46.07:050][  0]SourceControl: Source control is disabled
[2019.04.09-11.46.07:050][  0]SourceControl: Source control is disabled
[2019.04.09-11.46.07:052][  0]SourceControl: Source control is disabled
[2019.04.09-11.46.07:053][  0]SourceControl: Source control is disabled
[2019.04.09-11.46.07:216][  0]LogAndroidPermission: UAndroidPermissionCallbackProxy::GetInstance
[2019.04.09-11.46.07:270][  0]LogOcInput: OculusInput pre-init called
[2019.04.09-11.46.07:333][  0]LogEngine: Initializing Engine...
[2019.04.09-11.46.07:334][  0]LogHMD: Failed to initialize OpenVR with code 110
[2019.04.09-11.46.07:336][  0]LogStats: UGameplayTagsManager::ConstructGameplayTagTree: ImportINI prefixes -  0.000 s
[2019.04.09-11.46.07:336][  0]LogStats: UGameplayTagsManager::ConstructGameplayTagTree: Construct from data asset -  0.000 s
[2019.04.09-11.46.07:336][  0]LogStats: UGameplayTagsManager::ConstructGameplayTagTree: ImportINI -  0.000 s
[2019.04.09-11.46.07:336][  0]LogStats: UGameplayTagsManager::ConstructGameplayTagTree: GameplayTagTreeChangedEvent.Broadcast -  0.000 s
[2019.04.09-11.46.07:597][  0]LogInit: Initializing FReadOnlyCVARCache
[2019.04.09-11.46.07:611][  0]LogAIModule: Creating AISystem for world Untitled
[2019.04.09-11.46.07:624][  0]LogInit: XAudio2 using 'Haut-parleurs (Realtek High Definition Audio)' : 2 channels at 48 kHz using 32 bits per sample (channel mask 0x3)
[2019.04.09-11.46.07:787][  0]LogInit: FAudioDevice initialized.
[2019.04.09-11.46.07:788][  0]LogNetVersion: Set ProjectVersion to 1.0.0.0. Version Checksum will be recalculated on next use.
[2019.04.09-11.46.07:874][  0]LogDerivedDataCache: Saved boot cache 0.09s 71MB C:/Users/THéo/AppData/Local/UnrealEngine/4.20/DerivedDataCache/Boot.ddc.
[2019.04.09-11.46.07:874][  0]LogInit: Texture streaming: Enabled
[2019.04.09-11.46.07:897][  0]LogEngineSessionManager: EngineSessionManager initialized
[2019.04.09-11.46.07:913][  0]LogInit: Transaction tracking system initialized
[2019.04.09-11.46.07:947][  0]BlueprintLog: New page: Editor Load
[2019.04.09-11.46.08:040][  0]LocalizationService: Localization service is disabled
[2019.04.09-11.46.08:357][  0]LogCook: Display: Max memory allowance for cook 16384mb min free memory 0mb
[2019.04.09-11.46.08:357][  0]LogCook: Display: Mobile HDR setting 1
[2019.04.09-11.46.08:358][  0]LogGameplayTags: Display: UGameplayTagsManager::DoneAddingNativeTags. DelegateIsBound: 0
[2019.04.09-11.46.08:358][  0]LogStats: UGameplayTagsManager::ConstructGameplayTagTree: ImportINI prefixes -  0.000 s
[2019.04.09-11.46.08:358][  0]LogStats: UGameplayTagsManager::ConstructGameplayTagTree: Construct from data asset -  0.000 s
[2019.04.09-11.46.08:358][  0]LogStats: UGameplayTagsManager::ConstructGameplayTagTree: ImportINI -  0.000 s
[2019.04.09-11.46.08:358][  0]LogStats: UGameplayTagsManager::ConstructGameplayTagTree: GameplayTagTreeChangedEvent.Broadcast -  0.000 s
[2019.04.09-11.46.08:493][  0]LogFileCache: Scanning file cache for directory 'D:/Documents/e-artsup/B2/Jeu Neolithique/ProjectBarter/ProjectBarter/Content/' took 0.16s
[2019.04.09-11.46.08:493][  0]SourceControl: Source control is disabled
[2019.04.09-11.46.08:493][  0]Cmd: MAP LOAD FILE="D:/Documents/e-artsup/B2/Jeu Neolithique/ProjectBarter/ProjectBarter/Content/TopDownBP/Maps/TopDownExampleMap.umap" TEMPLATE=0 SHOWPROGRESS=1 FEATURELEVEL=3
[2019.04.09-11.46.08:523][  0]LightingResults: New page: Lighting Build
[2019.04.09-11.46.08:526][  0]MapCheck: New page: Map Check
[2019.04.09-11.46.08:526][  0]LightingResults: New page: Lighting Build
[2019.04.09-11.46.12:145][  0]LogAIModule: Creating AISystem for world TopDownExampleMap
[2019.04.09-11.46.12:197][  0]LogEditorServer: Finished looking for orphan Actors (0.000 secs)
[2019.04.09-11.46.12:233][  0]Cmd: MAP CHECKDEP NOCLEARLOG
[2019.04.09-11.46.12:341][  0]MapCheck: Map check complete: 0 Error(s), 0 Warning(s), took 108,397ms to complete.
[2019.04.09-11.46.12:341][  0]LogFileHelpers: Loading map 'TopDownExampleMap' took 3.848
[2019.04.09-11.46.12:518][  0]LogSlate: Updating window title bar state: overlay mode, drag disabled, window buttons hidden, title bar hidden
[2019.04.09-11.46.12:527][  0]LogSlate: Updating window title bar state: overlay mode, drag disabled, window buttons hidden, title bar hidden
[2019.04.09-11.46.12:533][  0]LogSlate: Updating window title bar state: overlay mode, drag disabled, window buttons hidden, title bar hidden
[2019.04.09-11.46.12:540][  0]LogSlate: Updating window title bar state: overlay mode, drag disabled, window buttons hidden, title bar hidden
[2019.04.09-11.46.12:560][  0]LogCollectionManager: Loaded 0 collections in 0.002213 seconds
[2019.04.09-11.46.12:626][  0]LogFileCache: Scanning file cache for directory 'D:/Documents/e-artsup/B2/Jeu Neolithique/ProjectBarter/ProjectBarter/Saved/Collections/' took 0.01s
[2019.04.09-11.46.12:626][  0]LogFileCache: Scanning file cache for directory 'D:/Documents/e-artsup/B2/Jeu Neolithique/ProjectBarter/ProjectBarter/Content/Developers/THéo/Collections/' took 0.01s
[2019.04.09-11.46.12:626][  0]LogFileCache: Scanning file cache for directory 'D:/Documents/e-artsup/B2/Jeu Neolithique/ProjectBarter/ProjectBarter/Content/Collections/' took 0.01s
[2019.04.09-11.46.12:626][  0]LogCollectionManager: Rebuilt the GUID cache for 0 collections in 0.000000 seconds
[2019.04.09-11.46.12:641][  0]LogContentBrowser: Native class hierarchy populated in 0.0125 seconds. Added 2579 classes and 605 folders.
[2019.04.09-11.46.12:664][  0]LogContentBrowser: Native class hierarchy updated for 'WidgetCarousel' in 0.0002 seconds. Added 0 classes and 0 folders.
[2019.04.09-11.46.12:833][  0]LogContentBrowser: Native class hierarchy updated for 'AddContentDialog' in 0.0002 seconds. Added 0 classes and 0 folders.
[2019.04.09-11.46.12:856][  0]LogContentBrowser: Native class hierarchy updated for 'SceneOutliner' in 0.0003 seconds. Added 1 classes and 2 folders.
[2019.04.09-11.46.13:098][  0]LogSlate: Took 0.000528 seconds to synchronously load lazily loaded font '../../../Engine/Content/Slate/Fonts/Roboto-Regular.ttf' (155K)
[2019.04.09-11.46.13:102][  0]LogSlate: Took 0.000493 seconds to synchronously load lazily loaded font '../../../Engine/Content/Slate/Fonts/Roboto-Bold.ttf' (160K)
[2019.04.09-11.46.13:121][  0]LogSlate: Took 0.002829 seconds to synchronously load lazily loaded font '../../../Engine/Content/Editor/Slate/Fonts/FontAwesome.ttf' (139K)
[2019.04.09-11.46.13:213][  0]LogRenderer: Reallocating scene render targets to support 1072x508 Format 10 NumSamples 1 (Frame:1).
[2019.04.09-11.46.13:507][  0]LogContentBrowser: Native class hierarchy updated for 'HierarchicalLODOutliner' in 0.0002 seconds. Added 0 classes and 0 folders.
[2019.04.09-11.46.13:507][  0]LogLoad: (Engine Initialization) Total time: 13.69 seconds
[2019.04.09-11.46.13:507][  0]LogLoad: (Engine Initialization) Total Blueprint compile time: 0.00 seconds
[2019.04.09-11.46.13:519][  0]LogWindowsTextInputMethodSystem: Display: IME system now deactivated.
[2019.04.09-11.46.13:560][  0]LogContentStreaming: Texture pool size now 1000 MB
[2019.04.09-11.46.13:591][  0]LogSlate: Took 0.002063 seconds to synchronously load lazily loaded font '../../../Engine/Content/Slate/Fonts/Roboto-Light.ttf' (167K)
[2019.04.09-11.46.13:621][  1]LogAssetRegistry: Asset discovery search completed in 8.9051 seconds
[2019.04.09-11.46.13:624][  1]LogCollectionManager: Rebuilt the object cache for 0 collections in 0.000000 seconds (found 0 objects)
[2019.04.09-11.46.13:624][  1]LogCollectionManager: Fixed up redirectors for 0 collections in 0.000089 seconds (updated 0 objects)
[2019.04.09-11.46.14:539][ 76]LogSlate: Took 0.000273 seconds to synchronously load lazily loaded font '../../../Engine/Content/Slate/Fonts/Roboto-Light.ttf' (167K)
[2019.04.09-11.46.14:542][ 76]LogSlate: FSceneViewport::OnFocusLost() reason 2
[2019.04.09-11.46.14:549][ 76]LogAssetEditorManager: Opening Asset editor for WidgetBlueprint /Game/UMG/InventoryWidget.InventoryWidget
[2019.04.09-11.46.15:084][ 76]LogContentBrowser: Native class hierarchy updated for 'BlueprintGraph' in 0.0005 seconds. Added 116 classes and 0 folders.
[2019.04.09-11.46.15:986][ 76]LogAssetEditorManager: Opening Asset editor for Blueprint /Game/TopDownBP/Blueprints/PickupItems/BP_PickupItemParent.BP_PickupItemParent
[2019.04.09-11.46.16:383][ 76]LogSlate: Took 0.002094 seconds to synchronously load lazily loaded font '../../../Engine/Content/Slate/Fonts/Roboto-BoldCondensed.ttf' (158K)
[2019.04.09-11.46.16:573][ 77]LogSlate: Took 0.001800 seconds to synchronously load lazily loaded font '../../../Engine/Content/Slate/Fonts/Roboto-Italic.ttf' (157K)
[2019.04.09-11.46.18:613][235]LogFileCache: Retrieving MD5 hashes for directory 'D:/Documents/e-artsup/B2/Jeu Neolithique/ProjectBarter/ProjectBarter/Content/' took 5.08s
[2019.04.09-11.49.33:608][398]LogAssetEditorManager: Opening Asset editor for WidgetBlueprint /Game/UMG/InventoryBarterWidget.InventoryBarterWidget
[2019.04.09-11.49.36:074][531]LogSlate: Window 'InventoryBarterWidget' being destroyed
[2019.04.09-11.50.02:719][116]LogAIModule: Creating AISystem for world MainMap
[2019.04.09-11.50.02:736][116]LogAssetEditorManager: Opening Asset editor for World /Game/TopDownBP/Maps/MainMap.MainMap
[2019.04.09-11.50.02:776][116]Cmd: MAP LOAD FILE="D:/Documents/e-artsup/B2/Jeu Neolithique/ProjectBarter/ProjectBarter/Content/TopDownBP/Maps/MainMap.umap" TEMPLATE=0 SHOWPROGRESS=1 FEATURELEVEL=3
[2019.04.09-11.50.02:776][116]LightingResults: New page: Lighting Build
[2019.04.09-11.50.02:776][116]LoadErrors: New page: Loading map: MainMap.umap
[2019.04.09-11.50.02:779][116]MapCheck: New page: Map Check
[2019.04.09-11.50.02:779][116]LightingResults: New page: Lighting Build
[2019.04.09-11.50.02:922][116]LogEditorServer: Finished looking for orphan Actors (0.000 secs)
[2019.04.09-11.50.02:978][116]Cmd: MAP CHECKDEP NOCLEARLOG
[2019.04.09-11.50.03:104][116]MapCheck: Map check complete: 0 Error(s), 0 Warning(s), took 125,934ms to complete.
[2019.04.09-11.50.03:104][116]LogFileHelpers: Loading map 'MainMap' took 0.329
[2019.04.09-11.50.04:888][291]LogTemp: Repeating last play command: New Editor Window (PIE)
[2019.04.09-11.50.04:926][291]LogBlueprintUserMessages: Early PlayInEditor Detection: Level '/Game/TopDownBP/Maps/MainMap.MainMap:PersistentLevel' has LevelScriptBlueprint '/Game/TopDownBP/Maps/MainMap.MainMap:PersistentLevel.MainMap' with GeneratedClass '/Game/TopDownBP/Maps/MainMap.MainMap_C' with ClassGeneratedBy '/Game/TopDownBP/Maps/MainMap.MainMap:PersistentLevel.MainMap'
[2019.04.09-11.50.04:928][291]LogPlayLevel: PlayLevel: No blueprints needed recompiling
[2019.04.09-11.50.04:944][291]PIE: New page: PIE session: MainMap (9 avr. 2019 15:50:04)
[2019.04.09-11.50.04:945][291]LogPlayLevel: Creating play world package: /Game/TopDownBP/Maps/UEDPIE_0_MainMap
[2019.04.09-11.50.04:978][291]LogPlayLevel: PIE: StaticDuplicateObject took: (0.033402s)
[2019.04.09-11.50.04:979][291]LogAIModule: Creating AISystem for world MainMap
[2019.04.09-11.50.04:979][291]LogPlayLevel: PIE: World Init took: (0.000701s)
[2019.04.09-11.50.04:979][291]LogPlayLevel: PIE: Created PIE world by copying editor world from /Game/TopDownBP/Maps/MainMap.MainMap to /Game/TopDownBP/Maps/UEDPIE_0_MainMap.MainMap (0.034321s)
[2019.04.09-11.50.05:026][291]LogInit: XAudio2 using 'Haut-parleurs (Realtek High Definition Audio)' : 2 channels at 48 kHz using 32 bits per sample (channel mask 0x3)
[2019.04.09-11.50.05:097][291]LogInit: FAudioDevice initialized.
[2019.04.09-11.50.05:114][291]LogSlate: Updating window title bar state: overlay mode, drag disabled, window buttons hidden, title bar hidden
[2019.04.09-11.50.05:273][291]LogLoad: Game class is 'TopDownGameMode_C'
[2019.04.09-11.50.05:276][291]LogWorld: Bringing World /Game/TopDownBP/Maps/UEDPIE_0_MainMap.MainMap up for play (max tick rate 0) at 2019.04.09-13.50.05
[2019.04.09-11.50.05:280][291]LogWorld: Bringing up level for play took: 0.005863
[2019.04.09-11.50.05:313][291]LogContentBrowser: Native class hierarchy updated for 'MovieSceneCapture' in 0.0003 seconds. Added 10 classes and 0 folders.
[2019.04.09-11.50.05:340][291]PIE: Play in editor start time for /Game/TopDownBP/Maps/UEDPIE_0_MainMap 1,23
[2019.04.09-11.50.05:340][291]LogBlueprintUserMessages: Late PlayInEditor Detection: Level '/Game/TopDownBP/Maps/MainMap.MainMap:PersistentLevel' has LevelScriptBlueprint '/Game/TopDownBP/Maps/MainMap.MainMap:PersistentLevel.MainMap' with GeneratedClass '/Game/TopDownBP/Maps/MainMap.MainMap_C' with ClassGeneratedBy '/Game/TopDownBP/Maps/MainMap.MainMap:PersistentLevel.MainMap'
[2019.04.09-11.50.05:381][291]LogRenderer: Reallocating scene render targets to support 1072x576 Format 10 NumSamples 1 (Frame:1).
[2019.04.09-11.50.18:220][330]LogNet: Browse: /Game/TopDownBP/Maps/City_1
[2019.04.09-11.50.18:226][330]LogLoad: LoadMap: /Game/TopDownBP/Maps/City_1
[2019.04.09-11.50.21:763][330]LogAIModule: Creating AISystem for world City_1
[2019.04.09-11.50.21:764][330]LogLoad: Game class is 'TopDownGameMode_C'
[2019.04.09-11.50.21:851][330]LogWorld: Bringing World /Game/TopDownBP/Maps/UEDPIE_0_City_1.City_1 up for play (max tick rate 0) at 2019.04.09-13.50.21
[2019.04.09-11.50.21:861][330]LogWorld: Bringing up level for play took: 0.095788
[2019.04.09-11.50.21:866][330]LogLoad: Took 3.640284 seconds to LoadMap(/Game/TopDownBP/Maps/City_1)
[2019.04.09-11.50.26:610][600]LogBlueprintUserMessages: Early EndPlayMap Detection: Level '/Game/TopDownBP/Maps/MainMap.MainMap:PersistentLevel' has LevelScriptBlueprint '/Game/TopDownBP/Maps/MainMap.MainMap:PersistentLevel.MainMap' with GeneratedClass '/Game/TopDownBP/Maps/MainMap.MainMap_C' with ClassGeneratedBy '/Game/TopDownBP/Maps/MainMap.MainMap:PersistentLevel.MainMap'
[2019.04.09-11.50.26:615][600]LogSlate: Updating window title bar state: overlay mode, drag disabled, window buttons hidden, title bar hidden
[2019.04.09-11.50.26:637][600]LogSlate: Window 'ProjectBarter Game Preview Standalone (64-bit/PCD3D_SM5)' being destroyed
[2019.04.09-11.50.26:682][600]LogPlayLevel: Display: Shutting down PIE online subsystems
[2019.04.09-11.50.26:682][600]LogBlueprintUserMessages: Late EndPlayMap Detection: Level '/Game/TopDownBP/Maps/MainMap.MainMap:PersistentLevel' has LevelScriptBlueprint '/Game/TopDownBP/Maps/MainMap.MainMap:PersistentLevel.MainMap' with GeneratedClass '/Game/TopDownBP/Maps/MainMap.MainMap_C' with ClassGeneratedBy '/Game/TopDownBP/Maps/MainMap.MainMap:PersistentLevel.MainMap'
[2019.04.09-11.50.26:767][601]LogPlayLevel: Display: Destroying online subsystem :Context_11
[2019.04.09-11.50.52:851][417]LogSlate: FSceneViewport::OnFocusLost() reason 0
[2019.04.09-11.52.24:860][954]LogLinker: Warning: Can't find file '/Game/TopDownBP/Maps/TestMap_BuiltData'
[2019.04.09-11.52.24:860][954]LogLinker: Warning: Can't find file for asset '/Game/TopDownBP/Maps/TestMap_BuiltData' while loading D:/Documents/e-artsup/B2/Jeu Neolithique/ProjectBarter/ProjectBarter/Content/TopDownBP/Maps/TestMap.umap.
[2019.04.09-11.52.24:861][954]LoadErrors: Error: /Game/TopDownBP/Maps/TestMap : Can't find file for asset. /Game/TopDownBP/Maps/TestMap_BuiltData
[2019.04.09-11.52.24:864][954]LogLinker: Warning: Can't find file '/Game/TopDownBP/Maps/TestMap_BuiltData'
[2019.04.09-11.52.24:864][954]LogLinker: Warning: Can't find file for asset '/Game/TopDownBP/Maps/TestMap_BuiltData' while loading D:/Documents/e-artsup/B2/Jeu Neolithique/ProjectBarter/ProjectBarter/Content/TopDownBP/Maps/TestMap.umap.
[2019.04.09-11.52.24:866][954]LogLinker: Warning: Can't find file '/Game/TopDownBP/Maps/TestMap_BuiltData'
[2019.04.09-11.52.24:866][954]LogLinker: Warning: Can't find file for asset '/Game/TopDownBP/Maps/TestMap_BuiltData' while loading NULL.
[2019.04.09-11.52.24:866][954]LogLinker: Warning: Can't find file '/Game/TopDownBP/Maps/TestMap_BuiltData'
[2019.04.09-11.52.24:866][954]LogLinker: Warning: Can't find file for asset '/Game/TopDownBP/Maps/TestMap_BuiltData' while loading NULL.
[2019.04.09-11.52.24:871][954]LogLinker: Warning: Can't find file '/Game/TopDownBP/Maps/TestMap_BuiltData'
[2019.04.09-11.52.24:872][954]LoadErrors: Failed to load /Game/TopDownBP/Maps/TestMap_BuiltData.TestMap_BuiltData Referenced by PersistentLevel
[2019.04.09-11.52.24:872][954]LogLinker: Warning: Can't find file for asset '/Game/TopDownBP/Maps/TestMap_BuiltData' while loading NULL.
[2019.04.09-11.52.24:976][954]LogAIModule: Creating AISystem for world TestMap
[2019.04.09-11.52.24:984][954]LogAssetEditorManager: Opening Asset editor for World /Game/TopDownBP/Maps/TestMap.TestMap
[2019.04.09-11.52.25:017][954]Cmd: MAP LOAD FILE="D:/Documents/e-artsup/B2/Jeu Neolithique/ProjectBarter/ProjectBarter/Content/TopDownBP/Maps/TestMap.umap" TEMPLATE=0 SHOWPROGRESS=1 FEATURELEVEL=3
[2019.04.09-11.52.25:017][954]LightingResults: New page: Lighting Build
[2019.04.09-11.52.25:018][954]LoadErrors: New page: Loading map: TestMap.umap
[2019.04.09-11.52.25:019][954]MapCheck: New page: Map Check
[2019.04.09-11.52.25:019][954]LightingResults: New page: Lighting Build
[2019.04.09-11.52.25:148][954]LogEditorServer: Finished looking for orphan Actors (0.000 secs)
[2019.04.09-11.52.25:203][954]Cmd: MAP CHECKDEP NOCLEARLOG
[2019.04.09-11.52.25:337][954]MapCheck: Map check complete: 0 Error(s), 0 Warning(s), took 134,335ms to complete.
[2019.04.09-11.52.25:338][954]LogFileHelpers: Loading map 'TestMap' took 0.321
[2019.04.09-11.52.28:321][220]LogSlate: FSceneViewport::OnFocusLost() reason 0
[2019.04.09-11.52.28:558][235]LogAIModule: Creating AISystem for world TopDownExampleMap
[2019.04.09-11.52.28:579][235]LogAssetEditorManager: Opening Asset editor for World /Game/TopDownBP/Maps/TopDownExampleMap.TopDownExampleMap
[2019.04.09-11.52.28:609][235]Cmd: MAP LOAD FILE="D:/Documents/e-artsup/B2/Jeu Neolithique/ProjectBarter/ProjectBarter/Content/TopDownBP/Maps/TopDownExampleMap.umap" TEMPLATE=0 SHOWPROGRESS=1 FEATURELEVEL=3
[2019.04.09-11.52.28:610][235]LightingResults: New page: Lighting Build
[2019.04.09-11.52.28:610][235]LoadErrors: New page: Loading map: TopDownExampleMap.umap
[2019.04.09-11.52.28:611][235]MapCheck: New page: Map Check
[2019.04.09-11.52.28:611][235]LightingResults: New page: Lighting Build
[2019.04.09-11.52.28:765][235]LogEditorServer: Finished looking for orphan Actors (0.000 secs)
[2019.04.09-11.52.28:821][235]Cmd: MAP CHECKDEP NOCLEARLOG
[2019.04.09-11.52.28:952][235]MapCheck: Map check complete: 0 Error(s), 0 Warning(s), took 131,198ms to complete.
[2019.04.09-11.52.28:952][235]LogFileHelpers: Loading map 'TopDownExampleMap' took 0.343
[2019.04.09-11.52.32:724][587]LogEditorViewport: Clicking on Actor (LMB): StaticMeshActor (Cube26)
[2019.04.09-11.52.33:589][656]Cmd: DELETE
[2019.04.09-11.52.33:589][656]Cmd: ACTOR DELETE
[2019.04.09-11.52.33:608][656]LogEditorActor: Deleted Actor: StaticMeshActor
[2019.04.09-11.52.33:637][656]LogEditorActor: Deleted 1 Actors (0.042 secs)
[2019.04.09-11.52.34:851][781]LogEditorViewport: Clicking on Actor (LMB): StaticMeshActor (Cube14)
[2019.04.09-11.52.36:984][975]LogEditorViewport: Clicking on Actor (LMB): StaticMeshActor (Cube21)
[2019.04.09-11.52.37:658][ 35]Cmd: DELETE
[2019.04.09-11.52.37:658][ 35]Cmd: ACTOR DELETE
[2019.04.09-11.52.37:661][ 35]LogEditorActor: Deleted Actor: StaticMeshActor
[2019.04.09-11.52.37:694][ 35]LogEditorActor: Deleted 1 Actors (0.037 secs)
[2019.04.09-11.52.38:714][142]LogEditorViewport: Clicking on Actor (LMB): StaticMeshActor (Cube14)
[2019.04.09-11.52.39:346][197]Cmd: DELETE
[2019.04.09-11.52.39:346][197]Cmd: ACTOR DELETE
[2019.04.09-11.52.39:350][197]LogEditorActor: Deleted Actor: StaticMeshActor
[2019.04.09-11.52.39:383][197]LogEditorActor: Deleted 1 Actors (0.037 secs)
[2019.04.09-11.52.45:138][760]LogSlate: FSceneViewport::OnFocusLost() reason 2
[2019.04.09-11.52.45:591][760]LogSavePackage: Moving 'D:/Documents/e-artsup/B2/Jeu Neolithique/ProjectBarter/ProjectBarter/Saved/TopDownExampleMap0E565D264FA9E37CAB938EAB19AA911B.tmp' to 'D:/Documents/e-artsup/B2/Jeu Neolithique/ProjectBarter/ProjectBarter/Content/TopDownBP/Maps/TopDownExampleMap.umap'
[2019.04.09-11.52.45:820][760]LogSavePackage: Moving 'D:/Documents/e-artsup/B2/Jeu Neolithique/ProjectBarter/ProjectBarter/Saved/TopDownExampleMap_BuiltData6B12ACC2468DA097E887918249F093E9.tmp' to 'D:/Documents/e-artsup/B2/Jeu Neolithique/ProjectBarter/ProjectBarter/Content/TopDownBP/Maps/TopDownExampleMap_BuiltData.uasset'
[2019.04.09-11.52.47:588][919]LogSlate: FSceneViewport::OnFocusLost() reason 0
[2019.04.09-11.52.51:597][260]LogAssetEditorManager: Opening Asset editor for Blueprint /Game/TopDownBP/Blueprints/PickupItems/BP_PickupItem04.BP_PickupItem04
[2019.04.09-11.53.10:888][138]LogSlate: FSceneViewport::OnFocusLost() reason 0
[2019.04.09-11.53.14:965][508]LogAssetEditorManager: Opening Asset editor for Blueprint /Game/TopDownBP/Blueprints/PickupItems/BP_PickupItem05.BP_PickupItem05
[2019.04.09-11.53.23:525][305]BlueprintLog: New page: Compile BP_PickupItem05
[2019.04.09-11.53.24:152][341]LogSavePackage: Moving 'D:/Documents/e-artsup/B2/Jeu Neolithique/ProjectBarter/ProjectBarter/Saved/BP_PickupItem056E451EF84021D714B42F9DA81F0E6EE5.tmp' to 'D:/Documents/e-artsup/B2/Jeu Neolithique/ProjectBarter/ProjectBarter/Content/TopDownBP/Blueprints/PickupItems/BP_PickupItem05.uasset'
[2019.04.09-11.53.34:028][312]BlueprintLog: New page: Compile BP_PickupItem05
[2019.04.09-11.53.34:688][345]LogSavePackage: Moving 'D:/Documents/e-artsup/B2/Jeu Neolithique/ProjectBarter/ProjectBarter/Saved/BP_PickupItem0509224EF747BC3A0A932B0FA1F4CB4DA2.tmp' to 'D:/Documents/e-artsup/B2/Jeu Neolithique/ProjectBarter/ProjectBarter/Content/TopDownBP/Blueprints/PickupItems/BP_PickupItem05.uasset'
[2019.04.09-12.00.25:587][325]BlueprintLog: New page: Compile BP_PickupItemParent
[2019.04.09-12.00.26:459][345]LogSavePackage: Moving 'D:/Documents/e-artsup/B2/Jeu Neolithique/ProjectBarter/ProjectBarter/Saved/BP_PickupItemParent4E8EE82447E9CFE267B5459F542DD837.tmp' to 'D:/Documents/e-artsup/B2/Jeu Neolithique/ProjectBarter/ProjectBarter/Content/TopDownBP/Blueprints/PickupItems/BP_PickupItemParent.uasset'
[2019.04.09-12.00.46:817][305]LogSavePackage: Moving 'D:/Documents/e-artsup/B2/Jeu Neolithique/ProjectBarter/ProjectBarter/Saved/BP_PickupItemParent7F73BE264E8740C67CD27B947C16A858.tmp' to 'D:/Documents/e-artsup/B2/Jeu Neolithique/ProjectBarter/ProjectBarter/Content/TopDownBP/Blueprints/PickupItems/BP_PickupItemParent.uasset'
[2019.04.09-12.04.16:901][159]LogSavePackage: Moving 'D:/Documents/e-artsup/B2/Jeu Neolithique/ProjectBarter/ProjectBarter/Saved/TopDownExampleMap_Auto1B86AD1794F9925A304097E85CBD2F73C.tmp' to 'D:/Documents/e-artsup/B2/Jeu Neolithique/ProjectBarter/ProjectBarter/Saved/Autosaves/Game/TopDownBP/Maps/TopDownExampleMap_Auto1.umap'
[2019.04.09-12.04.16:906][159]LogFileHelpers: Editor autosave (incl. sublevels) for '/Game/TopDownBP/Maps/TopDownExampleMap' took 0.278
[2019.04.09-12.04.16:906][159]LogFileHelpers: Editor autosave (incl. sublevels) for all levels took 0.278
[2019.04.09-12.04.16:909][159]OBJ SavePackage: Generating thumbnails for [1] asset(s) in package [/Game/TopDownBP/Blueprints/PickupItems/BP_PickupItem01] ([1] browsable assets)...
[2019.04.09-12.04.16:931][159]OBJ SavePackage:     Rendered thumbnail for [Blueprint /Game/TopDownBP/Blueprints/PickupItems/BP_PickupItem01.BP_PickupItem01]
[2019.04.09-12.04.16:931][159]OBJ SavePackage: Finished generating thumbnails for package [/Game/TopDownBP/Blueprints/PickupItems/BP_PickupItem01]
[2019.04.09-12.04.16:971][159]LogSavePackage: Moving 'D:/Documents/e-artsup/B2/Jeu Neolithique/ProjectBarter/ProjectBarter/Saved/BP_PickupItem01_Auto15E4DE8414753F0068E0883938951A9A6.tmp' to 'D:/Documents/e-artsup/B2/Jeu Neolithique/ProjectBarter/ProjectBarter/Saved/Autosaves/Game/TopDownBP/Blueprints/PickupItems/BP_PickupItem01_Auto1.uasset'
[2019.04.09-12.04.16:984][159]OBJ SavePackage: Generating thumbnails for [0] asset(s) in package [/Game/TopDownBP/Blueprints/PickupItems/BP_PickupItemParent] ([1] browsable assets)...
[2019.04.09-12.04.16:984][159]OBJ SavePackage: Finished generating thumbnails for package [/Game/TopDownBP/Blueprints/PickupItems/BP_PickupItemParent]
[2019.04.09-12.04.17:035][159]LogSavePackage: Moving 'D:/Documents/e-artsup/B2/Jeu Neolithique/ProjectBarter/ProjectBarter/Saved/BP_PickupItemParent_Auto15650AE5044D4A4203A21ADB1E5B598A3.tmp' to 'D:/Documents/e-artsup/B2/Jeu Neolithique/ProjectBarter/ProjectBarter/Saved/Autosaves/Game/TopDownBP/Blueprints/PickupItems/BP_PickupItemParent_Auto1.uasset'
[2019.04.09-12.04.17:052][159]OBJ SavePackage: Generating thumbnails for [1] asset(s) in package [/Game/TopDownBP/Blueprints/PickupItems/BP_PickupItem02] ([1] browsable assets)...
[2019.04.09-12.04.17:079][159]OBJ SavePackage:     Rendered thumbnail for [Blueprint /Game/TopDownBP/Blueprints/PickupItems/BP_PickupItem02.BP_PickupItem02]
[2019.04.09-12.04.17:079][159]OBJ SavePackage: Finished generating thumbnails for package [/Game/TopDownBP/Blueprints/PickupItems/BP_PickupItem02]
[2019.04.09-12.04.17:113][159]LogSavePackage: Moving 'D:/Documents/e-artsup/B2/Jeu Neolithique/ProjectBarter/ProjectBarter/Saved/BP_PickupItem02_Auto10D413C0E406D808A9F8CB1ABEFE6789D.tmp' to 'D:/Documents/e-artsup/B2/Jeu Neolithique/ProjectBarter/ProjectBarter/Saved/Autosaves/Game/TopDownBP/Blueprints/PickupItems/BP_PickupItem02_Auto1.uasset'
[2019.04.09-12.04.17:116][159]OBJ SavePackage: Generating thumbnails for [1] asset(s) in package [/Game/TopDownBP/Blueprints/PickupItems/BP_PickupItem03] ([1] browsable assets)...
[2019.04.09-12.04.17:131][159]OBJ SavePackage:     Rendered thumbnail for [Blueprint /Game/TopDownBP/Blueprints/PickupItems/BP_PickupItem03.BP_PickupItem03]
[2019.04.09-12.04.17:131][159]OBJ SavePackage: Finished generating thumbnails for package [/Game/TopDownBP/Blueprints/PickupItems/BP_PickupItem03]
[2019.04.09-12.04.17:163][159]LogSavePackage: Moving 'D:/Documents/e-artsup/B2/Jeu Neolithique/ProjectBarter/ProjectBarter/Saved/BP_PickupItem03_Auto1594CF0504930F416FC4F3DBEC774007B.tmp' to 'D:/Documents/e-artsup/B2/Jeu Neolithique/ProjectBarter/ProjectBarter/Saved/Autosaves/Game/TopDownBP/Blueprints/PickupItems/BP_PickupItem03_Auto1.uasset'
[2019.04.09-12.04.17:180][159]OBJ SavePackage: Generating thumbnails for [1] asset(s) in package [/Game/TopDownBP/Blueprints/PickupItems/BP_Chest] ([1] browsable assets)...
[2019.04.09-12.04.17:193][159]OBJ SavePackage:     Rendered thumbnail for [Blueprint /Game/TopDownBP/Blueprints/PickupItems/BP_Chest.BP_Chest]
[2019.04.09-12.04.17:193][159]OBJ SavePackage: Finished generating thumbnails for package [/Game/TopDownBP/Blueprints/PickupItems/BP_Chest]
[2019.04.09-12.04.17:258][159]LogSavePackage: Moving 'D:/Documents/e-artsup/B2/Jeu Neolithique/ProjectBarter/ProjectBarter/Saved/BP_Chest_Auto1AB5F286F4BB1CB8DF28545B88BCA4788.tmp' to 'D:/Documents/e-artsup/B2/Jeu Neolithique/ProjectBarter/ProjectBarter/Saved/Autosaves/Game/TopDownBP/Blueprints/PickupItems/BP_Chest_Auto1.uasset'
[2019.04.09-12.04.17:261][159]OBJ SavePackage: Generating thumbnails for [1] asset(s) in package [/Game/TopDownBP/Blueprints/PickupItems/BP_PickupItem04] ([1] browsable assets)...
[2019.04.09-12.04.17:282][159]OBJ SavePackage:     Rendered thumbnail for [Blueprint /Game/TopDownBP/Blueprints/PickupItems/BP_PickupItem04.BP_PickupItem04]
[2019.04.09-12.04.17:282][159]OBJ SavePackage: Finished generating thumbnails for package [/Game/TopDownBP/Blueprints/PickupItems/BP_PickupItem04]
[2019.04.09-12.04.17:317][159]LogSavePackage: Moving 'D:/Documents/e-artsup/B2/Jeu Neolithique/ProjectBarter/ProjectBarter/Saved/BP_PickupItem04_Auto1EA03E848403F904B669535AB223C6443.tmp' to 'D:/Documents/e-artsup/B2/Jeu Neolithique/ProjectBarter/ProjectBarter/Saved/Autosaves/Game/TopDownBP/Blueprints/PickupItems/BP_PickupItem04_Auto1.uasset'
[2019.04.09-12.04.17:319][159]OBJ SavePackage: Generating thumbnails for [1] asset(s) in package [/Game/TopDownBP/Blueprints/PickupItems/BP_PickupItem05] ([1] browsable assets)...
[2019.04.09-12.04.17:332][159]OBJ SavePackage:     Rendered thumbnail for [Blueprint /Game/TopDownBP/Blueprints/PickupItems/BP_PickupItem05.BP_PickupItem05]
[2019.04.09-12.04.17:332][159]OBJ SavePackage: Finished generating thumbnails for package [/Game/TopDownBP/Blueprints/PickupItems/BP_PickupItem05]
[2019.04.09-12.04.17:366][159]LogSavePackage: Moving 'D:/Documents/e-artsup/B2/Jeu Neolithique/ProjectBarter/ProjectBarter/Saved/BP_PickupItem05_Auto1EB5FF944486A84F8BE9FB484A358A1A0.tmp' to 'D:/Documents/e-artsup/B2/Jeu Neolithique/ProjectBarter/ProjectBarter/Saved/Autosaves/Game/TopDownBP/Blueprints/PickupItems/BP_PickupItem05_Auto1.uasset'
[2019.04.09-12.04.17:367][159]LogFileHelpers: Auto-saving content packages took 0.460
[2019.04.09-12.09.02:407][516]BlueprintLog: New page: Compile BP_PickupItemParent
[2019.04.09-12.09.03:298][541]LogSavePackage: Moving 'D:/Documents/e-artsup/B2/Jeu Neolithique/ProjectBarter/ProjectBarter/Saved/BP_PickupItemParentA94E2DC04515348C4D9BB09F1D5380D6.tmp' to 'D:/Documents/e-artsup/B2/Jeu Neolithique/ProjectBarter/ProjectBarter/Content/TopDownBP/Blueprints/PickupItems/BP_PickupItemParent.uasset'
[2019.04.09-12.15.36:918][402]LogSavePackage: Moving 'D:/Documents/e-artsup/B2/Jeu Neolithique/ProjectBarter/ProjectBarter/Saved/TopDownExampleMap_Auto29438DC4B4EE2CAB5597D6AB658C70152.tmp' to 'D:/Documents/e-artsup/B2/Jeu Neolithique/ProjectBarter/ProjectBarter/Saved/Autosaves/Game/TopDownBP/Maps/TopDownExampleMap_Auto2.umap'
[2019.04.09-12.15.36:925][402]LogFileHelpers: Editor autosave (incl. sublevels) for '/Game/TopDownBP/Maps/TopDownExampleMap' took 0.561
[2019.04.09-12.15.36:925][402]LogFileHelpers: Editor autosave (incl. sublevels) for all levels took 0.561
[2019.04.09-12.15.36:928][402]OBJ SavePackage: Generating thumbnails for [0] asset(s) in package [/Game/TopDownBP/Blueprints/PickupItems/BP_PickupItem01] ([1] browsable assets)...
[2019.04.09-12.15.36:928][402]OBJ SavePackage: Finished generating thumbnails for package [/Game/TopDownBP/Blueprints/PickupItems/BP_PickupItem01]
[2019.04.09-12.15.36:962][402]LogSavePackage: Moving 'D:/Documents/e-artsup/B2/Jeu Neolithique/ProjectBarter/ProjectBarter/Saved/BP_PickupItem01_Auto25A1D282A48FDB0E1A556009AF68169D0.tmp' to 'D:/Documents/e-artsup/B2/Jeu Neolithique/ProjectBarter/ProjectBarter/Saved/Autosaves/Game/TopDownBP/Blueprints/PickupItems/BP_PickupItem01_Auto2.uasset'
[2019.04.09-12.15.36:964][402]OBJ SavePackage: Generating thumbnails for [0] asset(s) in package [/Game/TopDownBP/Blueprints/PickupItems/BP_PickupItemParent] ([1] browsable assets)...
[2019.04.09-12.15.36:964][402]OBJ SavePackage: Finished generating thumbnails for package [/Game/TopDownBP/Blueprints/PickupItems/BP_PickupItemParent]
[2019.04.09-12.15.37:029][402]LogSavePackage: Moving 'D:/Documents/e-artsup/B2/Jeu Neolithique/ProjectBarter/ProjectBarter/Saved/BP_PickupItemParent_Auto2646433F44FBE2904C04201984DAFEB56.tmp' to 'D:/Documents/e-artsup/B2/Jeu Neolithique/ProjectBarter/ProjectBarter/Saved/Autosaves/Game/TopDownBP/Blueprints/PickupItems/BP_PickupItemParent_Auto2.uasset'
[2019.04.09-12.15.37:031][402]OBJ SavePackage: Generating thumbnails for [0] asset(s) in package [/Game/TopDownBP/Blueprints/PickupItems/BP_PickupItem02] ([1] browsable assets)...
[2019.04.09-12.15.37:031][402]OBJ SavePackage: Finished generating thumbnails for package [/Game/TopDownBP/Blueprints/PickupItems/BP_PickupItem02]
[2019.04.09-12.15.37:055][402]LogSavePackage: Moving 'D:/Documents/e-artsup/B2/Jeu Neolithique/ProjectBarter/ProjectBarter/Saved/BP_PickupItem02_Auto2EBC3D08344D91ABDC47CB78875C0CC4B.tmp' to 'D:/Documents/e-artsup/B2/Jeu Neolithique/ProjectBarter/ProjectBarter/Saved/Autosaves/Game/TopDownBP/Blueprints/PickupItems/BP_PickupItem02_Auto2.uasset'
[2019.04.09-12.15.37:057][402]OBJ SavePackage: Generating thumbnails for [0] asset(s) in package [/Game/TopDownBP/Blueprints/PickupItems/BP_PickupItem03] ([1] browsable assets)...
[2019.04.09-12.15.37:057][402]OBJ SavePackage: Finished generating thumbnails for package [/Game/TopDownBP/Blueprints/PickupItems/BP_PickupItem03]
[2019.04.09-12.15.37:081][402]LogSavePackage: Moving 'D:/Documents/e-artsup/B2/Jeu Neolithique/ProjectBarter/ProjectBarter/Saved/BP_PickupItem03_Auto2B9ADF9EB48C3F70DBF4C7586F28FF400.tmp' to 'D:/Documents/e-artsup/B2/Jeu Neolithique/ProjectBarter/ProjectBarter/Saved/Autosaves/Game/TopDownBP/Blueprints/PickupItems/BP_PickupItem03_Auto2.uasset'
[2019.04.09-12.15.37:082][402]OBJ SavePackage: Generating thumbnails for [0] asset(s) in package [/Game/TopDownBP/Blueprints/PickupItems/BP_Chest] ([1] browsable assets)...
[2019.04.09-12.15.37:082][402]OBJ SavePackage: Finished generating thumbnails for package [/Game/TopDownBP/Blueprints/PickupItems/BP_Chest]
[2019.04.09-12.15.37:143][402]LogSavePackage: Moving 'D:/Documents/e-artsup/B2/Jeu Neolithique/ProjectBarter/ProjectBarter/Saved/BP_Chest_Auto2961A37AB42B6AB213DAC88BD165C026C.tmp' to 'D:/Documents/e-artsup/B2/Jeu Neolithique/ProjectBarter/ProjectBarter/Saved/Autosaves/Game/TopDownBP/Blueprints/PickupItems/BP_Chest_Auto2.uasset'
[2019.04.09-12.15.37:145][402]OBJ SavePackage: Generating thumbnails for [1] asset(s) in package [/Game/TopDownBP/Blueprints/PickupItems/BP_PickupItem04] ([1] browsable assets)...
[2019.04.09-12.15.37:159][402]OBJ SavePackage:     Rendered thumbnail for [Blueprint /Game/TopDownBP/Blueprints/PickupItems/BP_PickupItem04.BP_PickupItem04]
[2019.04.09-12.15.37:159][402]OBJ SavePackage: Finished generating thumbnails for package [/Game/TopDownBP/Blueprints/PickupItems/BP_PickupItem04]
[2019.04.09-12.15.37:208][402]LogSavePackage: Moving 'D:/Documents/e-artsup/B2/Jeu Neolithique/ProjectBarter/ProjectBarter/Saved/BP_PickupItem04_Auto219F760B949770FD8E4ABFEA45586EA35.tmp' to 'D:/Documents/e-artsup/B2/Jeu Neolithique/ProjectBarter/ProjectBarter/Saved/Autosaves/Game/TopDownBP/Blueprints/PickupItems/BP_PickupItem04_Auto2.uasset'
[2019.04.09-12.15.37:210][402]OBJ SavePackage: Generating thumbnails for [1] asset(s) in package [/Game/TopDownBP/Blueprints/PickupItems/BP_PickupItem05] ([1] browsable assets)...
[2019.04.09-12.15.37:224][402]OBJ SavePackage:     Rendered thumbnail for [Blueprint /Game/TopDownBP/Blueprints/PickupItems/BP_PickupItem05.BP_PickupItem05]
[2019.04.09-12.15.37:224][402]OBJ SavePackage: Finished generating thumbnails for package [/Game/TopDownBP/Blueprints/PickupItems/BP_PickupItem05]
[2019.04.09-12.15.37:258][402]LogSavePackage: Moving 'D:/Documents/e-artsup/B2/Jeu Neolithique/ProjectBarter/ProjectBarter/Saved/BP_PickupItem05_Auto2C0DD920247BCE17CCE80C9A877C844E5.tmp' to 'D:/Documents/e-artsup/B2/Jeu Neolithique/ProjectBarter/ProjectBarter/Saved/Autosaves/Game/TopDownBP/Blueprints/PickupItems/BP_PickupItem05_Auto2.uasset'
[2019.04.09-12.15.37:259][402]LogFileHelpers: Auto-saving content packages took 0.332
[2019.04.09-12.25.06:173][275]BlueprintLog: New page: Compile BP_PickupItemParent
[2019.04.09-12.25.08:062][395]LogSavePackage: Moving 'D:/Documents/e-artsup/B2/Jeu Neolithique/ProjectBarter/ProjectBarter/Saved/BP_PickupItemParent262D7A2A41F72BAA4D9AC9B2631EB3CA.tmp' to 'D:/Documents/e-artsup/B2/Jeu Neolithique/ProjectBarter/ProjectBarter/Content/TopDownBP/Blueprints/PickupItems/BP_PickupItemParent.uasset'
[2019.04.09-12.25.08:902][456]LogSavePackage: Moving 'D:/Documents/e-artsup/B2/Jeu Neolithique/ProjectBarter/ProjectBarter/Saved/BP_PickupItemParent23DE99D14D1BE8D3DAF46AB812B67165.tmp' to 'D:/Documents/e-artsup/B2/Jeu Neolithique/ProjectBarter/ProjectBarter/Content/TopDownBP/Blueprints/PickupItems/BP_PickupItemParent.uasset'
[2019.04.09-12.25.14:555][772]LogSavePackage: Moving 'D:/Documents/e-artsup/B2/Jeu Neolithique/ProjectBarter/ProjectBarter/Saved/TopDownExampleMap789549354BBF3E225F1B29B9745D1493.tmp' to 'D:/Documents/e-artsup/B2/Jeu Neolithique/ProjectBarter/ProjectBarter/Content/TopDownBP/Maps/TopDownExampleMap.umap'
[2019.04.09-12.25.14:589][772]LogFileHelpers: Saving map 'TopDownExampleMap' took 1.640
[2019.04.09-12.25.14:635][772]LogSavePackage: Moving 'D:/Documents/e-artsup/B2/Jeu Neolithique/ProjectBarter/ProjectBarter/Saved/BP_PickupItem0188D8A4B6473C2E6D476BD1BE87FD5A6E.tmp' to 'D:/Documents/e-artsup/B2/Jeu Neolithique/ProjectBarter/ProjectBarter/Content/TopDownBP/Blueprints/PickupItems/BP_PickupItem01.uasset'
[2019.04.09-12.25.14:680][772]LogSavePackage: Moving 'D:/Documents/e-artsup/B2/Jeu Neolithique/ProjectBarter/ProjectBarter/Saved/BP_PickupItem0287F6888D48FD229222D441A3DF68AEBD.tmp' to 'D:/Documents/e-artsup/B2/Jeu Neolithique/ProjectBarter/ProjectBarter/Content/TopDownBP/Blueprints/PickupItems/BP_PickupItem02.uasset'
[2019.04.09-12.25.14:724][772]LogSavePackage: Moving 'D:/Documents/e-artsup/B2/Jeu Neolithique/ProjectBarter/ProjectBarter/Saved/BP_PickupItem0396748C664510987825C9898BC2D11428.tmp' to 'D:/Documents/e-artsup/B2/Jeu Neolithique/ProjectBarter/ProjectBarter/Content/TopDownBP/Blueprints/PickupItems/BP_PickupItem03.uasset'
[2019.04.09-12.25.14:798][772]LogSavePackage: Moving 'D:/Documents/e-artsup/B2/Jeu Neolithique/ProjectBarter/ProjectBarter/Saved/BP_ChestF35CFFA749E6430B66D5199C659C9F76.tmp' to 'D:/Documents/e-artsup/B2/Jeu Neolithique/ProjectBarter/ProjectBarter/Content/TopDownBP/Blueprints/PickupItems/BP_Chest.uasset'
[2019.04.09-12.25.14:856][772]LogSavePackage: Moving 'D:/Documents/e-artsup/B2/Jeu Neolithique/ProjectBarter/ProjectBarter/Saved/BP_PickupItem04C474A7C742C572FC006BF38A76B48149.tmp' to 'D:/Documents/e-artsup/B2/Jeu Neolithique/ProjectBarter/ProjectBarter/Content/TopDownBP/Blueprints/PickupItems/BP_PickupItem04.uasset'
[2019.04.09-12.25.14:912][772]LogSavePackage: Moving 'D:/Documents/e-artsup/B2/Jeu Neolithique/ProjectBarter/ProjectBarter/Saved/BP_PickupItem0588032C7348FE440DC054FA943FF29FA7.tmp' to 'D:/Documents/e-artsup/B2/Jeu Neolithique/ProjectBarter/ProjectBarter/Content/TopDownBP/Blueprints/PickupItems/BP_PickupItem05.uasset'
[2019.04.09-12.25.18:173][ 21]LogActorComponent: UnregisterComponent: (/Engine/Transient.EditorFloorComp) Not registered. Aborting.
[2019.04.09-12.25.18:277][ 21]LogActorComponent: UnregisterComponent: (/Engine/Transient.EditorFloorComp) Not registered. Aborting.
[2019.04.09-12.25.18:340][ 21]LogSlate: Window 'ProjectBarter - Unreal Editor' being destroyed
[2019.04.09-12.25.18:343][ 21]LogWindowsTextInputMethodSystem: Display: IME system now deactivated.
[2019.04.09-12.25.18:723][ 22]Cmd: QUIT_EDITOR
[2019.04.09-12.25.19:472][ 22]LogExit: Preparing to exit.
[2019.04.09-12.25.20:585][ 22]LogExit: Editor shut down
[2019.04.09-12.25.20:586][ 22]LogExit: Transaction tracking system shut down
[2019.04.09-12.25.21:536][ 22]LogExit: Object subsystem successfully closed.
[2019.04.09-12.25.21:582][ 22]LogShaderCompilers: Display: Shaders left to compile 0
[2019.04.09-12.25.21:596][ 22]LogD3D11RHI: Shutdown
[2019.04.09-12.25.21:596][ 22]LogD3D11RHI: CleanupD3DDevice
[2019.04.09-12.25.21:609][ 22]LogD3D11RHI: ~FD3D11DynamicRHI
[2019.04.09-12.25.21:682][ 22]LogModuleManager: Shutting down and abandoning module MovieSceneCapture (620)
[2019.04.09-12.25.21:682][ 22]LogModuleManager: Shutting down and abandoning module Voice (618)
[2019.04.09-12.25.21:682][ 22]LogModuleManager: Shutting down and abandoning module SequencerWidgets (616)
[2019.04.09-12.25.21:682][ 22]LogModuleManager: Shutting down and abandoning module BlueprintGraph (614)
[2019.04.09-12.25.21:682][ 22]LogModuleManager: Shutting down and abandoning module HierarchicalLODOutliner (612)
[2019.04.09-12.25.21:683][ 22]LogModuleManager: Shutting down and abandoning module SceneOutliner (610)
[2019.04.09-12.25.21:683][ 22]LogModuleManager: Shutting down and abandoning module AddContentDialog (608)
[2019.04.09-12.25.21:691][ 22]LogModuleManager: Shutting down and abandoning module WidgetCarousel (607)
[2019.04.09-12.25.21:691][ 22]LogModuleManager: Shutting down and abandoning module EditorWidgets (604)
[2019.04.09-12.25.21:691][ 22]LogModuleManager: Shutting down and abandoning module CollectionManager (602)
[2019.04.09-12.25.21:693][ 22]LogModuleManager: Shutting down and abandoning module StatsViewer (600)
[2019.04.09-12.25.21:695][ 22]LogModuleManager: Shutting down and abandoning module FoliageEdit (598)
[2019.04.09-12.25.21:696][ 22]LogModuleManager: Shutting down and abandoning module LandscapeEditor (596)
[2019.04.09-12.25.21:699][ 22]LogModuleManager: Shutting down and abandoning module MeshPaintMode (594)
[2019.04.09-12.25.21:699][ 22]LogModuleManager: Shutting down and abandoning module SceneDepthPickerMode (592)
[2019.04.09-12.25.21:699][ 22]LogModuleManager: Shutting down and abandoning module ActorPickerMode (590)
[2019.04.09-12.25.21:699][ 22]LogModuleManager: Shutting down and abandoning module GeometryMode (588)
[2019.04.09-12.25.21:699][ 22]LogModuleManager: Shutting down and abandoning module TextureAlignMode (586)
[2019.04.09-12.25.21:699][ 22]LogModuleManager: Shutting down and abandoning module BspMode (584)
[2019.04.09-12.25.21:699][ 22]LogModuleManager: Shutting down and abandoning module PIEPreviewDeviceProfileSelector (582)
[2019.04.09-12.25.21:700][ 22]LogModuleManager: Shutting down and abandoning module SequenceRecorderSections (580)
[2019.04.09-12.25.21:700][ 22]LogModuleManager: Shutting down and abandoning module AutomationWorker (578)
[2019.04.09-12.25.21:700][ 22]LogModuleManager: Shutting down and abandoning module AudioCaptureEditor (576)
[2019.04.09-12.25.21:700][ 22]LogModuleManager: Shutting down and abandoning module SequenceRecorder (575)
[2019.04.09-12.25.21:701][ 22]LogModuleManager: Shutting down and abandoning module MatineeToLevelSequence (572)
[2019.04.09-12.25.21:701][ 22]LogModuleManager: Shutting down and abandoning module LevelSequenceEditor (570)
[2019.04.09-12.25.21:703][ 22]LogModuleManager: Shutting down and abandoning module PlacementMode (569)
[2019.04.09-12.25.21:703][ 22]LogModuleManager: Shutting down and abandoning module MaterialEditor (568)
[2019.04.09-12.25.21:705][ 22]LogModuleManager: Shutting down and abandoning module WmfMediaFactory (564)
[2019.04.09-12.25.21:705][ 22]LogModuleManager: Shutting down and abandoning module WmfMediaEditor (562)
[2019.04.09-12.25.21:705][ 22]LogModuleManager: Shutting down and abandoning module MediaPlayerEditor (560)
[2019.04.09-12.25.21:707][ 22]LogModuleManager: Shutting down and abandoning module OpenExrWrapper (558)
[2019.04.09-12.25.21:707][ 22]LogModuleManager: Shutting down and abandoning module ImgMediaFactory (556)
[2019.04.09-12.25.21:707][ 22]LogModuleManager: Shutting down and abandoning module ImgMediaEditor (554)
[2019.04.09-12.25.21:707][ 22]LogModuleManager: Shutting down and abandoning module AvfMediaFactory (552)
[2019.04.09-12.25.21:707][ 22]LogModuleManager: Shutting down and abandoning module AvfMediaEditor (550)
[2019.04.09-12.25.21:707][ 22]LogModuleManager: Shutting down and abandoning module AndroidMediaFactory (548)
[2019.04.09-12.25.21:707][ 22]LogModuleManager: Shutting down and abandoning module AndroidMediaEditor (546)
[2019.04.09-12.25.21:707][ 22]LogModuleManager: Shutting down and abandoning module MagicLeapCameraPreviewFactory (544)
[2019.04.09-12.25.21:707][ 22]LogModuleManager: Shutting down and abandoning module MagicLeapMediaFactory (542)
[2019.04.09-12.25.21:707][ 22]LogModuleManager: Shutting down and abandoning module MagicLeapMediaEditor (540)
[2019.04.09-12.25.21:707][ 22]LogModuleManager: Shutting down and abandoning module CharacterAI (538)
[2019.04.09-12.25.21:707][ 22]LogModuleManager: Shutting down and abandoning module SmartSnapping (536)
[2019.04.09-12.25.21:707][ 22]LogModuleManager: Shutting down and abandoning module SessionServices (534)
[2019.04.09-12.25.21:707][ 22]LogModuleManager: Shutting down and abandoning module ViewportSnapping (532)
[2019.04.09-12.25.21:707][ 22]LogModuleManager: Shutting down and abandoning module ViewportInteraction (530)
[2019.04.09-12.25.21:707][ 22]LogModuleManager: Shutting down and abandoning module ClothPainter (528)
[2019.04.09-12.25.21:709][ 22]LogModuleManager: Shutting down and abandoning module SkeletalMeshEditor (527)
[2019.04.09-12.25.21:710][ 22]LogModuleManager: Shutting down and abandoning module LogVisualizer (524)
[2019.04.09-12.25.21:712][ 22]LogModuleManager: Shutting down and abandoning module IntroTutorials (522)
[2019.04.09-12.25.21:713][ 22]LogModuleManager: Shutting down and abandoning module GameProjectGeneration (521)
[2019.04.09-12.25.21:714][ 22]LogModuleManager: Shutting down and abandoning module LuminPlatformEditor (518)
[2019.04.09-12.25.21:714][ 22]LogModuleManager: Shutting down and abandoning module IOSPlatformEditor (516)
[2019.04.09-12.25.21:715][ 22]LogModuleManager: Shutting down and abandoning module HTML5PlatformEditor (514)
[2019.04.09-12.25.21:715][ 22]LogModuleManager: Shutting down and abandoning module AndroidPlatformEditor (512)
[2019.04.09-12.25.21:715][ 22]LogModuleManager: Shutting down and abandoning module AndroidDeviceDetection (511)
[2019.04.09-12.25.23:420][ 22]LogModuleManager: Shutting down and abandoning module WindowsPlatformEditor (508)
[2019.04.09-12.25.23:420][ 22]LogModuleManager: Shutting down and abandoning module LuminRuntimeSettings (506)
[2019.04.09-12.25.23:420][ 22]LogModuleManager: Shutting down and abandoning module IOSRuntimeSettings (504)
[2019.04.09-12.25.23:421][ 22]LogModuleManager: Shutting down and abandoning module AndroidRuntimeSettings (502)
[2019.04.09-12.25.23:421][ 22]LogModuleManager: Shutting down and abandoning module InputBindingEditor (500)
[2019.04.09-12.25.23:421][ 22]LogModuleManager: Shutting down and abandoning module MergeActors (498)
[2019.04.09-12.25.23:422][ 22]LogModuleManager: Shutting down and abandoning module LocalizationDashboard (496)
[2019.04.09-12.25.23:423][ 22]LogModuleManager: Shutting down and abandoning module LocalizationService (495)
[2019.04.09-12.25.23:423][ 22]LogModuleManager: Shutting down and abandoning module HardwareTargeting (492)
[2019.04.09-12.25.23:424][ 22]LogModuleManager: Shutting down and abandoning module DeviceProfileEditor (490)
[2019.04.09-12.25.23:424][ 22]LogModuleManager: Shutting down and abandoning module UndoHistory (488)
[2019.04.09-12.25.23:424][ 22]LogModuleManager: Shutting down and abandoning module XmlParser (486)
[2019.04.09-12.25.23:424][ 22]LogModuleManager: Shutting down and abandoning module Blutility (484)
[2019.04.09-12.25.23:425][ 22]LogModuleManager: Shutting down and abandoning module ProjectSettingsViewer (482)
[2019.04.09-12.25.23:425][ 22]LogModuleManager: Shutting down and abandoning module ProjectTargetPlatformEditor (481)
[2019.04.09-12.25.23:426][ 22]LogModuleManager: Shutting down and abandoning module EditorSettingsViewer (478)
[2019.04.09-12.25.23:426][ 22]LogModuleManager: Shutting down and abandoning module SettingsEditor (476)
[2019.04.09-12.25.23:428][ 22]LogModuleManager: Shutting down and abandoning module ProjectLauncher (474)
[2019.04.09-12.25.23:429][ 22]LogModuleManager: Shutting down and abandoning module SessionFrontend (472)
[2019.04.09-12.25.23:429][ 22]LogModuleManager: Shutting down and abandoning module ProfilerClient (470)
[2019.04.09-12.25.23:429][ 22]LogModuleManager: Shutting down and abandoning module DeviceManager (468)
[2019.04.09-12.25.23:430][ 22]LogModuleManager: Shutting down and abandoning module TargetDeviceServices (467)
[2019.04.09-12.25.23:485][ 22]LogModuleManager: Shutting down and abandoning module AutomationController (464)
[2019.04.09-12.25.23:486][ 22]LogModuleManager: Shutting down and abandoning module AutomationWindow (462)
[2019.04.09-12.25.23:487][ 22]LogModuleManager: Shutting down and abandoning module Layers (460)
[2019.04.09-12.25.23:489][ 22]LogModuleManager: Shutting down and abandoning module ComponentVisualizers (458)
[2019.04.09-12.25.23:489][ 22]LogModuleManager: Shutting down and abandoning module DetailCustomizations (456)
[2019.04.09-12.25.23:489][ 22]LogModuleManager: Shutting down and abandoning module PackagesDialog (454)
[2019.04.09-12.25.23:489][ 22]LogModuleManager: Shutting down and abandoning module Persona (452)
[2019.04.09-12.25.23:490][ 22]LogModuleManager: Shutting down and abandoning module AdvancedPreviewScene (451)
[2019.04.09-12.25.23:491][ 22]LogModuleManager: Shutting down and abandoning module AnimGraph (449)
[2019.04.09-12.25.23:491][ 22]LogModuleManager: Shutting down and abandoning module Kismet (446)
[2019.04.09-12.25.23:500][ 22]LogModuleManager: Shutting down and abandoning module GraphEditor (444)
[2019.04.09-12.25.23:500][ 22]LogModuleManager: Shutting down and abandoning module ClassViewer (442)
[2019.04.09-12.25.23:500][ 22]LogModuleManager: Shutting down and abandoning module Toolbox (440)
[2019.04.09-12.25.23:500][ 22]LogModuleManager: Shutting down and abandoning module ModuleUI (438)
[2019.04.09-12.25.23:501][ 22]LogModuleManager: Shutting down and abandoning module MovieSceneTools (436)
[2019.04.09-12.25.23:502][ 22]LogModuleManager: Shutting down and abandoning module OutputLog (434)
[2019.04.09-12.25.23:502][ 22]LogModuleManager: Shutting down and abandoning module GammaUI (432)
[2019.04.09-12.25.23:502][ 22]LogModuleManager: Shutting down and abandoning module Documentation (430)
[2019.04.09-12.25.23:502][ 22]LogModuleManager: Shutting down and abandoning module MovieSceneTracks (428)
[2019.04.09-12.25.23:503][ 22]LogModuleManager: Shutting down and abandoning module MovieScene (426)
[2019.04.09-12.25.23:503][ 22]LogModuleManager: Shutting down and abandoning module StreamingPauseRendering (424)
[2019.04.09-12.25.23:504][ 22]LogModuleManager: Shutting down and abandoning module LauncherPlatform (422)
[2019.04.09-12.25.23:504][ 22]LogModuleManager: Shutting down and abandoning module AnalyticsET (420)
[2019.04.09-12.25.23:504][ 22]LogModuleManager: Shutting down and abandoning module PortalServices (418)
[2019.04.09-12.25.23:504][ 22]LogModuleManager: Shutting down and abandoning module PortalRpc (416)
[2019.04.09-12.25.23:504][ 22]LogModuleManager: Shutting down and abandoning module MessagingRpc (414)
[2019.04.09-12.25.23:504][ 22]LogModuleManager: Shutting down and abandoning module AIModule (412)
[2019.04.09-12.25.23:504][ 22]LogModuleManager: Shutting down and abandoning module GameplayDebugger (411)
[2019.04.09-12.25.23:504][ 22]LogModuleManager: Shutting down and abandoning module AITestSuite (409)
[2019.04.09-12.25.23:505][ 22]LogModuleManager: Shutting down and abandoning module NavigationSystem (407)
[2019.04.09-12.25.23:505][ 22]LogModuleManager: Shutting down and abandoning module DesktopPlatform (404)
[2019.04.09-12.25.23:505][ 22]LogModuleManager: Shutting down and abandoning module ProfilerService (402)
[2019.04.09-12.25.23:576][ 22]LogModuleManager: Shutting down and abandoning module TaskGraph (400)
[2019.04.09-12.25.23:577][ 22]LogModuleManager: Shutting down and abandoning module SteamVRController (398)
[2019.04.09-12.25.23:577][ 22]LogModuleManager: Shutting down and abandoning module ProceduralMeshComponentEditor (396)
[2019.04.09-12.25.23:577][ 22]LogModuleManager: Shutting down and abandoning module ProceduralMeshComponent (394)
[2019.04.09-12.25.23:577][ 22]LogModuleManager: Shutting down and abandoning module OculusInput (392)
[2019.04.09-12.25.23:577][ 22]LogModuleManager: Shutting down and abandoning module MobilePatchingUtils (390)
[2019.04.09-12.25.23:577][ 22]LogModuleManager: Shutting down and abandoning module EditableMesh (388)
[2019.04.09-12.25.23:578][ 22]LogModuleManager: Shutting down and abandoning module CustomMeshComponent (386)
[2019.04.09-12.25.23:578][ 22]LogModuleManager: Shutting down and abandoning module CableComponent (384)
[2019.04.09-12.25.23:578][ 22]LogModuleManager: Shutting down and abandoning module AudioCapture (382)
[2019.04.09-12.25.23:578][ 22]LogModuleManager: Shutting down and abandoning module ArchVisCharacter (380)
[2019.04.09-12.25.23:578][ 22]LogModuleManager: Shutting down and abandoning module AndroidPermission (378)
[2019.04.09-12.25.23:578][ 22]LogModuleManager: Shutting down and abandoning module NUTUnrealEngine4 (376)
[2019.04.09-12.25.23:578][ 22]LogModuleManager: Shutting down and abandoning module NetcodeUnitTest (374)
[2019.04.09-12.25.23:580][ 22]LogModuleManager: Shutting down and abandoning module MediaCompositingEditor (372)
[2019.04.09-12.25.23:580][ 22]LogModuleManager: Shutting down and abandoning module MediaCompositing (370)
[2019.04.09-12.25.23:580][ 22]LogModuleManager: Shutting down and abandoning module LinearTimecode (368)
[2019.04.09-12.25.23:580][ 22]LogModuleManager: Shutting down and abandoning module ImgMedia (366)
[2019.04.09-12.25.23:584][ 22]LogModuleManager: Shutting down and abandoning module HTML5Networking (364)
[2019.04.09-12.25.23:584][ 22]LogModuleManager: Shutting down and abandoning module GeometryCacheTracks (362)
[2019.04.09-12.25.23:584][ 22]LogModuleManager: Shutting down and abandoning module GeometryCacheSequencer (360)
[2019.04.09-12.25.23:584][ 22]LogModuleManager: Shutting down and abandoning module BackChannel (358)
[2019.04.09-12.25.23:585][ 22]LogModuleManager: Shutting down and abandoning module AppleVision (356)
[2019.04.09-12.25.23:585][ 22]LogModuleManager: Shutting down and abandoning module AppleImageUtils (354)
[2019.04.09-12.25.23:585][ 22]LogModuleManager: Shutting down and abandoning module AlembicImporter (352)
[2019.04.09-12.25.23:585][ 22]LogModuleManager: Shutting down and abandoning module AlembicLibrary (351)
[2019.04.09-12.25.23:585][ 22]LogModuleManager: Shutting down and abandoning module GeometryCache (350)
[2019.04.09-12.25.23:585][ 22]LogModuleManager: Shutting down and abandoning module GeometryCacheEd (349)
[2019.04.09-12.25.23:585][ 22]LogModuleManager: Shutting down and abandoning module DatasmithContentEditor (344)
[2019.04.09-12.25.23:586][ 22]LogModuleManager: Shutting down and abandoning module DatasmithContent (342)
[2019.04.09-12.25.23:586][ 22]LogModuleManager: Shutting down and abandoning module SpeedTreeImporter (340)
[2019.04.09-12.25.23:586][ 22]LogModuleManager: Shutting down and abandoning module PluginBrowser (338)
[2019.04.09-12.25.23:588][ 22]LogModuleManager: Shutting down and abandoning module MobileLauncherProfileWizard (336)
[2019.04.09-12.25.23:589][ 22]LogModuleManager: Shutting down and abandoning module PolygonModeling (334)
[2019.04.09-12.25.23:589][ 22]LogModuleManager: Shutting down and abandoning module MeshEditor (332)
[2019.04.09-12.25.23:590][ 22]LogModuleManager: Shutting down and abandoning module CryptoKeysOpenSSL (330)
[2019.04.09-12.25.23:590][ 22]LogModuleManager: Shutting down and abandoning module CryptoKeys (328)
[2019.04.09-12.25.23:590][ 22]LogModuleManager: Shutting down and abandoning module VisualStudioSourceCodeAccess (326)
[2019.04.09-12.25.23:590][ 22]LogModuleManager: Shutting down and abandoning module VisualStudioCodeSourceCodeAccess (324)
[2019.04.09-12.25.23:591][ 22]LogModuleManager: Shutting down and abandoning module UObjectPlugin (322)
[2019.04.09-12.25.23:591][ 22]LogModuleManager: Shutting down and abandoning module SubversionSourceControl (320)
[2019.04.09-12.25.23:591][ 22]LogModuleManager: Shutting down and abandoning module PerforceSourceControl (318)
[2019.04.09-12.25.23:593][ 22]LogModuleManager: Shutting down and abandoning module GitSourceControl (316)
[2019.04.09-12.25.23:594][ 22]LogModuleManager: Shutting down and abandoning module SourceControl (315)
[2019.04.09-12.25.23:595][ 22]LogModuleManager: Shutting down and abandoning module CLionSourceCodeAccess (312)
[2019.04.09-12.25.23:595][ 22]LogModuleManager: Shutting down and abandoning module LightPropagationVolumeEditor (310)
[2019.04.09-12.25.23:595][ 22]LogModuleManager: Shutting down and abandoning module PaperTiledImporter (308)
[2019.04.09-12.25.23:595][ 22]LogModuleManager: Shutting down and abandoning module PaperSpriteSheetImporter (306)
[2019.04.09-12.25.23:595][ 22]LogModuleManager: Shutting down and abandoning module Paper2DEditor (304)
[2019.04.09-12.25.23:596][ 22]LogModuleManager: Shutting down and abandoning module MeshPaint (303)
[2019.04.09-12.25.23:597][ 22]LogModuleManager: Shutting down and abandoning module RuntimePhysXCooking (300)
[2019.04.09-12.25.23:597][ 22]LogModuleManager: Shutting down and abandoning module PhysXVehiclesEditor (298)
[2019.04.09-12.25.23:597][ 22]LogModuleManager: Shutting down and abandoning module PhysXVehicles (296)
[2019.04.09-12.25.23:597][ 22]LogModuleManager: Shutting down and abandoning module OculusEditor (294)
[2019.04.09-12.25.23:597][ 22]LogModuleManager: Shutting down and abandoning module LocationServicesBPLibrary (292)
[2019.04.09-12.25.23:598][ 22]LogModuleManager: Shutting down and abandoning module ImmediatePhysicsEditor (290)
[2019.04.09-12.25.23:598][ 22]LogModuleManager: Shutting down and abandoning module ImmediatePhysics (288)
[2019.04.09-12.25.23:598][ 22]LogModuleManager: Shutting down and abandoning module ActorSequence (286)
[2019.04.09-12.25.23:598][ 22]LogModuleManager: Shutting down and abandoning module UdpMessaging (284)
[2019.04.09-12.25.23:700][ 22]LogModuleManager: Shutting down and abandoning module TcpMessaging (282)
[2019.04.09-12.25.23:801][ 22]LogModuleManager: Shutting down and abandoning module MagicLeapAudio (280)
[2019.04.09-12.25.23:801][ 22]LogModuleManager: Shutting down and abandoning module GameplayTagsEditor (278)
[2019.04.09-12.25.23:802][ 22]LogModuleManager: Shutting down and abandoning module FacialAnimationEditor (276)
[2019.04.09-12.25.23:802][ 22]LogModuleManager: Shutting down and abandoning module FacialAnimation (274)
[2019.04.09-12.25.23:802][ 22]LogModuleManager: Shutting down and abandoning module DataValidation (272)
[2019.04.09-12.25.23:802][ 22]LogModuleManager: Shutting down and abandoning module AssetManagerEditor (270)
[2019.04.09-12.25.23:803][ 22]LogModuleManager: Shutting down and abandoning module LevelEditor (269)
[2019.04.09-12.25.23:806][ 22]LogModuleManager: Shutting down and abandoning module PixelInspectorModule (268)
[2019.04.09-12.25.23:806][ 22]LogModuleManager: Shutting down and abandoning module CommonMenuExtensions (266)
[2019.04.09-12.25.23:807][ 22]LogModuleManager: Shutting down and abandoning module MainFrame (264)
[2019.04.09-12.25.23:807][ 22]LogModuleManager: Shutting down and abandoning module HotReload (263)
[2019.04.09-12.25.23:809][ 22]LogModuleManager: Shutting down and abandoning module ContentBrowser (259)
[2019.04.09-12.25.23:812][ 22]LogModuleManager: Shutting down and abandoning module TreeMap (257)
[2019.04.09-12.25.23:812][ 22]LogModuleManager: Shutting down and abandoning module LightPropagationVolumeRuntime (254)
[2019.04.09-12.25.23:812][ 22]LogModuleManager: Shutting down and abandoning module AISupportModule (252)
[2019.04.09-12.25.23:812][ 22]LogModuleManager: Shutting down and abandoning module Paper2D (250)
[2019.04.09-12.25.23:812][ 22]LogModuleManager: Shutting down and abandoning module WindowsMoviePlayer (248)
[2019.04.09-12.25.23:813][ 22]LogModuleManager: Shutting down and abandoning module WmfMedia (246)
[2019.04.09-12.25.23:816][ 22]LogModuleManager: Shutting down and abandoning module Media (245)
[2019.04.09-12.25.23:822][ 22]LogModuleManager: Shutting down and abandoning module PacketHandler (242)
[2019.04.09-12.25.23:822][ 22]LogModuleManager: Shutting down and abandoning module ClothingSystemEditor (240)
[2019.04.09-12.25.23:823][ 22]LogModuleManager: Shutting down and abandoning module ClothingSystemRuntime (238)
[2019.04.09-12.25.23:824][ 22]LogModuleManager: Shutting down and abandoning module MediaAssets (236)
[2019.04.09-12.25.23:824][ 22]LogModuleManager: Shutting down and abandoning module Overlay (234)
[2019.04.09-12.25.23:824][ 22]LogModuleManager: Shutting down and abandoning module OverlayEditor (233)
[2019.04.09-12.25.23:824][ 22]LogModuleManager: Shutting down and abandoning module EnvironmentQueryEditor (230)
[2019.04.09-12.25.23:825][ 22]LogModuleManager: Shutting down and abandoning module VREditor (228)
[2019.04.09-12.25.23:826][ 22]LogModuleManager: Shutting down and abandoning module StringTableEditor (226)
[2019.04.09-12.25.23:827][ 22]LogModuleManager: Shutting down and abandoning module GameplayTasksEditor (224)
[2019.04.09-12.25.23:827][ 22]LogModuleManager: Shutting down and abandoning module BehaviorTreeEditor (222)
[2019.04.09-12.25.23:830][ 22]LogModuleManager: Shutting down and abandoning module FunctionalTesting (220)
[2019.04.09-12.25.23:831][ 22]LogModuleManager: Shutting down and abandoning module CollisionAnalyzer (218)
[2019.04.09-12.25.23:832][ 22]LogModuleManager: Shutting down and abandoning module WorkspaceMenuStructure (217)
[2019.04.09-12.25.23:833][ 22]LogModuleManager: Shutting down and abandoning module UMG (214)
[2019.04.09-12.25.23:833][ 22]LogModuleManager: Shutting down and abandoning module UMGEditor (213)
[2019.04.09-12.25.23:833][ 22]LogModuleManager: Shutting down and abandoning module Sequencer (212)
[2019.04.09-12.25.23:834][ 22]LogModuleManager: Shutting down and abandoning module MessageLog (209)
[2019.04.09-12.25.23:834][ 22]LogModuleManager: Shutting down and abandoning module SlateReflector (204)
[2019.04.09-12.25.23:836][ 22]LogModuleManager: Shutting down and abandoning module Slate (202)
[2019.04.09-12.25.23:837][ 22]LogModuleManager: Shutting down and abandoning module EditorStyle (200)
[2019.04.09-12.25.23:841][ 22]LogModuleManager: Shutting down and abandoning module MRMesh (198)
[2019.04.09-12.25.23:841][ 22]LogModuleManager: Shutting down and abandoning module SourceCodeAccess (196)
[2019.04.09-12.25.23:841][ 22]LogModuleManager: Shutting down and abandoning module HeadMountedDisplay (194)
[2019.04.09-12.25.23:841][ 22]LogModuleManager: Shutting down and abandoning module XAudio2 (192)
[2019.04.09-12.25.23:842][ 22]LogModuleManager: Shutting down and abandoning module Networking (190)
[2019.04.09-12.25.23:842][ 22]LogModuleManager: Shutting down and abandoning module Core (188)
[2019.04.09-12.25.23:842][ 22]LogModuleManager: Shutting down and abandoning module LevelSequence (186)
[2019.04.09-12.25.23:842][ 22]LogModuleManager: Shutting down and abandoning module KismetCompiler (184)
[2019.04.09-12.25.23:842][ 22]LogModuleManager: Shutting down and abandoning module MeshUtilities (182)
[2019.04.09-12.25.23:843][ 22]LogModuleManager: Shutting down and abandoning module MeshMergeUtilities (181)
[2019.04.09-12.25.23:844][ 22]LogModuleManager: Shutting down and abandoning module MeshReductionInterface (180)
[2019.04.09-12.25.23:844][ 22]LogModuleManager: Shutting down and abandoning module SimplygonSwarm (179)
[2019.04.09-12.25.23:845][ 22]LogModuleManager: Shutting down and abandoning module ProxyLODMeshReduction (177)
[2019.04.09-12.25.23:846][ 22]LogModuleManager: Shutting down and abandoning module SimplygonMeshReduction (175)
[2019.04.09-12.25.23:846][ 22]LogModuleManager: Shutting down and abandoning module QuadricMeshReduction (173)
[2019.04.09-12.25.23:848][ 22]LogModuleManager: Shutting down and abandoning module MaterialBaking (169)
[2019.04.09-12.25.23:848][ 22]LogModuleManager: Shutting down and abandoning module DirectoryWatcher (165)
[2019.04.09-12.25.23:849][ 22]LogModuleManager: Shutting down and abandoning module DerivedDataCache (162)
[2019.04.09-12.25.23:883][ 22]LogDerivedDataCache: Shutdown
[2019.04.09-12.25.23:883][ 22]LogModuleManager: Shutting down and abandoning module XGEController (160)
[2019.04.09-12.25.23:884][ 22]LogModuleManager: Shutting down and abandoning module TargetPlatform (158)
[2019.04.09-12.25.23:884][ 22]LogModuleManager: Shutting down and abandoning module VulkanShaderFormat (157)
[2019.04.09-12.25.23:885][ 22]LogModuleManager: Shutting down and abandoning module ShaderFormatVectorVM (155)
[2019.04.09-12.25.23:885][ 22]LogModuleManager: Shutting down and abandoning module ShaderFormatOpenGL (153)
[2019.04.09-12.25.23:886][ 22]LogModuleManager: Shutting down and abandoning module ShaderFormatD3D (151)
[2019.04.09-12.25.23:886][ 22]LogModuleManager: Shutting down and abandoning module MetalShaderFormat (149)
[2019.04.09-12.25.23:886][ 22]LogModuleManager: Shutting down and abandoning module TextureFormatUncompressed (147)
[2019.04.09-12.25.23:886][ 22]LogModuleManager: Shutting down and abandoning module TextureFormatPVR (145)
[2019.04.09-12.25.23:886][ 22]LogModuleManager: Shutting down and abandoning module TextureFormatDXT (143)
[2019.04.09-12.25.23:887][ 22]LogModuleManager: Shutting down and abandoning module TextureFormatIntelISPCTexComp (141)
[2019.04.09-12.25.23:887][ 22]LogModuleManager: Shutting down and abandoning module TextureFormatASTC (139)
[2019.04.09-12.25.23:887][ 22]LogModuleManager: Shutting down and abandoning module ImageWrapper (138)
[2019.04.09-12.25.23:887][ 22]LogModuleManager: Shutting down and abandoning module TextureFormatAndroid (135)
[2019.04.09-12.25.23:887][ 22]LogModuleManager: Shutting down and abandoning module AudioFormatOpus (133)
[2019.04.09-12.25.23:888][ 22]LogModuleManager: Shutting down and abandoning module AudioFormatOgg (131)
[2019.04.09-12.25.23:888][ 22]LogModuleManager: Shutting down and abandoning module AudioFormatADPCM (129)
[2019.04.09-12.25.23:888][ 22]LogModuleManager: Shutting down and abandoning module LuminTargetPlatform (127)
[2019.04.09-12.25.23:888][ 22]LogModuleManager: Shutting down and abandoning module LinuxTargetPlatform (125)
[2019.04.09-12.25.23:888][ 22]LogModuleManager: Shutting down and abandoning module LinuxServerTargetPlatform (123)
[2019.04.09-12.25.23:888][ 22]LogModuleManager: Shutting down and abandoning module LinuxNoEditorTargetPlatform (121)
[2019.04.09-12.25.23:888][ 22]LogModuleManager: Shutting down and abandoning module LinuxClientTargetPlatform (119)
[2019.04.09-12.25.23:889][ 22]LogModuleManager: Shutting down and abandoning module TVOSTargetPlatform (117)
[2019.04.09-12.25.23:893][ 22]LogModuleManager: Shutting down and abandoning module Messaging (115)
[2019.04.09-12.25.23:893][ 22]LogModuleManager: Shutting down and abandoning module IOSTargetPlatform (113)
[2019.04.09-12.25.23:901][ 22]LogModuleManager: Shutting down and abandoning module HTML5TargetPlatform (111)
[2019.04.09-12.25.23:901][ 22]LogModuleManager: Shutting down and abandoning module AndroidTargetPlatform (109)
[2019.04.09-12.25.23:936][ 22]LogModuleManager: Shutting down and abandoning module WindowsTargetPlatform (107)
[2019.04.09-12.25.23:936][ 22]LogModuleManager: Shutting down and abandoning module WindowsServerTargetPlatform (105)
[2019.04.09-12.25.23:936][ 22]LogModuleManager: Shutting down and abandoning module WindowsNoEditorTargetPlatform (103)
[2019.04.09-12.25.23:936][ 22]LogModuleManager: Shutting down and abandoning module WindowsClientTargetPlatform (101)
[2019.04.09-12.25.23:936][ 22]LogModuleManager: Shutting down and abandoning module MacTargetPlatform (99)
[2019.04.09-12.25.23:937][ 22]LogModuleManager: Shutting down and abandoning module MacServerTargetPlatform (97)
[2019.04.09-12.25.23:937][ 22]LogModuleManager: Shutting down and abandoning module MacNoEditorTargetPlatform (95)
[2019.04.09-12.25.23:937][ 22]LogModuleManager: Shutting down and abandoning module MacClientTargetPlatform (93)
[2019.04.09-12.25.23:937][ 22]LogModuleManager: Shutting down and abandoning module AllDesktopTargetPlatform (91)
[2019.04.09-12.25.23:937][ 22]LogModuleManager: Shutting down and abandoning module InputCore (88)
[2019.04.09-12.25.23:937][ 22]LogModuleManager: Shutting down and abandoning module Settings (86)
[2019.04.09-12.25.23:937][ 22]LogModuleManager: Shutting down and abandoning module PhysXCooking (84)
[2019.04.09-12.25.23:937][ 22]LogModuleManager: Shutting down and abandoning module SteamVR (82)
[2019.04.09-12.25.23:937][ 22]LogModuleManager: Shutting down and abandoning module OculusHMD (80)
[2019.04.09-12.25.23:938][ 22]LogModuleManager: Shutting down and abandoning module ExampleDeviceProfileSelector (78)
[2019.04.09-12.25.23:938][ 22]LogModuleManager: Shutting down and abandoning module LauncherChunkInstaller (76)
[2019.04.09-12.25.23:938][ 22]LogModuleManager: Shutting down and abandoning module OnlineBlueprintSupport (74)
[2019.04.09-12.25.23:938][ 22]LogModuleManager: Shutting down and abandoning module OnlineSubsystem (70)
[2019.04.09-12.25.23:941][ 22]LogModuleManager: Shutting down and abandoning module XMPP (65)
[2019.04.09-12.25.23:943][ 22]LogModuleManager: Shutting down and abandoning module WebSockets (64)
[2019.04.09-12.25.23:964][ 22]LogModuleManager: Shutting down and abandoning module HTTP (61)
[2019.04.09-12.25.23:964][ 22]LogHttp: Display: Http module shutting down, but needs to wait on 2 outstanding Http requests:
[2019.04.09-12.25.23:965][ 22]LogHttp: Display: 	verb=[POST] url=[https://datarouter.ol.epicgames.com/datarouter/api/v1/public/data?SessionID=%7B5B042AFD-473A-508A-C3FE-5F813509C60B%7D&AppID=UEEditor.Rocket.Release&AppVersion=4.20.3-4369336%2B%2B%2BUE4%2BRelease-4.20&UserID=b981835b4cfd420035be9e8674c82584%7C99887eaec6be48e1ab89856f117ef398%7Cfcdb69fe-e22d-44dd-b046-353003ae4736&AppEnvironment=datacollector-binary&UploadType=eteventstream] status=Processing
[2019.04.09-12.25.23:965][ 22]LogHttp: Display: 	verb=[POST] url=[https://datarouter.ol.epicgames.com/datarouter/api/v1/public/data?SessionID=%7B5B042AFD-473A-508A-C3FE-5F813509C60B%7D&AppID=UEEditor.Rocket.Release&AppVersion=4.20.3-4369336%2B%2B%2BUE4%2BRelease-4.20&UserID=b981835b4cfd420035be9e8674c82584%7C99887eaec6be48e1ab89856f117ef398%7Cfcdb69fe-e22d-44dd-b046-353003ae4736&AppEnvironment=datacollector-binary&UploadType=eteventstream] status=Processing
[2019.04.09-12.25.23:967][ 22]LogModuleManager: Shutting down and abandoning module SSL (60)
[2019.04.09-12.25.23:970][ 22]LogModuleManager: Shutting down and abandoning module MagicLeapEmulator (56)
[2019.04.09-12.25.23:970][ 22]LogModuleManager: Shutting down and abandoning module MagicLeapPrivileges (54)
[2019.04.09-12.25.23:970][ 22]LogModuleManager: Shutting down and abandoning module MagicLeapIdentity (52)
[2019.04.09-12.25.23:970][ 22]LogModuleManager: Shutting down and abandoning module MagicLeapHelperVulkan (50)
[2019.04.09-12.25.23:970][ 22]LogModuleManager: Shutting down and abandoning module MagicLeapHelperOpenGL (48)
[2019.04.09-12.25.23:970][ 22]LogModuleManager: Shutting down and abandoning module MagicLeapSecureStorage (46)
[2019.04.09-12.25.23:970][ 22]LogModuleManager: Shutting down and abandoning module MagicLeapGestures (44)
[2019.04.09-12.25.23:970][ 22]LogModuleManager: Shutting down and abandoning module MagicLeapEyeTracker (42)
[2019.04.09-12.25.23:970][ 22]LogModuleManager: Shutting down and abandoning module MagicLeapController (40)
[2019.04.09-12.25.23:971][ 22]LogSlate: Slate User Destroyed.  User Index 0, Is Virtual User: 0
[2019.04.09-12.25.23:971][ 22]LogModuleManager: Shutting down and abandoning module MagicLeap (38)
[2019.04.09-12.25.23:971][ 22]LogModuleManager: Shutting down and abandoning module AnimationModifiers (36)
[2019.04.09-12.25.23:973][ 22]LogModuleManager: Shutting down and abandoning module PropertyEditor (35)
[2019.04.09-12.25.23:973][ 22]LogModuleManager: Shutting down and abandoning module AudioEditor (32)
[2019.04.09-12.25.23:974][ 22]LogModuleManager: Shutting down and abandoning module TextureCompressor (30)
[2019.04.09-12.25.23:978][ 22]LogModuleManager: Shutting down and abandoning module ShaderCore (28)
[2019.04.09-12.25.23:978][ 22]LogModuleManager: Shutting down and abandoning module Landscape (26)
[2019.04.09-12.25.23:978][ 22]LogModuleManager: Shutting down and abandoning module SlateRHIRenderer (24)
[2019.04.09-12.25.23:981][ 22]LogModuleManager: Shutting down and abandoning module OpenGLDrv (22)
[2019.04.09-12.25.23:981][ 22]LogModuleManager: Shutting down and abandoning module D3D11RHI (20)
[2019.04.09-12.25.23:981][ 22]LogModuleManager: Shutting down and abandoning module AnimGraphRuntime (18)
[2019.04.09-12.25.23:982][ 22]LogModuleManager: Shutting down and abandoning module Renderer (16)
[2019.04.09-12.25.23:982][ 22]LogModuleManager: Shutting down and abandoning module Engine (14)
[2019.04.09-12.25.23:982][ 22]LogModuleManager: Shutting down and abandoning module CoreUObject (12)
[2019.04.09-12.25.23:982][ 22]LogModuleManager: Shutting down and abandoning module NetworkFile (10)
[2019.04.09-12.25.23:982][ 22]LogModuleManager: Shutting down and abandoning module CookedIterativeFile (8)
[2019.04.09-12.25.23:982][ 22]LogModuleManager: Shutting down and abandoning module StreamingFile (6)
[2019.04.09-12.25.23:983][ 22]LogModuleManager: Shutting down and abandoning module SandboxFile (4)
[2019.04.09-12.25.23:983][ 22]LogModuleManager: Shutting down and abandoning module PakFile (2)
[2019.04.09-12.25.23:994][ 22]LogExit: Exiting.
[2019.04.09-12.25.24:004][ 22]Log file closed, 04/09/19 14:25:24
