Log file open, 05/14/19 10:14:13
LogWindows: Failed to load 'aqProf.dll' (GetLastError=126)
LogWindows: File 'aqProf.dll' does not exist
LogWindows: Failed to load 'VSPerf140.dll' (GetLastError=126)
LogWindows: File 'VSPerf140.dll' does not exist
LogWindows: Failed to load 'VtuneApi.dll' (GetLastError=126)
LogWindows: File 'VtuneApi.dll' does not exist
LogWindows: Failed to load 'VtuneApi32e.dll' (GetLastError=126)
LogWindows: File 'VtuneApi32e.dll' does not exist
LogInit: Display: Running engine for game: ProjectBarter
LogPlatformFile: Not using cached read wrapper
LogTaskGraph: Started task graph with 5 named threads and 23 total threads with 3 sets of task threads.
LogStats: Stats thread started at 0.300202
LogD3D11RHI: Loaded GFSDK_Aftermath_Lib.x64.dll
LogICUInternationalization: Display: ICU TimeZone Detection - Raw Offset: +1:00, Platform Override: ''
LogPluginManager: Mounting plugin Paper2D
LogPluginManager: Mounting plugin AISupport
LogPluginManager: Mounting plugin LightPropagationVolume
LogPluginManager: Mounting plugin CLionSourceCodeAccess
LogPluginManager: Mounting plugin CodeLiteSourceCodeAccess
LogPluginManager: Mounting plugin GitSourceControl
LogPluginManager: Mounting plugin KDevelopSourceCodeAccess
LogPluginManager: Mounting plugin NullSourceCodeAccess
LogPluginManager: Mounting plugin PerforceSourceControl
LogPluginManager: Mounting plugin SubversionSourceControl
LogPluginManager: Mounting plugin UObjectPlugin
LogPluginManager: Mounting plugin VisualStudioCodeSourceCodeAccess
LogPluginManager: Mounting plugin VisualStudioSourceCodeAccess
LogPluginManager: Mounting plugin XCodeSourceCodeAccess
LogPluginManager: Mounting plugin AssetManagerEditor
LogPluginManager: Mounting plugin CryptoKeys
LogPluginManager: Mounting plugin DataValidation
LogPluginManager: Mounting plugin FacialAnimation
LogPluginManager: Mounting plugin GameplayTagsEditor
LogPluginManager: Mounting plugin MacGraphicsSwitching
LogPluginManager: Mounting plugin MeshEditor
LogPluginManager: Mounting plugin MobileLauncherProfileWizard
LogPluginManager: Mounting plugin PluginBrowser
LogPluginManager: Mounting plugin SpeedTreeImporter
LogPluginManager: Mounting plugin DatasmithContent
LogPluginManager: Mounting plugin AlembicImporter
LogPluginManager: Mounting plugin AppleImageUtils
LogPluginManager: Mounting plugin AppleVision
LogPluginManager: Mounting plugin BackChannel
LogPluginManager: Mounting plugin CharacterAI
LogPluginManager: Mounting plugin GeometryCache
LogPluginManager: Mounting plugin HTML5Networking
LogPluginManager: Mounting plugin ProxyLODPlugin
LogPluginManager: Mounting plugin MagicLeap
LogPluginManager: Mounting plugin MagicLeapEmulator
LogPluginManager: Mounting plugin MagicLeapMedia
LogPluginManager: Mounting plugin AndroidMedia
LogPluginManager: Mounting plugin AvfMedia
LogPluginManager: Mounting plugin ImgMedia
LogPluginManager: Mounting plugin LinearTimecode
LogPluginManager: Mounting plugin MediaCompositing
LogPluginManager: Mounting plugin MediaPlayerEditor
LogPluginManager: Mounting plugin WmfMedia
LogPluginManager: Mounting plugin TcpMessaging
LogPluginManager: Mounting plugin UdpMessaging
LogPluginManager: Mounting plugin ActorSequence
LogPluginManager: Mounting plugin LevelSequenceEditor
LogPluginManager: Mounting plugin MatineeToLevelSequence
LogPluginManager: Mounting plugin NetcodeUnitTest
LogPluginManager: Mounting plugin NUTUnrealEngine4
LogPluginManager: Mounting plugin OnlineSubsystemGooglePlay
LogPluginManager: Mounting plugin OnlineSubsystemIOS
LogPluginManager: Mounting plugin OnlineSubsystem
LogPluginManager: Mounting plugin OnlineSubsystemNull
LogPluginManager: Mounting plugin OnlineSubsystemUtils
LogPluginManager: Mounting plugin LauncherChunkInstaller
LogPluginManager: Mounting plugin AndroidDeviceProfileSelector
LogPluginManager: Mounting plugin AndroidMoviePlayer
LogPluginManager: Mounting plugin AndroidPermission
LogPluginManager: Mounting plugin AppleMoviePlayer
LogPluginManager: Mounting plugin ArchVisCharacter
LogPluginManager: Mounting plugin AudioCapture
LogPluginManager: Mounting plugin CableComponent
LogPluginManager: Mounting plugin CustomMeshComponent
LogPluginManager: Mounting plugin EditableMesh
LogPluginManager: Mounting plugin ExampleDeviceProfileSelector
LogPluginManager: Mounting plugin GoogleCloudMessaging
LogPluginManager: Mounting plugin ImmediatePhysics
LogPluginManager: Mounting plugin IOSDeviceProfileSelector
LogPluginManager: Mounting plugin LinuxDeviceProfileSelector
LogPluginManager: Mounting plugin LocationServicesBPLibrary
LogPluginManager: Mounting plugin MobilePatchingUtils
LogPluginManager: Mounting plugin OculusVR
LogPluginManager: Plugin shader directory ../../../Engine/Plugins/Runtime/Oculus/OculusVR/Shaders found
LogPluginManager: Mapping shader source directory ../../../Engine/Plugins/Runtime/Oculus/OculusVR/Shaders to virtual directory /Plugin/OculusVR
LogPluginManager: Mounting plugin PhysXVehicles
LogPluginManager: Mounting plugin ProceduralMeshComponent
LogPluginManager: Mounting plugin RuntimePhysXCooking
LogPluginManager: Mounting plugin SteamVR
LogPluginManager: Mounting plugin WindowsMoviePlayer
LogStreaming: Display: Took  0.167s to configure plugins.
LogInit: Using libcurl 7.55.1-DEV
LogInit:  - built for x86_64-pc-win32
LogInit:  - supports SSL with OpenSSL/1.0.2h
LogInit:  - supports HTTP deflate (compression) using libz 1.2.8
LogInit:  - other features:
LogInit:      CURL_VERSION_SSL
LogInit:      CURL_VERSION_LIBZ
LogInit:      CURL_VERSION_IPV6
LogInit:      CURL_VERSION_ASYNCHDNS
LogInit:      CURL_VERSION_LARGEFILE
LogInit:      CURL_VERSION_IDN
LogInit:  CurlRequestOptions (configurable via config and command line):
LogInit:  - bVerifyPeer = false  - Libcurl will NOT verify peer certificate
LogInit:  - bUseHttpProxy = false  - Libcurl will NOT use HTTP proxy
LogInit:  - bDontReuseConnections = false  - Libcurl will reuse connections
LogInit:  - CertBundlePath = nullptr  - Libcurl will use whatever was configured at build time.
LogInit:  - MaxHostConnections = 16  - Libcurl will limit the number of connections to a host
LogInit:  - LocalHostAddr = Default
LogInit:  - BufferSize = 65536
LogInit: WinSock: version 1.1 (2.2), MaxSocks=32767, MaxUdp=65467
LogInit: Build: ++UE4+Release-4.20-CL-4369336
LogInit: Engine Version: 4.20.3-4369336+++UE4+Release-4.20
LogInit: Compatible Engine Version: 4.20.0-4212847+++UE4+Release-4.20
LogInit: Net CL: 4212847
LogInit: OS: Windows 10 (), CPU: Intel(R) Core(TM) i7-7700HQ CPU @ 2.80GHz, GPU: Intel(R) HD Graphics 630
LogInit: Compiled (64-bit): Sep 17 2018 12:26:19
LogInit: Compiled with Visual C++: 19.13.26129.00
LogInit: Build Configuration: Development
LogInit: Branch Name: ++UE4+Release-4.20
LogInit: Command Line: -EpicPortal  -epicusername="WarZicks" -epicuserid=99887eaec6be48e1ab89856f117ef398 -epiclocale=fr-FR
LogInit: Base Directory: C:/Program Files/Epic Games/UE_4.20/Engine/Binaries/Win64/
LogInit: Installed Engine Build: 1
LogDevObjectVersion: Number of dev versions registered: 20
LogDevObjectVersion:   Dev-Blueprints (B0D832E4-1F89-4F0D-ACCF-7EB736FD4AA2): 10
LogDevObjectVersion:   Dev-Build (E1C64328-A22C-4D53-A36C-8E866417BD8C): 0
LogDevObjectVersion:   Dev-Core (375EC13C-06E4-48FB-B500-84F0262A717E): 2
LogDevObjectVersion:   Dev-Editor (E4B068ED-F494-42E9-A231-DA0B2E46BB41): 24
LogDevObjectVersion:   Dev-Framework (CFFC743F-43B0-4480-9391-14DF171D2073): 34
LogDevObjectVersion:   Dev-Mobile (B02B49B5-BB20-44E9-A304-32B752E40360): 2
LogDevObjectVersion:   Dev-Networking (A4E4105C-59A1-49B5-A7C5-40C4547EDFEE): 0
LogDevObjectVersion:   Dev-Online (39C831C9-5AE6-47DC-9A44-9C173E1C8E7C): 0
LogDevObjectVersion:   Dev-Physics (78F01B33-EBEA-4F98-B9B4-84EACCB95AA2): 0
LogDevObjectVersion:   Dev-Platform (6631380F-2D4D-43E0-8009-CF276956A95A): 0
LogDevObjectVersion:   Dev-Rendering (12F88B9F-8875-4AFC-A67C-D90C383ABD29): 26
LogDevObjectVersion:   Dev-Sequencer (7B5AE74C-D270-4C10-A958-57980B212A5A): 9
LogDevObjectVersion:   Dev-VR (D7296918-1DD6-4BDD-9DE2-64A83CC13884): 2
LogDevObjectVersion:   Dev-LoadTimes (C2A15278-BFE7-4AFE-6C17-90FF531DF755): 1
LogDevObjectVersion:   Private-Geometry (6EACA3D4-40EC-4CC1-B786-8BED09428FC5): 3
LogDevObjectVersion:   Dev-AnimPhys (29E575DD-E0A3-4627-9D10-D276232CDCEA): 17
LogDevObjectVersion:   Dev-ReflectionCapture (6B266CEC-1EC7-4B8F-A30B-E4D90942FC07): 1
LogDevObjectVersion:   Dev-Automation (0DF73D61-A23F-47EA-B727-89E90C41499A): 1
LogDevObjectVersion:   FortniteMain (601D1886-AC64-4F84-AA16-D3DE0DEAC7D6): 12
LogDevObjectVersion:   Dev-Enterprise (9DFFBCD6-494F-0158-E221-12823C92A888): 1
LogStreaming: Display: Took  0.001s to delete old logs.
LogInit: Presizing for max 8388607 objects, including 0 objects not considered by GC, pre-allocating 0 bytes for permanent pool.
LogInit: Object subsystem initialized
[2019.05.14-08.14.13:531][  0]LogInit: Selected Device Profile: [Windows]
[2019.05.14-08.14.13:531][  0]LogInit: Applying CVar settings loaded from the selected device profile: [Windows]
[2019.05.14-08.14.13:539][  0]LogHAL: Display: Platform has ~ 8 GB [8467357696 / 8589934592 / 8], which maps to Default [LargestMinGB=32, LargerMinGB=12, DefaultMinGB=8, SmallerMinGB=6, SmallestMinGB=0)
[2019.05.14-08.14.13:539][  0]LogInit: Setting Device Profile CVar: [[r.Vulkan.UseRealUBs:1]]
[2019.05.14-08.14.13:539][  0]LogInit: Going up to parent DeviceProfile []
[2019.05.14-08.14.13:540][  0]LogInit: Computer: DESKTOP-CQL9TV7
[2019.05.14-08.14.13:540][  0]LogInit: User: THéo
[2019.05.14-08.14.13:540][  0]LogInit: CPU Page size=4096, Cores=4
[2019.05.14-08.14.13:540][  0]LogInit: High frequency timer resolution =2.742189 MHz
[2019.05.14-08.14.13:540][  0]LogMemory: Memory total: Physical=7.9GB (8GB approx)
[2019.05.14-08.14.13:540][  0]LogMemory: Platform Memory Stats for Windows
[2019.05.14-08.14.13:540][  0]LogMemory: Process Physical Memory: 101.08 MB used, 101.08 MB peak
[2019.05.14-08.14.13:540][  0]LogMemory: Process Virtual Memory: 93.36 MB used, 93.36 MB peak
[2019.05.14-08.14.13:540][  0]LogMemory: Physical Memory: 4823.70 MB used,  3251.40 MB free, 8075.10 MB total
[2019.05.14-08.14.13:540][  0]LogMemory: Virtual Memory: 4633.37 MB used,  3251.40 MB free, 134217728.00 MB total
[2019.05.14-08.14.13:559][  0]LogInit: Using OS detected language (fr-FR).
[2019.05.14-08.14.13:559][  0]LogInit: Using OS detected locale (fr-FR).
[2019.05.14-08.14.13:561][  0]LogTextLocalizationManager: No specific localization for 'fr-FR' exists, so the 'fr' localization will be used.
[2019.05.14-08.14.13:563][  0]LogStreaming: Display: Took  0.004s to InitEngineTextLocalization.
[2019.05.14-08.14.13:563][  0]LogInit: Setting process to per monitor DPI aware
[2019.05.14-08.14.13:605][  0]LogSlate: New Slate User Created.  User Index 0, Is Virtual User: 0
[2019.05.14-08.14.13:605][  0]LogSlate: Slate User Registered.  User Index 0, Is Virtual User: 0
[2019.05.14-08.14.13:886][  0]LogHMD: Failed to initialize OpenVR with code 110
[2019.05.14-08.14.13:886][  0]LogD3D11RHI: D3D11 adapters:
[2019.05.14-08.14.13:967][  0]LogD3D11RHI:    0. 'NVIDIA GeForce GTX 1060' (Feature Level 11_0)
[2019.05.14-08.14.13:967][  0]LogD3D11RHI:       2987/0/4037 MB DedicatedVideo/DedicatedSystem/SharedSystem, Outputs:1, VendorId:0x10de
[2019.05.14-08.14.13:979][  0]LogD3D11RHI:    1. 'Intel(R) HD Graphics 630' (Feature Level 11_0)
[2019.05.14-08.14.13:979][  0]LogD3D11RHI:       128/0/4037 MB DedicatedVideo/DedicatedSystem/SharedSystem, Outputs:0, VendorId:0x8086
[2019.05.14-08.14.13:981][  0]LogD3D11RHI:    2. 'Microsoft Basic Render Driver' (Feature Level 11_0)
[2019.05.14-08.14.13:981][  0]LogD3D11RHI:       0/0/4037 MB DedicatedVideo/DedicatedSystem/SharedSystem, Outputs:0, VendorId:0x1414
[2019.05.14-08.14.13:981][  0]LogD3D11RHI: Chosen D3D11 Adapter: 0
[2019.05.14-08.14.14:009][  0]LogD3D11RHI: Creating new Direct3DDevice
[2019.05.14-08.14.14:009][  0]LogD3D11RHI:     GPU DeviceId: 0x1c20 (for the marketing name, search the web for "GPU Device Id")
[2019.05.14-08.14.14:009][  0]LogWindows: EnumDisplayDevices:
[2019.05.14-08.14.14:009][  0]LogWindows:    0. 'Intel(R) HD Graphics 630' (P:1 D:1)
[2019.05.14-08.14.14:010][  0]LogWindows:    1. 'Intel(R) HD Graphics 630' (P:0 D:0)
[2019.05.14-08.14.14:010][  0]LogWindows:    2. 'Intel(R) HD Graphics 630' (P:0 D:0)
[2019.05.14-08.14.14:010][  0]LogWindows:    3. 'NVIDIA GeForce GTX 1060' (P:0 D:0)
[2019.05.14-08.14.14:010][  0]LogWindows:    4. 'NVIDIA GeForce GTX 1060' (P:0 D:0)
[2019.05.14-08.14.14:011][  0]LogWindows:    5. 'NVIDIA GeForce GTX 1060' (P:0 D:0)
[2019.05.14-08.14.14:011][  0]LogWindows:    6. 'NVIDIA GeForce GTX 1060' (P:0 D:0)
[2019.05.14-08.14.14:011][  0]LogWindows: DebugString: PrimaryIsNotTheChoosenAdapter PrimaryIsNotTheChoosenAdapter PrimaryIsNotTheChoosenAdapter FoundDriverCount:4 
[2019.05.14-08.14.14:011][  0]LogD3D11RHI:     Adapter Name: NVIDIA GeForce GTX 1060
[2019.05.14-08.14.14:011][  0]LogD3D11RHI:   Driver Version: 399.01 (internal:24.21.13.9901, unified:399.01)
[2019.05.14-08.14.14:011][  0]LogD3D11RHI:      Driver Date: 8-13-2018
[2019.05.14-08.14.14:011][  0]LogRHI: Texture pool is 2090 MB (70% of 2987 MB)
[2019.05.14-08.14.14:055][  0]LogD3D11RHI: Async texture creation enabled
[2019.05.14-08.14.14:072][  0]LogD3D11RHI: GPU Timing Frequency: 1000.000000 (Debug: 2 2)
[2019.05.14-08.14.14:074][  0]LogShaderCompilers: Guid format shader working directory is -24 characters bigger than the processId version (D:/Documents/e-artsup/B2/Jeu Neolithique/ProjectBarter/ProjectBarter/Intermediate/Shaders/WorkingDirectory/11992/).
[2019.05.14-08.14.14:074][  0]LogShaderCompilers: Cleaned the shader compiler working directory 'C:/Users/THéo/AppData/Local/Temp/UnrealShaderWorkingDir/AC44AA084348ADBC0863589B5D2C39A6/'.
[2019.05.14-08.14.14:390][  0]LogTemp: Display: Loaded TP AllDesktopTargetPlatform
[2019.05.14-08.14.14:415][  0]LogTemp: Display: Loaded TP MacClientTargetPlatform
[2019.05.14-08.14.14:437][  0]LogTemp: Display: Loaded TP MacNoEditorTargetPlatform
[2019.05.14-08.14.14:455][  0]LogTemp: Display: Loaded TP MacServerTargetPlatform
[2019.05.14-08.14.14:471][  0]LogTemp: Display: Loaded TP MacTargetPlatform
[2019.05.14-08.14.14:487][  0]LogTemp: Display: Loaded TP WindowsClientTargetPlatform
[2019.05.14-08.14.14:503][  0]LogTemp: Display: Loaded TP WindowsNoEditorTargetPlatform
[2019.05.14-08.14.14:519][  0]LogTemp: Display: Loaded TP WindowsServerTargetPlatform
[2019.05.14-08.14.14:527][  0]LogTemp: Display: Loaded TP WindowsTargetPlatform
[2019.05.14-08.14.14:613][  0]LogTemp: Display: Loaded TP AndroidTargetPlatform
[2019.05.14-08.14.14:613][  0]LogTemp: Display: Loaded TP AndroidTargetPlatform
[2019.05.14-08.14.14:613][  0]LogTemp: Display: Loaded TP AndroidTargetPlatform
[2019.05.14-08.14.14:613][  0]LogTemp: Display: Loaded TP AndroidTargetPlatform
[2019.05.14-08.14.14:613][  0]LogTemp: Display: Loaded TP AndroidTargetPlatform
[2019.05.14-08.14.14:613][  0]LogTemp: Display: Loaded TP AndroidTargetPlatform
[2019.05.14-08.14.14:613][  0]LogTemp: Display: Loaded TP AndroidTargetPlatform
[2019.05.14-08.14.14:613][  0]LogTemp: Display: Loaded TP AndroidTargetPlatform
[2019.05.14-08.14.14:613][  0]LogTemp: Display: Loaded TP AndroidTargetPlatform
[2019.05.14-08.14.14:613][  0]LogTemp: Display: Loaded TP AndroidTargetPlatform
[2019.05.14-08.14.14:613][  0]LogTemp: Display: Loaded TP AndroidTargetPlatform
[2019.05.14-08.14.14:613][  0]LogTemp: Display: Loaded TP AndroidTargetPlatform
[2019.05.14-08.14.14:613][  0]LogTemp: Display: Loaded TP AndroidTargetPlatform
[2019.05.14-08.14.14:613][  0]LogTemp: Display: Loaded TP AndroidTargetPlatform
[2019.05.14-08.14.14:613][  0]LogTemp: Display: Loaded TP AndroidTargetPlatform
[2019.05.14-08.14.14:613][  0]LogTemp: Display: Loaded TP AndroidTargetPlatform
[2019.05.14-08.14.14:613][  0]LogTemp: Display: Loaded TP AndroidTargetPlatform
[2019.05.14-08.14.14:613][  0]LogTemp: Display: Loaded TP AndroidTargetPlatform
[2019.05.14-08.14.14:616][  0]LogTemp: Display: Loaded TP HTML5TargetPlatform
[2019.05.14-08.14.14:684][  0]LogTemp: Display: Loaded TP IOSTargetPlatform
[2019.05.14-08.14.14:684][  0]LogTemp: Display: Loaded TP IOSTargetPlatform
[2019.05.14-08.14.14:710][  0]LogTemp: Display: Loaded TP TVOSTargetPlatform
[2019.05.14-08.14.14:710][  0]LogTemp: Display: Loaded TP TVOSTargetPlatform
[2019.05.14-08.14.14:725][  0]LogTemp: Display: Loaded TP LinuxClientTargetPlatform
[2019.05.14-08.14.14:740][  0]LogTemp: Display: Loaded TP LinuxNoEditorTargetPlatform
[2019.05.14-08.14.14:753][  0]LogTemp: Display: Loaded TP LinuxServerTargetPlatform
[2019.05.14-08.14.14:768][  0]LogTemp: Display: Loaded TP LinuxTargetPlatform
[2019.05.14-08.14.14:777][  0]LogTemp: Display: Loaded TP LuminTargetPlatform
[2019.05.14-08.14.14:777][  0]LogTargetPlatformManager: Display: Building Assets For Windows
[2019.05.14-08.14.14:862][  0]LogXGEController: Cannot use XGE Controller as Incredibuild is not installed on this machine.
[2019.05.14-08.14.14:862][  0]LogShaderCompilers: Cannot use XGE Shader Compiler as Incredibuild is not installed on this machine.
[2019.05.14-08.14.14:862][  0]LogShaderCompilers: Display: Using Local Shader Compiler.
[2019.05.14-08.14.15:674][  0]LogDerivedDataCache: Display: Max Cache Size: 512 MB
[2019.05.14-08.14.17:692][  0]LogDerivedDataCache: Loaded boot cache 0.07s 71MB C:/Users/THéo/AppData/Local/UnrealEngine/4.20/DerivedDataCache/Boot.ddc.
[2019.05.14-08.14.17:692][  0]LogDerivedDataCache: Display: Loaded Boot cache: C:/Users/THéo/AppData/Local/UnrealEngine/4.20/DerivedDataCache/Boot.ddc
[2019.05.14-08.14.17:692][  0]LogDerivedDataCache: FDerivedDataBackendGraph:  Pak pak cache file D:/Documents/e-artsup/B2/Jeu Neolithique/ProjectBarter/ProjectBarter/DerivedDataCache/DDC.ddp not found, will not use a pak cache.
[2019.05.14-08.14.17:692][  0]LogDerivedDataCache: Unable to find inner node Pak for hierarchical cache Hierarchy.
[2019.05.14-08.14.17:692][  0]LogDerivedDataCache: FDerivedDataBackendGraph:  CompressedPak pak cache file D:/Documents/e-artsup/B2/Jeu Neolithique/ProjectBarter/ProjectBarter/DerivedDataCache/Compressed.ddp not found, will not use a pak cache.
[2019.05.14-08.14.17:692][  0]LogDerivedDataCache: Unable to find inner node CompressedPak for hierarchical cache Hierarchy.
[2019.05.14-08.14.17:707][  0]LogDerivedDataCache: Display: Pak cache opened for reading ../../../Engine/DerivedDataCache/Compressed.ddp.
[2019.05.14-08.14.17:721][  0]LogDerivedDataCache: Using Local data cache path C:/Users/THéo/AppData/Local/UnrealEngine/Common/DerivedDataCache: Writable
[2019.05.14-08.14.17:721][  0]LogDerivedDataCache: Shared data cache path not found in *engine.ini, will not use an Shared cache.
[2019.05.14-08.14.17:721][  0]LogDerivedDataCache: Unable to find inner node Shared for hierarchical cache Hierarchy.
[2019.05.14-08.14.17:740][  0]LogMaterial: Verifying Global Shaders for PCD3D_SM5
[2019.05.14-08.14.17:741][  0]LogSlate: Using FreeType 2.6.0
[2019.05.14-08.14.17:742][  0]LogSlate: SlateFontServices - WITH_FREETYPE: 1, WITH_HARFBUZZ: 1
[2019.05.14-08.14.17:848][  0]LogAssetRegistry: FAssetRegistry took 0.0266 seconds to start up
[2019.05.14-08.14.18:197][  0]LogInit: Selected Device Profile: [Windows]
[2019.05.14-08.14.18:359][  0]LogSimplygon: Simplygon DLL not present - disabling.
[2019.05.14-08.14.18:364][  0]LogMeshReduction: Using SimplygonSwarm for distributed automatic mesh merging
[2019.05.14-08.14.18:365][  0]LogMeshReduction: Using ProxyLODMeshReduction for automatic mesh merging
[2019.05.14-08.14.18:365][  0]LogMeshReduction: Using QuadricMeshReduction for automatic static mesh reduction
[2019.05.14-08.14.18:365][  0]LogMeshReduction: No automatic skeletal mesh reduction module available
[2019.05.14-08.14.18:395][  0]LogNetVersion: ProjectBarter 1.0.0, NetCL: 4212847, EngineNetVer: 5, GameNetVer: 0 (Checksum: 2697442201)
[2019.05.14-08.14.19:880][  0]LogPackageLocalizationCache: Processed 11 localized package path(s) for 2 prioritized culture(s) in 0.126085 seconds
[2019.05.14-08.14.19:887][  0]LogUObjectArray: 38425 objects as part of root set at end of initial load.
[2019.05.14-08.14.19:887][  0]LogUObjectAllocator: 6690864 out of 0 bytes used by permanent object pool.
[2019.05.14-08.14.19:887][  0]LogUObjectArray: CloseDisregardForGC: 0/0 objects in disregard for GC pool
[2019.05.14-08.14.21:003][  0]LogTcpMessaging: Initializing TcpMessaging bridge
[2019.05.14-08.14.21:016][  0]LogUdpMessaging: Initializing bridge on interface 0.0.0.0:0 to multicast group 230.0.0.1:6666.
[2019.05.14-08.14.21:170][  0]SourceControl: Source control is disabled
[2019.05.14-08.14.21:170][  0]SourceControl: Source control is disabled
[2019.05.14-08.14.21:172][  0]SourceControl: Source control is disabled
[2019.05.14-08.14.21:173][  0]SourceControl: Source control is disabled
[2019.05.14-08.14.21:351][  0]LogAndroidPermission: UAndroidPermissionCallbackProxy::GetInstance
[2019.05.14-08.14.21:409][  0]LogOcInput: OculusInput pre-init called
[2019.05.14-08.14.21:476][  0]LogEngine: Initializing Engine...
[2019.05.14-08.14.21:477][  0]LogHMD: Failed to initialize OpenVR with code 110
[2019.05.14-08.14.21:479][  0]LogStats: UGameplayTagsManager::ConstructGameplayTagTree: ImportINI prefixes -  0.000 s
[2019.05.14-08.14.21:479][  0]LogStats: UGameplayTagsManager::ConstructGameplayTagTree: Construct from data asset -  0.000 s
[2019.05.14-08.14.21:479][  0]LogStats: UGameplayTagsManager::ConstructGameplayTagTree: ImportINI -  0.000 s
[2019.05.14-08.14.21:479][  0]LogStats: UGameplayTagsManager::ConstructGameplayTagTree: GameplayTagTreeChangedEvent.Broadcast -  0.000 s
[2019.05.14-08.14.21:788][  0]LogInit: Initializing FReadOnlyCVARCache
[2019.05.14-08.14.21:807][  0]LogAIModule: Creating AISystem for world Untitled
[2019.05.14-08.14.21:819][  0]LogInit: XAudio2 using 'Haut-parleurs (Realtek High Definition Audio)' : 2 channels at 48 kHz using 32 bits per sample (channel mask 0x3)
[2019.05.14-08.14.21:983][  0]LogInit: FAudioDevice initialized.
[2019.05.14-08.14.21:983][  0]LogNetVersion: Set ProjectVersion to 1.0.0.0. Version Checksum will be recalculated on next use.
[2019.05.14-08.14.22:135][  0]LogDerivedDataCache: Saved boot cache 0.15s 71MB C:/Users/THéo/AppData/Local/UnrealEngine/4.20/DerivedDataCache/Boot.ddc.
[2019.05.14-08.14.22:136][  0]LogInit: Texture streaming: Enabled
[2019.05.14-08.14.22:161][  0]LogEngineSessionManager: EngineSessionManager initialized
[2019.05.14-08.14.22:177][  0]LogInit: Transaction tracking system initialized
[2019.05.14-08.14.22:210][  0]BlueprintLog: New page: Editor Load
[2019.05.14-08.14.22:332][  0]LocalizationService: Localization service is disabled
[2019.05.14-08.14.22:631][  0]LogCook: Display: Max memory allowance for cook 16384mb min free memory 0mb
[2019.05.14-08.14.22:631][  0]LogCook: Display: Mobile HDR setting 1
[2019.05.14-08.14.22:631][  0]LogGameplayTags: Display: UGameplayTagsManager::DoneAddingNativeTags. DelegateIsBound: 0
[2019.05.14-08.14.22:631][  0]LogStats: UGameplayTagsManager::ConstructGameplayTagTree: ImportINI prefixes -  0.000 s
[2019.05.14-08.14.22:631][  0]LogStats: UGameplayTagsManager::ConstructGameplayTagTree: Construct from data asset -  0.000 s
[2019.05.14-08.14.22:631][  0]LogStats: UGameplayTagsManager::ConstructGameplayTagTree: ImportINI -  0.000 s
[2019.05.14-08.14.22:631][  0]LogStats: UGameplayTagsManager::ConstructGameplayTagTree: GameplayTagTreeChangedEvent.Broadcast -  0.000 s
[2019.05.14-08.14.22:792][  0]SourceControl: Source control is disabled
[2019.05.14-08.14.22:793][  0]Cmd: MAP LOAD FILE="D:/Documents/e-artsup/B2/Jeu Neolithique/ProjectBarter/ProjectBarter/Content/TopDownBP/Maps/TopDownExampleMap.umap" TEMPLATE=0 SHOWPROGRESS=1 FEATURELEVEL=3
[2019.05.14-08.14.22:793][  0]LightingResults: New page: Lighting Build
[2019.05.14-08.14.22:797][  0]MapCheck: New page: Map Check
[2019.05.14-08.14.22:797][  0]LightingResults: New page: Lighting Build
[2019.05.14-08.14.23:960][  0]LogFileCache: Scanning file cache for directory 'D:/Documents/e-artsup/B2/Jeu Neolithique/ProjectBarter/ProjectBarter/Content/' took 0.84s
[2019.05.14-08.14.31:293][  0]LogAIModule: Creating AISystem for world TopDownExampleMap
[2019.05.14-08.14.31:327][  0]LogEditorServer: Finished looking for orphan Actors (0.000 secs)
[2019.05.14-08.14.31:371][  0]Cmd: MAP CHECKDEP NOCLEARLOG
[2019.05.14-08.14.31:501][  0]MapCheck: Map check complete: 0 Error(s), 0 Warning(s), took 130,321ms to complete.
[2019.05.14-08.14.31:501][  0]LogFileHelpers: Loading map 'TopDownExampleMap' took 8.708
[2019.05.14-08.14.31:640][  0]LogSlate: Updating window title bar state: overlay mode, drag disabled, window buttons hidden, title bar hidden
[2019.05.14-08.14.31:648][  0]LogSlate: Updating window title bar state: overlay mode, drag disabled, window buttons hidden, title bar hidden
[2019.05.14-08.14.31:657][  0]LogSlate: Updating window title bar state: overlay mode, drag disabled, window buttons hidden, title bar hidden
[2019.05.14-08.14.31:667][  0]LogSlate: Updating window title bar state: overlay mode, drag disabled, window buttons hidden, title bar hidden
[2019.05.14-08.14.31:679][  0]LogCollectionManager: Loaded 0 collections in 0.002796 seconds
[2019.05.14-08.14.31:730][  0]LogFileCache: Scanning file cache for directory 'D:/Documents/e-artsup/B2/Jeu Neolithique/ProjectBarter/ProjectBarter/Saved/Collections/' took 0.01s
[2019.05.14-08.14.31:730][  0]LogFileCache: Scanning file cache for directory 'D:/Documents/e-artsup/B2/Jeu Neolithique/ProjectBarter/ProjectBarter/Content/Developers/THéo/Collections/' took 0.01s
[2019.05.14-08.14.31:730][  0]LogFileCache: Scanning file cache for directory 'D:/Documents/e-artsup/B2/Jeu Neolithique/ProjectBarter/ProjectBarter/Content/Collections/' took 0.01s
[2019.05.14-08.14.31:730][  0]LogCollectionManager: Rebuilt the GUID cache for 0 collections in 0.000001 seconds
[2019.05.14-08.14.31:741][  0]LogContentBrowser: Native class hierarchy populated in 0.0098 seconds. Added 2579 classes and 605 folders.
[2019.05.14-08.14.31:761][  0]LogContentBrowser: Native class hierarchy updated for 'WidgetCarousel' in 0.0002 seconds. Added 0 classes and 0 folders.
[2019.05.14-08.14.31:934][  0]LogContentBrowser: Native class hierarchy updated for 'AddContentDialog' in 0.0002 seconds. Added 0 classes and 0 folders.
[2019.05.14-08.14.31:946][  0]LogContentBrowser: Native class hierarchy updated for 'SceneOutliner' in 0.0003 seconds. Added 1 classes and 2 folders.
[2019.05.14-08.14.32:056][  0]LogSlate: Took 0.000318 seconds to synchronously load lazily loaded font '../../../Engine/Content/Slate/Fonts/Roboto-Regular.ttf' (155K)
[2019.05.14-08.14.32:059][  0]LogSlate: Took 0.000331 seconds to synchronously load lazily loaded font '../../../Engine/Content/Slate/Fonts/Roboto-Bold.ttf' (160K)
[2019.05.14-08.14.32:074][  0]LogSlate: Took 0.002770 seconds to synchronously load lazily loaded font '../../../Engine/Content/Editor/Slate/Fonts/FontAwesome.ttf' (139K)
[2019.05.14-08.14.32:203][  0]LogRenderer: Reallocating scene render targets to support 992x516 Format 10 NumSamples 1 (Frame:1).
[2019.05.14-08.14.32:372][  0]LogContentBrowser: Native class hierarchy updated for 'HierarchicalLODOutliner' in 0.0002 seconds. Added 0 classes and 0 folders.
[2019.05.14-08.14.32:372][  0]LogLoad: (Engine Initialization) Total time: 21.65 seconds
[2019.05.14-08.14.32:372][  0]LogLoad: (Engine Initialization) Total Blueprint compile time: 0.00 seconds
[2019.05.14-08.14.32:390][  0]LogWindowsTextInputMethodSystem: Display: IME system now deactivated.
[2019.05.14-08.14.32:452][  0]LogContentStreaming: Texture pool size now 1000 MB
[2019.05.14-08.14.32:680][  2]LogSlate: Took 0.002073 seconds to synchronously load lazily loaded font '../../../Engine/Content/Slate/Fonts/Roboto-Light.ttf' (167K)
[2019.05.14-08.14.32:778][  3]LogAssetRegistry: Asset discovery search completed in 14.9526 seconds
[2019.05.14-08.14.32:780][  3]LogCollectionManager: Rebuilt the object cache for 0 collections in 0.000000 seconds (found 0 objects)
[2019.05.14-08.14.32:780][  3]LogCollectionManager: Fixed up redirectors for 0 collections in 0.000066 seconds (updated 0 objects)
[2019.05.14-08.14.36:588][111]LogSlate: FSceneViewport::OnFocusLost() reason 0
[2019.05.14-08.14.42:521][451]LogFileCache: Retrieving MD5 hashes for directory 'D:/Documents/e-artsup/B2/Jeu Neolithique/ProjectBarter/ProjectBarter/Content/' took 10.11s
[2019.05.14-08.14.50:897][936]LogSlate: Took 0.000290 seconds to synchronously load lazily loaded font '../../../Engine/Content/Slate/Fonts/Roboto-Light.ttf' (167K)
[2019.05.14-08.14.51:767][936]LogTexture: Display: Building textures: Texture2D_173 (BGRA8, 32X32)
[2019.05.14-08.14.51:767][936]LogTexture: Display: Building textures: Texture2D_174 (BGRA8, 32X32)
[2019.05.14-08.14.51:767][936]LogTexture: Display: Building textures: Texture2D_171 (BGRA8, 32X32)
[2019.05.14-08.14.51:768][936]LogTexture: Display: Building textures: Texture2D_176 (BGRA8, 32X32)
[2019.05.14-08.14.51:768][936]LogTexture: Display: Building textures: Texture2D_172 (BGRA8, 32X32)
[2019.05.14-08.14.51:768][936]LogTexture: Display: Building textures: Texture2D_177 (BGRA8, 32X32)
[2019.05.14-08.14.51:768][936]LogTexture: Display: Building textures: Texture2D_181 (BGRA8, 32X32)
[2019.05.14-08.14.51:768][936]LogTexture: Display: Building textures: Texture2D_178 (BGRA8, 32X32)
[2019.05.14-08.14.51:768][936]LogTexture: Display: Building textures: Texture2D_179 (BGRA8, 32X32)
[2019.05.14-08.14.51:768][936]LogTexture: Display: Building textures: Texture2D_183 (BGRA8, 32X32)
[2019.05.14-08.14.51:768][936]LogTexture: Display: Building textures: Texture2D_182 (BGRA8, 32X32)
[2019.05.14-08.14.51:768][936]LogTexture: Display: Building textures: Texture2D_184 (BGRA8, 32X32)
[2019.05.14-08.14.51:768][936]LogTexture: Display: Building textures: Texture2D_185 (BGRA8, 32X32)
[2019.05.14-08.14.51:768][936]LogTexture: Display: Building textures: Texture2D_186 (BGRA8, 32X32)
[2019.05.14-08.14.51:768][936]LogTexture: Display: Building textures: Texture2D_187 (BGRA8, 32X32)
[2019.05.14-08.14.51:768][936]LogTexture: Display: Building textures: Texture2D_188 (BGRA8, 32X32)
[2019.05.14-08.14.51:768][936]LogTexture: Display: Building textures: Texture2D_189 (BGRA8, 32X32)
[2019.05.14-08.14.51:768][936]LogTexture: Display: Building textures: Texture2D_190 (BGRA8, 32X32)
[2019.05.14-08.14.51:768][936]LogTexture: Display: Building textures: Texture2D_191 (BGRA8, 32X32)
[2019.05.14-08.14.51:768][936]LogTexture: Display: Building textures: Texture2D_193 (BGRA8, 32X32)
[2019.05.14-08.14.51:768][936]LogTexture: Display: Building textures: Texture2D_192 (BGRA8, 32X32)
[2019.05.14-08.14.51:768][936]LogTexture: Display: Building textures: Texture2D_194 (BGRA8, 32X32)
[2019.05.14-08.14.51:768][936]LogTexture: Display: Building textures: Texture2D_195 (BGRA8, 32X32)
[2019.05.14-08.14.51:769][936]LogTexture: Display: Building textures: Texture2D_196 (BGRA8, 32X32)
[2019.05.14-08.14.51:769][936]LogTexture: Display: Building textures: Texture2D_198 (BGRA8, 32X32)
[2019.05.14-08.14.51:769][936]LogTexture: Display: Building textures: Texture2D_197 (BGRA8, 32X32)
[2019.05.14-08.14.51:769][936]LogTexture: Display: Building textures: Texture2D_199 (BGRA8, 32X32)
[2019.05.14-08.14.51:769][936]LogTexture: Display: Building textures: Texture2D_200 (BGRA8, 32X32)
[2019.05.14-08.14.51:769][936]LogTexture: Display: Building textures: Texture2D_201 (BGRA8, 32X32)
[2019.05.14-08.14.51:769][936]LogTexture: Display: Building textures: Texture2D_202 (BGRA8, 32X32)
[2019.05.14-08.14.51:769][936]LogTexture: Display: Building textures: Texture2D_203 (BGRA8, 32X32)
[2019.05.14-08.14.51:769][936]LogTexture: Display: Building textures: Texture2D_204 (BGRA8, 32X32)
[2019.05.14-08.14.51:769][936]LogTexture: Display: Building textures: Texture2D_206 (BGRA8, 32X32)
[2019.05.14-08.14.51:769][936]LogTexture: Display: Building textures: Texture2D_207 (BGRA8, 32X32)
[2019.05.14-08.14.51:769][936]LogTexture: Display: Building textures: Texture2D_208 (BGRA8, 32X32)
[2019.05.14-08.14.51:769][936]LogTexture: Display: Building textures: Texture2D_214 (BGRA8, 32X32)
[2019.05.14-08.14.51:769][936]LogTexture: Display: Building textures: Texture2D_215 (BGRA8, 32X32)
[2019.05.14-08.14.51:769][936]LogTexture: Display: Building textures: Texture2D_216 (BGRA8, 32X32)
[2019.05.14-08.14.51:769][936]LogTexture: Display: Building textures: Texture2D_217 (BGRA8, 32X32)
[2019.05.14-08.14.51:769][936]LogTexture: Display: Building textures: Texture2D_218 (BGRA8, 32X32)
[2019.05.14-08.14.51:769][936]LogTexture: Display: Building textures: Texture2D_219 (BGRA8, 32X32)
[2019.05.14-08.14.51:769][936]LogTexture: Display: Building textures: Texture2D_220 (BGRA8, 32X32)
[2019.05.14-08.14.51:769][936]LogTexture: Display: Building textures: Texture2D_221 (BGRA8, 32X32)
[2019.05.14-08.14.51:769][936]LogTexture: Display: Building textures: Texture2D_222 (BGRA8, 32X32)
[2019.05.14-08.14.51:769][936]LogTexture: Display: Building textures: Texture2D_229 (BGRA8, 32X32)
[2019.05.14-08.14.51:769][936]LogTexture: Display: Building textures: Texture2D_230 (BGRA8, 32X32)
[2019.05.14-08.14.51:769][936]LogTexture: Display: Building textures: Texture2D_231 (BGRA8, 32X32)
[2019.05.14-08.14.51:769][936]LogTexture: Display: Building textures: Texture2D_232 (BGRA8, 32X32)
[2019.05.14-08.14.51:770][936]LogTexture: Display: Building textures: Texture2D_234 (BGRA8, 32X32)
[2019.05.14-08.14.51:770][936]LogTexture: Display: Building textures: Texture2D_233 (BGRA8, 32X32)
[2019.05.14-08.14.51:770][936]LogTexture: Display: Building textures: Texture2D_235 (BGRA8, 32X32)
[2019.05.14-08.14.51:770][936]LogTexture: Display: Building textures: Texture2D_236 (BGRA8, 32X32)
[2019.05.14-08.14.51:770][936]LogTexture: Display: Building textures: Texture2D_238 (BGRA8, 32X32)
[2019.05.14-08.14.51:770][936]LogTexture: Display: Building textures: Texture2D_237 (BGRA8, 32X32)
[2019.05.14-08.14.51:770][936]LogTexture: Display: Building textures: Texture2D_239 (BGRA8, 32X32)
[2019.05.14-08.14.51:770][936]LogTexture: Display: Building textures: Texture2D_241 (BGRA8, 32X32)
[2019.05.14-08.14.51:770][936]LogTexture: Display: Building textures: Texture2D_242 (BGRA8, 32X32)
[2019.05.14-08.14.51:770][936]LogTexture: Display: Building textures: Texture2D_240 (BGRA8, 32X32)
[2019.05.14-08.14.51:770][936]LogTexture: Display: Building textures: Texture2D_244 (BGRA8, 32X32)
[2019.05.14-08.14.51:770][936]LogTexture: Display: Building textures: Texture2D_243 (BGRA8, 32X32)
[2019.05.14-08.14.51:770][936]LogTexture: Display: Building textures: Texture2D_245 (BGRA8, 32X32)
[2019.05.14-08.14.51:770][936]LogTexture: Display: Building textures: Texture2D_246 (BGRA8, 32X32)
[2019.05.14-08.14.51:770][936]LogTexture: Display: Building textures: Texture2D_255 (BGRA8, 32X32)
[2019.05.14-08.14.51:770][936]LogTexture: Display: Building textures: Texture2D_256 (BGRA8, 32X32)
[2019.05.14-08.14.51:770][936]LogTexture: Display: Building textures: Texture2D_257 (BGRA8, 32X32)
[2019.05.14-08.14.51:770][936]LogTexture: Display: Building textures: Texture2D_258 (BGRA8, 32X32)
[2019.05.14-08.14.51:770][936]LogTexture: Display: Building textures: Texture2D_259 (BGRA8, 32X32)
[2019.05.14-08.14.51:770][936]LogTexture: Display: Building textures: Texture2D_260 (BGRA8, 32X32)
[2019.05.14-08.14.51:770][936]LogTexture: Display: Building textures: Texture2D_261 (BGRA8, 32X32)
[2019.05.14-08.14.51:770][936]LogTexture: Display: Building textures: Texture2D_262 (BGRA8, 32X32)
[2019.05.14-08.14.51:770][936]LogTexture: Display: Building textures: Texture2D_263 (BGRA8, 32X32)
[2019.05.14-08.14.51:771][936]LogTexture: Display: Building textures: Texture2D_264 (BGRA8, 32X32)
[2019.05.14-08.14.51:771][936]LogTexture: Display: Building textures: Texture2D_265 (BGRA8, 32X32)
[2019.05.14-08.14.51:771][936]LogTexture: Display: Building textures: Texture2D_266 (BGRA8, 32X32)
[2019.05.14-08.14.51:771][936]LogTexture: Display: Building textures: Texture2D_268 (BGRA8, 32X32)
[2019.05.14-08.14.51:771][936]LogTexture: Display: Building textures: Texture2D_267 (BGRA8, 32X32)
[2019.05.14-08.14.51:771][936]LogTexture: Display: Building textures: Texture2D_269 (BGRA8, 32X32)
[2019.05.14-08.14.51:771][936]LogTexture: Display: Building textures: Texture2D_270 (BGRA8, 32X32)
[2019.05.14-08.14.51:771][936]LogTexture: Display: Building textures: Texture2D_271 (BGRA8, 32X32)
[2019.05.14-08.14.51:771][936]LogTexture: Display: Building textures: Texture2D_272 (BGRA8, 32X32)
[2019.05.14-08.14.51:771][936]LogTexture: Display: Building textures: Texture2D_280 (BGRA8, 32X32)
[2019.05.14-08.14.51:771][936]LogTexture: Display: Building textures: Texture2D_279 (BGRA8, 32X32)
[2019.05.14-08.14.51:771][936]LogTexture: Display: Building textures: Texture2D_281 (BGRA8, 32X32)
[2019.05.14-08.14.51:771][936]LogTexture: Display: Building textures: Texture2D_282 (BGRA8, 32X32)
[2019.05.14-08.14.51:771][936]LogTexture: Display: Building textures: Texture2D_283 (BGRA8, 32X32)
[2019.05.14-08.14.51:771][936]LogTexture: Display: Building textures: Texture2D_284 (BGRA8, 32X32)
[2019.05.14-08.14.51:771][936]LogTexture: Display: Building textures: Texture2D_285 (BGRA8, 32X32)
[2019.05.14-08.14.51:771][936]LogTexture: Display: Building textures: Texture2D_286 (BGRA8, 32X32)
[2019.05.14-08.14.51:771][936]LogTexture: Display: Building textures: Texture2D_287 (BGRA8, 32X32)
[2019.05.14-08.14.51:771][936]LogTexture: Display: Building textures: Texture2D_294 (BGRA8, 32X32)
[2019.05.14-08.14.51:771][936]LogTexture: Display: Building textures: Texture2D_293 (BGRA8, 32X32)
[2019.05.14-08.14.51:771][936]LogTexture: Display: Building textures: Texture2D_292 (BGRA8, 32X32)
[2019.05.14-08.14.51:771][936]LogTexture: Display: Building textures: Texture2D_295 (BGRA8, 32X32)
[2019.05.14-08.14.51:771][936]LogTexture: Display: Building textures: Texture2D_296 (BGRA8, 32X32)
[2019.05.14-08.14.51:771][936]LogTexture: Display: Building textures: Texture2D_297 (BGRA8, 32X32)
[2019.05.14-08.14.51:772][936]LogTexture: Display: Building textures: Texture2D_299 (BGRA8, 32X32)
[2019.05.14-08.14.51:772][936]LogTexture: Display: Building textures: Texture2D_298 (BGRA8, 32X32)
[2019.05.14-08.14.51:772][936]LogTexture: Display: Building textures: Texture2D_300 (BGRA8, 32X32)
[2019.05.14-08.14.51:772][936]LogTexture: Display: Building textures: Texture2D_305 (BGRA8, 32X32)
[2019.05.14-08.14.51:772][936]LogTexture: Display: Building textures: Texture2D_306 (BGRA8, 32X32)
[2019.05.14-08.14.51:772][936]LogTexture: Display: Building textures: Texture2D_307 (BGRA8, 32X32)
[2019.05.14-08.14.51:772][936]LogTexture: Display: Building textures: Texture2D_308 (BGRA8, 32X32)
[2019.05.14-08.14.51:772][936]LogTexture: Display: Building textures: Texture2D_310 (BGRA8, 32X32)
[2019.05.14-08.14.51:772][936]LogTexture: Display: Building textures: Texture2D_309 (BGRA8, 32X32)
[2019.05.14-08.14.51:772][936]LogTexture: Display: Building textures: Texture2D_311 (BGRA8, 32X32)
[2019.05.14-08.14.51:772][936]LogTexture: Display: Building textures: Texture2D_313 (BGRA8, 32X32)
[2019.05.14-08.14.51:772][936]LogTexture: Display: Building textures: Texture2D_312 (BGRA8, 32X32)
[2019.05.14-08.14.51:847][936]LogMaterial: Display: Missing cached shader map for material Mat_Terrain_Base, compiling. 
[2019.05.14-08.14.51:922][936]LogShaderCompilers: Display: Shaders left to compile 31
[2019.05.14-08.14.51:922][936]LogShaderCompilers: Display: Shaders left to compile 21
[2019.05.14-08.14.51:923][936]LogShaderCompilers: Display: Shaders left to compile 11
[2019.05.14-08.14.51:923][936]LogShaderCompilers: Display: Shaders left to compile 1
[2019.05.14-08.14.51:923][936]LogMaterial: Display: Missing cached shader map for material Mat_Terrain_Base, compiling. 
[2019.05.14-08.14.51:967][936]LogMaterial: Display: Missing cached shader map for material Mat_Terrain_Base, compiling. 
[2019.05.14-08.14.52:029][936]LogMaterial: Display: Missing cached shader map for material Mat_Terrain_Base, compiling. 
[2019.05.14-08.14.52:098][936]LogMaterial: Display: Missing cached shader map for material Mat_Terrain_Base, compiling. 
[2019.05.14-08.14.52:145][936]LogMaterial: Display: Missing cached shader map for material Mat_Terrain_Base, compiling. 
[2019.05.14-08.14.52:455][936]LogStaticMesh: Building static mesh SM_Tree_Twig_02...
[2019.05.14-08.14.52:464][936]LogStaticMesh: Built static mesh [0.01s] /Game/PolygonNature/Meshes/Trees/SM_Tree_Twig_02.SM_Tree_Twig_02
[2019.05.14-08.14.52:466][936]LogStaticMesh: Building static mesh SM_Tree_Vines_01...
[2019.05.14-08.14.52:468][936]LogStaticMesh: Built static mesh [0.00s] /Game/PolygonNature/Meshes/Trees/SM_Tree_Vines_01.SM_Tree_Vines_01
[2019.05.14-08.14.52:471][936]LogStaticMesh: Building static mesh SM_Tree_Vines_03...
[2019.05.14-08.14.52:473][936]LogStaticMesh: Built static mesh [0.00s] /Game/PolygonNature/Meshes/Trees/SM_Tree_Vines_03.SM_Tree_Vines_03
[2019.05.14-08.14.52:489][936]LogMaterial: Display: Missing cached shader map for material Mat_Cloud, compiling. 
[2019.05.14-08.14.52:531][936]LogMaterial: Display: Missing cached shader map for material Mat_Clear_Water, compiling. 
[2019.05.14-08.14.52:627][936]LogShaderCompilers: Display: Shaders left to compile 350
[2019.05.14-08.14.52:709][936]LogMaterial: Display: Missing cached shader map for material Mountain_Skybox_Mat, compiling. 
[2019.05.14-08.14.52:780][936]LogAIModule: Creating AISystem for world City_2
[2019.05.14-08.14.52:957][936]LogAssetEditorManager: Opening Asset editor for World /Game/TopDownBP/Maps/City_2.City_2
[2019.05.14-08.14.53:006][936]Cmd: MAP LOAD FILE="D:/Documents/e-artsup/B2/Jeu Neolithique/ProjectBarter/ProjectBarter/Content/TopDownBP/Maps/City_2.umap" TEMPLATE=0 SHOWPROGRESS=1 FEATURELEVEL=3
[2019.05.14-08.14.53:006][936]LightingResults: New page: Lighting Build
[2019.05.14-08.14.53:007][936]LoadErrors: New page: Loading map: City_2.umap
[2019.05.14-08.14.53:010][936]MapCheck: New page: Map Check
[2019.05.14-08.14.53:010][936]LightingResults: New page: Lighting Build
[2019.05.14-08.14.53:774][936]LogEditorServer: Finished looking for orphan Actors (0.000 secs)
[2019.05.14-08.14.53:863][936]Cmd: MAP CHECKDEP NOCLEARLOG
[2019.05.14-08.14.54:063][936]MapCheck: Map check complete: 0 Error(s), 0 Warning(s), took 200,213ms to complete.
[2019.05.14-08.14.54:077][936]LogFileHelpers: Loading map 'City_2' took 1.072
[2019.05.14-08.14.56:767][ 64]LogShaderCompilers: Display: Shaders left to compile 441
[2019.05.14-08.14.57:816][122]LogShaderCompilers: Display: Shaders left to compile 431
[2019.05.14-08.15.00:893][282]LogShaderCompilers: Display: Shaders left to compile 421
[2019.05.14-08.15.01:257][300]LogShaderCompilers: Display: Shaders left to compile 411
[2019.05.14-08.15.06:577][584]LogShaderCompilers: Display: Shaders left to compile 401
[2019.05.14-08.15.07:807][650]LogShaderCompilers: Display: Shaders left to compile 391
[2019.05.14-08.15.07:881][654]LogShaderCompilers: Display: Shaders left to compile 381
[2019.05.14-08.15.11:577][855]LogShaderCompilers: Display: Shaders left to compile 371
[2019.05.14-08.15.13:293][934]LogShaderCompilers: Display: Shaders left to compile 361
[2019.05.14-08.15.15:694][ 53]LogShaderCompilers: Display: Shaders left to compile 351
[2019.05.14-08.15.16:908][113]LogShaderCompilers: Display: Shaders left to compile 341
[2019.05.14-08.15.17:810][147]LogShaderCompilers: Display: Shaders left to compile 331
[2019.05.14-08.15.19:627][222]LogShaderCompilers: Display: Shaders left to compile 321
[2019.05.14-08.15.22:535][336]LogShaderCompilers: Display: Shaders left to compile 311
[2019.05.14-08.15.23:281][369]LogShaderCompilers: Display: Shaders left to compile 301
[2019.05.14-08.15.24:278][410]LogShaderCompilers: Display: Shaders left to compile 291
[2019.05.14-08.15.28:585][603]LogShaderCompilers: Display: Shaders left to compile 281
[2019.05.14-08.15.28:585][603]LogShaderCompilers: Display: Shaders left to compile 271
[2019.05.14-08.15.32:215][769]LogShaderCompilers: Display: Shaders left to compile 261
[2019.05.14-08.15.34:196][870]LogShaderCompilers: Display: Shaders left to compile 251
[2019.05.14-08.15.35:385][935]LogShaderCompilers: Display: Shaders left to compile 241
[2019.05.14-08.15.38:998][121]LogShaderCompilers: Display: Shaders left to compile 231
[2019.05.14-08.15.41:467][252]LogShaderCompilers: Display: Shaders left to compile 221
[2019.05.14-08.15.43:849][382]LogShaderCompilers: Display: Shaders left to compile 211
[2019.05.14-08.15.44:895][439]LogShaderCompilers: Display: Shaders left to compile 201
[2019.05.14-08.15.49:660][704]LogShaderCompilers: Display: Shaders left to compile 191
[2019.05.14-08.15.49:822][713]LogShaderCompilers: Display: Shaders left to compile 181
[2019.05.14-08.15.51:855][826]LogShaderCompilers: Display: Shaders left to compile 171
[2019.05.14-08.15.55:555][ 29]LogShaderCompilers: Display: Shaders left to compile 161
[2019.05.14-08.15.55:679][ 36]LogShaderCompilers: Display: Shaders left to compile 151
[2019.05.14-08.15.59:820][266]LogShaderCompilers: Display: Shaders left to compile 141
[2019.05.14-08.16.00:719][317]LogShaderCompilers: Display: Shaders left to compile 131
[2019.05.14-08.16.02:535][418]LogShaderCompilers: Display: Shaders left to compile 121
[2019.05.14-08.16.05:157][566]LogShaderCompilers: Display: Shaders left to compile 111
[2019.05.14-08.16.05:252][571]LogShaderCompilers: Display: Shaders left to compile 101
[2019.05.14-08.16.06:803][659]LogShaderCompilers: Display: Shaders left to compile 91
[2019.05.14-08.16.09:371][803]LogShaderCompilers: Display: Shaders left to compile 81
[2019.05.14-08.16.11:885][945]LogShaderCompilers: Display: Shaders left to compile 71
[2019.05.14-08.16.28:631][868]LogShaderCompilers: Display: Shaders left to compile 61
[2019.05.14-08.16.33:698][149]LogShaderCompilers: Display: Shaders left to compile 51
[2019.05.14-08.16.37:297][349]LogShaderCompilers: Display: Shaders left to compile 41
[2019.05.14-08.16.41:574][587]LogShaderCompilers: Display: Shaders left to compile 31
[2019.05.14-08.16.46:672][868]LogShaderCompilers: Display: Shaders left to compile 21
[2019.05.14-08.16.53:303][228]LogShaderCompilers: Display: Shaders left to compile 11
[2019.05.14-08.16.54:623][302]LogShaderCompilers: Display: Shaders left to compile 1
[2019.05.14-08.18.22:572][568]LogEditorViewport: Clicking on Actor (context menu): Pallissade_XL_C (Pallissade_XL4)
[2019.05.14-08.18.22:619][568]LogSlate: FSceneViewport::OnFocusLost() reason 2
[2019.05.14-08.18.26:062][773]LogEditorViewport: Clicking on Actor (LMB): BP_Sky_Sphere_C (SkySphereBlueprint)
[2019.05.14-08.18.43:415][799]LogSlate: FSceneViewport::OnFocusLost() reason 0
[2019.05.14-08.18.43:589][803]LogSlate: Window 'ProjectBarter - Unreal Editor' being destroyed
[2019.05.14-08.18.43:590][803]LogWindowsTextInputMethodSystem: Display: IME system now deactivated.
[2019.05.14-08.18.43:820][804]Cmd: QUIT_EDITOR
[2019.05.14-08.18.43:860][804]LogExit: Preparing to exit.
[2019.05.14-08.18.44:242][804]LogExit: Editor shut down
[2019.05.14-08.18.44:242][804]LogExit: Transaction tracking system shut down
[2019.05.14-08.18.44:599][804]LogExit: Object subsystem successfully closed.
[2019.05.14-08.18.44:616][804]LogShaderCompilers: Display: Shaders left to compile 0
[2019.05.14-08.18.44:620][804]LogD3D11RHI: Shutdown
[2019.05.14-08.18.44:620][804]LogD3D11RHI: CleanupD3DDevice
[2019.05.14-08.18.44:622][804]LogD3D11RHI: ~FD3D11DynamicRHI
[2019.05.14-08.18.44:646][804]LogModuleManager: Shutting down and abandoning module MeshBuilder (614)
[2019.05.14-08.18.44:646][804]LogModuleManager: Shutting down and abandoning module HierarchicalLODOutliner (612)
[2019.05.14-08.18.44:646][804]LogModuleManager: Shutting down and abandoning module SceneOutliner (610)
[2019.05.14-08.18.44:646][804]LogModuleManager: Shutting down and abandoning module AddContentDialog (608)
[2019.05.14-08.18.44:646][804]LogModuleManager: Shutting down and abandoning module WidgetCarousel (607)
[2019.05.14-08.18.44:646][804]LogModuleManager: Shutting down and abandoning module EditorWidgets (604)
[2019.05.14-08.18.44:646][804]LogModuleManager: Shutting down and abandoning module CollectionManager (602)
[2019.05.14-08.18.44:646][804]LogModuleManager: Shutting down and abandoning module StatsViewer (600)
[2019.05.14-08.18.44:646][804]LogModuleManager: Shutting down and abandoning module FoliageEdit (598)
[2019.05.14-08.18.44:646][804]LogModuleManager: Shutting down and abandoning module LandscapeEditor (596)
[2019.05.14-08.18.44:647][804]LogModuleManager: Shutting down and abandoning module MeshPaintMode (594)
[2019.05.14-08.18.44:647][804]LogModuleManager: Shutting down and abandoning module SceneDepthPickerMode (592)
[2019.05.14-08.18.44:647][804]LogModuleManager: Shutting down and abandoning module ActorPickerMode (590)
[2019.05.14-08.18.44:647][804]LogModuleManager: Shutting down and abandoning module GeometryMode (588)
[2019.05.14-08.18.44:647][804]LogModuleManager: Shutting down and abandoning module TextureAlignMode (586)
[2019.05.14-08.18.44:647][804]LogModuleManager: Shutting down and abandoning module BspMode (584)
[2019.05.14-08.18.44:647][804]LogModuleManager: Shutting down and abandoning module PIEPreviewDeviceProfileSelector (582)
[2019.05.14-08.18.44:647][804]LogModuleManager: Shutting down and abandoning module SequenceRecorderSections (580)
[2019.05.14-08.18.44:647][804]LogModuleManager: Shutting down and abandoning module AutomationWorker (578)
[2019.05.14-08.18.44:647][804]LogModuleManager: Shutting down and abandoning module AudioCaptureEditor (576)
[2019.05.14-08.18.44:647][804]LogModuleManager: Shutting down and abandoning module SequenceRecorder (575)
[2019.05.14-08.18.44:647][804]LogModuleManager: Shutting down and abandoning module MatineeToLevelSequence (572)
[2019.05.14-08.18.44:647][804]LogModuleManager: Shutting down and abandoning module LevelSequenceEditor (570)
[2019.05.14-08.18.44:647][804]LogModuleManager: Shutting down and abandoning module PlacementMode (569)
[2019.05.14-08.18.44:647][804]LogModuleManager: Shutting down and abandoning module MaterialEditor (568)
[2019.05.14-08.18.44:647][804]LogModuleManager: Shutting down and abandoning module WmfMediaFactory (564)
[2019.05.14-08.18.44:647][804]LogModuleManager: Shutting down and abandoning module WmfMediaEditor (562)
[2019.05.14-08.18.44:647][804]LogModuleManager: Shutting down and abandoning module MediaPlayerEditor (560)
[2019.05.14-08.18.44:647][804]LogModuleManager: Shutting down and abandoning module OpenExrWrapper (558)
[2019.05.14-08.18.44:647][804]LogModuleManager: Shutting down and abandoning module ImgMediaFactory (556)
[2019.05.14-08.18.44:647][804]LogModuleManager: Shutting down and abandoning module ImgMediaEditor (554)
[2019.05.14-08.18.44:647][804]LogModuleManager: Shutting down and abandoning module AvfMediaFactory (552)
[2019.05.14-08.18.44:647][804]LogModuleManager: Shutting down and abandoning module AvfMediaEditor (550)
[2019.05.14-08.18.44:647][804]LogModuleManager: Shutting down and abandoning module AndroidMediaFactory (548)
[2019.05.14-08.18.44:647][804]LogModuleManager: Shutting down and abandoning module AndroidMediaEditor (546)
[2019.05.14-08.18.44:647][804]LogModuleManager: Shutting down and abandoning module MagicLeapCameraPreviewFactory (544)
[2019.05.14-08.18.44:647][804]LogModuleManager: Shutting down and abandoning module MagicLeapMediaFactory (542)
[2019.05.14-08.18.44:647][804]LogModuleManager: Shutting down and abandoning module MagicLeapMediaEditor (540)
[2019.05.14-08.18.44:647][804]LogModuleManager: Shutting down and abandoning module CharacterAI (538)
[2019.05.14-08.18.44:647][804]LogModuleManager: Shutting down and abandoning module SmartSnapping (536)
[2019.05.14-08.18.44:647][804]LogModuleManager: Shutting down and abandoning module SessionServices (534)
[2019.05.14-08.18.44:647][804]LogModuleManager: Shutting down and abandoning module ViewportSnapping (532)
[2019.05.14-08.18.44:647][804]LogModuleManager: Shutting down and abandoning module ViewportInteraction (530)
[2019.05.14-08.18.44:647][804]LogModuleManager: Shutting down and abandoning module ClothPainter (528)
[2019.05.14-08.18.44:647][804]LogModuleManager: Shutting down and abandoning module SkeletalMeshEditor (527)
[2019.05.14-08.18.44:647][804]LogModuleManager: Shutting down and abandoning module LogVisualizer (524)
[2019.05.14-08.18.44:647][804]LogModuleManager: Shutting down and abandoning module IntroTutorials (522)
[2019.05.14-08.18.44:647][804]LogModuleManager: Shutting down and abandoning module GameProjectGeneration (521)
[2019.05.14-08.18.44:648][804]LogModuleManager: Shutting down and abandoning module LuminPlatformEditor (518)
[2019.05.14-08.18.44:648][804]LogModuleManager: Shutting down and abandoning module IOSPlatformEditor (516)
[2019.05.14-08.18.44:648][804]LogModuleManager: Shutting down and abandoning module HTML5PlatformEditor (514)
[2019.05.14-08.18.44:648][804]LogModuleManager: Shutting down and abandoning module AndroidPlatformEditor (512)
[2019.05.14-08.18.44:648][804]LogModuleManager: Shutting down and abandoning module AndroidDeviceDetection (511)
[2019.05.14-08.18.45:535][804]LogModuleManager: Shutting down and abandoning module WindowsPlatformEditor (508)
[2019.05.14-08.18.45:535][804]LogModuleManager: Shutting down and abandoning module LuminRuntimeSettings (506)
[2019.05.14-08.18.45:535][804]LogModuleManager: Shutting down and abandoning module IOSRuntimeSettings (504)
[2019.05.14-08.18.45:535][804]LogModuleManager: Shutting down and abandoning module AndroidRuntimeSettings (502)
[2019.05.14-08.18.45:535][804]LogModuleManager: Shutting down and abandoning module InputBindingEditor (500)
[2019.05.14-08.18.45:535][804]LogModuleManager: Shutting down and abandoning module MergeActors (498)
[2019.05.14-08.18.45:535][804]LogModuleManager: Shutting down and abandoning module LocalizationDashboard (496)
[2019.05.14-08.18.45:535][804]LogModuleManager: Shutting down and abandoning module LocalizationService (495)
[2019.05.14-08.18.45:536][804]LogModuleManager: Shutting down and abandoning module HardwareTargeting (492)
[2019.05.14-08.18.45:536][804]LogModuleManager: Shutting down and abandoning module DeviceProfileEditor (490)
[2019.05.14-08.18.45:536][804]LogModuleManager: Shutting down and abandoning module UndoHistory (488)
[2019.05.14-08.18.45:536][804]LogModuleManager: Shutting down and abandoning module XmlParser (486)
[2019.05.14-08.18.45:536][804]LogModuleManager: Shutting down and abandoning module Blutility (484)
[2019.05.14-08.18.45:536][804]LogModuleManager: Shutting down and abandoning module ProjectSettingsViewer (482)
[2019.05.14-08.18.45:536][804]LogModuleManager: Shutting down and abandoning module ProjectTargetPlatformEditor (481)
[2019.05.14-08.18.45:536][804]LogModuleManager: Shutting down and abandoning module EditorSettingsViewer (478)
[2019.05.14-08.18.45:536][804]LogModuleManager: Shutting down and abandoning module SettingsEditor (476)
[2019.05.14-08.18.45:536][804]LogModuleManager: Shutting down and abandoning module ProjectLauncher (474)
[2019.05.14-08.18.45:536][804]LogModuleManager: Shutting down and abandoning module SessionFrontend (472)
[2019.05.14-08.18.45:536][804]LogModuleManager: Shutting down and abandoning module ProfilerClient (470)
[2019.05.14-08.18.45:536][804]LogModuleManager: Shutting down and abandoning module DeviceManager (468)
[2019.05.14-08.18.45:536][804]LogModuleManager: Shutting down and abandoning module TargetDeviceServices (467)
[2019.05.14-08.18.45:590][804]LogModuleManager: Shutting down and abandoning module AutomationController (464)
[2019.05.14-08.18.45:590][804]LogModuleManager: Shutting down and abandoning module AutomationWindow (462)
[2019.05.14-08.18.45:590][804]LogModuleManager: Shutting down and abandoning module Layers (460)
[2019.05.14-08.18.45:590][804]LogModuleManager: Shutting down and abandoning module ComponentVisualizers (458)
[2019.05.14-08.18.45:590][804]LogModuleManager: Shutting down and abandoning module DetailCustomizations (456)
[2019.05.14-08.18.45:590][804]LogModuleManager: Shutting down and abandoning module PackagesDialog (454)
[2019.05.14-08.18.45:590][804]LogModuleManager: Shutting down and abandoning module Persona (452)
[2019.05.14-08.18.45:590][804]LogModuleManager: Shutting down and abandoning module AdvancedPreviewScene (451)
[2019.05.14-08.18.45:590][804]LogModuleManager: Shutting down and abandoning module AnimGraph (449)
[2019.05.14-08.18.45:590][804]LogModuleManager: Shutting down and abandoning module Kismet (446)
[2019.05.14-08.18.45:592][804]LogModuleManager: Shutting down and abandoning module GraphEditor (444)
[2019.05.14-08.18.45:593][804]LogModuleManager: Shutting down and abandoning module ClassViewer (442)
[2019.05.14-08.18.45:593][804]LogModuleManager: Shutting down and abandoning module Toolbox (440)
[2019.05.14-08.18.45:593][804]LogModuleManager: Shutting down and abandoning module ModuleUI (438)
[2019.05.14-08.18.45:593][804]LogModuleManager: Shutting down and abandoning module MovieSceneTools (436)
[2019.05.14-08.18.45:593][804]LogModuleManager: Shutting down and abandoning module OutputLog (434)
[2019.05.14-08.18.45:593][804]LogModuleManager: Shutting down and abandoning module GammaUI (432)
[2019.05.14-08.18.45:593][804]LogModuleManager: Shutting down and abandoning module Documentation (430)
[2019.05.14-08.18.45:593][804]LogModuleManager: Shutting down and abandoning module MovieSceneTracks (428)
[2019.05.14-08.18.45:593][804]LogModuleManager: Shutting down and abandoning module MovieScene (426)
[2019.05.14-08.18.45:593][804]LogModuleManager: Shutting down and abandoning module StreamingPauseRendering (424)
[2019.05.14-08.18.45:593][804]LogModuleManager: Shutting down and abandoning module LauncherPlatform (422)
[2019.05.14-08.18.45:593][804]LogModuleManager: Shutting down and abandoning module AnalyticsET (420)
[2019.05.14-08.18.45:593][804]LogModuleManager: Shutting down and abandoning module PortalServices (418)
[2019.05.14-08.18.45:593][804]LogModuleManager: Shutting down and abandoning module PortalRpc (416)
[2019.05.14-08.18.45:593][804]LogModuleManager: Shutting down and abandoning module MessagingRpc (414)
[2019.05.14-08.18.45:593][804]LogModuleManager: Shutting down and abandoning module AIModule (412)
[2019.05.14-08.18.45:593][804]LogModuleManager: Shutting down and abandoning module GameplayDebugger (411)
[2019.05.14-08.18.45:593][804]LogModuleManager: Shutting down and abandoning module AITestSuite (409)
[2019.05.14-08.18.45:593][804]LogModuleManager: Shutting down and abandoning module NavigationSystem (407)
[2019.05.14-08.18.45:593][804]LogModuleManager: Shutting down and abandoning module DesktopPlatform (404)
[2019.05.14-08.18.45:593][804]LogModuleManager: Shutting down and abandoning module ProfilerService (402)
[2019.05.14-08.18.45:723][804]LogModuleManager: Shutting down and abandoning module TaskGraph (400)
[2019.05.14-08.18.45:723][804]LogModuleManager: Shutting down and abandoning module SteamVRController (398)
[2019.05.14-08.18.45:723][804]LogModuleManager: Shutting down and abandoning module ProceduralMeshComponentEditor (396)
[2019.05.14-08.18.45:724][804]LogModuleManager: Shutting down and abandoning module ProceduralMeshComponent (394)
[2019.05.14-08.18.45:724][804]LogModuleManager: Shutting down and abandoning module OculusInput (392)
[2019.05.14-08.18.45:724][804]LogModuleManager: Shutting down and abandoning module MobilePatchingUtils (390)
[2019.05.14-08.18.45:724][804]LogModuleManager: Shutting down and abandoning module EditableMesh (388)
[2019.05.14-08.18.45:724][804]LogModuleManager: Shutting down and abandoning module CustomMeshComponent (386)
[2019.05.14-08.18.45:724][804]LogModuleManager: Shutting down and abandoning module CableComponent (384)
[2019.05.14-08.18.45:724][804]LogModuleManager: Shutting down and abandoning module AudioCapture (382)
[2019.05.14-08.18.45:724][804]LogModuleManager: Shutting down and abandoning module ArchVisCharacter (380)
[2019.05.14-08.18.45:724][804]LogModuleManager: Shutting down and abandoning module AndroidPermission (378)
[2019.05.14-08.18.45:724][804]LogModuleManager: Shutting down and abandoning module NUTUnrealEngine4 (376)
[2019.05.14-08.18.45:724][804]LogModuleManager: Shutting down and abandoning module NetcodeUnitTest (374)
[2019.05.14-08.18.45:724][804]LogModuleManager: Shutting down and abandoning module MediaCompositingEditor (372)
[2019.05.14-08.18.45:724][804]LogModuleManager: Shutting down and abandoning module MediaCompositing (370)
[2019.05.14-08.18.45:724][804]LogModuleManager: Shutting down and abandoning module LinearTimecode (368)
[2019.05.14-08.18.45:724][804]LogModuleManager: Shutting down and abandoning module ImgMedia (366)
[2019.05.14-08.18.45:728][804]LogModuleManager: Shutting down and abandoning module HTML5Networking (364)
[2019.05.14-08.18.45:728][804]LogModuleManager: Shutting down and abandoning module GeometryCacheTracks (362)
[2019.05.14-08.18.45:728][804]LogModuleManager: Shutting down and abandoning module GeometryCacheSequencer (360)
[2019.05.14-08.18.45:728][804]LogModuleManager: Shutting down and abandoning module BackChannel (358)
[2019.05.14-08.18.45:728][804]LogModuleManager: Shutting down and abandoning module AppleVision (356)
[2019.05.14-08.18.45:728][804]LogModuleManager: Shutting down and abandoning module AppleImageUtils (354)
[2019.05.14-08.18.45:728][804]LogModuleManager: Shutting down and abandoning module AlembicImporter (352)
[2019.05.14-08.18.45:728][804]LogModuleManager: Shutting down and abandoning module AlembicLibrary (351)
[2019.05.14-08.18.45:728][804]LogModuleManager: Shutting down and abandoning module GeometryCache (350)
[2019.05.14-08.18.45:728][804]LogModuleManager: Shutting down and abandoning module GeometryCacheEd (349)
[2019.05.14-08.18.45:728][804]LogModuleManager: Shutting down and abandoning module DatasmithContentEditor (344)
[2019.05.14-08.18.45:728][804]LogModuleManager: Shutting down and abandoning module DatasmithContent (342)
[2019.05.14-08.18.45:728][804]LogModuleManager: Shutting down and abandoning module SpeedTreeImporter (340)
[2019.05.14-08.18.45:729][804]LogModuleManager: Shutting down and abandoning module PluginBrowser (338)
[2019.05.14-08.18.45:729][804]LogModuleManager: Shutting down and abandoning module MobileLauncherProfileWizard (336)
[2019.05.14-08.18.45:729][804]LogModuleManager: Shutting down and abandoning module PolygonModeling (334)
[2019.05.14-08.18.45:729][804]LogModuleManager: Shutting down and abandoning module MeshEditor (332)
[2019.05.14-08.18.45:729][804]LogModuleManager: Shutting down and abandoning module CryptoKeysOpenSSL (330)
[2019.05.14-08.18.45:729][804]LogModuleManager: Shutting down and abandoning module CryptoKeys (328)
[2019.05.14-08.18.45:729][804]LogModuleManager: Shutting down and abandoning module VisualStudioSourceCodeAccess (326)
[2019.05.14-08.18.45:729][804]LogModuleManager: Shutting down and abandoning module VisualStudioCodeSourceCodeAccess (324)
[2019.05.14-08.18.45:729][804]LogModuleManager: Shutting down and abandoning module UObjectPlugin (322)
[2019.05.14-08.18.45:729][804]LogModuleManager: Shutting down and abandoning module SubversionSourceControl (320)
[2019.05.14-08.18.45:729][804]LogModuleManager: Shutting down and abandoning module PerforceSourceControl (318)
[2019.05.14-08.18.45:729][804]LogModuleManager: Shutting down and abandoning module GitSourceControl (316)
[2019.05.14-08.18.45:729][804]LogModuleManager: Shutting down and abandoning module SourceControl (315)
[2019.05.14-08.18.45:729][804]LogModuleManager: Shutting down and abandoning module CLionSourceCodeAccess (312)
[2019.05.14-08.18.45:729][804]LogModuleManager: Shutting down and abandoning module LightPropagationVolumeEditor (310)
[2019.05.14-08.18.45:729][804]LogModuleManager: Shutting down and abandoning module PaperTiledImporter (308)
[2019.05.14-08.18.45:729][804]LogModuleManager: Shutting down and abandoning module PaperSpriteSheetImporter (306)
[2019.05.14-08.18.45:729][804]LogModuleManager: Shutting down and abandoning module Paper2DEditor (304)
[2019.05.14-08.18.45:729][804]LogModuleManager: Shutting down and abandoning module MeshPaint (303)
[2019.05.14-08.18.45:729][804]LogModuleManager: Shutting down and abandoning module RuntimePhysXCooking (300)
[2019.05.14-08.18.45:729][804]LogModuleManager: Shutting down and abandoning module PhysXVehiclesEditor (298)
[2019.05.14-08.18.45:729][804]LogModuleManager: Shutting down and abandoning module PhysXVehicles (296)
[2019.05.14-08.18.45:729][804]LogModuleManager: Shutting down and abandoning module OculusEditor (294)
[2019.05.14-08.18.45:729][804]LogModuleManager: Shutting down and abandoning module LocationServicesBPLibrary (292)
[2019.05.14-08.18.45:729][804]LogModuleManager: Shutting down and abandoning module ImmediatePhysicsEditor (290)
[2019.05.14-08.18.45:729][804]LogModuleManager: Shutting down and abandoning module ImmediatePhysics (288)
[2019.05.14-08.18.45:729][804]LogModuleManager: Shutting down and abandoning module ActorSequence (286)
[2019.05.14-08.18.45:729][804]LogModuleManager: Shutting down and abandoning module UdpMessaging (284)
[2019.05.14-08.18.45:830][804]LogModuleManager: Shutting down and abandoning module TcpMessaging (282)
[2019.05.14-08.18.45:931][804]LogModuleManager: Shutting down and abandoning module MagicLeapAudio (280)
[2019.05.14-08.18.45:931][804]LogModuleManager: Shutting down and abandoning module GameplayTagsEditor (278)
[2019.05.14-08.18.45:931][804]LogModuleManager: Shutting down and abandoning module FacialAnimationEditor (276)
[2019.05.14-08.18.45:931][804]LogModuleManager: Shutting down and abandoning module FacialAnimation (274)
[2019.05.14-08.18.45:931][804]LogModuleManager: Shutting down and abandoning module DataValidation (272)
[2019.05.14-08.18.45:931][804]LogModuleManager: Shutting down and abandoning module AssetManagerEditor (270)
[2019.05.14-08.18.45:931][804]LogModuleManager: Shutting down and abandoning module LevelEditor (269)
[2019.05.14-08.18.45:932][804]LogModuleManager: Shutting down and abandoning module PixelInspectorModule (268)
[2019.05.14-08.18.45:932][804]LogModuleManager: Shutting down and abandoning module CommonMenuExtensions (266)
[2019.05.14-08.18.45:932][804]LogModuleManager: Shutting down and abandoning module MainFrame (264)
[2019.05.14-08.18.45:932][804]LogModuleManager: Shutting down and abandoning module HotReload (263)
[2019.05.14-08.18.45:932][804]LogModuleManager: Shutting down and abandoning module ContentBrowser (259)
[2019.05.14-08.18.45:933][804]LogModuleManager: Shutting down and abandoning module TreeMap (257)
[2019.05.14-08.18.45:933][804]LogModuleManager: Shutting down and abandoning module LightPropagationVolumeRuntime (254)
[2019.05.14-08.18.45:933][804]LogModuleManager: Shutting down and abandoning module AISupportModule (252)
[2019.05.14-08.18.45:934][804]LogModuleManager: Shutting down and abandoning module Paper2D (250)
[2019.05.14-08.18.45:934][804]LogModuleManager: Shutting down and abandoning module WindowsMoviePlayer (248)
[2019.05.14-08.18.45:934][804]LogModuleManager: Shutting down and abandoning module WmfMedia (246)
[2019.05.14-08.18.45:935][804]LogModuleManager: Shutting down and abandoning module Media (245)
[2019.05.14-08.18.45:941][804]LogModuleManager: Shutting down and abandoning module PacketHandler (242)
[2019.05.14-08.18.45:941][804]LogModuleManager: Shutting down and abandoning module ClothingSystemEditor (240)
[2019.05.14-08.18.45:942][804]LogModuleManager: Shutting down and abandoning module ClothingSystemRuntime (238)
[2019.05.14-08.18.45:942][804]LogModuleManager: Shutting down and abandoning module MediaAssets (236)
[2019.05.14-08.18.45:942][804]LogModuleManager: Shutting down and abandoning module Overlay (234)
[2019.05.14-08.18.45:942][804]LogModuleManager: Shutting down and abandoning module OverlayEditor (233)
[2019.05.14-08.18.45:942][804]LogModuleManager: Shutting down and abandoning module EnvironmentQueryEditor (230)
[2019.05.14-08.18.45:942][804]LogModuleManager: Shutting down and abandoning module VREditor (228)
[2019.05.14-08.18.45:942][804]LogModuleManager: Shutting down and abandoning module StringTableEditor (226)
[2019.05.14-08.18.45:942][804]LogModuleManager: Shutting down and abandoning module GameplayTasksEditor (224)
[2019.05.14-08.18.45:942][804]LogModuleManager: Shutting down and abandoning module BehaviorTreeEditor (222)
[2019.05.14-08.18.45:942][804]LogModuleManager: Shutting down and abandoning module FunctionalTesting (220)
[2019.05.14-08.18.45:942][804]LogModuleManager: Shutting down and abandoning module CollisionAnalyzer (218)
[2019.05.14-08.18.45:942][804]LogModuleManager: Shutting down and abandoning module WorkspaceMenuStructure (217)
[2019.05.14-08.18.45:942][804]LogModuleManager: Shutting down and abandoning module UMG (214)
[2019.05.14-08.18.45:942][804]LogModuleManager: Shutting down and abandoning module UMGEditor (213)
[2019.05.14-08.18.45:942][804]LogModuleManager: Shutting down and abandoning module Sequencer (212)
[2019.05.14-08.18.45:942][804]LogModuleManager: Shutting down and abandoning module MessageLog (209)
[2019.05.14-08.18.45:942][804]LogModuleManager: Shutting down and abandoning module SlateReflector (204)
[2019.05.14-08.18.45:942][804]LogModuleManager: Shutting down and abandoning module Slate (202)
[2019.05.14-08.18.45:942][804]LogModuleManager: Shutting down and abandoning module EditorStyle (200)
[2019.05.14-08.18.45:944][804]LogModuleManager: Shutting down and abandoning module MRMesh (198)
[2019.05.14-08.18.45:944][804]LogModuleManager: Shutting down and abandoning module SourceCodeAccess (196)
[2019.05.14-08.18.45:944][804]LogModuleManager: Shutting down and abandoning module HeadMountedDisplay (194)
[2019.05.14-08.18.45:944][804]LogModuleManager: Shutting down and abandoning module XAudio2 (192)
[2019.05.14-08.18.45:944][804]LogModuleManager: Shutting down and abandoning module Networking (190)
[2019.05.14-08.18.45:944][804]LogModuleManager: Shutting down and abandoning module Core (188)
[2019.05.14-08.18.45:944][804]LogModuleManager: Shutting down and abandoning module LevelSequence (186)
[2019.05.14-08.18.45:944][804]LogModuleManager: Shutting down and abandoning module KismetCompiler (184)
[2019.05.14-08.18.45:944][804]LogModuleManager: Shutting down and abandoning module MeshUtilities (182)
[2019.05.14-08.18.45:944][804]LogModuleManager: Shutting down and abandoning module MeshMergeUtilities (181)
[2019.05.14-08.18.45:944][804]LogModuleManager: Shutting down and abandoning module MeshReductionInterface (180)
[2019.05.14-08.18.45:944][804]LogModuleManager: Shutting down and abandoning module SimplygonSwarm (179)
[2019.05.14-08.18.45:944][804]LogModuleManager: Shutting down and abandoning module ProxyLODMeshReduction (177)
[2019.05.14-08.18.45:944][804]LogModuleManager: Shutting down and abandoning module SimplygonMeshReduction (175)
[2019.05.14-08.18.45:944][804]LogModuleManager: Shutting down and abandoning module QuadricMeshReduction (173)
[2019.05.14-08.18.45:944][804]LogModuleManager: Shutting down and abandoning module MaterialBaking (169)
[2019.05.14-08.18.45:944][804]LogModuleManager: Shutting down and abandoning module DirectoryWatcher (165)
[2019.05.14-08.18.45:944][804]LogModuleManager: Shutting down and abandoning module DerivedDataCache (162)
[2019.05.14-08.18.45:958][804]LogDerivedDataCache: Shutdown
[2019.05.14-08.18.45:958][804]LogModuleManager: Shutting down and abandoning module XGEController (160)
[2019.05.14-08.18.45:958][804]LogModuleManager: Shutting down and abandoning module TargetPlatform (158)
[2019.05.14-08.18.45:958][804]LogModuleManager: Shutting down and abandoning module VulkanShaderFormat (157)
[2019.05.14-08.18.45:958][804]LogModuleManager: Shutting down and abandoning module ShaderFormatVectorVM (155)
[2019.05.14-08.18.45:958][804]LogModuleManager: Shutting down and abandoning module ShaderFormatOpenGL (153)
[2019.05.14-08.18.45:958][804]LogModuleManager: Shutting down and abandoning module ShaderFormatD3D (151)
[2019.05.14-08.18.45:958][804]LogModuleManager: Shutting down and abandoning module MetalShaderFormat (149)
[2019.05.14-08.18.45:958][804]LogModuleManager: Shutting down and abandoning module TextureFormatUncompressed (147)
[2019.05.14-08.18.45:958][804]LogModuleManager: Shutting down and abandoning module TextureFormatPVR (145)
[2019.05.14-08.18.45:958][804]LogModuleManager: Shutting down and abandoning module TextureFormatDXT (143)
[2019.05.14-08.18.45:958][804]LogModuleManager: Shutting down and abandoning module TextureFormatIntelISPCTexComp (141)
[2019.05.14-08.18.45:959][804]LogModuleManager: Shutting down and abandoning module TextureFormatASTC (139)
[2019.05.14-08.18.45:959][804]LogModuleManager: Shutting down and abandoning module ImageWrapper (138)
[2019.05.14-08.18.45:959][804]LogModuleManager: Shutting down and abandoning module TextureFormatAndroid (135)
[2019.05.14-08.18.45:959][804]LogModuleManager: Shutting down and abandoning module AudioFormatOpus (133)
[2019.05.14-08.18.45:959][804]LogModuleManager: Shutting down and abandoning module AudioFormatOgg (131)
[2019.05.14-08.18.45:959][804]LogModuleManager: Shutting down and abandoning module AudioFormatADPCM (129)
[2019.05.14-08.18.45:959][804]LogModuleManager: Shutting down and abandoning module LuminTargetPlatform (127)
[2019.05.14-08.18.45:959][804]LogModuleManager: Shutting down and abandoning module LinuxTargetPlatform (125)
[2019.05.14-08.18.45:959][804]LogModuleManager: Shutting down and abandoning module LinuxServerTargetPlatform (123)
[2019.05.14-08.18.45:959][804]LogModuleManager: Shutting down and abandoning module LinuxNoEditorTargetPlatform (121)
[2019.05.14-08.18.45:959][804]LogModuleManager: Shutting down and abandoning module LinuxClientTargetPlatform (119)
[2019.05.14-08.18.45:959][804]LogModuleManager: Shutting down and abandoning module TVOSTargetPlatform (117)
[2019.05.14-08.18.45:960][804]LogModuleManager: Shutting down and abandoning module Messaging (115)
[2019.05.14-08.18.45:960][804]LogModuleManager: Shutting down and abandoning module IOSTargetPlatform (113)
[2019.05.14-08.18.45:960][804]LogModuleManager: Shutting down and abandoning module HTML5TargetPlatform (111)
[2019.05.14-08.18.45:960][804]LogModuleManager: Shutting down and abandoning module AndroidTargetPlatform (109)
[2019.05.14-08.18.45:968][804]LogModuleManager: Shutting down and abandoning module WindowsTargetPlatform (107)
[2019.05.14-08.18.45:968][804]LogModuleManager: Shutting down and abandoning module WindowsServerTargetPlatform (105)
[2019.05.14-08.18.45:968][804]LogModuleManager: Shutting down and abandoning module WindowsNoEditorTargetPlatform (103)
[2019.05.14-08.18.45:968][804]LogModuleManager: Shutting down and abandoning module WindowsClientTargetPlatform (101)
[2019.05.14-08.18.45:968][804]LogModuleManager: Shutting down and abandoning module MacTargetPlatform (99)
[2019.05.14-08.18.45:968][804]LogModuleManager: Shutting down and abandoning module MacServerTargetPlatform (97)
[2019.05.14-08.18.45:968][804]LogModuleManager: Shutting down and abandoning module MacNoEditorTargetPlatform (95)
[2019.05.14-08.18.45:968][804]LogModuleManager: Shutting down and abandoning module MacClientTargetPlatform (93)
[2019.05.14-08.18.45:968][804]LogModuleManager: Shutting down and abandoning module AllDesktopTargetPlatform (91)
[2019.05.14-08.18.45:968][804]LogModuleManager: Shutting down and abandoning module InputCore (88)
[2019.05.14-08.18.45:968][804]LogModuleManager: Shutting down and abandoning module Settings (86)
[2019.05.14-08.18.45:968][804]LogModuleManager: Shutting down and abandoning module PhysXCooking (84)
[2019.05.14-08.18.45:968][804]LogModuleManager: Shutting down and abandoning module SteamVR (82)
[2019.05.14-08.18.45:968][804]LogModuleManager: Shutting down and abandoning module OculusHMD (80)
[2019.05.14-08.18.45:968][804]LogModuleManager: Shutting down and abandoning module ExampleDeviceProfileSelector (78)
[2019.05.14-08.18.45:968][804]LogModuleManager: Shutting down and abandoning module LauncherChunkInstaller (76)
[2019.05.14-08.18.45:968][804]LogModuleManager: Shutting down and abandoning module OnlineBlueprintSupport (74)
[2019.05.14-08.18.45:968][804]LogModuleManager: Shutting down and abandoning module OnlineSubsystem (70)
[2019.05.14-08.18.45:969][804]LogModuleManager: Shutting down and abandoning module XMPP (65)
[2019.05.14-08.18.45:969][804]LogModuleManager: Shutting down and abandoning module WebSockets (64)
[2019.05.14-08.18.45:989][804]LogModuleManager: Shutting down and abandoning module HTTP (61)
[2019.05.14-08.18.45:989][804]LogHttp: Display: Http module shutting down, but needs to wait on 1 outstanding Http requests:
[2019.05.14-08.18.45:989][804]LogHttp: Display: 	verb=[POST] url=[https://datarouter.ol.epicgames.com/datarouter/api/v1/public/data?SessionID=%7B8C4AA87A-4D01-2DD7-528E-67B920F46F82%7D&AppID=UEEditor.Rocket.Release&AppVersion=4.20.3-4369336%2B%2B%2BUE4%2BRelease-4.20&UserID=b981835b4cfd420035be9e8674c82584%7C99887eaec6be48e1ab89856f117ef398%7Cfcdb69fe-e22d-44dd-b046-353003ae4736&AppEnvironment=datacollector-binary&UploadType=eteventstream] status=Processing
[2019.05.14-08.18.45:995][804]LogModuleManager: Shutting down and abandoning module SSL (60)
[2019.05.14-08.18.45:996][804]LogModuleManager: Shutting down and abandoning module MagicLeapEmulator (56)
[2019.05.14-08.18.45:996][804]LogModuleManager: Shutting down and abandoning module MagicLeapPrivileges (54)
[2019.05.14-08.18.45:996][804]LogModuleManager: Shutting down and abandoning module MagicLeapIdentity (52)
[2019.05.14-08.18.45:996][804]LogModuleManager: Shutting down and abandoning module MagicLeapHelperVulkan (50)
[2019.05.14-08.18.45:996][804]LogModuleManager: Shutting down and abandoning module MagicLeapHelperOpenGL (48)
[2019.05.14-08.18.45:996][804]LogModuleManager: Shutting down and abandoning module MagicLeapSecureStorage (46)
[2019.05.14-08.18.45:996][804]LogModuleManager: Shutting down and abandoning module MagicLeapGestures (44)
[2019.05.14-08.18.45:996][804]LogModuleManager: Shutting down and abandoning module MagicLeapEyeTracker (42)
[2019.05.14-08.18.45:996][804]LogModuleManager: Shutting down and abandoning module MagicLeapController (40)
[2019.05.14-08.18.45:996][804]LogSlate: Slate User Destroyed.  User Index 0, Is Virtual User: 0
[2019.05.14-08.18.45:996][804]LogModuleManager: Shutting down and abandoning module MagicLeap (38)
[2019.05.14-08.18.45:996][804]LogModuleManager: Shutting down and abandoning module AnimationModifiers (36)
[2019.05.14-08.18.45:996][804]LogModuleManager: Shutting down and abandoning module PropertyEditor (35)
[2019.05.14-08.18.45:996][804]LogModuleManager: Shutting down and abandoning module AudioEditor (32)
[2019.05.14-08.18.45:996][804]LogModuleManager: Shutting down and abandoning module TextureCompressor (30)
[2019.05.14-08.18.45:996][804]LogModuleManager: Shutting down and abandoning module ShaderCore (28)
[2019.05.14-08.18.45:996][804]LogModuleManager: Shutting down and abandoning module Landscape (26)
[2019.05.14-08.18.45:996][804]LogModuleManager: Shutting down and abandoning module SlateRHIRenderer (24)
[2019.05.14-08.18.45:997][804]LogModuleManager: Shutting down and abandoning module OpenGLDrv (22)
[2019.05.14-08.18.45:997][804]LogModuleManager: Shutting down and abandoning module D3D11RHI (20)
[2019.05.14-08.18.45:997][804]LogModuleManager: Shutting down and abandoning module AnimGraphRuntime (18)
[2019.05.14-08.18.45:997][804]LogModuleManager: Shutting down and abandoning module Renderer (16)
[2019.05.14-08.18.45:997][804]LogModuleManager: Shutting down and abandoning module Engine (14)
[2019.05.14-08.18.45:997][804]LogModuleManager: Shutting down and abandoning module CoreUObject (12)
[2019.05.14-08.18.45:997][804]LogModuleManager: Shutting down and abandoning module NetworkFile (10)
[2019.05.14-08.18.45:997][804]LogModuleManager: Shutting down and abandoning module CookedIterativeFile (8)
[2019.05.14-08.18.45:997][804]LogModuleManager: Shutting down and abandoning module StreamingFile (6)
[2019.05.14-08.18.45:997][804]LogModuleManager: Shutting down and abandoning module SandboxFile (4)
[2019.05.14-08.18.45:997][804]LogModuleManager: Shutting down and abandoning module PakFile (2)
[2019.05.14-08.18.46:004][804]LogExit: Exiting.
[2019.05.14-08.18.46:027][804]Log file closed, 05/14/19 10:18:46
