Log file open, 03/20/19 14:35:02
LogWindows: Failed to load 'aqProf.dll' (GetLastError=126)
LogWindows: File 'aqProf.dll' does not exist
LogWindows: Failed to load 'VSPerf140.dll' (GetLastError=126)
LogWindows: File 'VSPerf140.dll' does not exist
LogWindows: Failed to load 'VtuneApi.dll' (GetLastError=126)
LogWindows: File 'VtuneApi.dll' does not exist
LogWindows: Failed to load 'VtuneApi32e.dll' (GetLastError=126)
LogWindows: File 'VtuneApi32e.dll' does not exist
LogInit: Display: Running engine for game: ProjectBarter
LogPlatformFile: Not using cached read wrapper
LogTaskGraph: Started task graph with 5 named threads and 23 total threads with 3 sets of task threads.
LogStats: Stats thread started at 0.341181
LogD3D11RHI: Loaded GFSDK_Aftermath_Lib.x64.dll
LogICUInternationalization: Display: ICU TimeZone Detection - Raw Offset: +1:00, Platform Override: ''
LogPluginManager: Mounting plugin Paper2D
LogPluginManager: Mounting plugin AISupport
LogPluginManager: Mounting plugin LightPropagationVolume
LogPluginManager: Mounting plugin CLionSourceCodeAccess
LogPluginManager: Mounting plugin CodeLiteSourceCodeAccess
LogPluginManager: Mounting plugin GitSourceControl
LogPluginManager: Mounting plugin KDevelopSourceCodeAccess
LogPluginManager: Mounting plugin NullSourceCodeAccess
LogPluginManager: Mounting plugin PerforceSourceControl
LogPluginManager: Mounting plugin SubversionSourceControl
LogPluginManager: Mounting plugin UObjectPlugin
LogPluginManager: Mounting plugin VisualStudioCodeSourceCodeAccess
LogPluginManager: Mounting plugin VisualStudioSourceCodeAccess
LogPluginManager: Mounting plugin XCodeSourceCodeAccess
LogPluginManager: Mounting plugin AssetManagerEditor
LogPluginManager: Mounting plugin CryptoKeys
LogPluginManager: Mounting plugin DataValidation
LogPluginManager: Mounting plugin FacialAnimation
LogPluginManager: Mounting plugin GameplayTagsEditor
LogPluginManager: Mounting plugin MacGraphicsSwitching
LogPluginManager: Mounting plugin MeshEditor
LogPluginManager: Mounting plugin MobileLauncherProfileWizard
LogPluginManager: Mounting plugin PluginBrowser
LogPluginManager: Mounting plugin SpeedTreeImporter
LogPluginManager: Mounting plugin DatasmithContent
LogPluginManager: Mounting plugin AlembicImporter
LogPluginManager: Mounting plugin AppleImageUtils
LogPluginManager: Mounting plugin AppleVision
LogPluginManager: Mounting plugin BackChannel
LogPluginManager: Mounting plugin CharacterAI
LogPluginManager: Mounting plugin GeometryCache
LogPluginManager: Mounting plugin HTML5Networking
LogPluginManager: Mounting plugin ProxyLODPlugin
LogPluginManager: Mounting plugin MagicLeap
LogPluginManager: Mounting plugin MagicLeapEmulator
LogPluginManager: Mounting plugin MagicLeapMedia
LogPluginManager: Mounting plugin AndroidMedia
LogPluginManager: Mounting plugin AvfMedia
LogPluginManager: Mounting plugin ImgMedia
LogPluginManager: Mounting plugin LinearTimecode
LogPluginManager: Mounting plugin MediaCompositing
LogPluginManager: Mounting plugin MediaPlayerEditor
LogPluginManager: Mounting plugin WmfMedia
LogPluginManager: Mounting plugin TcpMessaging
LogPluginManager: Mounting plugin UdpMessaging
LogPluginManager: Mounting plugin ActorSequence
LogPluginManager: Mounting plugin LevelSequenceEditor
LogPluginManager: Mounting plugin MatineeToLevelSequence
LogPluginManager: Mounting plugin NetcodeUnitTest
LogPluginManager: Mounting plugin NUTUnrealEngine4
LogPluginManager: Mounting plugin OnlineSubsystemGooglePlay
LogPluginManager: Mounting plugin OnlineSubsystemIOS
LogPluginManager: Mounting plugin OnlineSubsystem
LogPluginManager: Mounting plugin OnlineSubsystemNull
LogPluginManager: Mounting plugin OnlineSubsystemUtils
LogPluginManager: Mounting plugin LauncherChunkInstaller
LogPluginManager: Mounting plugin AndroidDeviceProfileSelector
LogPluginManager: Mounting plugin AndroidMoviePlayer
LogPluginManager: Mounting plugin AndroidPermission
LogPluginManager: Mounting plugin AppleMoviePlayer
LogPluginManager: Mounting plugin ArchVisCharacter
LogPluginManager: Mounting plugin AudioCapture
LogPluginManager: Mounting plugin CableComponent
LogPluginManager: Mounting plugin CustomMeshComponent
LogPluginManager: Mounting plugin EditableMesh
LogPluginManager: Mounting plugin ExampleDeviceProfileSelector
LogPluginManager: Mounting plugin GoogleCloudMessaging
LogPluginManager: Mounting plugin ImmediatePhysics
LogPluginManager: Mounting plugin IOSDeviceProfileSelector
LogPluginManager: Mounting plugin LinuxDeviceProfileSelector
LogPluginManager: Mounting plugin LocationServicesBPLibrary
LogPluginManager: Mounting plugin MobilePatchingUtils
LogPluginManager: Mounting plugin OculusVR
LogPluginManager: Plugin shader directory ../../../Engine/Plugins/Runtime/Oculus/OculusVR/Shaders found
LogPluginManager: Mapping shader source directory ../../../Engine/Plugins/Runtime/Oculus/OculusVR/Shaders to virtual directory /Plugin/OculusVR
LogPluginManager: Mounting plugin PhysXVehicles
LogPluginManager: Mounting plugin ProceduralMeshComponent
LogPluginManager: Mounting plugin RuntimePhysXCooking
LogPluginManager: Mounting plugin SteamVR
LogPluginManager: Mounting plugin WindowsMoviePlayer
LogStreaming: Display: Took  0.122s to configure plugins.
LogInit: Using libcurl 7.55.1-DEV
LogInit:  - built for x86_64-pc-win32
LogInit:  - supports SSL with OpenSSL/1.0.2h
LogInit:  - supports HTTP deflate (compression) using libz 1.2.8
LogInit:  - other features:
LogInit:      CURL_VERSION_SSL
LogInit:      CURL_VERSION_LIBZ
LogInit:      CURL_VERSION_IPV6
LogInit:      CURL_VERSION_ASYNCHDNS
LogInit:      CURL_VERSION_LARGEFILE
LogInit:      CURL_VERSION_IDN
LogInit:  CurlRequestOptions (configurable via config and command line):
LogInit:  - bVerifyPeer = false  - Libcurl will NOT verify peer certificate
LogInit:  - bUseHttpProxy = false  - Libcurl will NOT use HTTP proxy
LogInit:  - bDontReuseConnections = false  - Libcurl will reuse connections
LogInit:  - CertBundlePath = nullptr  - Libcurl will use whatever was configured at build time.
LogInit:  - MaxHostConnections = 16  - Libcurl will limit the number of connections to a host
LogInit:  - LocalHostAddr = Default
LogInit:  - BufferSize = 65536
LogInit: WinSock: version 1.1 (2.2), MaxSocks=32767, MaxUdp=65467
LogInit: Build: ++UE4+Release-4.20-CL-4369336
LogInit: Engine Version: 4.20.3-4369336+++UE4+Release-4.20
LogInit: Compatible Engine Version: 4.20.0-4212847+++UE4+Release-4.20
LogInit: Net CL: 4212847
LogInit: OS: Windows 10 (), CPU: Intel(R) Core(TM) i7-7700HQ CPU @ 2.80GHz, GPU: Intel(R) HD Graphics 630
LogInit: Compiled (64-bit): Sep 17 2018 12:26:19
LogInit: Compiled with Visual C++: 19.13.26129.00
LogInit: Build Configuration: Development
LogInit: Branch Name: ++UE4+Release-4.20
LogInit: Command Line: -EpicPortal  -epicusername="WarZicks" -epicuserid=99887eaec6be48e1ab89856f117ef398 -epiclocale=fr-FR
LogInit: Base Directory: C:/Program Files/Epic Games/UE_4.20/Engine/Binaries/Win64/
LogInit: Installed Engine Build: 1
LogDevObjectVersion: Number of dev versions registered: 20
LogDevObjectVersion:   Dev-Blueprints (B0D832E4-1F89-4F0D-ACCF-7EB736FD4AA2): 10
LogDevObjectVersion:   Dev-Build (E1C64328-A22C-4D53-A36C-8E866417BD8C): 0
LogDevObjectVersion:   Dev-Core (375EC13C-06E4-48FB-B500-84F0262A717E): 2
LogDevObjectVersion:   Dev-Editor (E4B068ED-F494-42E9-A231-DA0B2E46BB41): 24
LogDevObjectVersion:   Dev-Framework (CFFC743F-43B0-4480-9391-14DF171D2073): 34
LogDevObjectVersion:   Dev-Mobile (B02B49B5-BB20-44E9-A304-32B752E40360): 2
LogDevObjectVersion:   Dev-Networking (A4E4105C-59A1-49B5-A7C5-40C4547EDFEE): 0
LogDevObjectVersion:   Dev-Online (39C831C9-5AE6-47DC-9A44-9C173E1C8E7C): 0
LogDevObjectVersion:   Dev-Physics (78F01B33-EBEA-4F98-B9B4-84EACCB95AA2): 0
LogDevObjectVersion:   Dev-Platform (6631380F-2D4D-43E0-8009-CF276956A95A): 0
LogDevObjectVersion:   Dev-Rendering (12F88B9F-8875-4AFC-A67C-D90C383ABD29): 26
LogDevObjectVersion:   Dev-Sequencer (7B5AE74C-D270-4C10-A958-57980B212A5A): 9
LogDevObjectVersion:   Dev-VR (D7296918-1DD6-4BDD-9DE2-64A83CC13884): 2
LogDevObjectVersion:   Dev-LoadTimes (C2A15278-BFE7-4AFE-6C17-90FF531DF755): 1
LogDevObjectVersion:   Private-Geometry (6EACA3D4-40EC-4CC1-B786-8BED09428FC5): 3
LogDevObjectVersion:   Dev-AnimPhys (29E575DD-E0A3-4627-9D10-D276232CDCEA): 17
LogDevObjectVersion:   Dev-ReflectionCapture (6B266CEC-1EC7-4B8F-A30B-E4D90942FC07): 1
LogDevObjectVersion:   Dev-Automation (0DF73D61-A23F-47EA-B727-89E90C41499A): 1
LogDevObjectVersion:   FortniteMain (601D1886-AC64-4F84-AA16-D3DE0DEAC7D6): 12
LogDevObjectVersion:   Dev-Enterprise (9DFFBCD6-494F-0158-E221-12823C92A888): 1
LogStreaming: Display: Took  0.016s to delete old logs.
LogInit: Presizing for max 8388607 objects, including 0 objects not considered by GC, pre-allocating 0 bytes for permanent pool.
LogInit: Object subsystem initialized
[2019.03.20-13.35.03:316][  0]LogInit: Selected Device Profile: [Windows]
[2019.03.20-13.35.03:316][  0]LogInit: Applying CVar settings loaded from the selected device profile: [Windows]
[2019.03.20-13.35.03:337][  0]LogHAL: Display: Platform has ~ 8 GB [8467357696 / 8589934592 / 8], which maps to Default [LargestMinGB=32, LargerMinGB=12, DefaultMinGB=8, SmallerMinGB=6, SmallestMinGB=0)
[2019.03.20-13.35.03:338][  0]LogInit: Setting Device Profile CVar: [[r.Vulkan.UseRealUBs:1]]
[2019.03.20-13.35.03:338][  0]LogInit: Going up to parent DeviceProfile []
[2019.03.20-13.35.03:338][  0]LogInit: Computer: DESKTOP-CQL9TV7
[2019.03.20-13.35.03:338][  0]LogInit: User: THéo
[2019.03.20-13.35.03:338][  0]LogInit: CPU Page size=4096, Cores=4
[2019.03.20-13.35.03:338][  0]LogInit: High frequency timer resolution =2.742193 MHz
[2019.03.20-13.35.03:339][  0]LogMemory: Memory total: Physical=7.9GB (8GB approx)
[2019.03.20-13.35.03:339][  0]LogMemory: Platform Memory Stats for Windows
[2019.03.20-13.35.03:339][  0]LogMemory: Process Physical Memory: 101.95 MB used, 101.95 MB peak
[2019.03.20-13.35.03:339][  0]LogMemory: Process Virtual Memory: 89.42 MB used, 89.42 MB peak
[2019.03.20-13.35.03:339][  0]LogMemory: Physical Memory: 5653.35 MB used,  2421.75 MB free, 8075.10 MB total
[2019.03.20-13.35.03:339][  0]LogMemory: Virtual Memory: 4629.38 MB used,  2421.75 MB free, 134217728.00 MB total
[2019.03.20-13.35.03:373][  0]LogInit: Using OS detected language (fr-FR).
[2019.03.20-13.35.03:373][  0]LogInit: Using OS detected locale (fr-FR).
[2019.03.20-13.35.03:377][  0]LogTextLocalizationManager: No specific localization for 'fr-FR' exists, so the 'fr' localization will be used.
[2019.03.20-13.35.03:381][  0]LogStreaming: Display: Took  0.008s to InitEngineTextLocalization.
[2019.03.20-13.35.03:382][  0]LogInit: Setting process to per monitor DPI aware
[2019.03.20-13.35.03:446][  0]LogSlate: New Slate User Created.  User Index 0, Is Virtual User: 0
[2019.03.20-13.35.03:446][  0]LogSlate: Slate User Registered.  User Index 0, Is Virtual User: 0
[2019.03.20-13.35.03:830][  0]LogHMD: Failed to initialize OpenVR with code 110
[2019.03.20-13.35.03:830][  0]LogD3D11RHI: D3D11 adapters:
[2019.03.20-13.35.03:910][  0]LogD3D11RHI:    0. 'NVIDIA GeForce GTX 1060' (Feature Level 11_0)
[2019.03.20-13.35.03:910][  0]LogD3D11RHI:       2987/0/4037 MB DedicatedVideo/DedicatedSystem/SharedSystem, Outputs:1, VendorId:0x10de
[2019.03.20-13.35.03:921][  0]LogD3D11RHI:    1. 'Intel(R) HD Graphics 630' (Feature Level 11_0)
[2019.03.20-13.35.03:921][  0]LogD3D11RHI:       128/0/4037 MB DedicatedVideo/DedicatedSystem/SharedSystem, Outputs:0, VendorId:0x8086
[2019.03.20-13.35.03:924][  0]LogD3D11RHI:    2. 'Microsoft Basic Render Driver' (Feature Level 11_0)
[2019.03.20-13.35.03:924][  0]LogD3D11RHI:       0/0/4037 MB DedicatedVideo/DedicatedSystem/SharedSystem, Outputs:0, VendorId:0x1414
[2019.03.20-13.35.03:924][  0]LogD3D11RHI: Chosen D3D11 Adapter: 0
[2019.03.20-13.35.03:953][  0]LogD3D11RHI: Creating new Direct3DDevice
[2019.03.20-13.35.03:953][  0]LogD3D11RHI:     GPU DeviceId: 0x1c20 (for the marketing name, search the web for "GPU Device Id")
[2019.03.20-13.35.03:953][  0]LogWindows: EnumDisplayDevices:
[2019.03.20-13.35.03:953][  0]LogWindows:    0. 'Intel(R) HD Graphics 630' (P:1 D:1)
[2019.03.20-13.35.03:953][  0]LogWindows:    1. 'Intel(R) HD Graphics 630' (P:0 D:0)
[2019.03.20-13.35.03:954][  0]LogWindows:    2. 'Intel(R) HD Graphics 630' (P:0 D:0)
[2019.03.20-13.35.03:954][  0]LogWindows:    3. 'NVIDIA GeForce GTX 1060' (P:0 D:0)
[2019.03.20-13.35.03:954][  0]LogWindows:    4. 'NVIDIA GeForce GTX 1060' (P:0 D:0)
[2019.03.20-13.35.03:955][  0]LogWindows:    5. 'NVIDIA GeForce GTX 1060' (P:0 D:0)
[2019.03.20-13.35.03:955][  0]LogWindows:    6. 'NVIDIA GeForce GTX 1060' (P:0 D:0)
[2019.03.20-13.35.03:955][  0]LogWindows: DebugString: PrimaryIsNotTheChoosenAdapter PrimaryIsNotTheChoosenAdapter PrimaryIsNotTheChoosenAdapter FoundDriverCount:4 
[2019.03.20-13.35.03:955][  0]LogD3D11RHI:     Adapter Name: NVIDIA GeForce GTX 1060
[2019.03.20-13.35.03:955][  0]LogD3D11RHI:   Driver Version: 399.01 (internal:24.21.13.9901, unified:399.01)
[2019.03.20-13.35.03:955][  0]LogD3D11RHI:      Driver Date: 8-13-2018
[2019.03.20-13.35.03:955][  0]LogRHI: Texture pool is 2090 MB (70% of 2987 MB)
[2019.03.20-13.35.03:997][  0]LogD3D11RHI: Async texture creation enabled
[2019.03.20-13.35.04:015][  0]LogD3D11RHI: GPU Timing Frequency: 1000.000000 (Debug: 2 2)
[2019.03.20-13.35.04:017][  0]LogShaderCompilers: Guid format shader working directory is -24 characters bigger than the processId version (D:/Documents/e-artsup/B2/Jeu Neolithique/ProjectBarter/ProjectBarter/Intermediate/Shaders/WorkingDirectory/17592/).
[2019.03.20-13.35.04:017][  0]LogShaderCompilers: Cleaned the shader compiler working directory 'C:/Users/THéo/AppData/Local/Temp/UnrealShaderWorkingDir/4C5563FF4C9548ACB31DBEB11D02F438/'.
[2019.03.20-13.35.04:472][  0]LogTemp: Display: Loaded TP AllDesktopTargetPlatform
[2019.03.20-13.35.04:489][  0]LogTemp: Display: Loaded TP MacClientTargetPlatform
[2019.03.20-13.35.04:506][  0]LogTemp: Display: Loaded TP MacNoEditorTargetPlatform
[2019.03.20-13.35.04:521][  0]LogTemp: Display: Loaded TP MacServerTargetPlatform
[2019.03.20-13.35.04:538][  0]LogTemp: Display: Loaded TP MacTargetPlatform
[2019.03.20-13.35.04:555][  0]LogTemp: Display: Loaded TP WindowsClientTargetPlatform
[2019.03.20-13.35.04:573][  0]LogTemp: Display: Loaded TP WindowsNoEditorTargetPlatform
[2019.03.20-13.35.04:589][  0]LogTemp: Display: Loaded TP WindowsServerTargetPlatform
[2019.03.20-13.35.04:598][  0]LogTemp: Display: Loaded TP WindowsTargetPlatform
[2019.03.20-13.35.04:688][  0]LogTemp: Display: Loaded TP AndroidTargetPlatform
[2019.03.20-13.35.04:688][  0]LogTemp: Display: Loaded TP AndroidTargetPlatform
[2019.03.20-13.35.04:688][  0]LogTemp: Display: Loaded TP AndroidTargetPlatform
[2019.03.20-13.35.04:688][  0]LogTemp: Display: Loaded TP AndroidTargetPlatform
[2019.03.20-13.35.04:688][  0]LogTemp: Display: Loaded TP AndroidTargetPlatform
[2019.03.20-13.35.04:689][  0]LogTemp: Display: Loaded TP AndroidTargetPlatform
[2019.03.20-13.35.04:689][  0]LogTemp: Display: Loaded TP AndroidTargetPlatform
[2019.03.20-13.35.04:689][  0]LogTemp: Display: Loaded TP AndroidTargetPlatform
[2019.03.20-13.35.04:689][  0]LogTemp: Display: Loaded TP AndroidTargetPlatform
[2019.03.20-13.35.04:689][  0]LogTemp: Display: Loaded TP AndroidTargetPlatform
[2019.03.20-13.35.04:689][  0]LogTemp: Display: Loaded TP AndroidTargetPlatform
[2019.03.20-13.35.04:689][  0]LogTemp: Display: Loaded TP AndroidTargetPlatform
[2019.03.20-13.35.04:689][  0]LogTemp: Display: Loaded TP AndroidTargetPlatform
[2019.03.20-13.35.04:689][  0]LogTemp: Display: Loaded TP AndroidTargetPlatform
[2019.03.20-13.35.04:689][  0]LogTemp: Display: Loaded TP AndroidTargetPlatform
[2019.03.20-13.35.04:689][  0]LogTemp: Display: Loaded TP AndroidTargetPlatform
[2019.03.20-13.35.04:689][  0]LogTemp: Display: Loaded TP AndroidTargetPlatform
[2019.03.20-13.35.04:689][  0]LogTemp: Display: Loaded TP AndroidTargetPlatform
[2019.03.20-13.35.04:691][  0]LogTemp: Display: Loaded TP HTML5TargetPlatform
[2019.03.20-13.35.04:759][  0]LogTemp: Display: Loaded TP IOSTargetPlatform
[2019.03.20-13.35.04:759][  0]LogTemp: Display: Loaded TP IOSTargetPlatform
[2019.03.20-13.35.04:786][  0]LogTemp: Display: Loaded TP TVOSTargetPlatform
[2019.03.20-13.35.04:786][  0]LogTemp: Display: Loaded TP TVOSTargetPlatform
[2019.03.20-13.35.04:800][  0]LogTemp: Display: Loaded TP LinuxClientTargetPlatform
[2019.03.20-13.35.04:815][  0]LogTemp: Display: Loaded TP LinuxNoEditorTargetPlatform
[2019.03.20-13.35.04:829][  0]LogTemp: Display: Loaded TP LinuxServerTargetPlatform
[2019.03.20-13.35.04:844][  0]LogTemp: Display: Loaded TP LinuxTargetPlatform
[2019.03.20-13.35.04:855][  0]LogTemp: Display: Loaded TP LuminTargetPlatform
[2019.03.20-13.35.04:855][  0]LogTargetPlatformManager: Display: Building Assets For Windows
[2019.03.20-13.35.04:950][  0]LogXGEController: Cannot use XGE Controller as Incredibuild is not installed on this machine.
[2019.03.20-13.35.04:950][  0]LogShaderCompilers: Cannot use XGE Shader Compiler as Incredibuild is not installed on this machine.
[2019.03.20-13.35.04:950][  0]LogShaderCompilers: Display: Using Local Shader Compiler.
[2019.03.20-13.35.05:837][  0]LogDerivedDataCache: Display: Max Cache Size: 512 MB
[2019.03.20-13.35.06:086][  0]LogDerivedDataCache: Loaded boot cache 0.25s 71MB C:/Users/THéo/AppData/Local/UnrealEngine/4.20/DerivedDataCache/Boot.ddc.
[2019.03.20-13.35.06:087][  0]LogDerivedDataCache: Display: Loaded Boot cache: C:/Users/THéo/AppData/Local/UnrealEngine/4.20/DerivedDataCache/Boot.ddc
[2019.03.20-13.35.06:087][  0]LogDerivedDataCache: FDerivedDataBackendGraph:  Pak pak cache file D:/Documents/e-artsup/B2/Jeu Neolithique/ProjectBarter/ProjectBarter/DerivedDataCache/DDC.ddp not found, will not use a pak cache.
[2019.03.20-13.35.06:087][  0]LogDerivedDataCache: Unable to find inner node Pak for hierarchical cache Hierarchy.
[2019.03.20-13.35.06:087][  0]LogDerivedDataCache: FDerivedDataBackendGraph:  CompressedPak pak cache file D:/Documents/e-artsup/B2/Jeu Neolithique/ProjectBarter/ProjectBarter/DerivedDataCache/Compressed.ddp not found, will not use a pak cache.
[2019.03.20-13.35.06:087][  0]LogDerivedDataCache: Unable to find inner node CompressedPak for hierarchical cache Hierarchy.
[2019.03.20-13.35.06:103][  0]LogDerivedDataCache: Display: Pak cache opened for reading ../../../Engine/DerivedDataCache/Compressed.ddp.
[2019.03.20-13.35.06:116][  0]LogDerivedDataCache: Using Local data cache path C:/Users/THéo/AppData/Local/UnrealEngine/Common/DerivedDataCache: Writable
[2019.03.20-13.35.06:116][  0]LogDerivedDataCache: Shared data cache path not found in *engine.ini, will not use an Shared cache.
[2019.03.20-13.35.06:116][  0]LogDerivedDataCache: Unable to find inner node Shared for hierarchical cache Hierarchy.
[2019.03.20-13.35.06:137][  0]LogMaterial: Verifying Global Shaders for PCD3D_SM5
[2019.03.20-13.35.06:139][  0]LogSlate: Using FreeType 2.6.0
[2019.03.20-13.35.06:140][  0]LogSlate: SlateFontServices - WITH_FREETYPE: 1, WITH_HARFBUZZ: 1
[2019.03.20-13.35.06:283][  0]LogAssetRegistry: FAssetRegistry took 0.0279 seconds to start up
[2019.03.20-13.35.06:610][  0]LogInit: Selected Device Profile: [Windows]
[2019.03.20-13.35.06:789][  0]LogSimplygon: Simplygon DLL not present - disabling.
[2019.03.20-13.35.06:797][  0]LogMeshReduction: Using SimplygonSwarm for distributed automatic mesh merging
[2019.03.20-13.35.06:797][  0]LogMeshReduction: Using ProxyLODMeshReduction for automatic mesh merging
[2019.03.20-13.35.06:797][  0]LogMeshReduction: Using QuadricMeshReduction for automatic static mesh reduction
[2019.03.20-13.35.06:797][  0]LogMeshReduction: No automatic skeletal mesh reduction module available
[2019.03.20-13.35.06:833][  0]LogNetVersion: ProjectBarter 1.0.0, NetCL: 4212847, EngineNetVer: 5, GameNetVer: 0 (Checksum: 2697442201)
[2019.03.20-13.35.07:476][  0]LogPackageLocalizationCache: Processed 11 localized package path(s) for 2 prioritized culture(s) in 0.125959 seconds
[2019.03.20-13.35.07:483][  0]LogUObjectArray: 38425 objects as part of root set at end of initial load.
[2019.03.20-13.35.07:483][  0]LogUObjectAllocator: 6690864 out of 0 bytes used by permanent object pool.
[2019.03.20-13.35.07:483][  0]LogUObjectArray: CloseDisregardForGC: 0/0 objects in disregard for GC pool
[2019.03.20-13.35.09:064][  0]LogTcpMessaging: Initializing TcpMessaging bridge
[2019.03.20-13.35.09:080][  0]LogUdpMessaging: Initializing bridge on interface 0.0.0.0:0 to multicast group 230.0.0.1:6666.
[2019.03.20-13.35.09:262][  0]SourceControl: Source control is disabled
[2019.03.20-13.35.09:263][  0]SourceControl: Source control is disabled
[2019.03.20-13.35.09:266][  0]SourceControl: Source control is disabled
[2019.03.20-13.35.09:268][  0]SourceControl: Source control is disabled
[2019.03.20-13.35.09:483][  0]LogAndroidPermission: UAndroidPermissionCallbackProxy::GetInstance
[2019.03.20-13.35.09:552][  0]LogOcInput: OculusInput pre-init called
[2019.03.20-13.35.09:630][  0]LogEngine: Initializing Engine...
[2019.03.20-13.35.09:630][  0]LogHMD: Failed to initialize OpenVR with code 110
[2019.03.20-13.35.09:632][  0]LogStats: UGameplayTagsManager::ConstructGameplayTagTree: ImportINI prefixes -  0.000 s
[2019.03.20-13.35.09:632][  0]LogStats: UGameplayTagsManager::ConstructGameplayTagTree: Construct from data asset -  0.000 s
[2019.03.20-13.35.09:632][  0]LogStats: UGameplayTagsManager::ConstructGameplayTagTree: ImportINI -  0.000 s
[2019.03.20-13.35.09:632][  0]LogStats: UGameplayTagsManager::ConstructGameplayTagTree: GameplayTagTreeChangedEvent.Broadcast -  0.000 s
[2019.03.20-13.35.09:943][  0]LogInit: Initializing FReadOnlyCVARCache
[2019.03.20-13.35.09:975][  0]LogAIModule: Creating AISystem for world Untitled
[2019.03.20-13.35.09:987][  0]LogInit: XAudio2 using 'Haut-parleurs (Realtek High Definition Audio)' : 2 channels at 48 kHz using 32 bits per sample (channel mask 0x3)
[2019.03.20-13.35.10:066][  0]LogInit: FAudioDevice initialized.
[2019.03.20-13.35.10:066][  0]LogNetVersion: Set ProjectVersion to 1.0.0.0. Version Checksum will be recalculated on next use.
[2019.03.20-13.35.11:088][  0]LogDerivedDataCache: Saved boot cache 1.02s 71MB C:/Users/THéo/AppData/Local/UnrealEngine/4.20/DerivedDataCache/Boot.ddc.
[2019.03.20-13.35.11:088][  0]LogInit: Texture streaming: Enabled
[2019.03.20-13.35.11:166][  0]LogEngineSessionManager: EngineSessionManager initialized
[2019.03.20-13.35.11:231][  0]LogInit: Transaction tracking system initialized
[2019.03.20-13.35.11:319][  0]BlueprintLog: New page: Editor Load
[2019.03.20-13.35.11:472][  0]LocalizationService: Localization service is disabled
[2019.03.20-13.35.11:883][  0]LogCook: Display: Max memory allowance for cook 16384mb min free memory 0mb
[2019.03.20-13.35.11:883][  0]LogCook: Display: Mobile HDR setting 1
[2019.03.20-13.35.11:884][  0]LogGameplayTags: Display: UGameplayTagsManager::DoneAddingNativeTags. DelegateIsBound: 0
[2019.03.20-13.35.11:884][  0]LogStats: UGameplayTagsManager::ConstructGameplayTagTree: ImportINI prefixes -  0.000 s
[2019.03.20-13.35.11:884][  0]LogStats: UGameplayTagsManager::ConstructGameplayTagTree: Construct from data asset -  0.000 s
[2019.03.20-13.35.11:884][  0]LogStats: UGameplayTagsManager::ConstructGameplayTagTree: ImportINI -  0.000 s
[2019.03.20-13.35.11:884][  0]LogStats: UGameplayTagsManager::ConstructGameplayTagTree: GameplayTagTreeChangedEvent.Broadcast -  0.000 s
[2019.03.20-13.35.12:080][  0]LogFileCache: Scanning file cache for directory 'D:/Documents/e-artsup/B2/Jeu Neolithique/ProjectBarter/ProjectBarter/Content/' took 0.05s
[2019.03.20-13.35.12:080][  0]SourceControl: Source control is disabled
[2019.03.20-13.35.12:080][  0]Cmd: MAP LOAD FILE="D:/Documents/e-artsup/B2/Jeu Neolithique/ProjectBarter/ProjectBarter/Content/TopDownBP/Maps/TopDownExampleMap.umap" TEMPLATE=0 SHOWPROGRESS=1 FEATURELEVEL=3
[2019.03.20-13.35.12:080][  0]LightingResults: New page: Lighting Build
[2019.03.20-13.35.12:085][  0]MapCheck: New page: Map Check
[2019.03.20-13.35.12:085][  0]LightingResults: New page: Lighting Build
[2019.03.20-13.35.14:546][  0]LogAIModule: Creating AISystem for world TopDownExampleMap
[2019.03.20-13.35.14:611][  0]LogEditorServer: Finished looking for orphan Actors (0.000 secs)
[2019.03.20-13.35.14:648][  0]Cmd: MAP CHECKDEP NOCLEARLOG
[2019.03.20-13.35.14:765][  0]MapCheck: Map check complete: 0 Error(s), 0 Warning(s), took 116,975ms to complete.
[2019.03.20-13.35.14:765][  0]LogFileHelpers: Loading map 'TopDownExampleMap' took 2.686
[2019.03.20-13.35.14:926][  0]LogSlate: Updating window title bar state: overlay mode, drag disabled, window buttons hidden, title bar hidden
[2019.03.20-13.35.14:936][  0]LogSlate: Updating window title bar state: overlay mode, drag disabled, window buttons hidden, title bar hidden
[2019.03.20-13.35.14:944][  0]LogSlate: Updating window title bar state: overlay mode, drag disabled, window buttons hidden, title bar hidden
[2019.03.20-13.35.14:954][  0]LogSlate: Updating window title bar state: overlay mode, drag disabled, window buttons hidden, title bar hidden
[2019.03.20-13.35.14:972][  0]LogCollectionManager: Loaded 0 collections in 0.002210 seconds
[2019.03.20-13.35.15:045][  0]LogFileCache: Scanning file cache for directory 'D:/Documents/e-artsup/B2/Jeu Neolithique/ProjectBarter/ProjectBarter/Saved/Collections/' took 0.01s
[2019.03.20-13.35.15:045][  0]LogFileCache: Scanning file cache for directory 'D:/Documents/e-artsup/B2/Jeu Neolithique/ProjectBarter/ProjectBarter/Content/Developers/THéo/Collections/' took 0.01s
[2019.03.20-13.35.15:045][  0]LogFileCache: Scanning file cache for directory 'D:/Documents/e-artsup/B2/Jeu Neolithique/ProjectBarter/ProjectBarter/Content/Collections/' took 0.01s
[2019.03.20-13.35.15:045][  0]LogCollectionManager: Rebuilt the GUID cache for 0 collections in 0.000000 seconds
[2019.03.20-13.35.15:059][  0]LogContentBrowser: Native class hierarchy populated in 0.0113 seconds. Added 2572 classes and 603 folders.
[2019.03.20-13.35.15:082][  0]LogContentBrowser: Native class hierarchy updated for 'WidgetCarousel' in 0.0003 seconds. Added 0 classes and 0 folders.
[2019.03.20-13.35.15:253][  0]LogContentBrowser: Native class hierarchy updated for 'AddContentDialog' in 0.0002 seconds. Added 0 classes and 0 folders.
[2019.03.20-13.35.15:273][  0]LogContentBrowser: Native class hierarchy updated for 'SceneOutliner' in 0.0003 seconds. Added 1 classes and 2 folders.
[2019.03.20-13.35.15:477][  0]LogSlate: Took 0.002999 seconds to synchronously load lazily loaded font '../../../Engine/Content/Slate/Fonts/Roboto-Regular.ttf' (155K)
[2019.03.20-13.35.15:483][  0]LogSlate: Took 0.002519 seconds to synchronously load lazily loaded font '../../../Engine/Content/Slate/Fonts/Roboto-Bold.ttf' (160K)
[2019.03.20-13.35.15:494][  0]LogSlate: Took 0.001469 seconds to synchronously load lazily loaded font '../../../Engine/Content/Editor/Slate/Fonts/FontAwesome.ttf' (139K)
[2019.03.20-13.35.15:625][  0]LogRenderer: Reallocating scene render targets to support 844x476 Format 10 NumSamples 1 (Frame:1).
[2019.03.20-13.35.15:956][  0]LogContentBrowser: Native class hierarchy updated for 'HierarchicalLODOutliner' in 0.0003 seconds. Added 0 classes and 0 folders.
[2019.03.20-13.35.15:956][  0]LogLoad: (Engine Initialization) Total time: 16.59 seconds
[2019.03.20-13.35.15:956][  0]LogLoad: (Engine Initialization) Total Blueprint compile time: 0.00 seconds
[2019.03.20-13.35.15:983][  0]LogWindowsTextInputMethodSystem: Display: IME system now deactivated.
[2019.03.20-13.35.16:021][  0]LogContentStreaming: Texture pool size now 1000 MB
[2019.03.20-13.35.16:047][  0]LogSlate: Took 0.001411 seconds to synchronously load lazily loaded font '../../../Engine/Content/Slate/Fonts/Roboto-Light.ttf' (167K)
[2019.03.20-13.35.16:206][  1]LogAssetRegistry: Asset discovery search completed in 9.9463 seconds
[2019.03.20-13.35.16:209][  1]LogCollectionManager: Rebuilt the object cache for 0 collections in 0.000000 seconds (found 0 objects)
[2019.03.20-13.35.16:209][  1]LogCollectionManager: Fixed up redirectors for 0 collections in 0.000083 seconds (updated 0 objects)
[2019.03.20-13.35.16:997][ 40]LogSlate: Took 0.001030 seconds to synchronously load lazily loaded font '../../../Engine/Content/Slate/Fonts/Roboto-Light.ttf' (167K)
[2019.03.20-13.35.17:002][ 40]LogSlate: FSceneViewport::OnFocusLost() reason 2
[2019.03.20-13.35.17:009][ 40]LogAssetEditorManager: Opening Asset editor for Blueprint /Game/TopDownBP/Blueprints/TopDownController.TopDownController
[2019.03.20-13.35.17:565][ 40]LogContentBrowser: Native class hierarchy updated for 'BlueprintGraph' in 0.0006 seconds. Added 116 classes and 0 folders.
[2019.03.20-13.35.18:469][ 40]LogAssetEditorManager: Opening Asset editor for Blueprint /Game/TopDownBP/Blueprints/PickupItems/BP_PickupItem03.BP_PickupItem03
[2019.03.20-13.35.18:842][ 40]LogAssetEditorManager: Opening Asset editor for Blueprint /Game/TopDownBP/Blueprints/NPC/AI_Character.AI_Character
[2019.03.20-13.35.19:187][ 40]LogAssetEditorManager: Opening Asset editor for Blueprint /Game/TopDownBP/Blueprints/PickupItems/BP_PickupItem01.BP_PickupItem01
[2019.03.20-13.35.19:528][ 40]LogAssetEditorManager: Opening Asset editor for Blueprint /Game/TopDownBP/Blueprints/PickupItems/BP_PickupItemParent.BP_PickupItemParent
[2019.03.20-13.35.19:890][ 40]LogSlate: Took 0.002123 seconds to synchronously load lazily loaded font '../../../Engine/Content/Slate/Fonts/Roboto-BoldCondensed.ttf' (158K)
[2019.03.20-13.35.20:243][ 41]LogSlate: Took 0.001576 seconds to synchronously load lazily loaded font '../../../Engine/Content/Slate/Fonts/Roboto-Italic.ttf' (157K)
[2019.03.20-13.35.21:073][ 78]LogFileCache: Retrieving MD5 hashes for directory 'D:/Documents/e-artsup/B2/Jeu Neolithique/ProjectBarter/ProjectBarter/Content/' took 5.08s
[2019.03.20-13.35.22:616][141]LogActorComponent: UnregisterComponent: (/Engine/Transient.EditorFloorComp) Not registered. Aborting.
[2019.03.20-13.35.23:117][158]LogActorComponent: UnregisterComponent: (/Engine/Transient.EditorFloorComp) Not registered. Aborting.
[2019.03.20-13.35.23:487][173]LogSlate: Window 'BP_PickupItemParent' being destroyed
[2019.03.20-13.35.23:500][173]LogActorComponent: UnregisterComponent: (/Engine/Transient.EditorFloorComp) Not registered. Aborting.
[2019.03.20-13.36.20:801][544]AssetReimport: New page: Outstanding source content changes 15:36:20
[2019.03.20-13.36.20:805][544]LogFactory: FactoryCreateFile: FontFace with FontFileImportFactory (0 0 D:/Documents/e-artsup/B2/Jeu Neolithique/ProjectBarter/ProjectBarter/Content/Font/Brushcrazy DEMO.otf)
[2019.03.20-13.36.27:724][544]LogSlate: Window 'Font Face Import Options' being destroyed
[2019.03.20-13.36.27:770][545]LogSlate: Took 0.000317 seconds to synchronously load lazily loaded font '../../../Engine/Content/Slate/Fonts/Roboto-Light.ttf' (167K)
[2019.03.20-13.36.27:781][545]LogSlate: Took 0.000262 seconds to synchronously load lazily loaded font '../../../Engine/Content/Slate/Fonts/Roboto-Regular.ttf' (155K)
[2019.03.20-13.36.27:812][545]Cmd: OBJ SAVEPACKAGE PACKAGE="/Game/Font/Brushcrazy_DEMO" FILE="D:/Documents/e-artsup/B2/Jeu Neolithique/ProjectBarter/ProjectBarter/Content/Font/Brushcrazy_DEMO.uasset" SILENT=true
[2019.03.20-13.36.27:823][545]LogSavePackage: Moving 'D:/Documents/e-artsup/B2/Jeu Neolithique/ProjectBarter/ProjectBarter/Saved/Brushcrazy_DEMO609887ED424898739142148C4491C09B.tmp' to 'D:/Documents/e-artsup/B2/Jeu Neolithique/ProjectBarter/ProjectBarter/Content/Font/Brushcrazy_DEMO.uasset'
[2019.03.20-13.36.27:845][545]LogSlate: Took 0.000309 seconds to synchronously load lazily loaded font '../../../Engine/Content/Slate/Fonts/Roboto-Bold.ttf' (160K)
[2019.03.20-13.36.27:850][545]LogSlate: Took 0.000259 seconds to synchronously load lazily loaded font '../../../Engine/Content/Editor/Slate/Fonts/FontAwesome.ttf' (139K)
[2019.03.20-13.36.27:852][545]LogSlate: Took 0.000320 seconds to synchronously load lazily loaded font '../../../Engine/Content/Slate/Fonts/Roboto-Light.ttf' (167K)
[2019.03.20-13.36.30:835][719]AssetReimport: Importing new asset /Game/Font/Brushcrazy_DEMO.
[2019.03.20-13.36.38:662][184]LogAssetEditorManager: Opening Asset editor for WidgetBlueprint /Game/UMG/InventoryWidget.InventoryWidget
[2019.03.20-13.36.39:093][184]LogSlate: Took 0.000254 seconds to synchronously load lazily loaded font '../../../Engine/Content/Slate/Fonts/Roboto-BoldCondensed.ttf' (158K)
[2019.03.20-13.36.46:092][594]LogAssetEditorManager: Opening Asset editor for Font /Engine/EngineFonts/Roboto.Roboto
[2019.03.20-13.36.47:689][673]LogSlate: Window 'Roboto' being destroyed
[2019.03.20-13.36.47:699][673]LogSlate: Window 'Roboto' being destroyed
[2019.03.20-13.37.05:743][553]LogAssetEditorManager: Opening Asset editor for FontFace /Game/Font/Brushcrazy_DEMO.Brushcrazy_DEMO
[2019.03.20-13.37.13:550][  2]LogSlate: Window 'Brushcrazy_DEMO - Generic Asset Editor' being destroyed
[2019.03.20-13.39.17:125][641]LogSlate: Window 'Save Asset As' being destroyed
[2019.03.20-13.39.22:337][641]LogSlate: Window 'Message' being destroyed
[2019.03.20-13.39.25:016][722]LogSlate: Window 'Save Asset As' being destroyed
[2019.03.20-13.39.30:507][ 45]LogSlate: Warning: FSlateFontInfo property 'Font.FontObject' on object '/Engine/Transient.World_9:InventoryWidget_C_1.WidgetTree_0.Inventory_Text' was set to use a null UFont. Slate will be forced to use the fallback font path which may be slower.
[2019.03.20-13.39.30:537][ 45]LogSlate: Took 0.021145 seconds to synchronously load lazily loaded font '../../../Engine/Content/SlateDebug/Fonts/LastResort.ttf' (5269K)
[2019.03.20-13.39.32:949][189]LogEditorTransaction: Undo Edit Typeface
[2019.03.20-13.39.33:920][241]Cmd: TRANSACTION UNDO
[2019.03.20-13.39.33:920][241]LogEditorTransaction: Undo Edit Font Family
[2019.03.20-13.39.49:409][161]LogSlate: Took 0.000300 seconds to synchronously load lazily loaded font '../../../Engine/Content/Slate/Fonts/Roboto-Italic.ttf' (157K)
[2019.03.20-13.40.29:571][560]LogAssetEditorManager: Opening Asset editor for Font /Engine/EngineFonts/RobotoDistanceField.RobotoDistanceField
[2019.03.20-13.40.53:333][ 50]LogSlate: Took 0.000358 seconds to synchronously load lazily loaded font '../../../Engine/Content/Slate/Fonts/Roboto-Regular.ttf' (155K)
[2019.03.20-13.40.53:336][ 50]LogSlate: Took 0.000244 seconds to synchronously load lazily loaded font '../../../Engine/Content/Slate/Fonts/Roboto-Bold.ttf' (160K)
[2019.03.20-13.40.53:337][ 50]LogSlate: Took 0.000175 seconds to synchronously load lazily loaded font '../../../Engine/Content/Editor/Slate/Fonts/FontAwesome.ttf' (139K)
[2019.03.20-13.40.56:958][128]LogSlate: Took 0.000248 seconds to synchronously load lazily loaded font '../../../Engine/Content/Slate/Fonts/Roboto-Regular.ttf' (155K)
[2019.03.20-13.40.56:960][128]LogSlate: Took 0.000202 seconds to synchronously load lazily loaded font '../../../Engine/Content/Slate/Fonts/Roboto-Bold.ttf' (160K)
[2019.03.20-13.40.56:961][128]LogSlate: Took 0.000167 seconds to synchronously load lazily loaded font '../../../Engine/Content/Editor/Slate/Fonts/FontAwesome.ttf' (139K)
[2019.03.20-13.41.40:245][716]LogSlate: Took 0.000340 seconds to synchronously load lazily loaded font '../../../Engine/Content/Slate/Fonts/Roboto-Light.ttf' (167K)
[2019.03.20-13.41.40:263][718]Debuggg: 
[2019.03.20-13.41.42:910][718]LogWindows: Windows GetLastError: L’opération a réussi. (0)
[2019.03.20-13.41.42:911][718]LogWindows: Error: === Critical error: ===
[2019.03.20-13.41.42:911][718]LogWindows: Error: 
[2019.03.20-13.41.42:911][718]LogWindows: Error: Fatal error: [File:D:\Build\++UE4\Sync\Engine\Source\Runtime\RenderCore\Private\RenderingThread.cpp] [Line: 826] 
[2019.03.20-13.41.42:911][718]LogWindows: Error: Rendering thread exception:
[2019.03.20-13.41.42:911][718]LogWindows: Error: Fatal error!
[2019.03.20-13.41.42:911][718]LogWindows: Error: 
[2019.03.20-13.41.42:911][718]LogWindows: Error: Unhandled Exception: EXCEPTION_ACCESS_VIOLATION reading address 0x00000018
[2019.03.20-13.41.42:911][718]LogWindows: Error: 
[2019.03.20-13.41.42:911][718]LogWindows: Error: [Callstack] 0x00007ffd2c520a94 UE4Editor-D3D11RHI.dll!UnknownFunction []
[2019.03.20-13.41.42:911][718]LogWindows: Error: [Callstack] 0x00007ffcf515c848 UE4Editor-Engine.dll!UnknownFunction []
[2019.03.20-13.41.42:911][718]LogWindows: Error: [Callstack] 0x00007ffcf515c4a0 UE4Editor-Engine.dll!UnknownFunction []
[2019.03.20-13.41.42:911][718]LogWindows: Error: [Callstack] 0x00007ffcf454ce68 UE4Editor-Engine.dll!UnknownFunction []
[2019.03.20-13.41.42:911][718]LogWindows: Error: [Callstack] 0x00007ffcf451fb3b UE4Editor-Engine.dll!UnknownFunction []
[2019.03.20-13.41.42:911][718]LogWindows: Error: [Callstack] 0x00007ffcf551e2b9 UE4Editor-Engine.dll!UnknownFunction []
[2019.03.20-13.41.42:911][718]LogWindows: Error: [Callstack] 0x00007ffcf54f278c UE4Editor-Engine.dll!UnknownFunction []
[2019.03.20-13.41.42:911][718]LogWindows: Error: [Callstack] 0x00007ffcf52341ab UE4Editor-Engine.dll!UnknownFunction []
[2019.03.20-13.41.42:911][718]LogWindows: Error: [Callstack] 0x00007ffd27ca87b3 UE4Editor-SlateRHIRenderer.dll!UnknownFunction []
[2019.03.20-13.41.42:911][718]LogWindows: Error: [Callstack] 0x00007ffd27cb05e0 UE4Editor-SlateRHIRenderer.dll!UnknownFunction []
[2019.03.20-13.41.42:911][718]LogWindows: Error: [Callstack] 0x00007ffd27cb7d0a UE4Editor-SlateRHIRenderer.dll!UnknownFunction []
[2019.03.20-13.41.42:911][718]LogWindows: Error: [Callstack] 0x00007ffd05c91f92 UE4Editor-Core.dll!UnknownFunction []
[2019.03.20-13.41.42:911][718]LogWindows: Error: [Callstack] 0x00007ffd05c92456 UE4Editor-Core.dll!UnknownFunction []
[2019.03.20-13.41.42:911][718]LogWindows: Error: [Callstack] 0x00007ffd26cc75f9 UE4Editor-RenderCore.dll!UnknownFunction []
[2019.03.20-13.41.42:911][718]LogWindows: Error: [Callstack] 0x00007ffd26cc8574 UE4Editor-RenderCore.dll!UnknownFunction []
[2019.03.20-13.41.42:911][718]LogWindows: Error: [Callstack] 0x00007ffd060d6b7c UE4Editor-Core.dll!UnknownFunction []
[2019.03.20-13.41.42:911][718]LogWindows: Error: [Callstack] 0x00007ffd060d17c7 UE4Editor-Core.dll!UnknownFunction []
[2019.03.20-13.41.42:912][718]LogWindows: Error: [Callstack] 0x00007ffd55b33dc4 KERNEL32.DLL!UnknownFunction []
[2019.03.20-13.41.42:912][718]LogWindows: Error: [Callstack] 0x00007ffd576a3691 ntdll.dll!UnknownFunction []
[2019.03.20-13.41.42:912][718]LogWindows: Error: 
[2019.03.20-13.41.42:912][718]LogWindows: Error: 
[2019.03.20-13.41.42:912][718]LogWindows: Error: 
[2019.03.20-13.41.42:912][718]LogWindows: Error: 
[2019.03.20-13.41.42:930][718]LogExit: Executing StaticShutdownAfterError
[2019.03.20-13.41.42:962][718]LogWindows: FPlatformMisc::RequestExit(1)
[2019.03.20-13.41.42:966][718]Log file closed, 03/20/19 14:41:42
