Log file open, 03/18/19 12:47:52
LogWindows: Failed to load 'aqProf.dll' (GetLastError=126)
LogWindows: File 'aqProf.dll' does not exist
LogWindows: Failed to load 'VSPerf140.dll' (GetLastError=126)
LogWindows: File 'VSPerf140.dll' does not exist
LogWindows: Failed to load 'VtuneApi.dll' (GetLastError=126)
LogWindows: File 'VtuneApi.dll' does not exist
LogWindows: Failed to load 'VtuneApi32e.dll' (GetLastError=126)
LogWindows: File 'VtuneApi32e.dll' does not exist
LogInit: Display: Running engine for game: ProjectBarter
LogPlatformFile: Not using cached read wrapper
LogTaskGraph: Started task graph with 5 named threads and 23 total threads with 3 sets of task threads.
LogStats: Stats thread started at 5.446284
LogD3D11RHI: Loaded GFSDK_Aftermath_Lib.x64.dll
LogICUInternationalization: Display: ICU TimeZone Detection - Raw Offset: +1:00, Platform Override: ''
LogPluginManager: Mounting plugin Paper2D
LogPluginManager: Mounting plugin AISupport
LogPluginManager: Mounting plugin LightPropagationVolume
LogPluginManager: Mounting plugin CLionSourceCodeAccess
LogPluginManager: Mounting plugin CodeLiteSourceCodeAccess
LogPluginManager: Mounting plugin GitSourceControl
LogPluginManager: Mounting plugin KDevelopSourceCodeAccess
LogPluginManager: Mounting plugin NullSourceCodeAccess
LogPluginManager: Mounting plugin PerforceSourceControl
LogPluginManager: Mounting plugin SubversionSourceControl
LogPluginManager: Mounting plugin UObjectPlugin
LogPluginManager: Mounting plugin VisualStudioCodeSourceCodeAccess
LogPluginManager: Mounting plugin VisualStudioSourceCodeAccess
LogPluginManager: Mounting plugin XCodeSourceCodeAccess
LogPluginManager: Mounting plugin AssetManagerEditor
LogPluginManager: Mounting plugin CryptoKeys
LogPluginManager: Mounting plugin DataValidation
LogPluginManager: Mounting plugin FacialAnimation
LogPluginManager: Mounting plugin GameplayTagsEditor
LogPluginManager: Mounting plugin MacGraphicsSwitching
LogPluginManager: Mounting plugin MeshEditor
LogPluginManager: Mounting plugin MobileLauncherProfileWizard
LogPluginManager: Mounting plugin PluginBrowser
LogPluginManager: Mounting plugin SpeedTreeImporter
LogPluginManager: Mounting plugin DatasmithContent
LogPluginManager: Mounting plugin AlembicImporter
LogPluginManager: Mounting plugin AppleImageUtils
LogPluginManager: Mounting plugin AppleVision
LogPluginManager: Mounting plugin BackChannel
LogPluginManager: Mounting plugin CharacterAI
LogPluginManager: Mounting plugin GeometryCache
LogPluginManager: Mounting plugin HTML5Networking
LogPluginManager: Mounting plugin ProxyLODPlugin
LogPluginManager: Mounting plugin MagicLeap
LogPluginManager: Mounting plugin MagicLeapEmulator
LogPluginManager: Mounting plugin MagicLeapMedia
LogPluginManager: Mounting plugin AndroidMedia
LogPluginManager: Mounting plugin AvfMedia
LogPluginManager: Mounting plugin ImgMedia
LogPluginManager: Mounting plugin LinearTimecode
LogPluginManager: Mounting plugin MediaCompositing
LogPluginManager: Mounting plugin MediaPlayerEditor
LogPluginManager: Mounting plugin WmfMedia
LogPluginManager: Mounting plugin TcpMessaging
LogPluginManager: Mounting plugin UdpMessaging
LogPluginManager: Mounting plugin ActorSequence
LogPluginManager: Mounting plugin LevelSequenceEditor
LogPluginManager: Mounting plugin MatineeToLevelSequence
LogPluginManager: Mounting plugin NetcodeUnitTest
LogPluginManager: Mounting plugin NUTUnrealEngine4
LogPluginManager: Mounting plugin OnlineSubsystemGooglePlay
LogPluginManager: Mounting plugin OnlineSubsystemIOS
LogPluginManager: Mounting plugin OnlineSubsystem
LogPluginManager: Mounting plugin OnlineSubsystemNull
LogPluginManager: Mounting plugin OnlineSubsystemUtils
LogPluginManager: Mounting plugin LauncherChunkInstaller
LogPluginManager: Mounting plugin AndroidDeviceProfileSelector
LogPluginManager: Mounting plugin AndroidMoviePlayer
LogPluginManager: Mounting plugin AndroidPermission
LogPluginManager: Mounting plugin AppleMoviePlayer
LogPluginManager: Mounting plugin ArchVisCharacter
LogPluginManager: Mounting plugin AudioCapture
LogPluginManager: Mounting plugin CableComponent
LogPluginManager: Mounting plugin CustomMeshComponent
LogPluginManager: Mounting plugin EditableMesh
LogPluginManager: Mounting plugin ExampleDeviceProfileSelector
LogPluginManager: Mounting plugin GoogleCloudMessaging
LogPluginManager: Mounting plugin ImmediatePhysics
LogPluginManager: Mounting plugin IOSDeviceProfileSelector
LogPluginManager: Mounting plugin LinuxDeviceProfileSelector
LogPluginManager: Mounting plugin LocationServicesBPLibrary
LogPluginManager: Mounting plugin MobilePatchingUtils
LogPluginManager: Mounting plugin OculusVR
LogPluginManager: Plugin shader directory ../../../Engine/Plugins/Runtime/Oculus/OculusVR/Shaders found
LogPluginManager: Mapping shader source directory ../../../Engine/Plugins/Runtime/Oculus/OculusVR/Shaders to virtual directory /Plugin/OculusVR
LogPluginManager: Mounting plugin PhysXVehicles
LogPluginManager: Mounting plugin ProceduralMeshComponent
LogPluginManager: Mounting plugin RuntimePhysXCooking
LogPluginManager: Mounting plugin SteamVR
LogPluginManager: Mounting plugin WindowsMoviePlayer
LogStreaming: Display: Took  0.517s to configure plugins.
LogInit: Using libcurl 7.55.1-DEV
LogInit:  - built for x86_64-pc-win32
LogInit:  - supports SSL with OpenSSL/1.0.2h
LogInit:  - supports HTTP deflate (compression) using libz 1.2.8
LogInit:  - other features:
LogInit:      CURL_VERSION_SSL
LogInit:      CURL_VERSION_LIBZ
LogInit:      CURL_VERSION_IPV6
LogInit:      CURL_VERSION_ASYNCHDNS
LogInit:      CURL_VERSION_LARGEFILE
LogInit:      CURL_VERSION_IDN
LogInit:  CurlRequestOptions (configurable via config and command line):
LogInit:  - bVerifyPeer = false  - Libcurl will NOT verify peer certificate
LogInit:  - bUseHttpProxy = false  - Libcurl will NOT use HTTP proxy
LogInit:  - bDontReuseConnections = false  - Libcurl will reuse connections
LogInit:  - CertBundlePath = nullptr  - Libcurl will use whatever was configured at build time.
LogInit:  - MaxHostConnections = 16  - Libcurl will limit the number of connections to a host
LogInit:  - LocalHostAddr = Default
LogInit:  - BufferSize = 65536
LogInit: WinSock: version 1.1 (2.2), MaxSocks=32767, MaxUdp=65467
LogInit: Build: ++UE4+Release-4.20-CL-4369336
LogInit: Engine Version: 4.20.3-4369336+++UE4+Release-4.20
LogInit: Compatible Engine Version: 4.20.0-4212847+++UE4+Release-4.20
LogInit: Net CL: 4212847
LogInit: OS: Windows 7 (Service Pack 1), CPU: Intel(R) Core(TM) i7-4710HQ CPU @ 2.50GHz, GPU: Intel(R) HD Graphics 4600
LogInit: Compiled (64-bit): Sep 17 2018 12:26:19
LogInit: Compiled with Visual C++: 19.13.26129.00
LogInit: Build Configuration: Development
LogInit: Branch Name: ++UE4+Release-4.20
LogInit: Command Line:  
LogInit: Base Directory: D:/Program Files (x86)/ue/UE_4.20/Engine/Binaries/Win64/
LogInit: Installed Engine Build: 1
LogDevObjectVersion: Number of dev versions registered: 20
LogDevObjectVersion:   Dev-Blueprints (B0D832E4-1F89-4F0D-ACCF-7EB736FD4AA2): 10
LogDevObjectVersion:   Dev-Build (E1C64328-A22C-4D53-A36C-8E866417BD8C): 0
LogDevObjectVersion:   Dev-Core (375EC13C-06E4-48FB-B500-84F0262A717E): 2
LogDevObjectVersion:   Dev-Editor (E4B068ED-F494-42E9-A231-DA0B2E46BB41): 24
LogDevObjectVersion:   Dev-Framework (CFFC743F-43B0-4480-9391-14DF171D2073): 34
LogDevObjectVersion:   Dev-Mobile (B02B49B5-BB20-44E9-A304-32B752E40360): 2
LogDevObjectVersion:   Dev-Networking (A4E4105C-59A1-49B5-A7C5-40C4547EDFEE): 0
LogDevObjectVersion:   Dev-Online (39C831C9-5AE6-47DC-9A44-9C173E1C8E7C): 0
LogDevObjectVersion:   Dev-Physics (78F01B33-EBEA-4F98-B9B4-84EACCB95AA2): 0
LogDevObjectVersion:   Dev-Platform (6631380F-2D4D-43E0-8009-CF276956A95A): 0
LogDevObjectVersion:   Dev-Rendering (12F88B9F-8875-4AFC-A67C-D90C383ABD29): 26
LogDevObjectVersion:   Dev-Sequencer (7B5AE74C-D270-4C10-A958-57980B212A5A): 9
LogDevObjectVersion:   Dev-VR (D7296918-1DD6-4BDD-9DE2-64A83CC13884): 2
LogDevObjectVersion:   Dev-LoadTimes (C2A15278-BFE7-4AFE-6C17-90FF531DF755): 1
LogDevObjectVersion:   Private-Geometry (6EACA3D4-40EC-4CC1-B786-8BED09428FC5): 3
LogDevObjectVersion:   Dev-AnimPhys (29E575DD-E0A3-4627-9D10-D276232CDCEA): 17
LogDevObjectVersion:   Dev-ReflectionCapture (6B266CEC-1EC7-4B8F-A30B-E4D90942FC07): 1
LogDevObjectVersion:   Dev-Automation (0DF73D61-A23F-47EA-B727-89E90C41499A): 1
LogDevObjectVersion:   FortniteMain (601D1886-AC64-4F84-AA16-D3DE0DEAC7D6): 12
LogDevObjectVersion:   Dev-Enterprise (9DFFBCD6-494F-0158-E221-12823C92A888): 1
LogStreaming: Display: Took  0.031s to delete old logs.
LogInit: Presizing for max 8388607 objects, including 0 objects not considered by GC, pre-allocating 0 bytes for permanent pool.
LogInit: Object subsystem initialized
[2019.03.18-11.47.55:976][  0]LogInit: Selected Device Profile: [Windows]
[2019.03.18-11.47.55:976][  0]LogInit: Applying CVar settings loaded from the selected device profile: [Windows]
[2019.03.18-11.47.56:040][  0]LogHAL: Display: Platform has ~ 16 GB [17059704832 / 17179869184 / 16], which maps to Larger [LargestMinGB=32, LargerMinGB=12, DefaultMinGB=8, SmallerMinGB=6, SmallestMinGB=0)
[2019.03.18-11.47.56:047][  0]LogInit: Setting Device Profile CVar: [[r.Vulkan.UseRealUBs:1]]
[2019.03.18-11.47.56:056][  0]LogInit: Going up to parent DeviceProfile []
[2019.03.18-11.47.56:116][  0]LogInit: Computer: DAVO-PC
[2019.03.18-11.47.56:116][  0]LogInit: User: Davo
[2019.03.18-11.47.56:116][  0]LogInit: CPU Page size=4096, Cores=4
[2019.03.18-11.47.56:116][  0]LogInit: High frequency timer resolution =2.440312 MHz
[2019.03.18-11.47.56:116][  0]LogMemory: Memory total: Physical=15.9GB (16GB approx)
[2019.03.18-11.47.56:116][  0]LogMemory: Platform Memory Stats for Windows
[2019.03.18-11.47.56:116][  0]LogMemory: Process Physical Memory: 105.66 MB used, 105.66 MB peak
[2019.03.18-11.47.56:116][  0]LogMemory: Process Virtual Memory: 97.78 MB used, 97.78 MB peak
[2019.03.18-11.47.56:116][  0]LogMemory: Physical Memory: 4775.93 MB used,  11493.47 MB free, 16269.40 MB total
[2019.03.18-11.47.56:116][  0]LogMemory: Virtual Memory: 504.61 MB used,  11493.47 MB free, 8388608.00 MB total
[2019.03.18-11.47.57:029][  0]LogInit: Using OS detected language (fr-FR).
[2019.03.18-11.47.57:029][  0]LogInit: Using OS detected locale (fr-FR).
[2019.03.18-11.47.57:090][  0]LogTextLocalizationManager: No specific localization for 'fr-FR' exists, so the 'fr' localization will be used.
[2019.03.18-11.47.57:276][  0]LogStreaming: Display: Took  0.229s to InitEngineTextLocalization.
[2019.03.18-11.47.57:288][  0]LogWindows: Failed to load 'shcore.dll' (GetLastError=126)
[2019.03.18-11.47.57:288][  0]LogWindows: File 'shcore.dll' does not exist
[2019.03.18-11.47.57:288][  0]LogInit: Setting process to DPI aware
[2019.03.18-11.47.58:553][  0]LogSlate: New Slate User Created.  User Index 0, Is Virtual User: 0
[2019.03.18-11.47.58:553][  0]LogSlate: Slate User Registered.  User Index 0, Is Virtual User: 0
[2019.03.18-11.48.00:590][  0]LogHMD: Failed to initialize OpenVR with code 110
[2019.03.18-11.48.00:590][  0]LogD3D11RHI: D3D11 adapters:
[2019.03.18-11.48.00:764][  0]LogD3D11RHI:    0. 'NVIDIA GeForce GTX 970M' (Feature Level 11_0)
[2019.03.18-11.48.00:764][  0]LogD3D11RHI:       2983/0/7878 MB DedicatedVideo/DedicatedSystem/SharedSystem, Outputs:1, VendorId:0x10de
[2019.03.18-11.48.00:803][  0]LogD3D11RHI:    1. 'NVIDIA GeForce GTX 970M' (Feature Level 11_0)
[2019.03.18-11.48.00:804][  0]LogD3D11RHI:       2983/0/7878 MB DedicatedVideo/DedicatedSystem/SharedSystem, Outputs:0, VendorId:0x10de
[2019.03.18-11.48.00:804][  0]LogD3D11RHI: Chosen D3D11 Adapter: 0
[2019.03.18-11.48.00:828][  0]LogD3D11RHI: Creating new Direct3DDevice
[2019.03.18-11.48.00:829][  0]LogD3D11RHI:     GPU DeviceId: 0x13d8 (for the marketing name, search the web for "GPU Device Id")
[2019.03.18-11.48.00:829][  0]LogWindows: EnumDisplayDevices:
[2019.03.18-11.48.00:829][  0]LogWindows:    0. 'Intel(R) HD Graphics 4600' (P:1 D:1)
[2019.03.18-11.48.00:830][  0]LogWindows:    1. 'Intel(R) HD Graphics 4600' (P:0 D:0)
[2019.03.18-11.48.00:830][  0]LogWindows:    2. 'Intel(R) HD Graphics 4600' (P:0 D:0)
[2019.03.18-11.48.00:830][  0]LogWindows:    3. 'NVIDIA GeForce GTX 970M' (P:0 D:0)
[2019.03.18-11.48.00:831][  0]LogWindows:    4. 'RDPDD Chained DD' (P:0 D:0)
[2019.03.18-11.48.00:831][  0]LogWindows:    5. 'RDP Encoder Mirror Driver' (P:0 D:0)
[2019.03.18-11.48.00:831][  0]LogWindows:    6. 'RDP Reflector Display Driver' (P:0 D:0)
[2019.03.18-11.48.00:832][  0]LogWindows: DebugString: PrimaryIsNotTheChoosenAdapter PrimaryIsNotTheChoosenAdapter PrimaryIsNotTheChoosenAdapter GetVideoDriverDetailsInvalid PrimaryIsNotTheChoosenAdapter GetVideoDriverDetailsInvalid PrimaryIsNotTheChoosenAdapter GetVideoDriverDetailsInvalid PrimaryIsNotTheChoosenAdapter 
[2019.03.18-11.48.00:832][  0]LogD3D11RHI:     Adapter Name: NVIDIA GeForce GTX 970M
[2019.03.18-11.48.00:832][  0]LogD3D11RHI:   Driver Version: 416.94 (internal:25.21.14.1694, unified:416.94)
[2019.03.18-11.48.00:832][  0]LogD3D11RHI:      Driver Date: 11-12-2018
[2019.03.18-11.48.00:832][  0]LogRHI: Texture pool is 2088 MB (70% of 2983 MB)
[2019.03.18-11.48.00:885][  0]LogD3D11RHI: Async texture creation enabled
[2019.03.18-11.48.01:168][  0]LogD3D11RHI: GPU Timing Frequency: 1000.000000 (Debug: 2 2)
[2019.03.18-11.48.01:236][  0]LogShaderCompilers: Guid format shader working directory is -7 characters bigger than the processId version (../../../../../ProjetNeo/ProjectBarter/ProjectBarter/Intermediate/Shaders/WorkingDirectory/6296/).
[2019.03.18-11.48.01:236][  0]LogShaderCompilers: Cleaned the shader compiler working directory 'C:/Users/Davo/AppData/Local/Temp/UnrealShaderWorkingDir/74FACBFD49490B96564DA8973B77DA11/'.
[2019.03.18-11.48.02:363][  0]LogTemp: Display: Loaded TP AllDesktopTargetPlatform
[2019.03.18-11.48.02:417][  0]LogTemp: Display: Loaded TP MacClientTargetPlatform
[2019.03.18-11.48.02:444][  0]LogTemp: Display: Loaded TP MacNoEditorTargetPlatform
[2019.03.18-11.48.02:467][  0]LogTemp: Display: Loaded TP MacServerTargetPlatform
[2019.03.18-11.48.02:532][  0]LogTemp: Display: Loaded TP MacTargetPlatform
[2019.03.18-11.48.02:583][  0]LogTemp: Display: Loaded TP WindowsClientTargetPlatform
[2019.03.18-11.48.02:615][  0]LogTemp: Display: Loaded TP WindowsNoEditorTargetPlatform
[2019.03.18-11.48.02:668][  0]LogTemp: Display: Loaded TP WindowsServerTargetPlatform
[2019.03.18-11.48.02:680][  0]LogTemp: Display: Loaded TP WindowsTargetPlatform
[2019.03.18-11.48.02:804][  0]LogTemp: Display: Loaded TP AndroidTargetPlatform
[2019.03.18-11.48.02:804][  0]LogTemp: Display: Loaded TP AndroidTargetPlatform
[2019.03.18-11.48.02:804][  0]LogTemp: Display: Loaded TP AndroidTargetPlatform
[2019.03.18-11.48.02:804][  0]LogTemp: Display: Loaded TP AndroidTargetPlatform
[2019.03.18-11.48.02:804][  0]LogTemp: Display: Loaded TP AndroidTargetPlatform
[2019.03.18-11.48.02:804][  0]LogTemp: Display: Loaded TP AndroidTargetPlatform
[2019.03.18-11.48.02:804][  0]LogTemp: Display: Loaded TP AndroidTargetPlatform
[2019.03.18-11.48.02:804][  0]LogTemp: Display: Loaded TP AndroidTargetPlatform
[2019.03.18-11.48.02:804][  0]LogTemp: Display: Loaded TP AndroidTargetPlatform
[2019.03.18-11.48.02:804][  0]LogTemp: Display: Loaded TP AndroidTargetPlatform
[2019.03.18-11.48.02:804][  0]LogTemp: Display: Loaded TP AndroidTargetPlatform
[2019.03.18-11.48.02:804][  0]LogTemp: Display: Loaded TP AndroidTargetPlatform
[2019.03.18-11.48.02:804][  0]LogTemp: Display: Loaded TP AndroidTargetPlatform
[2019.03.18-11.48.02:804][  0]LogTemp: Display: Loaded TP AndroidTargetPlatform
[2019.03.18-11.48.02:804][  0]LogTemp: Display: Loaded TP AndroidTargetPlatform
[2019.03.18-11.48.02:804][  0]LogTemp: Display: Loaded TP AndroidTargetPlatform
[2019.03.18-11.48.02:804][  0]LogTemp: Display: Loaded TP AndroidTargetPlatform
[2019.03.18-11.48.02:804][  0]LogTemp: Display: Loaded TP AndroidTargetPlatform
[2019.03.18-11.48.02:823][  0]LogTemp: Display: Loaded TP HTML5TargetPlatform
[2019.03.18-11.48.02:979][  0]LogTemp: Display: Loaded TP IOSTargetPlatform
[2019.03.18-11.48.02:979][  0]LogTemp: Display: Loaded TP IOSTargetPlatform
[2019.03.18-11.48.03:025][  0]LogTemp: Display: Loaded TP TVOSTargetPlatform
[2019.03.18-11.48.03:025][  0]LogTemp: Display: Loaded TP TVOSTargetPlatform
[2019.03.18-11.48.03:061][  0]LogTemp: Display: Loaded TP LinuxClientTargetPlatform
[2019.03.18-11.48.03:085][  0]LogTemp: Display: Loaded TP LinuxNoEditorTargetPlatform
[2019.03.18-11.48.03:120][  0]LogTemp: Display: Loaded TP LinuxServerTargetPlatform
[2019.03.18-11.48.03:169][  0]LogTemp: Display: Loaded TP LinuxTargetPlatform
[2019.03.18-11.48.03:210][  0]LogTemp: Display: Loaded TP LuminTargetPlatform
[2019.03.18-11.48.03:210][  0]LogTargetPlatformManager: Display: Building Assets For Windows
[2019.03.18-11.48.04:148][  0]LogXGEController: Cleaning working directory: C:/Users/Davo/AppData/Local/Temp/UnrealXGEWorkingDir/
[2019.03.18-11.48.04:149][  0]LogXGEController: Cannot use XGE Controller as Incredibuild is not installed on this machine.
[2019.03.18-11.48.04:149][  0]LogShaderCompilers: Cannot use XGE Shader Compiler as Incredibuild is not installed on this machine.
[2019.03.18-11.48.04:149][  0]LogShaderCompilers: Display: Using Local Shader Compiler.
[2019.03.18-11.48.07:047][  0]LogDerivedDataCache: Display: Max Cache Size: 512 MB
[2019.03.18-11.48.07:275][  0]LogDerivedDataCache: Loaded boot cache 0.23s 71MB C:/Users/Davo/AppData/Local/UnrealEngine/4.20/DerivedDataCache/Boot.ddc.
[2019.03.18-11.48.07:276][  0]LogDerivedDataCache: Display: Loaded Boot cache: C:/Users/Davo/AppData/Local/UnrealEngine/4.20/DerivedDataCache/Boot.ddc
[2019.03.18-11.48.07:276][  0]LogDerivedDataCache: FDerivedDataBackendGraph:  Pak pak cache file ../../../../../ProjetNeo/ProjectBarter/ProjectBarter/DerivedDataCache/DDC.ddp not found, will not use a pak cache.
[2019.03.18-11.48.07:276][  0]LogDerivedDataCache: Unable to find inner node Pak for hierarchical cache Hierarchy.
[2019.03.18-11.48.07:276][  0]LogDerivedDataCache: FDerivedDataBackendGraph:  CompressedPak pak cache file ../../../../../ProjetNeo/ProjectBarter/ProjectBarter/DerivedDataCache/Compressed.ddp not found, will not use a pak cache.
[2019.03.18-11.48.07:276][  0]LogDerivedDataCache: Unable to find inner node CompressedPak for hierarchical cache Hierarchy.
[2019.03.18-11.48.07:412][  0]LogDerivedDataCache: Display: Pak cache opened for reading ../../../Engine/DerivedDataCache/Compressed.ddp.
[2019.03.18-11.48.07:428][  0]LogDerivedDataCache: Using Local data cache path C:/Users/Davo/AppData/Local/UnrealEngine/Common/DerivedDataCache: Writable
[2019.03.18-11.48.07:428][  0]LogDerivedDataCache: Shared data cache path not found in *engine.ini, will not use an Shared cache.
[2019.03.18-11.48.07:428][  0]LogDerivedDataCache: Unable to find inner node Shared for hierarchical cache Hierarchy.
[2019.03.18-11.48.07:484][  0]LogMaterial: Verifying Global Shaders for PCD3D_SM5
[2019.03.18-11.48.07:546][  0]LogSlate: Using FreeType 2.6.0
[2019.03.18-11.48.07:678][  0]LogSlate: SlateFontServices - WITH_FREETYPE: 1, WITH_HARFBUZZ: 1
[2019.03.18-11.48.10:206][  0]LogAssetRegistry: FAssetRegistry took 0.0269 seconds to start up
[2019.03.18-11.48.14:681][  0]LogInit: Selected Device Profile: [Windows]
[2019.03.18-11.48.19:308][  0]LogSimplygon: Simplygon DLL not present - disabling.
[2019.03.18-11.48.19:660][  0]LogMeshReduction: Using SimplygonSwarm for distributed automatic mesh merging
[2019.03.18-11.48.19:672][  0]LogMeshReduction: Using ProxyLODMeshReduction for automatic mesh merging
[2019.03.18-11.48.19:694][  0]LogMeshReduction: Using QuadricMeshReduction for automatic static mesh reduction
[2019.03.18-11.48.19:694][  0]LogMeshReduction: No automatic skeletal mesh reduction module available
[2019.03.18-11.48.20:732][  0]LogNetVersion: ProjectBarter 1.0.0, NetCL: 4212847, EngineNetVer: 5, GameNetVer: 0 (Checksum: 2697442201)
[2019.03.18-11.48.31:676][  0]LogPackageLocalizationCache: Processed 11 localized package path(s) for 2 prioritized culture(s) in 0.279716 seconds
[2019.03.18-11.48.31:759][  0]LogUObjectArray: 38425 objects as part of root set at end of initial load.
[2019.03.18-11.48.31:759][  0]LogUObjectAllocator: 6690864 out of 0 bytes used by permanent object pool.
[2019.03.18-11.48.31:759][  0]LogUObjectArray: CloseDisregardForGC: 0/0 objects in disregard for GC pool
[2019.03.18-11.49.19:204][  0]LogTcpMessaging: Initializing TcpMessaging bridge
[2019.03.18-11.49.19:230][  0]LogUdpMessaging: Initializing bridge on interface 0.0.0.0:0 to multicast group 230.0.0.1:6666.
[2019.03.18-11.49.20:339][  0]SourceControl: Source control is disabled
[2019.03.18-11.49.20:339][  0]SourceControl: Source control is disabled
[2019.03.18-11.49.20:435][  0]SourceControl: Source control is disabled
[2019.03.18-11.49.20:453][  0]SourceControl: Source control is disabled
[2019.03.18-11.49.21:995][  0]LogAndroidPermission: UAndroidPermissionCallbackProxy::GetInstance
[2019.03.18-11.49.22:196][  0]LogOcInput: OculusInput pre-init called
[2019.03.18-11.49.22:835][  0]LogEngine: Initializing Engine...
[2019.03.18-11.49.22:869][  0]LogHMD: Failed to initialize OpenVR with code 110
[2019.03.18-11.49.22:918][  0]LogStats: UGameplayTagsManager::ConstructGameplayTagTree: ImportINI prefixes -  0.008 s
[2019.03.18-11.49.22:918][  0]LogStats: UGameplayTagsManager::ConstructGameplayTagTree: Construct from data asset -  0.000 s
[2019.03.18-11.49.22:918][  0]LogStats: UGameplayTagsManager::ConstructGameplayTagTree: ImportINI -  0.000 s
[2019.03.18-11.49.22:920][  0]LogStats: UGameplayTagsManager::ConstructGameplayTagTree: GameplayTagTreeChangedEvent.Broadcast -  0.002 s
[2019.03.18-11.49.23:411][  0]LogInit: Initializing FReadOnlyCVARCache
[2019.03.18-11.49.23:810][  0]LogAIModule: Creating AISystem for world Untitled
[2019.03.18-11.49.23:982][  0]LogInit: XAudio2 using 'Haut-parleurs (Sound Blaster Recon3Di)' : 2 channels at 48 kHz using 32 bits per sample (channel mask 0x3)
[2019.03.18-11.49.24:038][  0]LogInit: FAudioDevice initialized.
[2019.03.18-11.49.24:038][  0]LogNetVersion: Set ProjectVersion to 1.0.0.0. Version Checksum will be recalculated on next use.
[2019.03.18-11.49.24:199][  0]LogDerivedDataCache: Saved boot cache 0.16s 71MB C:/Users/Davo/AppData/Local/UnrealEngine/4.20/DerivedDataCache/Boot.ddc.
[2019.03.18-11.49.24:201][  0]LogInit: Texture streaming: Enabled
[2019.03.18-11.49.24:374][  0]LogEngineSessionManager: EngineSessionManager initialized
[2019.03.18-11.49.24:374][  0]LogEngineSessionManager: EngineSessionManager sent abnormal shutdown report. Type=AbnormalShutdown, SessionId={BD3158E3-4F3D-25DB-4840-8A8F7DBC6AF3}
[2019.03.18-11.49.24:477][  0]LogInit: Transaction tracking system initialized
[2019.03.18-11.49.24:857][  0]BlueprintLog: New page: Editor Load
[2019.03.18-11.49.26:387][  0]LocalizationService: Localization service is disabled
[2019.03.18-11.49.29:686][  0]LogFileCache: Scanning file cache for directory 'D:/Program Files (x86)/ProjetNeo/ProjectBarter/ProjectBarter/Content/' took 0.03s
[2019.03.18-11.49.29:686][  0]LogCook: Display: Max memory allowance for cook 16384mb min free memory 0mb
[2019.03.18-11.49.29:696][  0]LogCook: Display: Mobile HDR setting 1
[2019.03.18-11.49.29:709][  0]LogGameplayTags: Display: UGameplayTagsManager::DoneAddingNativeTags. DelegateIsBound: 0
[2019.03.18-11.49.29:709][  0]LogStats: UGameplayTagsManager::ConstructGameplayTagTree: ImportINI prefixes -  0.000 s
[2019.03.18-11.49.29:709][  0]LogStats: UGameplayTagsManager::ConstructGameplayTagTree: Construct from data asset -  0.000 s
[2019.03.18-11.49.29:710][  0]LogStats: UGameplayTagsManager::ConstructGameplayTagTree: ImportINI -  0.000 s
[2019.03.18-11.49.29:710][  0]LogStats: UGameplayTagsManager::ConstructGameplayTagTree: GameplayTagTreeChangedEvent.Broadcast -  0.000 s
[2019.03.18-11.49.32:550][  0]SourceControl: Source control is disabled
[2019.03.18-11.49.32:574][  0]Cmd: MAP LOAD FILE="../../../../../ProjetNeo/ProjectBarter/ProjectBarter/Content/TopDownBP/Maps/TopDownExampleMap.umap" TEMPLATE=0 SHOWPROGRESS=1 FEATURELEVEL=3
[2019.03.18-11.49.32:587][  0]LightingResults: New page: Lighting Build
[2019.03.18-11.49.32:723][  0]MapCheck: New page: Map Check
[2019.03.18-11.49.32:723][  0]LightingResults: New page: Lighting Build
[2019.03.18-11.49.34:603][  0]LogLinker: Warning: Can't find file '/Game/TopDownBP/Maps/TopDownExampleMap_BuiltData'
[2019.03.18-11.49.34:603][  0]LogLinker: Warning: Can't find file for asset '/Game/TopDownBP/Maps/TopDownExampleMap_BuiltData' while loading ../../../../../ProjetNeo/ProjectBarter/ProjectBarter/Content/TopDownBP/Maps/TopDownExampleMap.umap.
[2019.03.18-11.49.34:603][  0]LoadErrors: Error: /Game/TopDownBP/Maps/TopDownExampleMap : Can't find file for asset. /Game/TopDownBP/Maps/TopDownExampleMap_BuiltData
[2019.03.18-11.49.34:612][  0]LogLinker: Warning: Can't find file '/Game/TopDownBP/Maps/TopDownExampleMap_BuiltData'
[2019.03.18-11.49.34:612][  0]LogLinker: Warning: Can't find file for asset '/Game/TopDownBP/Maps/TopDownExampleMap_BuiltData' while loading ../../../../../ProjetNeo/ProjectBarter/ProjectBarter/Content/TopDownBP/Maps/TopDownExampleMap.umap.
[2019.03.18-11.49.34:612][  0]LoadErrors: Error: /Game/TopDownBP/Maps/TopDownExampleMap : Can't find file for asset. /Game/TopDownBP/Maps/TopDownExampleMap_BuiltData
[2019.03.18-11.49.34:615][  0]LogLinker: Warning: Can't find file '/Game/TopDownBP/Maps/TopDownExampleMap_BuiltData'
[2019.03.18-11.49.34:615][  0]LogLinker: Warning: Can't find file for asset '/Game/TopDownBP/Maps/TopDownExampleMap_BuiltData' while loading NULL.
[2019.03.18-11.49.34:615][  0]LogLinker: Warning: Can't find file '/Game/TopDownBP/Maps/TopDownExampleMap_BuiltData'
[2019.03.18-11.49.34:615][  0]LogLinker: Warning: Can't find file for asset '/Game/TopDownBP/Maps/TopDownExampleMap_BuiltData' while loading NULL.
[2019.03.18-11.49.35:038][  0]LogLinker: Warning: Can't find file '/Game/TopDownBP/Maps/TopDownExampleMap_BuiltData'
[2019.03.18-11.49.35:038][  0]LoadErrors: Failed to load /Game/TopDownBP/Maps/TopDownExampleMap_BuiltData.TopDownExampleMap_BuiltData Referenced by PersistentLevel
[2019.03.18-11.49.35:038][  0]LogLinker: Warning: Can't find file for asset '/Game/TopDownBP/Maps/TopDownExampleMap_BuiltData' while loading NULL.
[2019.03.18-11.49.35:039][  0]LoadErrors: Failed to load /Game/TopDownBP/Maps/TopDownExampleMap_BuiltData.TopDownExampleMap_BuiltData Referenced by PersistentLevel
[2019.03.18-11.49.36:626][  0]LogAIModule: Creating AISystem for world TopDownExampleMap
[2019.03.18-11.49.37:227][  0]LogEditorServer: Finished looking for orphan Actors (0.000 secs)
[2019.03.18-11.49.37:433][  0]Cmd: MAP CHECKDEP NOCLEARLOG
[2019.03.18-11.49.37:517][  0]MapCheck: Map check complete: 0 Error(s), 0 Warning(s), took 83,653ms to complete.
[2019.03.18-11.49.37:517][  0]LogFileHelpers: Loading map 'TopDownExampleMap' took 4.958
[2019.03.18-11.49.39:357][  0]LogSlate: Updating window title bar state: overlay mode, drag disabled, window buttons hidden, title bar hidden
[2019.03.18-11.49.39:480][  0]LogSlate: Updating window title bar state: overlay mode, drag disabled, window buttons hidden, title bar hidden
[2019.03.18-11.49.39:488][  0]LogSlate: Updating window title bar state: overlay mode, drag disabled, window buttons hidden, title bar hidden
[2019.03.18-11.49.39:496][  0]LogSlate: Updating window title bar state: overlay mode, drag disabled, window buttons hidden, title bar hidden
[2019.03.18-11.49.39:657][  0]LogCollectionManager: Loaded 0 collections in 0.001563 seconds
[2019.03.18-11.49.39:874][  0]LogFileCache: Scanning file cache for directory 'D:/Program Files (x86)/ProjetNeo/ProjectBarter/ProjectBarter/Saved/Collections/' took 0.01s
[2019.03.18-11.49.39:874][  0]LogFileCache: Scanning file cache for directory 'D:/Program Files (x86)/ProjetNeo/ProjectBarter/ProjectBarter/Content/Developers/Davo/Collections/' took 0.01s
[2019.03.18-11.49.39:874][  0]LogFileCache: Scanning file cache for directory 'D:/Program Files (x86)/ProjetNeo/ProjectBarter/ProjectBarter/Content/Collections/' took 0.01s
[2019.03.18-11.49.39:874][  0]LogCollectionManager: Rebuilt the GUID cache for 0 collections in 0.000000 seconds
[2019.03.18-11.49.39:915][  0]LogContentBrowser: Native class hierarchy populated in 0.0306 seconds. Added 2572 classes and 603 folders.
[2019.03.18-11.49.39:989][  0]LogContentBrowser: Native class hierarchy updated for 'WidgetCarousel' in 0.0003 seconds. Added 0 classes and 0 folders.
[2019.03.18-11.49.41:379][  0]LogContentBrowser: Native class hierarchy updated for 'AddContentDialog' in 0.0003 seconds. Added 0 classes and 0 folders.
[2019.03.18-11.49.41:449][  0]LogContentBrowser: Native class hierarchy updated for 'SceneOutliner' in 0.0003 seconds. Added 1 classes and 2 folders.
[2019.03.18-11.49.43:165][  0]LogSlate: Took 0.016532 seconds to synchronously load lazily loaded font '../../../Engine/Content/Slate/Fonts/Roboto-Regular.ttf' (155K)
[2019.03.18-11.49.43:208][  0]LogSlate: Took 0.038748 seconds to synchronously load lazily loaded font '../../../Engine/Content/Slate/Fonts/Roboto-Bold.ttf' (160K)
[2019.03.18-11.49.43:276][  0]LogSlate: Took 0.017437 seconds to synchronously load lazily loaded font '../../../Engine/Content/Editor/Slate/Fonts/FontAwesome.ttf' (139K)
[2019.03.18-11.49.44:077][  0]LogRenderer: Reallocating scene render targets to support 924x372 Format 10 NumSamples 1 (Frame:1).
[2019.03.18-11.49.45:010][  0]LogContentBrowser: Native class hierarchy updated for 'HierarchicalLODOutliner' in 0.0004 seconds. Added 0 classes and 0 folders.
[2019.03.18-11.49.45:010][  0]LogLoad: (Engine Initialization) Total time: 133.49 seconds
[2019.03.18-11.49.45:010][  0]LogLoad: (Engine Initialization) Total Blueprint compile time: 0.00 seconds
[2019.03.18-11.49.45:040][  0]Cmd: ACTOR HIDE SELECTED
[2019.03.18-11.49.45:111][  0]Cmd: ACTOR HIDE SELECTED
[2019.03.18-11.49.45:345][  0]LogContentStreaming: Texture pool size now 1000 MB
[2019.03.18-11.49.45:380][  0]LogSlate: FSceneViewport::OnFocusLost() reason 2
[2019.03.18-11.49.45:663][  0]LogSlate: Took 0.035092 seconds to synchronously load lazily loaded font '../../../Engine/Content/Slate/Fonts/Roboto-Light.ttf' (167K)
[2019.03.18-11.49.45:751][  1]LogFileCache: Retrieving MD5 hashes for directory 'D:/Program Files (x86)/ProjetNeo/ProjectBarter/ProjectBarter/Content/' took 0.60s
[2019.03.18-11.49.46:024][  3]LogAssetRegistry: Asset discovery search completed in 95.8265 seconds
[2019.03.18-11.49.46:025][  3]LogCollectionManager: Rebuilt the object cache for 0 collections in 0.000000 seconds (found 0 objects)
[2019.03.18-11.49.46:025][  3]LogCollectionManager: Fixed up redirectors for 0 collections in 0.000055 seconds (updated 0 objects)
[2019.03.18-11.49.48:368][135]LogSlate: Window 'Message Log' being destroyed
[2019.03.18-11.49.48:370][135]LogSlate: Window 'Message Log' being destroyed
[2019.03.18-11.49.49:512][202]LogSlate: FSceneViewport::OnFocusLost() reason 0
[2019.03.18-11.49.52:035][338]LogSlate: FSceneViewport::OnFocusLost() reason 0
[2019.03.18-11.50.16:258][218]LogSlate: Took 0.000302 seconds to synchronously load lazily loaded font '../../../Engine/Content/Slate/Fonts/Roboto-Light.ttf' (167K)
[2019.03.18-11.50.16:316][218]LogFactory: FactoryCreateFile: StaticMesh with FbxFactory (0 0 C:\Users\Davo\Desktop\!A\Bush_veryBIG.fbx)
[2019.03.18-11.50.16:599][218]LogFbx: Loading FBX Scene from C:\Users\Davo\Desktop\!A\Bush_veryBIG.fbx
[2019.03.18-11.50.16:666][218]LogFbx: FBX Scene Loaded Succesfully
[2019.03.18-11.50.21:041][218]LogSlate: Window 'FBX Import Options' being destroyed
[2019.03.18-11.50.21:248][218]LogFbx: Warning: Triangulating static mesh Platonic_3
[2019.03.18-11.50.21:413][218]LogStaticMesh: Building static mesh Bush_veryBIG_Platonic_3...
[2019.03.18-11.50.21:457][218]LogStaticMesh: Built static mesh [0.05s] /Game/PropsYann/Bush_veryBIG_Platonic_3.Bush_veryBIG_Platonic_3
[2019.03.18-11.50.21:519][218]LogFbx: Warning: Triangulating static mesh Platonic_2
[2019.03.18-11.50.21:529][218]LogStaticMesh: Building static mesh Bush_veryBIG_Platonic_2...
[2019.03.18-11.50.21:541][218]LogStaticMesh: Built static mesh [0.01s] /Game/PropsYann/Bush_veryBIG_Platonic_2.Bush_veryBIG_Platonic_2
[2019.03.18-11.50.21:553][218]LogStaticMesh: Building static mesh Bush_veryBIG_Platonic_1...
[2019.03.18-11.50.21:556][218]LogStaticMesh: Built static mesh [0.00s] /Game/PropsYann/Bush_veryBIG_Platonic_1.Bush_veryBIG_Platonic_1
[2019.03.18-11.50.21:565][218]LogFbx: Warning: Triangulating static mesh Platonic
[2019.03.18-11.50.21:573][218]LogStaticMesh: Building static mesh Bush_veryBIG_Platonic...
[2019.03.18-11.50.21:586][218]LogStaticMesh: Built static mesh [0.01s] /Game/PropsYann/Bush_veryBIG_Platonic.Bush_veryBIG_Platonic
[2019.03.18-11.50.21:620][218]FBXImport: Warning: No smoothing group information was found in this FBX scene.  Please make sure to enable the 'Export Smoothing Groups' option in the FBX Exporter plug-in before exporting the file.  Even for tools that don't support smoothing groups, the FBX Exporter will generate appropriate smoothing data at export-time so that correct vertex normals can be inferred while importing. 
[2019.03.18-11.50.21:797][218]LogFactory: FactoryCreateFile: StaticMesh with FbxFactory (0 0 C:\Users\Davo\Desktop\!A\Rock_BIG.fbx)
[2019.03.18-11.50.21:820][218]LogFbx: Loading FBX Scene from C:\Users\Davo\Desktop\!A\Rock_BIG.fbx
[2019.03.18-11.50.21:827][218]LogFbx: FBX Scene Loaded Succesfully
[2019.03.18-11.50.21:828][218]LogFbx: Warning: Triangulating static mesh Platonic
[2019.03.18-11.50.21:831][218]LogStaticMesh: Building static mesh Rock_BIG_Platonic...
[2019.03.18-11.50.21:832][218]LogStaticMesh: Built static mesh [0.00s] /Game/PropsYann/Rock_BIG_Platonic.Rock_BIG_Platonic
[2019.03.18-11.50.21:845][218]FBXImport: Warning: No smoothing group information was found in this FBX scene.  Please make sure to enable the 'Export Smoothing Groups' option in the FBX Exporter plug-in before exporting the file.  Even for tools that don't support smoothing groups, the FBX Exporter will generate appropriate smoothing data at export-time so that correct vertex normals can be inferred while importing. 
[2019.03.18-11.50.21:850][218]LogFactory: FactoryCreateFile: StaticMesh with FbxFactory (0 0 C:\Users\Davo\Desktop\!A\Rock_MEDIUM.fbx)
[2019.03.18-11.50.21:868][218]LogFbx: Loading FBX Scene from C:\Users\Davo\Desktop\!A\Rock_MEDIUM.fbx
[2019.03.18-11.50.21:876][218]LogFbx: FBX Scene Loaded Succesfully
[2019.03.18-11.50.21:876][218]LogFbx: Warning: Triangulating static mesh Platonic
[2019.03.18-11.50.21:880][218]LogStaticMesh: Building static mesh Rock_MEDIUM_Platonic...
[2019.03.18-11.50.21:880][218]LogStaticMesh: Built static mesh [0.00s] /Game/PropsYann/Rock_MEDIUM_Platonic.Rock_MEDIUM_Platonic
[2019.03.18-11.50.21:894][218]FBXImport: Warning: No smoothing group information was found in this FBX scene.  Please make sure to enable the 'Export Smoothing Groups' option in the FBX Exporter plug-in before exporting the file.  Even for tools that don't support smoothing groups, the FBX Exporter will generate appropriate smoothing data at export-time so that correct vertex normals can be inferred while importing. 
[2019.03.18-11.50.21:899][218]LogFactory: FactoryCreateFile: StaticMesh with FbxFactory (0 0 C:\Users\Davo\Desktop\!A\Rock_SMALL.fbx)
[2019.03.18-11.50.21:918][218]LogFbx: Loading FBX Scene from C:\Users\Davo\Desktop\!A\Rock_SMALL.fbx
[2019.03.18-11.50.21:925][218]LogFbx: FBX Scene Loaded Succesfully
[2019.03.18-11.50.21:926][218]LogFbx: Warning: Triangulating static mesh Platonic
[2019.03.18-11.50.21:929][218]LogStaticMesh: Building static mesh Rock_SMALL_Platonic...
[2019.03.18-11.50.21:929][218]LogStaticMesh: Built static mesh [0.00s] /Game/PropsYann/Rock_SMALL_Platonic.Rock_SMALL_Platonic
[2019.03.18-11.50.21:941][218]FBXImport: Warning: No smoothing group information was found in this FBX scene.  Please make sure to enable the 'Export Smoothing Groups' option in the FBX Exporter plug-in before exporting the file.  Even for tools that don't support smoothing groups, the FBX Exporter will generate appropriate smoothing data at export-time so that correct vertex normals can be inferred while importing. 
[2019.03.18-11.50.21:946][218]LogFactory: FactoryCreateFile: StaticMesh with FbxFactory (0 0 C:\Users\Davo\Desktop\!A\Tree.fbx)
[2019.03.18-11.50.21:962][218]LogFbx: Loading FBX Scene from C:\Users\Davo\Desktop\!A\Tree.fbx
[2019.03.18-11.50.21:973][218]LogFbx: FBX Scene Loaded Succesfully
[2019.03.18-11.50.21:974][218]LogFbx: Warning: Triangulating static mesh Feuillage_3
[2019.03.18-11.50.21:995][218]LogStaticMesh: Building static mesh Tree_Feuillage_3...
[2019.03.18-11.50.22:000][218]LogStaticMesh: Built static mesh [0.01s] /Game/PropsYann/Tree_Feuillage_3.Tree_Feuillage_3
[2019.03.18-11.50.22:012][218]LogFbx: Warning: Triangulating static mesh Bulbe_haut
[2019.03.18-11.50.22:015][218]LogStaticMesh: Building static mesh Tree_Bulbe_haut...
[2019.03.18-11.50.22:015][218]LogStaticMesh: Built static mesh [0.00s] /Game/PropsYann/Tree_Bulbe_haut.Tree_Bulbe_haut
[2019.03.18-11.50.22:024][218]LogFbx: Warning: Triangulating static mesh Bulbe_bas
[2019.03.18-11.50.22:028][218]LogStaticMesh: Building static mesh Tree_Bulbe_bas...
[2019.03.18-11.50.22:028][218]LogStaticMesh: Built static mesh [0.00s] /Game/PropsYann/Tree_Bulbe_bas.Tree_Bulbe_bas
[2019.03.18-11.50.22:037][218]LogFbx: Warning: Triangulating static mesh Tronc
[2019.03.18-11.50.22:041][218]LogStaticMesh: Building static mesh Tree_Tronc...
[2019.03.18-11.50.22:041][218]LogStaticMesh: Built static mesh [0.00s] /Game/PropsYann/Tree_Tronc.Tree_Tronc
[2019.03.18-11.50.22:050][218]LogFbx: Warning: Triangulating static mesh Feuillage_2
[2019.03.18-11.50.22:072][218]LogStaticMesh: Building static mesh Tree_Feuillage_2...
[2019.03.18-11.50.22:078][218]LogStaticMesh: Built static mesh [0.01s] /Game/PropsYann/Tree_Feuillage_2.Tree_Feuillage_2
[2019.03.18-11.50.22:222][218]LogFbx: Warning: Triangulating static mesh Feuillage_1
[2019.03.18-11.50.22:247][218]LogStaticMesh: Building static mesh Tree_Feuillage_1...
[2019.03.18-11.50.22:254][218]LogStaticMesh: Built static mesh [0.01s] /Game/PropsYann/Tree_Feuillage_1.Tree_Feuillage_1
[2019.03.18-11.50.22:266][218]FBXImport: Warning: No smoothing group information was found in this FBX scene.  Please make sure to enable the 'Export Smoothing Groups' option in the FBX Exporter plug-in before exporting the file.  Even for tools that don't support smoothing groups, the FBX Exporter will generate appropriate smoothing data at export-time so that correct vertex normals can be inferred while importing. 
[2019.03.18-11.50.22:273][218]LogFactory: FactoryCreateFile: StaticMesh with FbxFactory (0 0 C:\Users\Davo\Desktop\!A\Bush_BIG.fbx)
[2019.03.18-11.50.22:285][218]LogFbx: Loading FBX Scene from C:\Users\Davo\Desktop\!A\Bush_BIG.fbx
[2019.03.18-11.50.22:293][218]LogFbx: FBX Scene Loaded Succesfully
[2019.03.18-11.50.22:296][218]LogStaticMesh: Building static mesh Bush_BIG_Platonic_1...
[2019.03.18-11.50.22:299][218]LogStaticMesh: Built static mesh [0.00s] /Game/PropsYann/Bush_BIG_Platonic_1.Bush_BIG_Platonic_1
[2019.03.18-11.50.22:308][218]LogFbx: Warning: Triangulating static mesh Platonic
[2019.03.18-11.50.22:314][218]LogStaticMesh: Building static mesh Bush_BIG_Platonic...
[2019.03.18-11.50.22:327][218]LogStaticMesh: Built static mesh [0.01s] /Game/PropsYann/Bush_BIG_Platonic.Bush_BIG_Platonic
[2019.03.18-11.50.22:340][218]FBXImport: Warning: No smoothing group information was found in this FBX scene.  Please make sure to enable the 'Export Smoothing Groups' option in the FBX Exporter plug-in before exporting the file.  Even for tools that don't support smoothing groups, the FBX Exporter will generate appropriate smoothing data at export-time so that correct vertex normals can be inferred while importing. 
[2019.03.18-11.50.22:345][218]LogFactory: FactoryCreateFile: StaticMesh with FbxFactory (0 0 C:\Users\Davo\Desktop\!A\Bush_MEDIUM.fbx)
[2019.03.18-11.50.22:358][218]LogFbx: Loading FBX Scene from C:\Users\Davo\Desktop\!A\Bush_MEDIUM.fbx
[2019.03.18-11.50.22:366][218]LogFbx: FBX Scene Loaded Succesfully
[2019.03.18-11.50.22:368][218]LogStaticMesh: Building static mesh Bush_MEDIUM_Platonic_1...
[2019.03.18-11.50.22:372][218]LogStaticMesh: Built static mesh [0.00s] /Game/PropsYann/Bush_MEDIUM_Platonic_1.Bush_MEDIUM_Platonic_1
[2019.03.18-11.50.22:381][218]LogFbx: Warning: Triangulating static mesh Platonic
[2019.03.18-11.50.22:387][218]LogStaticMesh: Building static mesh Bush_MEDIUM_Platonic...
[2019.03.18-11.50.22:400][218]LogStaticMesh: Built static mesh [0.01s] /Game/PropsYann/Bush_MEDIUM_Platonic.Bush_MEDIUM_Platonic
[2019.03.18-11.50.22:413][218]FBXImport: Warning: No smoothing group information was found in this FBX scene.  Please make sure to enable the 'Export Smoothing Groups' option in the FBX Exporter plug-in before exporting the file.  Even for tools that don't support smoothing groups, the FBX Exporter will generate appropriate smoothing data at export-time so that correct vertex normals can be inferred while importing. 
[2019.03.18-11.50.22:418][218]LogFactory: FactoryCreateFile: StaticMesh with FbxFactory (0 0 C:\Users\Davo\Desktop\!A\Bush_SMALL.fbx)
[2019.03.18-11.50.22:431][218]LogFbx: Loading FBX Scene from C:\Users\Davo\Desktop\!A\Bush_SMALL.fbx
[2019.03.18-11.50.22:439][218]LogFbx: FBX Scene Loaded Succesfully
[2019.03.18-11.50.22:442][218]LogStaticMesh: Building static mesh Bush_SMALL_Platonic_1...
[2019.03.18-11.50.22:445][218]LogStaticMesh: Built static mesh [0.00s] /Game/PropsYann/Bush_SMALL_Platonic_1.Bush_SMALL_Platonic_1
[2019.03.18-11.50.22:454][218]LogFbx: Warning: Triangulating static mesh Platonic
[2019.03.18-11.50.22:460][218]LogStaticMesh: Building static mesh Bush_SMALL_Platonic...
[2019.03.18-11.50.22:473][218]LogStaticMesh: Built static mesh [0.01s] /Game/PropsYann/Bush_SMALL_Platonic.Bush_SMALL_Platonic
[2019.03.18-11.50.22:487][218]FBXImport: Warning: No smoothing group information was found in this FBX scene.  Please make sure to enable the 'Export Smoothing Groups' option in the FBX Exporter plug-in before exporting the file.  Even for tools that don't support smoothing groups, the FBX Exporter will generate appropriate smoothing data at export-time so that correct vertex normals can be inferred while importing. 
[2019.03.18-11.50.24:785][278]LogSlate: Window 'Message Log' being destroyed
[2019.03.18-11.50.24:787][278]LogSlate: Window 'Message Log' being destroyed
[2019.03.18-11.50.25:725][326]LogActorFactory: Actor Factory created Bush_veryBIG_Platonic_2
[2019.03.18-11.50.26:342][359]LogActorFactory: Actor Factory created Bush_veryBIG_Platonic_2
[2019.03.18-11.50.34:028][768]Cmd: DELETE
[2019.03.18-11.50.34:028][768]Cmd: ACTOR DELETE
[2019.03.18-11.50.34:071][768]LogEditorActor: Deleted Actor: StaticMeshActor
[2019.03.18-11.50.34:107][768]LogEditorActor: Deleted 1 Actors (0.055 secs)
[2019.03.18-11.50.38:203][911]LogSlate: FSceneViewport::OnFocusLost() reason 0
[2019.03.18-11.50.38:449][923]LogActorFactory: Actor Factory created Tree_Tronc
[2019.03.18-11.50.38:932][945]LogActorFactory: Actor Factory created Tree_Tronc
[2019.03.18-11.50.39:712][985]Cmd: DELETE
[2019.03.18-11.50.39:712][985]Cmd: ACTOR DELETE
[2019.03.18-11.50.39:715][985]LogEditorActor: Deleted Actor: StaticMeshActor
[2019.03.18-11.50.39:738][985]LogEditorActor: Deleted 1 Actors (0.025 secs)
[2019.03.18-11.50.41:694][ 71]LogSlate: FSceneViewport::OnFocusLost() reason 0
[2019.03.18-11.50.41:910][ 81]LogActorFactory: Actor Factory created Tree_Feuillage_3
[2019.03.18-11.50.42:177][ 95]LogActorFactory: Actor Factory created Tree_Feuillage_3
[2019.03.18-11.50.44:002][189]LogSlate: FSceneViewport::OnFocusLost() reason 0
[2019.03.18-11.50.44:494][217]LogActorFactory: Actor Factory created Tree_Tronc
[2019.03.18-11.50.45:572][278]LogActorFactory: Actor Factory created Tree_Tronc
[2019.03.18-11.50.46:147][310]Cmd: DELETE
[2019.03.18-11.50.46:147][310]Cmd: ACTOR DELETE
[2019.03.18-11.50.46:150][310]LogEditorActor: Deleted Actor: StaticMeshActor
[2019.03.18-11.50.46:172][310]LogEditorActor: Deleted 1 Actors (0.025 secs)
[2019.03.18-11.50.46:636][338]LogEditorViewport: Clicking on Actor (LMB): BP_Sky_Sphere_C (SkySphereBlueprint)
[2019.03.18-11.50.47:048][360]LogEditorViewport: Clicking on Actor (LMB): StaticMeshActor (Tree_Feuillage_3)
[2019.03.18-11.50.47:389][379]Cmd: DELETE
[2019.03.18-11.50.47:389][379]Cmd: ACTOR DELETE
[2019.03.18-11.50.47:392][379]LogEditorActor: Deleted Actor: StaticMeshActor
[2019.03.18-11.50.47:413][379]LogEditorActor: Deleted 1 Actors (0.024 secs)
[2019.03.18-11.50.48:473][440]LogSlate: FSceneViewport::OnFocusLost() reason 0
[2019.03.18-11.50.48:753][456]LogActorFactory: Actor Factory created Bush_veryBIG_Platonic_2
[2019.03.18-11.50.49:223][484]LogActorFactory: Actor Factory created Bush_veryBIG_Platonic_2
[2019.03.18-11.50.49:869][516]LogSlate: FSceneViewport::OnFocusLost() reason 0
[2019.03.18-11.50.50:017][524]LogActorFactory: Actor Factory created Bush_veryBIG_Platonic_1
[2019.03.18-11.50.50:490][552]LogActorFactory: Actor Factory created Bush_veryBIG_Platonic_1
[2019.03.18-11.50.51:673][621]LogEditorViewport: Clicking on Actor (LMB): StaticMeshActor (Bush_veryBIG_Platonic_2)
[2019.03.18-11.50.52:202][651]Cmd: DELETE
[2019.03.18-11.50.52:202][651]Cmd: ACTOR DELETE
[2019.03.18-11.50.52:205][651]LogEditorActor: Deleted Actor: StaticMeshActor
[2019.03.18-11.50.52:225][651]LogEditorActor: Deleted 1 Actors (0.024 secs)
[2019.03.18-11.50.52:756][683]LogEditorViewport: Clicking on Actor (LMB): StaticMeshActor (Bush_veryBIG_Platonic_1)
[2019.03.18-11.50.52:983][695]Cmd: DELETE
[2019.03.18-11.50.52:983][695]Cmd: ACTOR DELETE
[2019.03.18-11.50.52:987][695]LogEditorActor: Deleted Actor: StaticMeshActor
[2019.03.18-11.50.53:013][695]LogEditorActor: Deleted 1 Actors (0.030 secs)
[2019.03.18-11.50.56:713][769]LogSlate: FSceneViewport::OnFocusLost() reason 0
