Log file open, 05/14/19 09:13:49
LogWindows: Failed to load 'aqProf.dll' (GetLastError=126)
LogWindows: File 'aqProf.dll' does not exist
LogWindows: Failed to load 'VSPerf140.dll' (GetLastError=126)
LogWindows: File 'VSPerf140.dll' does not exist
LogWindows: Failed to load 'VtuneApi.dll' (GetLastError=126)
LogWindows: File 'VtuneApi.dll' does not exist
LogWindows: Failed to load 'VtuneApi32e.dll' (GetLastError=126)
LogWindows: File 'VtuneApi32e.dll' does not exist
LogInit: Display: Running engine for game: ProjectBarter
LogPlatformFile: Not using cached read wrapper
LogTaskGraph: Started task graph with 5 named threads and 23 total threads with 3 sets of task threads.
LogStats: Stats thread started at 0.272481
LogD3D11RHI: Loaded GFSDK_Aftermath_Lib.x64.dll
LogICUInternationalization: Display: ICU TimeZone Detection - Raw Offset: +1:00, Platform Override: ''
LogPluginManager: Mounting plugin Paper2D
LogPluginManager: Mounting plugin AISupport
LogPluginManager: Mounting plugin LightPropagationVolume
LogPluginManager: Mounting plugin CLionSourceCodeAccess
LogPluginManager: Mounting plugin CodeLiteSourceCodeAccess
LogPluginManager: Mounting plugin GitSourceControl
LogPluginManager: Mounting plugin KDevelopSourceCodeAccess
LogPluginManager: Mounting plugin NullSourceCodeAccess
LogPluginManager: Mounting plugin PerforceSourceControl
LogPluginManager: Mounting plugin SubversionSourceControl
LogPluginManager: Mounting plugin UObjectPlugin
LogPluginManager: Mounting plugin VisualStudioCodeSourceCodeAccess
LogPluginManager: Mounting plugin VisualStudioSourceCodeAccess
LogPluginManager: Mounting plugin XCodeSourceCodeAccess
LogPluginManager: Mounting plugin AssetManagerEditor
LogPluginManager: Mounting plugin CryptoKeys
LogPluginManager: Mounting plugin DataValidation
LogPluginManager: Mounting plugin FacialAnimation
LogPluginManager: Mounting plugin GameplayTagsEditor
LogPluginManager: Mounting plugin MacGraphicsSwitching
LogPluginManager: Mounting plugin MeshEditor
LogPluginManager: Mounting plugin MobileLauncherProfileWizard
LogPluginManager: Mounting plugin PluginBrowser
LogPluginManager: Mounting plugin SpeedTreeImporter
LogPluginManager: Mounting plugin DatasmithContent
LogPluginManager: Mounting plugin AlembicImporter
LogPluginManager: Mounting plugin AppleImageUtils
LogPluginManager: Mounting plugin AppleVision
LogPluginManager: Mounting plugin BackChannel
LogPluginManager: Mounting plugin CharacterAI
LogPluginManager: Mounting plugin GeometryCache
LogPluginManager: Mounting plugin HTML5Networking
LogPluginManager: Mounting plugin ProxyLODPlugin
LogPluginManager: Mounting plugin MagicLeap
LogPluginManager: Mounting plugin MagicLeapEmulator
LogPluginManager: Mounting plugin MagicLeapMedia
LogPluginManager: Mounting plugin AndroidMedia
LogPluginManager: Mounting plugin AvfMedia
LogPluginManager: Mounting plugin ImgMedia
LogPluginManager: Mounting plugin LinearTimecode
LogPluginManager: Mounting plugin MediaCompositing
LogPluginManager: Mounting plugin MediaPlayerEditor
LogPluginManager: Mounting plugin WmfMedia
LogPluginManager: Mounting plugin TcpMessaging
LogPluginManager: Mounting plugin UdpMessaging
LogPluginManager: Mounting plugin ActorSequence
LogPluginManager: Mounting plugin LevelSequenceEditor
LogPluginManager: Mounting plugin MatineeToLevelSequence
LogPluginManager: Mounting plugin NetcodeUnitTest
LogPluginManager: Mounting plugin NUTUnrealEngine4
LogPluginManager: Mounting plugin OnlineSubsystemGooglePlay
LogPluginManager: Mounting plugin OnlineSubsystemIOS
LogPluginManager: Mounting plugin OnlineSubsystem
LogPluginManager: Mounting plugin OnlineSubsystemNull
LogPluginManager: Mounting plugin OnlineSubsystemUtils
LogPluginManager: Mounting plugin LauncherChunkInstaller
LogPluginManager: Mounting plugin AndroidDeviceProfileSelector
LogPluginManager: Mounting plugin AndroidMoviePlayer
LogPluginManager: Mounting plugin AndroidPermission
LogPluginManager: Mounting plugin AppleMoviePlayer
LogPluginManager: Mounting plugin ArchVisCharacter
LogPluginManager: Mounting plugin AudioCapture
LogPluginManager: Mounting plugin CableComponent
LogPluginManager: Mounting plugin CustomMeshComponent
LogPluginManager: Mounting plugin EditableMesh
LogPluginManager: Mounting plugin ExampleDeviceProfileSelector
LogPluginManager: Mounting plugin GoogleCloudMessaging
LogPluginManager: Mounting plugin ImmediatePhysics
LogPluginManager: Mounting plugin IOSDeviceProfileSelector
LogPluginManager: Mounting plugin LinuxDeviceProfileSelector
LogPluginManager: Mounting plugin LocationServicesBPLibrary
LogPluginManager: Mounting plugin MobilePatchingUtils
LogPluginManager: Mounting plugin OculusVR
LogPluginManager: Plugin shader directory ../../../Engine/Plugins/Runtime/Oculus/OculusVR/Shaders found
LogPluginManager: Mapping shader source directory ../../../Engine/Plugins/Runtime/Oculus/OculusVR/Shaders to virtual directory /Plugin/OculusVR
LogPluginManager: Mounting plugin PhysXVehicles
LogPluginManager: Mounting plugin ProceduralMeshComponent
LogPluginManager: Mounting plugin RuntimePhysXCooking
LogPluginManager: Mounting plugin SteamVR
LogPluginManager: Mounting plugin WindowsMoviePlayer
LogStreaming: Display: Took  0.226s to configure plugins.
LogInit: Using libcurl 7.55.1-DEV
LogInit:  - built for x86_64-pc-win32
LogInit:  - supports SSL with OpenSSL/1.0.2h
LogInit:  - supports HTTP deflate (compression) using libz 1.2.8
LogInit:  - other features:
LogInit:      CURL_VERSION_SSL
LogInit:      CURL_VERSION_LIBZ
LogInit:      CURL_VERSION_IPV6
LogInit:      CURL_VERSION_ASYNCHDNS
LogInit:      CURL_VERSION_LARGEFILE
LogInit:      CURL_VERSION_IDN
LogInit:  CurlRequestOptions (configurable via config and command line):
LogInit:  - bVerifyPeer = false  - Libcurl will NOT verify peer certificate
LogInit:  - bUseHttpProxy = false  - Libcurl will NOT use HTTP proxy
LogInit:  - bDontReuseConnections = false  - Libcurl will reuse connections
LogInit:  - CertBundlePath = nullptr  - Libcurl will use whatever was configured at build time.
LogInit:  - MaxHostConnections = 16  - Libcurl will limit the number of connections to a host
LogInit:  - LocalHostAddr = Default
LogInit:  - BufferSize = 65536
LogInit: WinSock: version 1.1 (2.2), MaxSocks=32767, MaxUdp=65467
LogInit: Build: ++UE4+Release-4.20-CL-4369336
LogInit: Engine Version: 4.20.3-4369336+++UE4+Release-4.20
LogInit: Compatible Engine Version: 4.20.0-4212847+++UE4+Release-4.20
LogInit: Net CL: 4212847
LogInit: OS: Windows 7 (Service Pack 1), CPU: Intel(R) Core(TM) i7-4710HQ CPU @ 2.50GHz, GPU: Intel(R) HD Graphics 4600
LogInit: Compiled (64-bit): Sep 17 2018 12:26:19
LogInit: Compiled with Visual C++: 19.13.26129.00
LogInit: Build Configuration: Development
LogInit: Branch Name: ++UE4+Release-4.20
LogInit: Command Line:  
LogInit: Base Directory: D:/Program Files (x86)/ue/UE_4.20/Engine/Binaries/Win64/
LogInit: Installed Engine Build: 1
LogDevObjectVersion: Number of dev versions registered: 20
LogDevObjectVersion:   Dev-Blueprints (B0D832E4-1F89-4F0D-ACCF-7EB736FD4AA2): 10
LogDevObjectVersion:   Dev-Build (E1C64328-A22C-4D53-A36C-8E866417BD8C): 0
LogDevObjectVersion:   Dev-Core (375EC13C-06E4-48FB-B500-84F0262A717E): 2
LogDevObjectVersion:   Dev-Editor (E4B068ED-F494-42E9-A231-DA0B2E46BB41): 24
LogDevObjectVersion:   Dev-Framework (CFFC743F-43B0-4480-9391-14DF171D2073): 34
LogDevObjectVersion:   Dev-Mobile (B02B49B5-BB20-44E9-A304-32B752E40360): 2
LogDevObjectVersion:   Dev-Networking (A4E4105C-59A1-49B5-A7C5-40C4547EDFEE): 0
LogDevObjectVersion:   Dev-Online (39C831C9-5AE6-47DC-9A44-9C173E1C8E7C): 0
LogDevObjectVersion:   Dev-Physics (78F01B33-EBEA-4F98-B9B4-84EACCB95AA2): 0
LogDevObjectVersion:   Dev-Platform (6631380F-2D4D-43E0-8009-CF276956A95A): 0
LogDevObjectVersion:   Dev-Rendering (12F88B9F-8875-4AFC-A67C-D90C383ABD29): 26
LogDevObjectVersion:   Dev-Sequencer (7B5AE74C-D270-4C10-A958-57980B212A5A): 9
LogDevObjectVersion:   Dev-VR (D7296918-1DD6-4BDD-9DE2-64A83CC13884): 2
LogDevObjectVersion:   Dev-LoadTimes (C2A15278-BFE7-4AFE-6C17-90FF531DF755): 1
LogDevObjectVersion:   Private-Geometry (6EACA3D4-40EC-4CC1-B786-8BED09428FC5): 3
LogDevObjectVersion:   Dev-AnimPhys (29E575DD-E0A3-4627-9D10-D276232CDCEA): 17
LogDevObjectVersion:   Dev-ReflectionCapture (6B266CEC-1EC7-4B8F-A30B-E4D90942FC07): 1
LogDevObjectVersion:   Dev-Automation (0DF73D61-A23F-47EA-B727-89E90C41499A): 1
LogDevObjectVersion:   FortniteMain (601D1886-AC64-4F84-AA16-D3DE0DEAC7D6): 12
LogDevObjectVersion:   Dev-Enterprise (9DFFBCD6-494F-0158-E221-12823C92A888): 1
LogStreaming: Display: Took  0.001s to delete old logs.
LogInit: Presizing for max 8388607 objects, including 0 objects not considered by GC, pre-allocating 0 bytes for permanent pool.
LogInit: Object subsystem initialized
[2019.05.14-07.13.49:577][  0]LogInit: Selected Device Profile: [Windows]
[2019.05.14-07.13.49:577][  0]LogInit: Applying CVar settings loaded from the selected device profile: [Windows]
[2019.05.14-07.13.49:589][  0]LogHAL: Display: Platform has ~ 16 GB [17059704832 / 17179869184 / 16], which maps to Larger [LargestMinGB=32, LargerMinGB=12, DefaultMinGB=8, SmallerMinGB=6, SmallestMinGB=0)
[2019.05.14-07.13.49:589][  0]LogInit: Setting Device Profile CVar: [[r.Vulkan.UseRealUBs:1]]
[2019.05.14-07.13.49:589][  0]LogInit: Going up to parent DeviceProfile []
[2019.05.14-07.13.49:590][  0]LogInit: Computer: DAVO-PC
[2019.05.14-07.13.49:590][  0]LogInit: User: Davo
[2019.05.14-07.13.49:590][  0]LogInit: CPU Page size=4096, Cores=4
[2019.05.14-07.13.49:590][  0]LogInit: High frequency timer resolution =2.440175 MHz
[2019.05.14-07.13.49:590][  0]LogMemory: Memory total: Physical=15.9GB (16GB approx)
[2019.05.14-07.13.49:590][  0]LogMemory: Platform Memory Stats for Windows
[2019.05.14-07.13.49:590][  0]LogMemory: Process Physical Memory: 107.52 MB used, 107.52 MB peak
[2019.05.14-07.13.49:590][  0]LogMemory: Process Virtual Memory: 104.86 MB used, 104.86 MB peak
[2019.05.14-07.13.49:590][  0]LogMemory: Physical Memory: 7083.57 MB used,  9185.83 MB free, 16269.40 MB total
[2019.05.14-07.13.49:590][  0]LogMemory: Virtual Memory: 511.78 MB used,  9185.83 MB free, 8388608.00 MB total
[2019.05.14-07.13.49:633][  0]LogInit: Using OS detected language (fr-FR).
[2019.05.14-07.13.49:633][  0]LogInit: Using OS detected locale (fr-FR).
[2019.05.14-07.13.49:634][  0]LogTextLocalizationManager: No specific localization for 'fr-FR' exists, so the 'fr' localization will be used.
[2019.05.14-07.13.49:636][  0]LogStreaming: Display: Took  0.003s to InitEngineTextLocalization.
[2019.05.14-07.13.49:637][  0]LogWindows: Failed to load 'shcore.dll' (GetLastError=126)
[2019.05.14-07.13.49:637][  0]LogWindows: File 'shcore.dll' does not exist
[2019.05.14-07.13.49:637][  0]LogInit: Setting process to DPI aware
[2019.05.14-07.13.49:674][  0]LogSlate: New Slate User Created.  User Index 0, Is Virtual User: 0
[2019.05.14-07.13.49:674][  0]LogSlate: Slate User Registered.  User Index 0, Is Virtual User: 0
[2019.05.14-07.13.49:930][  0]LogHMD: Failed to initialize OpenVR with code 110
[2019.05.14-07.13.49:930][  0]LogD3D11RHI: D3D11 adapters:
[2019.05.14-07.13.49:988][  0]LogD3D11RHI:    0. 'NVIDIA GeForce GTX 970M' (Feature Level 11_0)
[2019.05.14-07.13.49:988][  0]LogD3D11RHI:       2983/0/7878 MB DedicatedVideo/DedicatedSystem/SharedSystem, Outputs:1, VendorId:0x10de
[2019.05.14-07.13.50:031][  0]LogD3D11RHI:    1. 'NVIDIA GeForce GTX 970M' (Feature Level 11_0)
[2019.05.14-07.13.50:031][  0]LogD3D11RHI:       2983/0/7878 MB DedicatedVideo/DedicatedSystem/SharedSystem, Outputs:0, VendorId:0x10de
[2019.05.14-07.13.50:031][  0]LogD3D11RHI: Chosen D3D11 Adapter: 0
[2019.05.14-07.13.50:044][  0]LogD3D11RHI: Creating new Direct3DDevice
[2019.05.14-07.13.50:045][  0]LogD3D11RHI:     GPU DeviceId: 0x13d8 (for the marketing name, search the web for "GPU Device Id")
[2019.05.14-07.13.50:045][  0]LogWindows: EnumDisplayDevices:
[2019.05.14-07.13.50:045][  0]LogWindows:    0. 'Intel(R) HD Graphics 4600' (P:1 D:1)
[2019.05.14-07.13.50:046][  0]LogWindows:    1. 'Intel(R) HD Graphics 4600' (P:0 D:0)
[2019.05.14-07.13.50:046][  0]LogWindows:    2. 'Intel(R) HD Graphics 4600' (P:0 D:0)
[2019.05.14-07.13.50:047][  0]LogWindows:    3. 'NVIDIA GeForce GTX 970M' (P:0 D:0)
[2019.05.14-07.13.50:047][  0]LogWindows:    4. 'RDPDD Chained DD' (P:0 D:0)
[2019.05.14-07.13.50:047][  0]LogWindows:    5. 'RDP Encoder Mirror Driver' (P:0 D:0)
[2019.05.14-07.13.50:048][  0]LogWindows:    6. 'RDP Reflector Display Driver' (P:0 D:0)
[2019.05.14-07.13.50:048][  0]LogWindows: DebugString: PrimaryIsNotTheChoosenAdapter PrimaryIsNotTheChoosenAdapter PrimaryIsNotTheChoosenAdapter GetVideoDriverDetailsInvalid PrimaryIsNotTheChoosenAdapter GetVideoDriverDetailsInvalid PrimaryIsNotTheChoosenAdapter GetVideoDriverDetailsInvalid PrimaryIsNotTheChoosenAdapter 
[2019.05.14-07.13.50:048][  0]LogD3D11RHI:     Adapter Name: NVIDIA GeForce GTX 970M
[2019.05.14-07.13.50:048][  0]LogD3D11RHI:   Driver Version: 416.94 (internal:25.21.14.1694, unified:416.94)
[2019.05.14-07.13.50:048][  0]LogD3D11RHI:      Driver Date: 11-12-2018
[2019.05.14-07.13.50:048][  0]LogRHI: Texture pool is 2088 MB (70% of 2983 MB)
[2019.05.14-07.13.50:087][  0]LogD3D11RHI: Async texture creation enabled
[2019.05.14-07.13.50:113][  0]LogD3D11RHI: GPU Timing Frequency: 1000.000000 (Debug: 2 2)
[2019.05.14-07.13.50:114][  0]LogShaderCompilers: Guid format shader working directory is -8 characters bigger than the processId version (../../../../../ProjetNeo/ProjectBarter/ProjectBarter/Intermediate/Shaders/WorkingDirectory/12452/).
[2019.05.14-07.13.50:114][  0]LogShaderCompilers: Cleaned the shader compiler working directory 'C:/Users/Davo/AppData/Local/Temp/UnrealShaderWorkingDir/530D6B91477ED5567A7F37BF15B91769/'.
[2019.05.14-07.13.50:634][  0]LogTemp: Display: Loaded TP AllDesktopTargetPlatform
[2019.05.14-07.13.50:649][  0]LogTemp: Display: Loaded TP MacClientTargetPlatform
[2019.05.14-07.13.50:663][  0]LogTemp: Display: Loaded TP MacNoEditorTargetPlatform
[2019.05.14-07.13.50:681][  0]LogTemp: Display: Loaded TP MacServerTargetPlatform
[2019.05.14-07.13.50:697][  0]LogTemp: Display: Loaded TP MacTargetPlatform
[2019.05.14-07.13.50:717][  0]LogTemp: Display: Loaded TP WindowsClientTargetPlatform
[2019.05.14-07.13.50:734][  0]LogTemp: Display: Loaded TP WindowsNoEditorTargetPlatform
[2019.05.14-07.13.50:749][  0]LogTemp: Display: Loaded TP WindowsServerTargetPlatform
[2019.05.14-07.13.50:756][  0]LogTemp: Display: Loaded TP WindowsTargetPlatform
[2019.05.14-07.13.50:856][  0]LogTemp: Display: Loaded TP AndroidTargetPlatform
[2019.05.14-07.13.50:856][  0]LogTemp: Display: Loaded TP AndroidTargetPlatform
[2019.05.14-07.13.50:856][  0]LogTemp: Display: Loaded TP AndroidTargetPlatform
[2019.05.14-07.13.50:856][  0]LogTemp: Display: Loaded TP AndroidTargetPlatform
[2019.05.14-07.13.50:856][  0]LogTemp: Display: Loaded TP AndroidTargetPlatform
[2019.05.14-07.13.50:856][  0]LogTemp: Display: Loaded TP AndroidTargetPlatform
[2019.05.14-07.13.50:856][  0]LogTemp: Display: Loaded TP AndroidTargetPlatform
[2019.05.14-07.13.50:856][  0]LogTemp: Display: Loaded TP AndroidTargetPlatform
[2019.05.14-07.13.50:856][  0]LogTemp: Display: Loaded TP AndroidTargetPlatform
[2019.05.14-07.13.50:856][  0]LogTemp: Display: Loaded TP AndroidTargetPlatform
[2019.05.14-07.13.50:856][  0]LogTemp: Display: Loaded TP AndroidTargetPlatform
[2019.05.14-07.13.50:856][  0]LogTemp: Display: Loaded TP AndroidTargetPlatform
[2019.05.14-07.13.50:856][  0]LogTemp: Display: Loaded TP AndroidTargetPlatform
[2019.05.14-07.13.50:856][  0]LogTemp: Display: Loaded TP AndroidTargetPlatform
[2019.05.14-07.13.50:856][  0]LogTemp: Display: Loaded TP AndroidTargetPlatform
[2019.05.14-07.13.50:856][  0]LogTemp: Display: Loaded TP AndroidTargetPlatform
[2019.05.14-07.13.50:856][  0]LogTemp: Display: Loaded TP AndroidTargetPlatform
[2019.05.14-07.13.50:856][  0]LogTemp: Display: Loaded TP AndroidTargetPlatform
[2019.05.14-07.13.50:857][  0]LogTemp: Display: Loaded TP HTML5TargetPlatform
[2019.05.14-07.13.50:917][  0]LogTemp: Display: Loaded TP IOSTargetPlatform
[2019.05.14-07.13.50:917][  0]LogTemp: Display: Loaded TP IOSTargetPlatform
[2019.05.14-07.13.50:946][  0]LogTemp: Display: Loaded TP TVOSTargetPlatform
[2019.05.14-07.13.50:946][  0]LogTemp: Display: Loaded TP TVOSTargetPlatform
[2019.05.14-07.13.50:960][  0]LogTemp: Display: Loaded TP LinuxClientTargetPlatform
[2019.05.14-07.13.50:973][  0]LogTemp: Display: Loaded TP LinuxNoEditorTargetPlatform
[2019.05.14-07.13.50:987][  0]LogTemp: Display: Loaded TP LinuxServerTargetPlatform
[2019.05.14-07.13.51:001][  0]LogTemp: Display: Loaded TP LinuxTargetPlatform
[2019.05.14-07.13.51:011][  0]LogTemp: Display: Loaded TP LuminTargetPlatform
[2019.05.14-07.13.51:011][  0]LogTargetPlatformManager: Display: Building Assets For Windows
[2019.05.14-07.13.51:064][  0]LogXGEController: Cleaning working directory: C:/Users/Davo/AppData/Local/Temp/UnrealXGEWorkingDir/
[2019.05.14-07.13.51:064][  0]LogXGEController: Cannot use XGE Controller as Incredibuild is not installed on this machine.
[2019.05.14-07.13.51:064][  0]LogShaderCompilers: Cannot use XGE Shader Compiler as Incredibuild is not installed on this machine.
[2019.05.14-07.13.51:064][  0]LogShaderCompilers: Display: Using Local Shader Compiler.
[2019.05.14-07.13.51:878][  0]LogDerivedDataCache: Display: Max Cache Size: 512 MB
[2019.05.14-07.13.52:012][  0]LogDerivedDataCache: Loaded boot cache 0.13s 71MB C:/Users/Davo/AppData/Local/UnrealEngine/4.20/DerivedDataCache/Boot.ddc.
[2019.05.14-07.13.52:013][  0]LogDerivedDataCache: Display: Loaded Boot cache: C:/Users/Davo/AppData/Local/UnrealEngine/4.20/DerivedDataCache/Boot.ddc
[2019.05.14-07.13.52:013][  0]LogDerivedDataCache: FDerivedDataBackendGraph:  Pak pak cache file ../../../../../ProjetNeo/ProjectBarter/ProjectBarter/DerivedDataCache/DDC.ddp not found, will not use a pak cache.
[2019.05.14-07.13.52:013][  0]LogDerivedDataCache: Unable to find inner node Pak for hierarchical cache Hierarchy.
[2019.05.14-07.13.52:013][  0]LogDerivedDataCache: FDerivedDataBackendGraph:  CompressedPak pak cache file ../../../../../ProjetNeo/ProjectBarter/ProjectBarter/DerivedDataCache/Compressed.ddp not found, will not use a pak cache.
[2019.05.14-07.13.52:013][  0]LogDerivedDataCache: Unable to find inner node CompressedPak for hierarchical cache Hierarchy.
[2019.05.14-07.13.52:033][  0]LogDerivedDataCache: Display: Pak cache opened for reading ../../../Engine/DerivedDataCache/Compressed.ddp.
[2019.05.14-07.13.52:046][  0]LogDerivedDataCache: Using Local data cache path C:/Users/Davo/AppData/Local/UnrealEngine/Common/DerivedDataCache: Writable
[2019.05.14-07.13.52:046][  0]LogDerivedDataCache: Shared data cache path not found in *engine.ini, will not use an Shared cache.
[2019.05.14-07.13.52:046][  0]LogDerivedDataCache: Unable to find inner node Shared for hierarchical cache Hierarchy.
[2019.05.14-07.13.52:075][  0]LogMaterial: Verifying Global Shaders for PCD3D_SM5
[2019.05.14-07.13.52:076][  0]LogSlate: Using FreeType 2.6.0
[2019.05.14-07.13.52:077][  0]LogSlate: SlateFontServices - WITH_FREETYPE: 1, WITH_HARFBUZZ: 1
[2019.05.14-07.13.52:175][  0]LogAssetRegistry: FAssetRegistry took 0.0253 seconds to start up
[2019.05.14-07.13.52:579][  0]LogInit: Selected Device Profile: [Windows]
[2019.05.14-07.13.52:747][  0]LogSimplygon: Simplygon DLL not present - disabling.
[2019.05.14-07.13.52:750][  0]LogMeshReduction: Using SimplygonSwarm for distributed automatic mesh merging
[2019.05.14-07.13.52:750][  0]LogMeshReduction: Using ProxyLODMeshReduction for automatic mesh merging
[2019.05.14-07.13.52:750][  0]LogMeshReduction: Using QuadricMeshReduction for automatic static mesh reduction
[2019.05.14-07.13.52:750][  0]LogMeshReduction: No automatic skeletal mesh reduction module available
[2019.05.14-07.13.52:778][  0]LogNetVersion: ProjectBarter 1.0.0, NetCL: 4212847, EngineNetVer: 5, GameNetVer: 0 (Checksum: 2697442201)
[2019.05.14-07.13.53:481][  0]LogPackageLocalizationCache: Processed 11 localized package path(s) for 2 prioritized culture(s) in 0.126118 seconds
[2019.05.14-07.13.53:488][  0]LogUObjectArray: 38425 objects as part of root set at end of initial load.
[2019.05.14-07.13.53:488][  0]LogUObjectAllocator: 6690872 out of 0 bytes used by permanent object pool.
[2019.05.14-07.13.53:488][  0]LogUObjectArray: CloseDisregardForGC: 0/0 objects in disregard for GC pool
[2019.05.14-07.13.54:496][  0]LogTcpMessaging: Initializing TcpMessaging bridge
[2019.05.14-07.13.54:509][  0]LogUdpMessaging: Initializing bridge on interface 0.0.0.0:0 to multicast group 230.0.0.1:6666.
[2019.05.14-07.13.54:665][  0]SourceControl: Source control is disabled
[2019.05.14-07.13.54:665][  0]SourceControl: Source control is disabled
[2019.05.14-07.13.54:669][  0]SourceControl: Source control is disabled
[2019.05.14-07.13.54:670][  0]SourceControl: Source control is disabled
[2019.05.14-07.13.54:836][  0]LogAndroidPermission: UAndroidPermissionCallbackProxy::GetInstance
[2019.05.14-07.13.54:905][  0]LogOcInput: OculusInput pre-init called
[2019.05.14-07.13.54:972][  0]LogEngine: Initializing Engine...
[2019.05.14-07.13.54:973][  0]LogHMD: Failed to initialize OpenVR with code 110
[2019.05.14-07.13.54:975][  0]LogStats: UGameplayTagsManager::ConstructGameplayTagTree: ImportINI prefixes -  0.000 s
[2019.05.14-07.13.54:975][  0]LogStats: UGameplayTagsManager::ConstructGameplayTagTree: Construct from data asset -  0.000 s
[2019.05.14-07.13.54:975][  0]LogStats: UGameplayTagsManager::ConstructGameplayTagTree: ImportINI -  0.000 s
[2019.05.14-07.13.54:975][  0]LogStats: UGameplayTagsManager::ConstructGameplayTagTree: GameplayTagTreeChangedEvent.Broadcast -  0.000 s
[2019.05.14-07.13.55:247][  0]LogInit: Initializing FReadOnlyCVARCache
[2019.05.14-07.13.55:263][  0]LogAIModule: Creating AISystem for world Untitled
[2019.05.14-07.13.55:298][  0]LogInit: XAudio2 using 'Haut-parleurs (Sound Blaster Recon3Di)' : 2 channels at 48 kHz using 32 bits per sample (channel mask 0x3)
[2019.05.14-07.13.55:337][  0]LogInit: FAudioDevice initialized.
[2019.05.14-07.13.55:337][  0]LogNetVersion: Set ProjectVersion to 1.0.0.0. Version Checksum will be recalculated on next use.
[2019.05.14-07.13.55:451][  0]LogDerivedDataCache: Saved boot cache 0.11s 71MB C:/Users/Davo/AppData/Local/UnrealEngine/4.20/DerivedDataCache/Boot.ddc.
[2019.05.14-07.13.55:455][  0]LogInit: Texture streaming: Enabled
[2019.05.14-07.13.55:472][  0]LogEngineSessionManager: EngineSessionManager initialized
[2019.05.14-07.13.55:488][  0]LogInit: Transaction tracking system initialized
[2019.05.14-07.13.55:506][  0]BlueprintLog: New page: Editor Load
[2019.05.14-07.13.55:582][  0]LocalizationService: Localization service is disabled
[2019.05.14-07.13.55:920][  0]LogCook: Display: Max memory allowance for cook 16384mb min free memory 0mb
[2019.05.14-07.13.55:920][  0]LogCook: Display: Mobile HDR setting 1
[2019.05.14-07.13.55:920][  0]LogGameplayTags: Display: UGameplayTagsManager::DoneAddingNativeTags. DelegateIsBound: 0
[2019.05.14-07.13.55:921][  0]LogStats: UGameplayTagsManager::ConstructGameplayTagTree: ImportINI prefixes -  0.000 s
[2019.05.14-07.13.55:921][  0]LogStats: UGameplayTagsManager::ConstructGameplayTagTree: Construct from data asset -  0.000 s
[2019.05.14-07.13.55:921][  0]LogStats: UGameplayTagsManager::ConstructGameplayTagTree: ImportINI -  0.000 s
[2019.05.14-07.13.55:921][  0]LogStats: UGameplayTagsManager::ConstructGameplayTagTree: GameplayTagTreeChangedEvent.Broadcast -  0.000 s
[2019.05.14-07.13.56:058][  0]LogFileCache: Scanning file cache for directory 'D:/Program Files (x86)/ProjetNeo/ProjectBarter/ProjectBarter/Content/' took 0.08s
[2019.05.14-07.13.56:059][  0]SourceControl: Source control is disabled
[2019.05.14-07.13.56:059][  0]Cmd: MAP LOAD FILE="../../../../../ProjetNeo/ProjectBarter/ProjectBarter/Content/TopDownBP/Maps/TopDownExampleMap.umap" TEMPLATE=0 SHOWPROGRESS=1 FEATURELEVEL=3
[2019.05.14-07.13.56:059][  0]LightingResults: New page: Lighting Build
[2019.05.14-07.13.56:061][  0]MapCheck: New page: Map Check
[2019.05.14-07.13.56:061][  0]LightingResults: New page: Lighting Build
[2019.05.14-07.13.59:147][  0]LogAIModule: Creating AISystem for world TopDownExampleMap
[2019.05.14-07.13.59:179][  0]LogEditorServer: Finished looking for orphan Actors (0.000 secs)
[2019.05.14-07.13.59:219][  0]Cmd: MAP CHECKDEP NOCLEARLOG
[2019.05.14-07.13.59:318][  0]MapCheck: Map check complete: 0 Error(s), 0 Warning(s), took 99,136ms to complete.
[2019.05.14-07.13.59:318][  0]LogFileHelpers: Loading map 'TopDownExampleMap' took 3.258
[2019.05.14-07.13.59:421][  0]LogSlate: Updating window title bar state: overlay mode, drag disabled, window buttons hidden, title bar hidden
[2019.05.14-07.13.59:430][  0]LogSlate: Updating window title bar state: overlay mode, drag disabled, window buttons hidden, title bar hidden
[2019.05.14-07.13.59:437][  0]LogSlate: Updating window title bar state: overlay mode, drag disabled, window buttons hidden, title bar hidden
[2019.05.14-07.13.59:446][  0]LogSlate: Updating window title bar state: overlay mode, drag disabled, window buttons hidden, title bar hidden
[2019.05.14-07.13.59:452][  0]LogCollectionManager: Loaded 0 collections in 0.001928 seconds
[2019.05.14-07.13.59:494][  0]LogFileCache: Scanning file cache for directory 'D:/Program Files (x86)/ProjetNeo/ProjectBarter/ProjectBarter/Saved/Collections/' took 0.01s
[2019.05.14-07.13.59:494][  0]LogFileCache: Scanning file cache for directory 'D:/Program Files (x86)/ProjetNeo/ProjectBarter/ProjectBarter/Content/Developers/Davo/Collections/' took 0.01s
[2019.05.14-07.13.59:494][  0]LogFileCache: Scanning file cache for directory 'D:/Program Files (x86)/ProjetNeo/ProjectBarter/ProjectBarter/Content/Collections/' took 0.01s
[2019.05.14-07.13.59:494][  0]LogCollectionManager: Rebuilt the GUID cache for 0 collections in 0.000000 seconds
[2019.05.14-07.13.59:506][  0]LogContentBrowser: Native class hierarchy populated in 0.0112 seconds. Added 2579 classes and 605 folders.
[2019.05.14-07.13.59:512][  0]LogContentBrowser: Native class hierarchy updated for 'WidgetCarousel' in 0.0003 seconds. Added 0 classes and 0 folders.
[2019.05.14-07.13.59:580][  0]LogContentBrowser: Native class hierarchy updated for 'AddContentDialog' in 0.0003 seconds. Added 0 classes and 0 folders.
[2019.05.14-07.13.59:587][  0]LogContentBrowser: Native class hierarchy updated for 'SceneOutliner' in 0.0004 seconds. Added 1 classes and 2 folders.
[2019.05.14-07.13.59:714][  0]LogSlate: Took 0.000285 seconds to synchronously load lazily loaded font '../../../Engine/Content/Slate/Fonts/Roboto-Regular.ttf' (155K)
[2019.05.14-07.13.59:716][  0]LogSlate: Took 0.000221 seconds to synchronously load lazily loaded font '../../../Engine/Content/Slate/Fonts/Roboto-Bold.ttf' (160K)
[2019.05.14-07.13.59:725][  0]LogSlate: Took 0.000588 seconds to synchronously load lazily loaded font '../../../Engine/Content/Editor/Slate/Fonts/FontAwesome.ttf' (139K)
[2019.05.14-07.13.59:834][  0]LogRenderer: Reallocating scene render targets to support 868x344 Format 10 NumSamples 1 (Frame:1).
[2019.05.14-07.14.00:102][  0]LogContentBrowser: Native class hierarchy updated for 'HierarchicalLODOutliner' in 0.0003 seconds. Added 0 classes and 0 folders.
[2019.05.14-07.14.00:103][  0]LogLoad: (Engine Initialization) Total time: 12.94 seconds
[2019.05.14-07.14.00:103][  0]LogLoad: (Engine Initialization) Total Blueprint compile time: 0.00 seconds
[2019.05.14-07.14.00:169][  0]LogContentStreaming: Texture pool size now 1000 MB
[2019.05.14-07.14.00:452][  2]LogSlate: Took 0.000310 seconds to synchronously load lazily loaded font '../../../Engine/Content/Slate/Fonts/Roboto-Light.ttf' (167K)
[2019.05.14-07.14.00:603][  4]LogAssetRegistry: Asset discovery search completed in 8.4478 seconds
[2019.05.14-07.14.00:606][  4]LogCollectionManager: Rebuilt the object cache for 0 collections in 0.000000 seconds (found 0 objects)
[2019.05.14-07.14.00:606][  4]LogCollectionManager: Fixed up redirectors for 0 collections in 0.000085 seconds (updated 0 objects)
[2019.05.14-07.14.05:221][466]LogFileCache: Retrieving MD5 hashes for directory 'D:/Program Files (x86)/ProjetNeo/ProjectBarter/ProjectBarter/Content/' took 5.09s
[2019.05.14-07.14.07:591][703]LogSlate: FSceneViewport::OnFocusLost() reason 0
[2019.05.14-07.14.52:275][787]LogSlate: Took 0.000258 seconds to synchronously load lazily loaded font '../../../Engine/Content/Slate/Fonts/Roboto-Light.ttf' (167K)
[2019.05.14-07.14.52:288][787]LogFactory: FactoryCreateFile: Texture with ReimportTextureFactory (0 0 C:\Users\Davo\Downloads\ozjef\textures\boy_Albedo_Test.png)
[2019.05.14-07.14.52:610][787]LogTexture: Display: Building textures: boy_Albedo_Test (AutoDXT, 1024X1024)
[2019.05.14-07.15.52:785][887]LogMaterial: Display: Missing cached shader map for material ALED, compiling. 
[2019.05.14-07.15.52:844][888]LogShaderCompilers: Display: Shaders left to compile 22
[2019.05.14-07.15.52:844][888]LogShaderCompilers: Display: Shaders left to compile 12
[2019.05.14-07.15.52:845][888]LogShaderCompilers: Display: Shaders left to compile 2
[2019.05.14-07.15.54:300][974]LogAssetEditorManager: Opening Asset editor for Material /Game/Animation3D/ALED.ALED
[2019.05.14-07.15.54:308][974]LogMaterial: Display: Missing cached shader map for material ALED, compiling. 
[2019.05.14-07.15.54:334][974]LogShaderCompilers: Display: Shaders left to compile 21
[2019.05.14-07.15.54:334][974]LogShaderCompilers: Display: Shaders left to compile 20
[2019.05.14-07.15.54:805][974]LogMaterial: Display: Missing cached shader map for material ALED, compiling. 
[2019.05.14-07.15.54:829][974]LogShaderCompilers: Display: Shaders left to compile 21
[2019.05.14-07.15.54:833][974]LogMaterial: Display: Missing cached shader map for material ALED, compiling. 
[2019.05.14-07.15.54:887][974]LogMaterial: Display: Missing cached shader map for material FMatExpressionPreview MaterialExpressionTextureSample_0, compiling. 
[2019.05.14-07.15.54:992][974]LogSlate: Took 0.000323 seconds to synchronously load lazily loaded font '../../../Engine/Content/Slate/Fonts/Roboto-BoldCondensed.ttf' (158K)
[2019.05.14-07.15.55:231][974]LogRenderer: Reallocating scene render targets to support 868x372 Format 10 NumSamples 1 (Frame:1).
[2019.05.14-07.15.55:231][974]LogShaderCompilers: Display: Shaders left to compile 23
[2019.05.14-07.15.55:280][976]LogShaderCompilers: Display: Shaders left to compile 22
[2019.05.14-07.15.55:562][986]LogShaderCompilers: Display: Shaders left to compile 21
[2019.05.14-07.15.55:782][994]LogShaderCompilers: Display: Shaders left to compile 20
[2019.05.14-07.15.56:038][  4]LogShaderCompilers: Display: Shaders left to compile 19
[2019.05.14-07.15.56:169][ 10]LogShaderCompilers: Display: Shaders left to compile 18
[2019.05.14-07.15.56:432][ 21]LogShaderCompilers: Display: Shaders left to compile 17
[2019.05.14-07.15.56:542][ 26]LogShaderCompilers: Display: Shaders left to compile 16
[2019.05.14-07.15.56:583][ 28]LogShaderCompilers: Display: Shaders left to compile 15
[2019.05.14-07.15.56:808][ 38]LogShaderCompilers: Display: Shaders left to compile 14
[2019.05.14-07.15.56:830][ 39]LogShaderCompilers: Display: Shaders left to compile 13
[2019.05.14-07.15.56:947][ 45]LogShaderCompilers: Display: Shaders left to compile 12
[2019.05.14-07.15.57:430][ 68]LogShaderCompilers: Display: Shaders left to compile 11
[2019.05.14-07.15.57:495][ 71]LogShaderCompilers: Display: Shaders left to compile 10
[2019.05.14-07.15.57:683][ 80]LogShaderCompilers: Display: Shaders left to compile 9
[2019.05.14-07.15.58:202][104]LogShaderCompilers: Display: Shaders left to compile 8
[2019.05.14-07.15.58:202][104]LogShaderCompilers: Display: Shaders left to compile 7
[2019.05.14-07.15.58:339][111]LogShaderCompilers: Display: Shaders left to compile 6
[2019.05.14-07.15.58:799][132]LogShaderCompilers: Display: Shaders left to compile 5
[2019.05.14-07.15.59:002][141]LogShaderCompilers: Display: Shaders left to compile 4
[2019.05.14-07.15.59:056][144]LogShaderCompilers: Display: Shaders left to compile 3
[2019.05.14-07.15.59:559][168]LogShaderCompilers: Display: Shaders left to compile 2
[2019.05.14-07.15.59:576][169]LogShaderCompilers: Display: Shaders left to compile 1
[2019.05.14-07.15.59:778][178]MaterialEditorStats: Base pass shader: 102 instructions
[2019.05.14-07.15.59:778][178]MaterialEditorStats: Base pass shader with Volumetric Lightmap: 175 instructions
[2019.05.14-07.15.59:778][178]MaterialEditorStats: Base pass vertex shader: 36 instructions
[2019.05.14-07.15.59:778][178]MaterialEditorStats: Texture samplers: 4/16
[2019.05.14-07.15.59:778][178]MaterialEditorStats: Texture Lookups (Est.): VS(0), PS(1)
[2019.05.14-07.15.59:778][178]MaterialEditorStats: User interpolators: 2/4 Scalars (1/4 Vectors) (TexCoords: 2, Custom: 0)
[2019.05.14-07.16.01:537][279]LogSlate: FSceneViewport::OnFocusLost() reason 0
[2019.05.14-07.16.01:608][285]LogMaterialEditor: Saving and Compiling material ALED
[2019.05.14-07.16.01:670][285]Cmd: OBJ SAVEPACKAGE PACKAGE="/Game/Animation3D/ALED" FILE="../../../../../ProjetNeo/ProjectBarter/ProjectBarter/Content/Animation3D/ALED.uasset" SILENT=true
[2019.05.14-07.16.01:687][285]LogSavePackage: Moving '../../../../../ProjetNeo/ProjectBarter/ProjectBarter/Saved/ALED97E88E2447B0FEF99A41B096734C8FB1.tmp' to '../../../../../ProjetNeo/ProjectBarter/ProjectBarter/Content/Animation3D/ALED.uasset'
[2019.05.14-07.16.02:234][319]LogSlate: Window 'ALED' being destroyed
[2019.05.14-07.16.04:539][479]LogAssetEditorManager: Opening Asset editor for SkeletalMesh /Game/Animation3D/boy.boy
[2019.05.14-07.16.04:545][479]LogContentBrowser: Native class hierarchy updated for 'SkeletonEditor' in 0.0003 seconds. Added 1 classes and 2 folders.
[2019.05.14-07.16.04:554][479]LogActorComponent: RegisterComponentWithWorld: (/Engine/Transient.World_2:PersistentLevel.AnimationEditorPreviewActor_0.DebugSkelMeshComponent_0) Already registered. Aborting.
[2019.05.14-07.16.04:557][479]LogContentBrowser: Native class hierarchy updated for 'PinnedCommandList' in 0.0003 seconds. Added 1 classes and 0 folders.
[2019.05.14-07.16.04:628][479]LogSkeletalMesh: USkeletalMeshComponent::InitArticulated : Bodies already created (/Engine/Transient.World_2:PersistentLevel.AnimationEditorPreviewActor_0.DebugSkelMeshComponent_0) - call TermArticulated first.
[2019.05.14-07.16.05:027][479]LogSlate: Took 0.000245 seconds to synchronously load lazily loaded font '../../../Engine/Content/Slate/Fonts/Roboto-Italic.ttf' (157K)
[2019.05.14-07.16.05:062][479]LogContentBrowser: Native class hierarchy updated for 'ClothingSystemEditorInterface' in 0.0003 seconds. Added 1 classes and 0 folders.
[2019.05.14-07.16.05:083][479]LogRenderer: Reallocating scene render targets to support 868x712 Format 10 NumSamples 1 (Frame:1).
[2019.05.14-07.16.11:245][854]LogSkeletalMesh: Building Skeletal Mesh boy...
[2019.05.14-07.16.11:247][854]LogSkeletalMesh: Built Skeletal Mesh [0.00s] /Game/Animation3D/boy.boy
[2019.05.14-07.16.11:247][854]LogMaterial: Warning: Material /Game/Animation3D/ALED.ALED needed to have new flag set bUsedWithSkeletalMesh !
[2019.05.14-07.16.11:251][854]LogMaterial: Display: Missing cached shader map for material ALED, compiling. 
[2019.05.14-07.16.11:428][855]LogShaderCompilers: Display: Shaders left to compile 60
[2019.05.14-07.16.11:428][855]LogShaderCompilers: Display: Shaders left to compile 50
[2019.05.14-07.16.11:428][855]LogShaderCompilers: Display: Shaders left to compile 40
[2019.05.14-07.16.11:428][855]LogShaderCompilers: Display: Shaders left to compile 30
[2019.05.14-07.16.14:973][984]LogShaderCompilers: Display: Shaders left to compile 20
[2019.05.14-07.16.15:932][ 23]LogShaderCompilers: Display: Shaders left to compile 10
[2019.05.14-07.20.12:417][741]LogSlate: FSceneViewport::OnFocusLost() reason 0
[2019.05.14-07.20.12:483][746]LogSlate: Window 'boy*' being destroyed
[2019.05.14-07.20.19:568][367]LogMaterial: Display: Missing cached shader map for material bonjour, compiling. 
[2019.05.14-07.20.19:599][368]LogShaderCompilers: Display: Shaders left to compile 22
[2019.05.14-07.20.19:599][368]LogShaderCompilers: Display: Shaders left to compile 12
[2019.05.14-07.20.19:599][368]LogShaderCompilers: Display: Shaders left to compile 2
[2019.05.14-07.20.24:205][684]LogAssetEditorManager: Opening Asset editor for Material /Game/Animation3D/bonjour.bonjour
[2019.05.14-07.20.24:209][684]LogMaterial: Display: Missing cached shader map for material bonjour, compiling. 
[2019.05.14-07.20.24:234][684]LogShaderCompilers: Display: Shaders left to compile 21
[2019.05.14-07.20.24:234][684]LogShaderCompilers: Display: Shaders left to compile 20
[2019.05.14-07.20.24:234][684]LogShaderCompilers: Display: Shaders left to compile 19
[2019.05.14-07.20.24:369][684]LogMaterial: Display: Missing cached shader map for material bonjour, compiling. 
[2019.05.14-07.20.24:402][684]LogMaterial: Display: Missing cached shader map for material bonjour, compiling. 
[2019.05.14-07.20.24:465][684]LogMaterial: Display: Missing cached shader map for material FMatExpressionPreview MaterialExpressionTextureSample_0, compiling. 
[2019.05.14-07.20.24:748][684]LogShaderCompilers: Display: Shaders left to compile 23
[2019.05.14-07.20.24:748][684]LogShaderCompilers: Display: Shaders left to compile 22
[2019.05.14-07.20.25:262][706]LogShaderCompilers: Display: Shaders left to compile 21
[2019.05.14-07.20.25:300][708]LogShaderCompilers: Display: Shaders left to compile 20
[2019.05.14-07.20.25:357][711]LogShaderCompilers: Display: Shaders left to compile 19
[2019.05.14-07.20.25:686][727]LogShaderCompilers: Display: Shaders left to compile 18
[2019.05.14-07.20.25:728][729]LogShaderCompilers: Display: Shaders left to compile 17
[2019.05.14-07.20.25:769][731]LogShaderCompilers: Display: Shaders left to compile 16
[2019.05.14-07.20.26:049][744]LogShaderCompilers: Display: Shaders left to compile 15
[2019.05.14-07.20.26:119][747]LogShaderCompilers: Display: Shaders left to compile 14
[2019.05.14-07.20.26:141][748]LogShaderCompilers: Display: Shaders left to compile 13
[2019.05.14-07.20.26:159][749]LogShaderCompilers: Display: Shaders left to compile 12
[2019.05.14-07.20.26:424][762]LogShaderCompilers: Display: Shaders left to compile 11
[2019.05.14-07.20.26:758][778]LogShaderCompilers: Display: Shaders left to compile 10
[2019.05.14-07.20.27:115][795]LogShaderCompilers: Display: Shaders left to compile 9
[2019.05.14-07.20.27:134][796]LogShaderCompilers: Display: Shaders left to compile 8
[2019.05.14-07.20.27:398][809]LogShaderCompilers: Display: Shaders left to compile 7
[2019.05.14-07.20.27:697][823]LogShaderCompilers: Display: Shaders left to compile 6
[2019.05.14-07.20.27:736][825]LogShaderCompilers: Display: Shaders left to compile 5
[2019.05.14-07.20.28:095][842]LogShaderCompilers: Display: Shaders left to compile 4
[2019.05.14-07.20.28:200][847]LogShaderCompilers: Display: Shaders left to compile 3
[2019.05.14-07.20.28:437][858]LogShaderCompilers: Display: Shaders left to compile 2
[2019.05.14-07.20.28:598][865]LogShaderCompilers: Display: Shaders left to compile 1
[2019.05.14-07.20.28:963][883]MaterialEditorStats: Base pass shader: 102 instructions
[2019.05.14-07.20.28:963][883]MaterialEditorStats: Base pass shader with Volumetric Lightmap: 175 instructions
[2019.05.14-07.20.28:963][883]MaterialEditorStats: Base pass vertex shader: 36 instructions
[2019.05.14-07.20.28:963][883]MaterialEditorStats: Texture samplers: 4/16
[2019.05.14-07.20.28:963][883]MaterialEditorStats: Texture Lookups (Est.): VS(0), PS(1)
[2019.05.14-07.20.28:963][883]MaterialEditorStats: User interpolators: 2/4 Scalars (1/4 Vectors) (TexCoords: 2, Custom: 0)
[2019.05.14-07.20.31:555][ 57]LogMaterialEditor: Saving and Compiling material bonjour
[2019.05.14-07.20.31:610][ 57]Cmd: OBJ SAVEPACKAGE PACKAGE="/Game/Animation3D/bonjour" FILE="../../../../../ProjetNeo/ProjectBarter/ProjectBarter/Content/Animation3D/bonjour.uasset" SILENT=true
[2019.05.14-07.20.31:630][ 57]LogSavePackage: Moving '../../../../../ProjetNeo/ProjectBarter/ProjectBarter/Saved/bonjour5E84C60648B0BC4E79C2659F24110DA5.tmp' to '../../../../../ProjetNeo/ProjectBarter/ProjectBarter/Content/Animation3D/bonjour.uasset'
[2019.05.14-07.20.32:290][100]LogSlate: Window 'bonjour' being destroyed
[2019.05.14-07.20.35:404][268]LogAssetEditorManager: Opening Asset editor for SkeletalMesh /Game/Animation3D/boy.boy
[2019.05.14-07.20.35:429][268]LogActorComponent: RegisterComponentWithWorld: (/Engine/Transient.World_6:PersistentLevel.AnimationEditorPreviewActor_0.DebugSkelMeshComponent_0) Already registered. Aborting.
[2019.05.14-07.20.35:521][268]LogSkeletalMesh: USkeletalMeshComponent::InitArticulated : Bodies already created (/Engine/Transient.World_6:PersistentLevel.AnimationEditorPreviewActor_0.DebugSkelMeshComponent_0) - call TermArticulated first.
[2019.05.14-07.20.43:498][713]LogSkeletalMesh: Building Skeletal Mesh boy...
[2019.05.14-07.20.43:501][713]LogSkeletalMesh: Built Skeletal Mesh [0.00s] /Game/Animation3D/boy.boy
[2019.05.14-07.20.43:501][713]LogMaterial: Warning: Material /Game/Animation3D/bonjour.bonjour needed to have new flag set bUsedWithSkeletalMesh !
[2019.05.14-07.20.43:507][713]LogMaterial: Display: Missing cached shader map for material bonjour, compiling. 
[2019.05.14-07.20.43:547][713]LogShaderCompilers: Display: Shaders left to compile 60
[2019.05.14-07.20.43:547][713]LogShaderCompilers: Display: Shaders left to compile 50
[2019.05.14-07.20.43:547][713]LogShaderCompilers: Display: Shaders left to compile 40
[2019.05.14-07.20.43:547][713]LogShaderCompilers: Display: Shaders left to compile 30
[2019.05.14-07.20.47:199][833]LogShaderCompilers: Display: Shaders left to compile 20
[2019.05.14-07.20.48:418][875]LogShaderCompilers: Display: Shaders left to compile 10
[2019.05.14-07.20.56:496][206]LogSlate: FSceneViewport::OnFocusLost() reason 2
[2019.05.14-07.20.59:175][374]LogSkeletalMesh: Building Skeletal Mesh boy...
[2019.05.14-07.20.59:178][374]LogSkeletalMesh: Built Skeletal Mesh [0.00s] /Game/Animation3D/boy.boy
[2019.05.14-07.21.03:231][608]LogSkeletalMesh: Building Skeletal Mesh boy...
[2019.05.14-07.21.03:234][608]LogSkeletalMesh: Built Skeletal Mesh [0.00s] /Game/Animation3D/boy.boy
[2019.05.14-07.21.06:055][729]LogSlate: FSceneViewport::OnFocusLost() reason 2
[2019.05.14-07.21.08:824][897]LogSkeletalMesh: Building Skeletal Mesh boy...
[2019.05.14-07.21.08:827][897]LogSkeletalMesh: Built Skeletal Mesh [0.00s] /Game/Animation3D/boy.boy
[2019.05.14-07.21.09:530][921]LogSlate: FSceneViewport::OnFocusLost() reason 2
[2019.05.14-07.21.12:611][123]LogSkeletalMesh: Building Skeletal Mesh boy...
[2019.05.14-07.21.12:614][123]LogSkeletalMesh: Built Skeletal Mesh [0.00s] /Game/Animation3D/boy.boy
[2019.05.14-07.21.13:315][145]LogSlate: FSceneViewport::OnFocusLost() reason 0
[2019.05.14-07.21.17:329][357]LogSkeletalMesh: Building Skeletal Mesh boy...
[2019.05.14-07.21.17:332][357]LogSkeletalMesh: Built Skeletal Mesh [0.01s] /Game/Animation3D/boy.boy
[2019.05.14-07.21.43:471][730]LogSlate: FSceneViewport::OnFocusLost() reason 0
[2019.05.14-07.21.43:617][736]Cmd: OBJ SAVEPACKAGE PACKAGE="/Game/Animation3D/boy" FILE="../../../../../ProjetNeo/ProjectBarter/ProjectBarter/Content/Animation3D/boy.uasset" SILENT=true
[2019.05.14-07.21.43:678][736]LogSavePackage: Moving '../../../../../ProjetNeo/ProjectBarter/ProjectBarter/Saved/boyF2E5FD654399AF552D1A70A081590216.tmp' to '../../../../../ProjetNeo/ProjectBarter/ProjectBarter/Content/Animation3D/boy.uasset'
[2019.05.14-07.21.44:920][800]LogSlate: Window 'boy' being destroyed
[2019.05.14-07.21.46:657][909]LogAssetEditorManager: Opening Asset editor for Material /Game/Animation3D/Test.Test
[2019.05.14-07.21.46:660][909]LogMaterial: Display: Missing cached shader map for material Test, compiling. 
[2019.05.14-07.21.46:830][909]LogMaterial: Display: Missing cached shader map for material Test, compiling. 
[2019.05.14-07.21.46:869][909]LogMaterial: Display: Missing cached shader map for material Test, compiling. 
[2019.05.14-07.21.46:910][909]LogShaderCompilers: Display: Shaders left to compile 59
[2019.05.14-07.21.46:910][909]LogShaderCompilers: Display: Shaders left to compile 58
[2019.05.14-07.21.46:910][909]LogShaderCompilers: Display: Shaders left to compile 57
[2019.05.14-07.21.46:910][909]LogShaderCompilers: Display: Shaders left to compile 56
[2019.05.14-07.21.46:933][909]LogMaterial: Display: Missing cached shader map for material FMatExpressionPreview MaterialExpressionTextureSample_0, compiling. 
[2019.05.14-07.21.47:892][938]LogShaderCompilers: Display: Shaders left to compile 57
[2019.05.14-07.21.47:940][940]LogShaderCompilers: Display: Shaders left to compile 56
[2019.05.14-07.21.48:016][943]LogShaderCompilers: Display: Shaders left to compile 55
[2019.05.14-07.21.48:035][944]LogShaderCompilers: Display: Shaders left to compile 54
[2019.05.14-07.21.48:409][960]LogShaderCompilers: Display: Shaders left to compile 53
[2019.05.14-07.21.48:435][961]LogShaderCompilers: Display: Shaders left to compile 52
[2019.05.14-07.21.48:435][961]LogShaderCompilers: Display: Shaders left to compile 51
[2019.05.14-07.21.48:480][963]LogShaderCompilers: Display: Shaders left to compile 50
[2019.05.14-07.21.48:806][977]LogShaderCompilers: Display: Shaders left to compile 49
[2019.05.14-07.21.49:086][988]LogShaderCompilers: Display: Shaders left to compile 48
[2019.05.14-07.21.49:420][  1]LogShaderCompilers: Display: Shaders left to compile 47
[2019.05.14-07.21.49:573][  7]LogShaderCompilers: Display: Shaders left to compile 46
[2019.05.14-07.21.49:708][ 13]LogSlate: Window 'Test' being destroyed
[2019.05.14-07.21.49:812][ 13]LogShaderCompilers: Display: Shaders left to compile 43
[2019.05.14-07.21.49:942][ 15]LogShaderCompilers: Display: Shaders left to compile 42
[2019.05.14-07.21.50:108][ 25]LogShaderCompilers: Display: Shaders left to compile 41
[2019.05.14-07.21.50:515][ 42]LogShaderCompilers: Display: Shaders left to compile 40
[2019.05.14-07.21.50:531][ 43]LogShaderCompilers: Display: Shaders left to compile 39
[2019.05.14-07.21.50:824][ 53]LogShaderCompilers: Display: Shaders left to compile 38
[2019.05.14-07.21.50:950][ 58]LogShaderCompilers: Display: Shaders left to compile 37
[2019.05.14-07.21.50:967][ 58]LogAssetEditorManager: Opening Asset editor for SkeletalMesh /Game/Animation3D/boy.boy
[2019.05.14-07.21.50:994][ 58]LogActorComponent: RegisterComponentWithWorld: (/Engine/Transient.World_8:PersistentLevel.AnimationEditorPreviewActor_0.DebugSkelMeshComponent_0) Already registered. Aborting.
[2019.05.14-07.21.51:116][ 58]LogShaderCompilers: Display: Shaders left to compile 36
[2019.05.14-07.21.51:116][ 58]LogSkeletalMesh: USkeletalMeshComponent::InitArticulated : Bodies already created (/Engine/Transient.World_8:PersistentLevel.AnimationEditorPreviewActor_0.DebugSkelMeshComponent_0) - call TermArticulated first.
[2019.05.14-07.21.51:371][ 58]LogShaderCompilers: Display: Shaders left to compile 35
[2019.05.14-07.21.51:372][ 58]LogShaderCompilers: Display: Shaders left to compile 34
[2019.05.14-07.21.51:514][ 58]LogShaderCompilers: Display: Shaders left to compile 33
[2019.05.14-07.21.51:514][ 58]LogShaderCompilers: Display: Shaders left to compile 32
[2019.05.14-07.21.51:798][ 58]LogShaderCompilers: Display: Shaders left to compile 31
[2019.05.14-07.21.51:799][ 58]LogShaderCompilers: Display: Shaders left to compile 30
[2019.05.14-07.21.51:799][ 58]LogShaderCompilers: Display: Shaders left to compile 29
[2019.05.14-07.21.51:871][ 58]LogShaderCompilers: Display: Shaders left to compile 28
[2019.05.14-07.21.52:408][ 71]LogShaderCompilers: Display: Shaders left to compile 27
[2019.05.14-07.21.52:533][ 75]LogShaderCompilers: Display: Shaders left to compile 26
[2019.05.14-07.21.52:533][ 75]LogShaderCompilers: Display: Shaders left to compile 25
[2019.05.14-07.21.52:716][ 81]LogShaderCompilers: Display: Shaders left to compile 24
[2019.05.14-07.21.53:049][ 91]LogShaderCompilers: Display: Shaders left to compile 23
[2019.05.14-07.21.53:327][100]LogShaderCompilers: Display: Shaders left to compile 22
[2019.05.14-07.21.53:630][109]LogShaderCompilers: Display: Shaders left to compile 21
[2019.05.14-07.21.53:653][110]LogShaderCompilers: Display: Shaders left to compile 20
[2019.05.14-07.21.53:685][111]LogShaderCompilers: Display: Shaders left to compile 19
[2019.05.14-07.21.54:225][128]LogShaderCompilers: Display: Shaders left to compile 18
[2019.05.14-07.21.54:311][131]LogShaderCompilers: Display: Shaders left to compile 17
[2019.05.14-07.21.54:338][132]LogShaderCompilers: Display: Shaders left to compile 16
[2019.05.14-07.21.54:643][142]LogShaderCompilers: Display: Shaders left to compile 15
[2019.05.14-07.21.54:752][145]LogShaderCompilers: Display: Shaders left to compile 14
[2019.05.14-07.21.54:778][146]LogShaderCompilers: Display: Shaders left to compile 13
[2019.05.14-07.21.54:784][146]LogShaderCompilers: Display: Shaders left to compile 12
[2019.05.14-07.21.55:092][156]LogShaderCompilers: Display: Shaders left to compile 11
[2019.05.14-07.21.55:205][159]LogShaderCompilers: Display: Shaders left to compile 10
[2019.05.14-07.21.55:272][161]LogShaderCompilers: Display: Shaders left to compile 9
[2019.05.14-07.21.55:703][175]LogShaderCompilers: Display: Shaders left to compile 8
[2019.05.14-07.21.55:798][178]LogShaderCompilers: Display: Shaders left to compile 7
[2019.05.14-07.21.56:043][185]LogShaderCompilers: Display: Shaders left to compile 6
[2019.05.14-07.21.56:181][189]LogShaderCompilers: Display: Shaders left to compile 5
[2019.05.14-07.21.56:433][197]LogShaderCompilers: Display: Shaders left to compile 4
[2019.05.14-07.21.56:539][201]LogShaderCompilers: Display: Shaders left to compile 3
[2019.05.14-07.21.57:066][216]LogShaderCompilers: Display: Shaders left to compile 2
[2019.05.14-07.21.57:067][216]LogShaderCompilers: Display: Shaders left to compile 1
[2019.05.14-07.22.23:415][488]LogSlate: FSceneViewport::OnFocusLost() reason 0
[2019.05.14-07.23.07:648][117]LogSlate: FSceneViewport::OnFocusLost() reason 0
[2019.05.14-07.23.15:513][530]LogSlate: FSceneViewport::OnFocusLost() reason 0
[2019.05.14-07.23.19:507][646]LogSlate: Window 'Create New Animation Object' being destroyed
[2019.05.14-07.23.31:589][291]Cmd: OBJ SAVEPACKAGE PACKAGE="/Game/Animation3D/boy" FILE="../../../../../ProjetNeo/ProjectBarter/ProjectBarter/Content/Animation3D/boy.uasset" SILENT=true
[2019.05.14-07.23.31:608][291]LogSavePackage: Moving '../../../../../ProjetNeo/ProjectBarter/ProjectBarter/Saved/boy103DF1304CE390D688FE96BA2498C136.tmp' to '../../../../../ProjetNeo/ProjectBarter/ProjectBarter/Content/Animation3D/boy.uasset'
[2019.05.14-07.24.03:645][447]LogFileHelpers: Editor autosave (incl. sublevels) for '/Game/TopDownBP/Maps/TopDownExampleMap' took 0.027
[2019.05.14-07.24.03:648][447]OBJ SavePackage: Generating thumbnails for [1] asset(s) in package [/Game/Animation3D/boy_Albedo_Test] ([1] browsable assets)...
[2019.05.14-07.24.03:665][447]OBJ SavePackage:     Rendered thumbnail for [Texture2D /Game/Animation3D/boy_Albedo_Test.boy_Albedo_Test]
[2019.05.14-07.24.03:665][447]OBJ SavePackage: Finished generating thumbnails for package [/Game/Animation3D/boy_Albedo_Test]
[2019.05.14-07.24.03:749][447]LogSavePackage: Moving '../../../../../ProjetNeo/ProjectBarter/ProjectBarter/Saved/boy_Albedo_Test_Auto19FF0D67244EA840339C1068B0979AAEA.tmp' to '../../../../../ProjetNeo/ProjectBarter/ProjectBarter/Saved/Autosaves/Game/Animation3D/boy_Albedo_Test_Auto1.uasset'
[2019.05.14-07.24.03:751][447]OBJ SavePackage: Generating thumbnails for [0] asset(s) in package [/Game/Animation3D/ALED] ([1] browsable assets)...
[2019.05.14-07.24.03:751][447]OBJ SavePackage: Finished generating thumbnails for package [/Game/Animation3D/ALED]
[2019.05.14-07.24.03:751][447]Cmd: OBJ SAVEPACKAGE PACKAGE="/Game/Animation3D/ALED" FILE="../../../../../ProjetNeo/ProjectBarter/ProjectBarter/Saved/Autosaves/Game/Animation3D/ALED_Auto1.uasset" SILENT=false AUTOSAVING=true
[2019.05.14-07.24.03:770][447]LogSavePackage: Moving '../../../../../ProjetNeo/ProjectBarter/ProjectBarter/Saved/ALED_Auto18CA651C64E360049759866B2EBF1A8EB.tmp' to '../../../../../ProjetNeo/ProjectBarter/ProjectBarter/Saved/Autosaves/Game/Animation3D/ALED_Auto1.uasset'
[2019.05.14-07.24.03:773][447]OBJ SavePackage: Generating thumbnails for [0] asset(s) in package [/Game/Animation3D/bonjour] ([1] browsable assets)...
[2019.05.14-07.24.03:774][447]OBJ SavePackage: Finished generating thumbnails for package [/Game/Animation3D/bonjour]
[2019.05.14-07.24.03:774][447]Cmd: OBJ SAVEPACKAGE PACKAGE="/Game/Animation3D/bonjour" FILE="../../../../../ProjetNeo/ProjectBarter/ProjectBarter/Saved/Autosaves/Game/Animation3D/bonjour_Auto1.uasset" SILENT=false AUTOSAVING=true
[2019.05.14-07.24.03:789][447]LogSavePackage: Moving '../../../../../ProjetNeo/ProjectBarter/ProjectBarter/Saved/bonjour_Auto1F5291E3744503643A33FEEABAEF242C8.tmp' to '../../../../../ProjetNeo/ProjectBarter/ProjectBarter/Saved/Autosaves/Game/Animation3D/bonjour_Auto1.uasset'
[2019.05.14-07.24.03:791][447]LogFileHelpers: Auto-saving content packages took 0.144
[2019.05.14-07.24.46:821][ 22]LogSlate: FSceneViewport::OnFocusLost() reason 0
[2019.05.14-07.24.49:292][139]LogSlate: Window 'Clothing' being destroyed
[2019.05.14-07.24.49:306][139]LogSlate: Window 'Clothing' being destroyed
[2019.05.14-07.24.49:310][139]LogSkeletalMesh: Building Skeletal Mesh boy...
[2019.05.14-07.24.49:312][139]LogSkeletalMesh: Built Skeletal Mesh [0.01s] /Game/Animation3D/boy.boy
[2019.05.14-07.24.57:314][515]Cmd: OBJ SAVEPACKAGE PACKAGE="/Game/Animation3D/boy" FILE="../../../../../ProjetNeo/ProjectBarter/ProjectBarter/Content/Animation3D/boy.uasset" SILENT=true
[2019.05.14-07.24.57:370][515]LogSavePackage: Moving '../../../../../ProjetNeo/ProjectBarter/ProjectBarter/Saved/boy6F189E2945713C80A28F1892C6AA8316.tmp' to '../../../../../ProjetNeo/ProjectBarter/ProjectBarter/Content/Animation3D/boy.uasset'
[2019.05.14-07.24.58:239][561]LogSlate: Window 'boy' being destroyed
[2019.05.14-07.25.05:324][218]LogSlate: FSceneViewport::OnFocusLost() reason 0
[2019.05.14-07.25.06:725][228]LogSlate: Window 'Save Content' being destroyed
[2019.05.14-07.25.06:752][228]Cmd: OBJ SAVEPACKAGE PACKAGE="/Game/Animation3D/ALED" FILE="../../../../../ProjetNeo/ProjectBarter/ProjectBarter/Content/Animation3D/ALED.uasset" SILENT=true
[2019.05.14-07.25.06:762][228]LogSavePackage: Moving '../../../../../ProjetNeo/ProjectBarter/ProjectBarter/Saved/ALEDED8618314F5D632B35C2FBA8A05D1031.tmp' to '../../../../../ProjetNeo/ProjectBarter/ProjectBarter/Content/Animation3D/ALED.uasset'
[2019.05.14-07.25.06:772][228]Cmd: OBJ SAVEPACKAGE PACKAGE="/Game/Animation3D/bonjour" FILE="../../../../../ProjetNeo/ProjectBarter/ProjectBarter/Content/Animation3D/bonjour.uasset" SILENT=true
[2019.05.14-07.25.06:781][228]LogSavePackage: Moving '../../../../../ProjetNeo/ProjectBarter/ProjectBarter/Saved/bonjour73040AFD4132F08908A566B8BE4E194F.tmp' to '../../../../../ProjetNeo/ProjectBarter/ProjectBarter/Content/Animation3D/bonjour.uasset'
[2019.05.14-07.25.06:794][228]Cmd: OBJ SAVEPACKAGE PACKAGE="/Game/Animation3D/boy_Albedo_Test" FILE="../../../../../ProjetNeo/ProjectBarter/ProjectBarter/Content/Animation3D/boy_Albedo_Test.uasset" SILENT=true
[2019.05.14-07.25.06:867][228]LogSavePackage: Moving '../../../../../ProjetNeo/ProjectBarter/ProjectBarter/Saved/boy_Albedo_Test0A8A803F4A96DEDD9A821D86E8741673.tmp' to '../../../../../ProjetNeo/ProjectBarter/ProjectBarter/Content/Animation3D/boy_Albedo_Test.uasset'
[2019.05.14-07.25.06:983][228]LogSlate: Window 'ProjectBarter - Unreal Editor' being destroyed
[2019.05.14-07.25.07:168][229]Cmd: QUIT_EDITOR
[2019.05.14-07.25.07:254][229]LogExit: Preparing to exit.
[2019.05.14-07.25.07:606][229]LogExit: Editor shut down
[2019.05.14-07.25.07:606][229]LogExit: Transaction tracking system shut down
[2019.05.14-07.25.07:943][229]LogExit: Object subsystem successfully closed.
[2019.05.14-07.25.07:962][229]LogShaderCompilers: Display: Shaders left to compile 0
[2019.05.14-07.25.07:966][229]LogD3D11RHI: Shutdown
[2019.05.14-07.25.07:966][229]LogD3D11RHI: CleanupD3DDevice
[2019.05.14-07.25.07:968][229]LogD3D11RHI: ~FD3D11DynamicRHI
[2019.05.14-07.25.07:979][229]LogModuleManager: Shutting down and abandoning module ClothingSystemEditorInterface (618)
[2019.05.14-07.25.07:979][229]LogModuleManager: Shutting down and abandoning module PinnedCommandList (616)
[2019.05.14-07.25.07:979][229]LogModuleManager: Shutting down and abandoning module SkeletonEditor (614)
[2019.05.14-07.25.07:979][229]LogModuleManager: Shutting down and abandoning module HierarchicalLODOutliner (612)
[2019.05.14-07.25.07:979][229]LogModuleManager: Shutting down and abandoning module SceneOutliner (610)
[2019.05.14-07.25.07:979][229]LogModuleManager: Shutting down and abandoning module AddContentDialog (608)
[2019.05.14-07.25.07:980][229]LogModuleManager: Shutting down and abandoning module WidgetCarousel (607)
[2019.05.14-07.25.07:980][229]LogModuleManager: Shutting down and abandoning module EditorWidgets (604)
[2019.05.14-07.25.07:980][229]LogModuleManager: Shutting down and abandoning module CollectionManager (602)
[2019.05.14-07.25.07:980][229]LogModuleManager: Shutting down and abandoning module StatsViewer (600)
[2019.05.14-07.25.07:980][229]LogModuleManager: Shutting down and abandoning module FoliageEdit (598)
[2019.05.14-07.25.07:980][229]LogModuleManager: Shutting down and abandoning module LandscapeEditor (596)
[2019.05.14-07.25.07:980][229]LogModuleManager: Shutting down and abandoning module MeshPaintMode (594)
[2019.05.14-07.25.07:980][229]LogModuleManager: Shutting down and abandoning module SceneDepthPickerMode (592)
[2019.05.14-07.25.07:980][229]LogModuleManager: Shutting down and abandoning module ActorPickerMode (590)
[2019.05.14-07.25.07:980][229]LogModuleManager: Shutting down and abandoning module GeometryMode (588)
[2019.05.14-07.25.07:980][229]LogModuleManager: Shutting down and abandoning module TextureAlignMode (586)
[2019.05.14-07.25.07:980][229]LogModuleManager: Shutting down and abandoning module BspMode (584)
[2019.05.14-07.25.07:980][229]LogModuleManager: Shutting down and abandoning module PIEPreviewDeviceProfileSelector (582)
[2019.05.14-07.25.07:980][229]LogModuleManager: Shutting down and abandoning module SequenceRecorderSections (580)
[2019.05.14-07.25.07:980][229]LogModuleManager: Shutting down and abandoning module AutomationWorker (578)
[2019.05.14-07.25.07:980][229]LogModuleManager: Shutting down and abandoning module AudioCaptureEditor (576)
[2019.05.14-07.25.07:981][229]LogModuleManager: Shutting down and abandoning module SequenceRecorder (575)
[2019.05.14-07.25.07:981][229]LogModuleManager: Shutting down and abandoning module MatineeToLevelSequence (572)
[2019.05.14-07.25.07:981][229]LogModuleManager: Shutting down and abandoning module LevelSequenceEditor (570)
[2019.05.14-07.25.07:981][229]LogModuleManager: Shutting down and abandoning module PlacementMode (569)
[2019.05.14-07.25.07:981][229]LogModuleManager: Shutting down and abandoning module MaterialEditor (568)
[2019.05.14-07.25.07:981][229]LogModuleManager: Shutting down and abandoning module WmfMediaFactory (564)
[2019.05.14-07.25.07:981][229]LogModuleManager: Shutting down and abandoning module WmfMediaEditor (562)
[2019.05.14-07.25.07:981][229]LogModuleManager: Shutting down and abandoning module MediaPlayerEditor (560)
[2019.05.14-07.25.07:981][229]LogModuleManager: Shutting down and abandoning module OpenExrWrapper (558)
[2019.05.14-07.25.07:981][229]LogModuleManager: Shutting down and abandoning module ImgMediaFactory (556)
[2019.05.14-07.25.07:981][229]LogModuleManager: Shutting down and abandoning module ImgMediaEditor (554)
[2019.05.14-07.25.07:981][229]LogModuleManager: Shutting down and abandoning module AvfMediaFactory (552)
[2019.05.14-07.25.07:981][229]LogModuleManager: Shutting down and abandoning module AvfMediaEditor (550)
[2019.05.14-07.25.07:981][229]LogModuleManager: Shutting down and abandoning module AndroidMediaFactory (548)
[2019.05.14-07.25.07:981][229]LogModuleManager: Shutting down and abandoning module AndroidMediaEditor (546)
[2019.05.14-07.25.07:981][229]LogModuleManager: Shutting down and abandoning module MagicLeapCameraPreviewFactory (544)
[2019.05.14-07.25.07:981][229]LogModuleManager: Shutting down and abandoning module MagicLeapMediaFactory (542)
[2019.05.14-07.25.07:981][229]LogModuleManager: Shutting down and abandoning module MagicLeapMediaEditor (540)
[2019.05.14-07.25.07:981][229]LogModuleManager: Shutting down and abandoning module CharacterAI (538)
[2019.05.14-07.25.07:981][229]LogModuleManager: Shutting down and abandoning module SmartSnapping (536)
[2019.05.14-07.25.07:981][229]LogModuleManager: Shutting down and abandoning module SessionServices (534)
[2019.05.14-07.25.07:981][229]LogModuleManager: Shutting down and abandoning module ViewportSnapping (532)
[2019.05.14-07.25.07:981][229]LogModuleManager: Shutting down and abandoning module ViewportInteraction (530)
[2019.05.14-07.25.07:981][229]LogModuleManager: Shutting down and abandoning module ClothPainter (528)
[2019.05.14-07.25.07:981][229]LogModuleManager: Shutting down and abandoning module SkeletalMeshEditor (527)
[2019.05.14-07.25.07:981][229]LogModuleManager: Shutting down and abandoning module LogVisualizer (524)
[2019.05.14-07.25.07:981][229]LogModuleManager: Shutting down and abandoning module IntroTutorials (522)
[2019.05.14-07.25.07:981][229]LogModuleManager: Shutting down and abandoning module GameProjectGeneration (521)
[2019.05.14-07.25.07:981][229]LogModuleManager: Shutting down and abandoning module LuminPlatformEditor (518)
[2019.05.14-07.25.07:981][229]LogModuleManager: Shutting down and abandoning module IOSPlatformEditor (516)
[2019.05.14-07.25.07:981][229]LogModuleManager: Shutting down and abandoning module HTML5PlatformEditor (514)
[2019.05.14-07.25.07:981][229]LogModuleManager: Shutting down and abandoning module AndroidPlatformEditor (512)
[2019.05.14-07.25.07:981][229]LogModuleManager: Shutting down and abandoning module AndroidDeviceDetection (511)
[2019.05.14-07.25.09:664][229]LogModuleManager: Shutting down and abandoning module WindowsPlatformEditor (508)
[2019.05.14-07.25.09:664][229]LogModuleManager: Shutting down and abandoning module LuminRuntimeSettings (506)
[2019.05.14-07.25.09:665][229]LogModuleManager: Shutting down and abandoning module IOSRuntimeSettings (504)
[2019.05.14-07.25.09:665][229]LogModuleManager: Shutting down and abandoning module AndroidRuntimeSettings (502)
[2019.05.14-07.25.09:665][229]LogModuleManager: Shutting down and abandoning module InputBindingEditor (500)
[2019.05.14-07.25.09:665][229]LogModuleManager: Shutting down and abandoning module MergeActors (498)
[2019.05.14-07.25.09:665][229]LogModuleManager: Shutting down and abandoning module LocalizationDashboard (496)
[2019.05.14-07.25.09:665][229]LogModuleManager: Shutting down and abandoning module LocalizationService (495)
[2019.05.14-07.25.09:665][229]LogModuleManager: Shutting down and abandoning module HardwareTargeting (492)
[2019.05.14-07.25.09:665][229]LogModuleManager: Shutting down and abandoning module DeviceProfileEditor (490)
[2019.05.14-07.25.09:665][229]LogModuleManager: Shutting down and abandoning module UndoHistory (488)
[2019.05.14-07.25.09:665][229]LogModuleManager: Shutting down and abandoning module XmlParser (486)
[2019.05.14-07.25.09:665][229]LogModuleManager: Shutting down and abandoning module Blutility (484)
[2019.05.14-07.25.09:665][229]LogModuleManager: Shutting down and abandoning module ProjectSettingsViewer (482)
[2019.05.14-07.25.09:665][229]LogModuleManager: Shutting down and abandoning module ProjectTargetPlatformEditor (481)
[2019.05.14-07.25.09:665][229]LogModuleManager: Shutting down and abandoning module EditorSettingsViewer (478)
[2019.05.14-07.25.09:665][229]LogModuleManager: Shutting down and abandoning module SettingsEditor (476)
[2019.05.14-07.25.09:665][229]LogModuleManager: Shutting down and abandoning module ProjectLauncher (474)
[2019.05.14-07.25.09:665][229]LogModuleManager: Shutting down and abandoning module SessionFrontend (472)
[2019.05.14-07.25.09:666][229]LogModuleManager: Shutting down and abandoning module ProfilerClient (470)
[2019.05.14-07.25.09:666][229]LogModuleManager: Shutting down and abandoning module DeviceManager (468)
[2019.05.14-07.25.09:666][229]LogModuleManager: Shutting down and abandoning module TargetDeviceServices (467)
[2019.05.14-07.25.09:716][229]LogModuleManager: Shutting down and abandoning module AutomationController (464)
[2019.05.14-07.25.09:716][229]LogModuleManager: Shutting down and abandoning module AutomationWindow (462)
[2019.05.14-07.25.09:716][229]LogModuleManager: Shutting down and abandoning module Layers (460)
[2019.05.14-07.25.09:716][229]LogModuleManager: Shutting down and abandoning module ComponentVisualizers (458)
[2019.05.14-07.25.09:716][229]LogModuleManager: Shutting down and abandoning module DetailCustomizations (456)
[2019.05.14-07.25.09:716][229]LogModuleManager: Shutting down and abandoning module PackagesDialog (454)
[2019.05.14-07.25.09:716][229]LogModuleManager: Shutting down and abandoning module Persona (452)
[2019.05.14-07.25.09:716][229]LogModuleManager: Shutting down and abandoning module AdvancedPreviewScene (451)
[2019.05.14-07.25.09:716][229]LogModuleManager: Shutting down and abandoning module AnimGraph (449)
[2019.05.14-07.25.09:716][229]LogModuleManager: Shutting down and abandoning module Kismet (446)
[2019.05.14-07.25.09:720][229]LogModuleManager: Shutting down and abandoning module GraphEditor (444)
[2019.05.14-07.25.09:720][229]LogModuleManager: Shutting down and abandoning module ClassViewer (442)
[2019.05.14-07.25.09:720][229]LogModuleManager: Shutting down and abandoning module Toolbox (440)
[2019.05.14-07.25.09:720][229]LogModuleManager: Shutting down and abandoning module ModuleUI (438)
[2019.05.14-07.25.09:720][229]LogModuleManager: Shutting down and abandoning module MovieSceneTools (436)
[2019.05.14-07.25.09:720][229]LogModuleManager: Shutting down and abandoning module OutputLog (434)
[2019.05.14-07.25.09:720][229]LogModuleManager: Shutting down and abandoning module GammaUI (432)
[2019.05.14-07.25.09:720][229]LogModuleManager: Shutting down and abandoning module Documentation (430)
[2019.05.14-07.25.09:720][229]LogModuleManager: Shutting down and abandoning module MovieSceneTracks (428)
[2019.05.14-07.25.09:720][229]LogModuleManager: Shutting down and abandoning module MovieScene (426)
[2019.05.14-07.25.09:720][229]LogModuleManager: Shutting down and abandoning module StreamingPauseRendering (424)
[2019.05.14-07.25.09:720][229]LogModuleManager: Shutting down and abandoning module LauncherPlatform (422)
[2019.05.14-07.25.09:720][229]LogModuleManager: Shutting down and abandoning module AnalyticsET (420)
[2019.05.14-07.25.09:720][229]LogModuleManager: Shutting down and abandoning module PortalServices (418)
[2019.05.14-07.25.09:721][229]LogModuleManager: Shutting down and abandoning module PortalRpc (416)
[2019.05.14-07.25.09:721][229]LogModuleManager: Shutting down and abandoning module MessagingRpc (414)
[2019.05.14-07.25.09:721][229]LogModuleManager: Shutting down and abandoning module AIModule (412)
[2019.05.14-07.25.09:721][229]LogModuleManager: Shutting down and abandoning module GameplayDebugger (411)
[2019.05.14-07.25.09:721][229]LogModuleManager: Shutting down and abandoning module AITestSuite (409)
[2019.05.14-07.25.09:721][229]LogModuleManager: Shutting down and abandoning module NavigationSystem (407)
[2019.05.14-07.25.09:721][229]LogModuleManager: Shutting down and abandoning module DesktopPlatform (404)
[2019.05.14-07.25.09:721][229]LogModuleManager: Shutting down and abandoning module ProfilerService (402)
[2019.05.14-07.25.09:895][229]LogModuleManager: Shutting down and abandoning module TaskGraph (400)
[2019.05.14-07.25.09:895][229]LogModuleManager: Shutting down and abandoning module SteamVRController (398)
[2019.05.14-07.25.09:895][229]LogModuleManager: Shutting down and abandoning module ProceduralMeshComponentEditor (396)
[2019.05.14-07.25.09:895][229]LogModuleManager: Shutting down and abandoning module ProceduralMeshComponent (394)
[2019.05.14-07.25.09:895][229]LogModuleManager: Shutting down and abandoning module OculusInput (392)
[2019.05.14-07.25.09:895][229]LogModuleManager: Shutting down and abandoning module MobilePatchingUtils (390)
[2019.05.14-07.25.09:895][229]LogModuleManager: Shutting down and abandoning module EditableMesh (388)
[2019.05.14-07.25.09:896][229]LogModuleManager: Shutting down and abandoning module CustomMeshComponent (386)
[2019.05.14-07.25.09:896][229]LogModuleManager: Shutting down and abandoning module CableComponent (384)
[2019.05.14-07.25.09:896][229]LogModuleManager: Shutting down and abandoning module AudioCapture (382)
[2019.05.14-07.25.09:896][229]LogModuleManager: Shutting down and abandoning module ArchVisCharacter (380)
[2019.05.14-07.25.09:896][229]LogModuleManager: Shutting down and abandoning module AndroidPermission (378)
[2019.05.14-07.25.09:896][229]LogModuleManager: Shutting down and abandoning module NUTUnrealEngine4 (376)
[2019.05.14-07.25.09:896][229]LogModuleManager: Shutting down and abandoning module NetcodeUnitTest (374)
[2019.05.14-07.25.09:896][229]LogModuleManager: Shutting down and abandoning module MediaCompositingEditor (372)
[2019.05.14-07.25.09:896][229]LogModuleManager: Shutting down and abandoning module MediaCompositing (370)
[2019.05.14-07.25.09:896][229]LogModuleManager: Shutting down and abandoning module LinearTimecode (368)
[2019.05.14-07.25.09:896][229]LogModuleManager: Shutting down and abandoning module ImgMedia (366)
[2019.05.14-07.25.09:899][229]LogModuleManager: Shutting down and abandoning module HTML5Networking (364)
[2019.05.14-07.25.09:899][229]LogModuleManager: Shutting down and abandoning module GeometryCacheTracks (362)
[2019.05.14-07.25.09:899][229]LogModuleManager: Shutting down and abandoning module GeometryCacheSequencer (360)
[2019.05.14-07.25.09:899][229]LogModuleManager: Shutting down and abandoning module BackChannel (358)
[2019.05.14-07.25.09:899][229]LogModuleManager: Shutting down and abandoning module AppleVision (356)
[2019.05.14-07.25.09:899][229]LogModuleManager: Shutting down and abandoning module AppleImageUtils (354)
[2019.05.14-07.25.09:899][229]LogModuleManager: Shutting down and abandoning module AlembicImporter (352)
[2019.05.14-07.25.09:899][229]LogModuleManager: Shutting down and abandoning module AlembicLibrary (351)
[2019.05.14-07.25.09:899][229]LogModuleManager: Shutting down and abandoning module GeometryCache (350)
[2019.05.14-07.25.09:899][229]LogModuleManager: Shutting down and abandoning module GeometryCacheEd (349)
[2019.05.14-07.25.09:899][229]LogModuleManager: Shutting down and abandoning module DatasmithContentEditor (344)
[2019.05.14-07.25.09:899][229]LogModuleManager: Shutting down and abandoning module DatasmithContent (342)
[2019.05.14-07.25.09:899][229]LogModuleManager: Shutting down and abandoning module SpeedTreeImporter (340)
[2019.05.14-07.25.09:900][229]LogModuleManager: Shutting down and abandoning module PluginBrowser (338)
[2019.05.14-07.25.09:900][229]LogModuleManager: Shutting down and abandoning module MobileLauncherProfileWizard (336)
[2019.05.14-07.25.09:900][229]LogModuleManager: Shutting down and abandoning module PolygonModeling (334)
[2019.05.14-07.25.09:900][229]LogModuleManager: Shutting down and abandoning module MeshEditor (332)
[2019.05.14-07.25.09:900][229]LogModuleManager: Shutting down and abandoning module CryptoKeysOpenSSL (330)
[2019.05.14-07.25.09:900][229]LogModuleManager: Shutting down and abandoning module CryptoKeys (328)
[2019.05.14-07.25.09:900][229]LogModuleManager: Shutting down and abandoning module VisualStudioSourceCodeAccess (326)
[2019.05.14-07.25.09:900][229]LogModuleManager: Shutting down and abandoning module VisualStudioCodeSourceCodeAccess (324)
[2019.05.14-07.25.09:900][229]LogModuleManager: Shutting down and abandoning module UObjectPlugin (322)
[2019.05.14-07.25.09:900][229]LogModuleManager: Shutting down and abandoning module SubversionSourceControl (320)
[2019.05.14-07.25.09:900][229]LogModuleManager: Shutting down and abandoning module PerforceSourceControl (318)
[2019.05.14-07.25.09:900][229]LogModuleManager: Shutting down and abandoning module GitSourceControl (316)
[2019.05.14-07.25.09:900][229]LogModuleManager: Shutting down and abandoning module SourceControl (315)
[2019.05.14-07.25.09:900][229]LogModuleManager: Shutting down and abandoning module CLionSourceCodeAccess (312)
[2019.05.14-07.25.09:900][229]LogModuleManager: Shutting down and abandoning module LightPropagationVolumeEditor (310)
[2019.05.14-07.25.09:900][229]LogModuleManager: Shutting down and abandoning module PaperTiledImporter (308)
[2019.05.14-07.25.09:900][229]LogModuleManager: Shutting down and abandoning module PaperSpriteSheetImporter (306)
[2019.05.14-07.25.09:900][229]LogModuleManager: Shutting down and abandoning module Paper2DEditor (304)
[2019.05.14-07.25.09:900][229]LogModuleManager: Shutting down and abandoning module MeshPaint (303)
[2019.05.14-07.25.09:900][229]LogModuleManager: Shutting down and abandoning module RuntimePhysXCooking (300)
[2019.05.14-07.25.09:900][229]LogModuleManager: Shutting down and abandoning module PhysXVehiclesEditor (298)
[2019.05.14-07.25.09:900][229]LogModuleManager: Shutting down and abandoning module PhysXVehicles (296)
[2019.05.14-07.25.09:900][229]LogModuleManager: Shutting down and abandoning module OculusEditor (294)
[2019.05.14-07.25.09:900][229]LogModuleManager: Shutting down and abandoning module LocationServicesBPLibrary (292)
[2019.05.14-07.25.09:900][229]LogModuleManager: Shutting down and abandoning module ImmediatePhysicsEditor (290)
[2019.05.14-07.25.09:900][229]LogModuleManager: Shutting down and abandoning module ImmediatePhysics (288)
[2019.05.14-07.25.09:900][229]LogModuleManager: Shutting down and abandoning module ActorSequence (286)
[2019.05.14-07.25.09:900][229]LogModuleManager: Shutting down and abandoning module UdpMessaging (284)
[2019.05.14-07.25.10:000][229]LogModuleManager: Shutting down and abandoning module TcpMessaging (282)
[2019.05.14-07.25.10:100][229]LogModuleManager: Shutting down and abandoning module MagicLeapAudio (280)
[2019.05.14-07.25.10:100][229]LogModuleManager: Shutting down and abandoning module GameplayTagsEditor (278)
[2019.05.14-07.25.10:100][229]LogModuleManager: Shutting down and abandoning module FacialAnimationEditor (276)
[2019.05.14-07.25.10:100][229]LogModuleManager: Shutting down and abandoning module FacialAnimation (274)
[2019.05.14-07.25.10:100][229]LogModuleManager: Shutting down and abandoning module DataValidation (272)
[2019.05.14-07.25.10:100][229]LogModuleManager: Shutting down and abandoning module AssetManagerEditor (270)
[2019.05.14-07.25.10:100][229]LogModuleManager: Shutting down and abandoning module LevelEditor (269)
[2019.05.14-07.25.10:101][229]LogModuleManager: Shutting down and abandoning module PixelInspectorModule (268)
[2019.05.14-07.25.10:101][229]LogModuleManager: Shutting down and abandoning module CommonMenuExtensions (266)
[2019.05.14-07.25.10:101][229]LogModuleManager: Shutting down and abandoning module MainFrame (264)
[2019.05.14-07.25.10:101][229]LogModuleManager: Shutting down and abandoning module HotReload (263)
[2019.05.14-07.25.10:102][229]LogModuleManager: Shutting down and abandoning module ContentBrowser (259)
[2019.05.14-07.25.10:102][229]LogModuleManager: Shutting down and abandoning module TreeMap (257)
[2019.05.14-07.25.10:103][229]LogModuleManager: Shutting down and abandoning module LightPropagationVolumeRuntime (254)
[2019.05.14-07.25.10:103][229]LogModuleManager: Shutting down and abandoning module AISupportModule (252)
[2019.05.14-07.25.10:103][229]LogModuleManager: Shutting down and abandoning module Paper2D (250)
[2019.05.14-07.25.10:103][229]LogModuleManager: Shutting down and abandoning module WindowsMoviePlayer (248)
[2019.05.14-07.25.10:103][229]LogModuleManager: Shutting down and abandoning module WmfMedia (246)
[2019.05.14-07.25.10:103][229]LogModuleManager: Shutting down and abandoning module Media (245)
[2019.05.14-07.25.10:108][229]LogModuleManager: Shutting down and abandoning module PacketHandler (242)
[2019.05.14-07.25.10:108][229]LogModuleManager: Shutting down and abandoning module ClothingSystemEditor (240)
[2019.05.14-07.25.10:108][229]LogModuleManager: Shutting down and abandoning module ClothingSystemRuntime (238)
[2019.05.14-07.25.10:108][229]LogModuleManager: Shutting down and abandoning module MediaAssets (236)
[2019.05.14-07.25.10:108][229]LogModuleManager: Shutting down and abandoning module Overlay (234)
[2019.05.14-07.25.10:108][229]LogModuleManager: Shutting down and abandoning module OverlayEditor (233)
[2019.05.14-07.25.10:108][229]LogModuleManager: Shutting down and abandoning module EnvironmentQueryEditor (230)
[2019.05.14-07.25.10:108][229]LogModuleManager: Shutting down and abandoning module VREditor (228)
[2019.05.14-07.25.10:108][229]LogModuleManager: Shutting down and abandoning module StringTableEditor (226)
[2019.05.14-07.25.10:108][229]LogModuleManager: Shutting down and abandoning module GameplayTasksEditor (224)
[2019.05.14-07.25.10:108][229]LogModuleManager: Shutting down and abandoning module BehaviorTreeEditor (222)
[2019.05.14-07.25.10:108][229]LogModuleManager: Shutting down and abandoning module FunctionalTesting (220)
[2019.05.14-07.25.10:108][229]LogModuleManager: Shutting down and abandoning module CollisionAnalyzer (218)
[2019.05.14-07.25.10:108][229]LogModuleManager: Shutting down and abandoning module WorkspaceMenuStructure (217)
[2019.05.14-07.25.10:108][229]LogModuleManager: Shutting down and abandoning module UMG (214)
[2019.05.14-07.25.10:108][229]LogModuleManager: Shutting down and abandoning module UMGEditor (213)
[2019.05.14-07.25.10:108][229]LogModuleManager: Shutting down and abandoning module Sequencer (212)
[2019.05.14-07.25.10:108][229]LogModuleManager: Shutting down and abandoning module MessageLog (209)
[2019.05.14-07.25.10:108][229]LogModuleManager: Shutting down and abandoning module SlateReflector (204)
[2019.05.14-07.25.10:109][229]LogModuleManager: Shutting down and abandoning module Slate (202)
[2019.05.14-07.25.10:109][229]LogModuleManager: Shutting down and abandoning module EditorStyle (200)
[2019.05.14-07.25.10:110][229]LogModuleManager: Shutting down and abandoning module MRMesh (198)
[2019.05.14-07.25.10:110][229]LogModuleManager: Shutting down and abandoning module SourceCodeAccess (196)
[2019.05.14-07.25.10:110][229]LogModuleManager: Shutting down and abandoning module HeadMountedDisplay (194)
[2019.05.14-07.25.10:110][229]LogModuleManager: Shutting down and abandoning module XAudio2 (192)
[2019.05.14-07.25.10:110][229]LogModuleManager: Shutting down and abandoning module Networking (190)
[2019.05.14-07.25.10:110][229]LogModuleManager: Shutting down and abandoning module Core (188)
[2019.05.14-07.25.10:110][229]LogModuleManager: Shutting down and abandoning module LevelSequence (186)
[2019.05.14-07.25.10:110][229]LogModuleManager: Shutting down and abandoning module KismetCompiler (184)
[2019.05.14-07.25.10:110][229]LogModuleManager: Shutting down and abandoning module MeshUtilities (182)
[2019.05.14-07.25.10:110][229]LogModuleManager: Shutting down and abandoning module MeshMergeUtilities (181)
[2019.05.14-07.25.10:110][229]LogModuleManager: Shutting down and abandoning module MeshReductionInterface (180)
[2019.05.14-07.25.10:110][229]LogModuleManager: Shutting down and abandoning module SimplygonSwarm (179)
[2019.05.14-07.25.10:110][229]LogModuleManager: Shutting down and abandoning module ProxyLODMeshReduction (177)
[2019.05.14-07.25.10:110][229]LogModuleManager: Shutting down and abandoning module SimplygonMeshReduction (175)
[2019.05.14-07.25.10:110][229]LogModuleManager: Shutting down and abandoning module QuadricMeshReduction (173)
[2019.05.14-07.25.10:110][229]LogModuleManager: Shutting down and abandoning module MaterialBaking (169)
[2019.05.14-07.25.10:110][229]LogModuleManager: Shutting down and abandoning module DirectoryWatcher (165)
[2019.05.14-07.25.10:110][229]LogModuleManager: Shutting down and abandoning module DerivedDataCache (162)
[2019.05.14-07.25.10:141][229]LogDerivedDataCache: Shutdown
[2019.05.14-07.25.10:141][229]LogModuleManager: Shutting down and abandoning module XGEController (160)
[2019.05.14-07.25.10:141][229]LogXGEController: Cleaning working directory: C:/Users/Davo/AppData/Local/Temp/UnrealXGEWorkingDir/
[2019.05.14-07.25.10:142][229]LogModuleManager: Shutting down and abandoning module TargetPlatform (158)
[2019.05.14-07.25.10:142][229]LogModuleManager: Shutting down and abandoning module VulkanShaderFormat (157)
[2019.05.14-07.25.10:142][229]LogModuleManager: Shutting down and abandoning module ShaderFormatVectorVM (155)
[2019.05.14-07.25.10:142][229]LogModuleManager: Shutting down and abandoning module ShaderFormatOpenGL (153)
[2019.05.14-07.25.10:142][229]LogModuleManager: Shutting down and abandoning module ShaderFormatD3D (151)
[2019.05.14-07.25.10:142][229]LogModuleManager: Shutting down and abandoning module MetalShaderFormat (149)
[2019.05.14-07.25.10:142][229]LogModuleManager: Shutting down and abandoning module TextureFormatUncompressed (147)
[2019.05.14-07.25.10:142][229]LogModuleManager: Shutting down and abandoning module TextureFormatPVR (145)
[2019.05.14-07.25.10:142][229]LogModuleManager: Shutting down and abandoning module TextureFormatDXT (143)
[2019.05.14-07.25.10:142][229]LogModuleManager: Shutting down and abandoning module TextureFormatIntelISPCTexComp (141)
[2019.05.14-07.25.10:142][229]LogModuleManager: Shutting down and abandoning module TextureFormatASTC (139)
[2019.05.14-07.25.10:142][229]LogModuleManager: Shutting down and abandoning module ImageWrapper (138)
[2019.05.14-07.25.10:142][229]LogModuleManager: Shutting down and abandoning module TextureFormatAndroid (135)
[2019.05.14-07.25.10:142][229]LogModuleManager: Shutting down and abandoning module AudioFormatOpus (133)
[2019.05.14-07.25.10:142][229]LogModuleManager: Shutting down and abandoning module AudioFormatOgg (131)
[2019.05.14-07.25.10:142][229]LogModuleManager: Shutting down and abandoning module AudioFormatADPCM (129)
[2019.05.14-07.25.10:142][229]LogModuleManager: Shutting down and abandoning module LuminTargetPlatform (127)
[2019.05.14-07.25.10:142][229]LogModuleManager: Shutting down and abandoning module LinuxTargetPlatform (125)
[2019.05.14-07.25.10:142][229]LogModuleManager: Shutting down and abandoning module LinuxServerTargetPlatform (123)
[2019.05.14-07.25.10:142][229]LogModuleManager: Shutting down and abandoning module LinuxNoEditorTargetPlatform (121)
[2019.05.14-07.25.10:142][229]LogModuleManager: Shutting down and abandoning module LinuxClientTargetPlatform (119)
[2019.05.14-07.25.10:142][229]LogModuleManager: Shutting down and abandoning module TVOSTargetPlatform (117)
[2019.05.14-07.25.10:143][229]LogModuleManager: Shutting down and abandoning module Messaging (115)
[2019.05.14-07.25.10:143][229]LogModuleManager: Shutting down and abandoning module IOSTargetPlatform (113)
[2019.05.14-07.25.10:144][229]LogModuleManager: Shutting down and abandoning module HTML5TargetPlatform (111)
[2019.05.14-07.25.10:144][229]LogModuleManager: Shutting down and abandoning module AndroidTargetPlatform (109)
[2019.05.14-07.25.10:152][229]LogModuleManager: Shutting down and abandoning module WindowsTargetPlatform (107)
[2019.05.14-07.25.10:152][229]LogModuleManager: Shutting down and abandoning module WindowsServerTargetPlatform (105)
[2019.05.14-07.25.10:152][229]LogModuleManager: Shutting down and abandoning module WindowsNoEditorTargetPlatform (103)
[2019.05.14-07.25.10:152][229]LogModuleManager: Shutting down and abandoning module WindowsClientTargetPlatform (101)
[2019.05.14-07.25.10:152][229]LogModuleManager: Shutting down and abandoning module MacTargetPlatform (99)
[2019.05.14-07.25.10:152][229]LogModuleManager: Shutting down and abandoning module MacServerTargetPlatform (97)
[2019.05.14-07.25.10:152][229]LogModuleManager: Shutting down and abandoning module MacNoEditorTargetPlatform (95)
[2019.05.14-07.25.10:153][229]LogModuleManager: Shutting down and abandoning module MacClientTargetPlatform (93)
[2019.05.14-07.25.10:153][229]LogModuleManager: Shutting down and abandoning module AllDesktopTargetPlatform (91)
[2019.05.14-07.25.10:153][229]LogModuleManager: Shutting down and abandoning module InputCore (88)
[2019.05.14-07.25.10:153][229]LogModuleManager: Shutting down and abandoning module Settings (86)
[2019.05.14-07.25.10:153][229]LogModuleManager: Shutting down and abandoning module PhysXCooking (84)
[2019.05.14-07.25.10:153][229]LogModuleManager: Shutting down and abandoning module SteamVR (82)
[2019.05.14-07.25.10:153][229]LogModuleManager: Shutting down and abandoning module OculusHMD (80)
[2019.05.14-07.25.10:153][229]LogModuleManager: Shutting down and abandoning module ExampleDeviceProfileSelector (78)
[2019.05.14-07.25.10:153][229]LogModuleManager: Shutting down and abandoning module LauncherChunkInstaller (76)
[2019.05.14-07.25.10:153][229]LogModuleManager: Shutting down and abandoning module OnlineBlueprintSupport (74)
[2019.05.14-07.25.10:153][229]LogModuleManager: Shutting down and abandoning module OnlineSubsystem (70)
[2019.05.14-07.25.10:153][229]LogModuleManager: Shutting down and abandoning module XMPP (65)
[2019.05.14-07.25.10:154][229]LogModuleManager: Shutting down and abandoning module WebSockets (64)
[2019.05.14-07.25.10:186][229]LogModuleManager: Shutting down and abandoning module HTTP (61)
[2019.05.14-07.25.10:186][229]LogHttp: Display: Http module shutting down, but needs to wait on 1 outstanding Http requests:
[2019.05.14-07.25.10:186][229]LogHttp: Display: 	verb=[POST] url=[https://datarouter.ol.epicgames.com/datarouter/api/v1/public/data?SessionID=%7BFFB85FA7-442A-D9A3-60F7-34A33AA19329%7D&AppID=UEEditor.Rocket.Release&AppVersion=4.20.3-4369336%2B%2B%2BUE4%2BRelease-4.20&UserID=fa085f4341de5d6170229996f45a854d%7C5edd635fc95b46809bdb8aec8acf509d%7Cc86cc5ac-2eb8-4fc7-8941-08952f4f3921&AppEnvironment=datacollector-binary&UploadType=eteventstream] status=Processing
[2019.05.14-07.25.10:218][229]LogModuleManager: Shutting down and abandoning module SSL (60)
[2019.05.14-07.25.10:219][229]LogModuleManager: Shutting down and abandoning module MagicLeapEmulator (56)
[2019.05.14-07.25.10:219][229]LogModuleManager: Shutting down and abandoning module MagicLeapPrivileges (54)
[2019.05.14-07.25.10:219][229]LogModuleManager: Shutting down and abandoning module MagicLeapIdentity (52)
[2019.05.14-07.25.10:219][229]LogModuleManager: Shutting down and abandoning module MagicLeapHelperVulkan (50)
[2019.05.14-07.25.10:219][229]LogModuleManager: Shutting down and abandoning module MagicLeapHelperOpenGL (48)
[2019.05.14-07.25.10:219][229]LogModuleManager: Shutting down and abandoning module MagicLeapSecureStorage (46)
[2019.05.14-07.25.10:219][229]LogModuleManager: Shutting down and abandoning module MagicLeapGestures (44)
[2019.05.14-07.25.10:219][229]LogModuleManager: Shutting down and abandoning module MagicLeapEyeTracker (42)
[2019.05.14-07.25.10:219][229]LogModuleManager: Shutting down and abandoning module MagicLeapController (40)
[2019.05.14-07.25.10:219][229]LogSlate: Slate User Destroyed.  User Index 0, Is Virtual User: 0
[2019.05.14-07.25.10:219][229]LogModuleManager: Shutting down and abandoning module MagicLeap (38)
[2019.05.14-07.25.10:219][229]LogModuleManager: Shutting down and abandoning module AnimationModifiers (36)
[2019.05.14-07.25.10:219][229]LogModuleManager: Shutting down and abandoning module PropertyEditor (35)
[2019.05.14-07.25.10:219][229]LogModuleManager: Shutting down and abandoning module AudioEditor (32)
[2019.05.14-07.25.10:219][229]LogModuleManager: Shutting down and abandoning module TextureCompressor (30)
[2019.05.14-07.25.10:219][229]LogModuleManager: Shutting down and abandoning module ShaderCore (28)
[2019.05.14-07.25.10:219][229]LogModuleManager: Shutting down and abandoning module Landscape (26)
[2019.05.14-07.25.10:219][229]LogModuleManager: Shutting down and abandoning module SlateRHIRenderer (24)
[2019.05.14-07.25.10:220][229]LogModuleManager: Shutting down and abandoning module OpenGLDrv (22)
[2019.05.14-07.25.10:220][229]LogModuleManager: Shutting down and abandoning module D3D11RHI (20)
[2019.05.14-07.25.10:220][229]LogModuleManager: Shutting down and abandoning module AnimGraphRuntime (18)
[2019.05.14-07.25.10:220][229]LogModuleManager: Shutting down and abandoning module Renderer (16)
[2019.05.14-07.25.10:220][229]LogModuleManager: Shutting down and abandoning module Engine (14)
[2019.05.14-07.25.10:220][229]LogModuleManager: Shutting down and abandoning module CoreUObject (12)
[2019.05.14-07.25.10:220][229]LogModuleManager: Shutting down and abandoning module NetworkFile (10)
[2019.05.14-07.25.10:220][229]LogModuleManager: Shutting down and abandoning module CookedIterativeFile (8)
[2019.05.14-07.25.10:220][229]LogModuleManager: Shutting down and abandoning module StreamingFile (6)
[2019.05.14-07.25.10:220][229]LogModuleManager: Shutting down and abandoning module SandboxFile (4)
[2019.05.14-07.25.10:220][229]LogModuleManager: Shutting down and abandoning module PakFile (2)
[2019.05.14-07.25.10:225][229]LogExit: Exiting.
[2019.05.14-07.25.10:232][229]Log file closed, 05/14/19 09:25:10
